[2025-03-25 00:39:29,222][__main__][INFO] 
===  0-th graph ===
[2025-03-25 00:39:29,222][__main__][INFO] 3 Nodes of Markov blanket: [0, 6, 8]
[2025-03-25 00:39:31,645][__main__][INFO] sub_met2 before prunning {'fdr': 0.0, 'tpr': 1.0, 'fpr': 0.0, 'shd': 0, 'nnz': 3, 'precision': 1.0, 'recall': 1.0, 'F1': 1.0, 'gscore': 1.0}
[2025-03-25 00:39:31,646][__main__][INFO] sub_met after prunning {'fdr': 0.0, 'tpr': 1.0, 'fpr': 0.0, 'shd': 0, 'nnz': 3, 'precision': 1.0, 'recall': 1.0, 'F1': 1.0, 'gscore': 1.0}
[2025-03-25 00:39:31,646][__main__][INFO] 
===  1-th graph ===
[2025-03-25 00:39:31,646][__main__][INFO] 8 Nodes of Markov blanket: [1, 2, 3, 4, 6, 7, 8, 9]
[2025-03-25 00:39:42,227][__main__][INFO] sub_met2 before prunning {'fdr': 0.5714, 'tpr': 1.0, 'fpr': 1.0, 'shd': 16, 'nnz': 28, 'precision': 0.4286, 'recall': 1.0, 'F1': 0.6, 'gscore': 0.0}
[2025-03-25 00:39:42,229][__main__][INFO] sub_met after prunning {'fdr': 0.0769, 'tpr': 1.0, 'fpr': 0.0625, 'shd': 1, 'nnz': 13, 'precision': 0.9231, 'recall': 1.0, 'F1': 0.96, 'gscore': 0.9167}
[2025-03-25 00:39:42,229][__main__][INFO] 
===  2-th graph ===
[2025-03-25 00:39:42,229][__main__][INFO] 3 Nodes of Markov blanket: [1, 2, 7]
[2025-03-25 00:39:44,722][__main__][INFO] sub_met2 before prunning {'fdr': 0.0, 'tpr': 1.0, 'fpr': 0.0, 'shd': 0, 'nnz': 3, 'precision': 1.0, 'recall': 1.0, 'F1': 1.0, 'gscore': 1.0}
[2025-03-25 00:39:44,722][__main__][INFO] sub_met after prunning {'fdr': 0.0, 'tpr': 1.0, 'fpr': 0.0, 'shd': 0, 'nnz': 3, 'precision': 1.0, 'recall': 1.0, 'F1': 1.0, 'gscore': 1.0}
[2025-03-25 00:39:44,722][__main__][INFO] 
===  3-th graph ===
[2025-03-25 00:39:44,722][__main__][INFO] 3 Nodes of Markov blanket: [1, 3, 4]
[2025-03-25 00:39:47,098][__main__][INFO] sub_met2 before prunning {'fdr': 0.0, 'tpr': 1.0, 'fpr': 0.0, 'shd': 0, 'nnz': 3, 'precision': 1.0, 'recall': 1.0, 'F1': 1.0, 'gscore': 1.0}
[2025-03-25 00:39:47,099][__main__][INFO] sub_met after prunning {'fdr': 0.0, 'tpr': 1.0, 'fpr': 0.0, 'shd': 0, 'nnz': 3, 'precision': 1.0, 'recall': 1.0, 'F1': 1.0, 'gscore': 1.0}
[2025-03-25 00:39:47,099][__main__][INFO] 
===  4-th graph ===
[2025-03-25 00:39:47,099][__main__][INFO] 5 Nodes of Markov blanket: [1, 3, 4, 5, 9]
[2025-03-25 00:39:52,274][__main__][INFO] sub_met2 before prunning {'fdr': 0.5, 'tpr': 1.0, 'fpr': 1.0, 'shd': 5, 'nnz': 10, 'precision': 0.5, 'recall': 1.0, 'F1': 0.6667, 'gscore': 0.0}
[2025-03-25 00:39:52,274][__main__][INFO] sub_met after prunning {'fdr': 0.1667, 'tpr': 1.0, 'fpr': 0.2, 'shd': 1, 'nnz': 6, 'precision': 0.8333, 'recall': 1.0, 'F1': 0.9091, 'gscore': 0.8}
[2025-03-25 00:39:52,274][__main__][INFO] 
===  5-th graph ===
[2025-03-25 00:39:52,274][__main__][INFO] 4 Nodes of Markov blanket: [4, 5, 6, 8]
[2025-03-25 00:39:55,995][__main__][INFO] sub_met2 before prunning {'fdr': 0.3333, 'tpr': 0.8, 'fpr': 2.0, 'shd': 2, 'nnz': 6, 'precision': 0.6667, 'recall': 0.8, 'F1': 0.7273, 'gscore': 0.4}
[2025-03-25 00:39:55,995][__main__][INFO] sub_met after prunning {'fdr': 0.2, 'tpr': 0.8, 'fpr': 1.0, 'shd': 1, 'nnz': 5, 'precision': 0.8, 'recall': 0.8, 'F1': 0.8, 'gscore': 0.6}
[2025-03-25 00:39:55,995][__main__][INFO] 
===  6-th graph ===
[2025-03-25 00:39:55,995][__main__][INFO] 7 Nodes of Markov blanket: [0, 1, 5, 6, 7, 8, 9]
[2025-03-25 00:40:04,167][__main__][INFO] sub_met2 before prunning {'fdr': 0.4286, 'tpr': 1.0, 'fpr': 1.0, 'shd': 9, 'nnz': 21, 'precision': 0.5714, 'recall': 1.0, 'F1': 0.7273, 'gscore': 0.25}
[2025-03-25 00:40:04,168][__main__][INFO] sub_met after prunning {'fdr': 0.1429, 'tpr': 1.0, 'fpr': 0.2222, 'shd': 2, 'nnz': 14, 'precision': 0.8571, 'recall': 1.0, 'F1': 0.9231, 'gscore': 0.8333}
[2025-03-25 00:40:04,168][__main__][INFO] 
===  7-th graph ===
[2025-03-25 00:40:04,168][__main__][INFO] 4 Nodes of Markov blanket: [1, 2, 6, 7]
[2025-03-25 00:40:07,902][__main__][INFO] sub_met2 before prunning {'fdr': 0.1667, 'tpr': 1.0, 'fpr': 1.0, 'shd': 1, 'nnz': 6, 'precision': 0.8333, 'recall': 1.0, 'F1': 0.9091, 'gscore': 0.8}
[2025-03-25 00:40:07,903][__main__][INFO] sub_met after prunning {'fdr': 0.0, 'tpr': 1.0, 'fpr': 0.0, 'shd': 0, 'nnz': 5, 'precision': 1.0, 'recall': 1.0, 'F1': 1.0, 'gscore': 1.0}
[2025-03-25 00:40:07,903][__main__][INFO] 
===  8-th graph ===
[2025-03-25 00:40:07,903][__main__][INFO] 5 Nodes of Markov blanket: [0, 1, 5, 6, 8]
[2025-03-25 00:40:13,166][__main__][INFO] sub_met2 before prunning {'fdr': 0.2, 'tpr': 1.0, 'fpr': 1.0, 'shd': 2, 'nnz': 10, 'precision': 0.8, 'recall': 1.0, 'F1': 0.8889, 'gscore': 0.75}
[2025-03-25 00:40:13,167][__main__][INFO] sub_met after prunning {'fdr': 0.0, 'tpr': 1.0, 'fpr': 0.0, 'shd': 0, 'nnz': 8, 'precision': 1.0, 'recall': 1.0, 'F1': 1.0, 'gscore': 1.0}
[2025-03-25 00:40:13,167][__main__][INFO] 
===  9-th graph ===
[2025-03-25 00:40:13,167][__main__][INFO] 4 Nodes of Markov blanket: [1, 4, 6, 9]
[2025-03-25 00:40:16,795][__main__][INFO] sub_met2 before prunning {'fdr': 0.3333, 'tpr': 1.0, 'fpr': 1.0, 'shd': 2, 'nnz': 6, 'precision': 0.6667, 'recall': 1.0, 'F1': 0.8, 'gscore': 0.5}
[2025-03-25 00:40:16,795][__main__][INFO] sub_met after prunning {'fdr': 0.0, 'tpr': 1.0, 'fpr': 0.0, 'shd': 0, 'nnz': 4, 'precision': 1.0, 'recall': 1.0, 'F1': 1.0, 'gscore': 1.0}
[2025-03-25 00:40:16,796][__main__][INFO] merged_causal_matrix
[[0.    0.    0.    0.    0.    1.    0.    0.    0.    0.   ]
 [1.    0.    1.    1.    1.    1.    1.    1.    0.667 0.75 ]
 [0.    0.    0.    1.    0.    0.    0.    0.    0.    0.   ]
 [0.    0.    0.    0.    0.    1.    0.    0.    0.    0.5  ]
 [0.    0.    1.    1.    0.    1.    1.    1.    1.    1.   ]
 [0.    0.    0.    0.    0.    0.    0.333 0.    0.    0.   ]
 [1.    0.    1.    1.    0.    0.667 0.    1.    0.    0.   ]
 [1.    0.    1.    1.    0.    1.    0.    0.    0.    0.   ]
 [1.    0.333 1.    1.    0.    1.    1.    1.    0.    0.   ]
 [1.    0.25  1.    0.5   0.    1.    1.    1.    1.    0.   ]]
[2025-03-25 00:40:16,796][__main__][INFO] merged_causal_matrix
[[0. 0. 0. 0. 0. 1. 0. 0. 0. 0.]
 [1. 0. 1. 1. 1. 1. 1. 1. 1. 1.]
 [0. 0. 0. 1. 0. 0. 0. 0. 0. 0.]
 [0. 0. 0. 0. 0. 1. 0. 0. 0. 0.]
 [0. 0. 1. 1. 0. 1. 1. 1. 1. 1.]
 [0. 0. 0. 0. 0. 0. 0. 0. 0. 0.]
 [1. 0. 1. 1. 0. 1. 0. 1. 0. 0.]
 [1. 0. 1. 1. 0. 1. 0. 0. 0. 0.]
 [1. 0. 1. 1. 0. 1. 1. 1. 0. 0.]
 [1. 0. 1. 0. 0. 1. 1. 1. 1. 0.]]
[2025-03-25 00:40:16,799][__main__][INFO] merged_met before prunning {'fdr': 0.525, 'tpr': 1.0, 'fpr': 0.8077, 'shd': 21, 'nnz': 40, 'precision': 0.475, 'recall': 1.0, 'F1': 0.6441, 'gscore': 0.0}
[2025-03-25 00:40:31,538][__main__][INFO] Before pruning: {'fdr': 0.5778, 'tpr': 1.0, 'fpr': 1.0, 'shd': 26, 'nnz': 45, 'precision': 0.4222, 'recall': 1.0, 'F1': 0.5938, 'gscore': 0.0}
[2025-03-25 00:40:31,539][__main__][INFO] After pruning: {'fdr': 0.05, 'tpr': 1.0, 'fpr': 0.0385, 'shd': 1, 'nnz': 20, 'precision': 0.95, 'recall': 1.0, 'F1': 0.9744, 'gscore': 0.9474}
[2025-03-25 00:40:31,539][__main__][INFO] Before pruning: {'fdr': '0.58+-0.00', 'tpr': '1.00+-0.00', 'fpr': '1.00+-0.00', 'shd': '26.00+-0.00', 'nnz': '45.00+-0.00', 'precision': '0.42+-0.00', 'recall': '1.00+-0.00', 'F1': '0.59+-0.00', 'gscore': '0.00+-0.00'}
[2025-03-25 00:40:31,539][__main__][INFO] After pruning: {'fdr': '0.05+-0.00', 'tpr': '1.00+-0.00', 'fpr': '0.04+-0.00', 'shd': '1.00+-0.00', 'nnz': '20.00+-0.00', 'precision': '0.95+-0.00', 'recall': '1.00+-0.00', 'F1': '0.97+-0.00', 'gscore': '0.95+-0.00'}
