[2025-04-02 20:24:58,649][__main__][INFO] 
===  0-th graph ===
[2025-04-02 20:24:58,649][__main__][INFO] 4 Nodes of Markov blanket: [0, 4, 6, 8]
[2025-04-02 20:24:59,104][__main__][INFO] sub_met2 before prunning {'fdr': 0.5, 'tpr': 0.75, 'fpr': 1.5, 'shd': 3, 'nnz': 6, 'precision': 0.5, 'recall': 0.75, 'F1': 0.6, 'gscore': 0.0}
[2025-04-02 20:24:59,104][__main__][INFO] sub_met after prunning {'fdr': 0.0, 'tpr': 0.75, 'fpr': 0.0, 'shd': 1, 'nnz': 3, 'precision': 1.0, 'recall': 0.75, 'F1': 0.8571, 'gscore': 0.75}
[2025-04-02 20:24:59,104][__main__][INFO] 
===  1-th graph ===
[2025-04-02 20:24:59,106][__main__][INFO] 8 Nodes of Markov blanket: [1, 2, 3, 4, 6, 7, 8, 9]
[2025-04-02 20:25:00,946][__main__][INFO] sub_met2 before prunning {'fdr': 0.5714, 'tpr': 1.0, 'fpr': 1.0, 'shd': 16, 'nnz': 28, 'precision': 0.4286, 'recall': 1.0, 'F1': 0.6, 'gscore': 0.0}
[2025-04-02 20:25:00,946][__main__][INFO] sub_met after prunning {'fdr': 0.1429, 'tpr': 1.0, 'fpr': 0.125, 'shd': 2, 'nnz': 14, 'precision': 0.8571, 'recall': 1.0, 'F1': 0.9231, 'gscore': 0.8333}
[2025-04-02 20:25:00,946][__main__][INFO] 
===  2-th graph ===
[2025-04-02 20:25:00,948][__main__][INFO] 3 Nodes of Markov blanket: [1, 2, 7]
[2025-04-02 20:25:01,320][__main__][INFO] sub_met2 before prunning {'fdr': 0.0, 'tpr': 1.0, 'fpr': 0.0, 'shd': 0, 'nnz': 3, 'precision': 1.0, 'recall': 1.0, 'F1': 1.0, 'gscore': 1.0}
[2025-04-02 20:25:01,320][__main__][INFO] sub_met after prunning {'fdr': 0.0, 'tpr': 1.0, 'fpr': 0.0, 'shd': 0, 'nnz': 3, 'precision': 1.0, 'recall': 1.0, 'F1': 1.0, 'gscore': 1.0}
[2025-04-02 20:25:01,320][__main__][INFO] 
===  3-th graph ===
[2025-04-02 20:25:01,321][__main__][INFO] 2 Nodes of Markov blanket: [1, 3]
[2025-04-02 20:25:01,525][__main__][INFO] sub_met2 before prunning {'fdr': 0.0, 'tpr': 1.0, 'fpr': 0.0, 'shd': 0, 'nnz': 1, 'precision': 1.0, 'recall': 1.0, 'F1': 1.0, 'gscore': 1.0}
[2025-04-02 20:25:01,525][__main__][INFO] sub_met after prunning {'fdr': 0.0, 'tpr': 1.0, 'fpr': 0.0, 'shd': 0, 'nnz': 1, 'precision': 1.0, 'recall': 1.0, 'F1': 1.0, 'gscore': 1.0}
[2025-04-02 20:25:01,526][__main__][INFO] 
===  4-th graph ===
[2025-04-02 20:25:01,527][__main__][INFO] 6 Nodes of Markov blanket: [0, 1, 4, 5, 8, 9]
[2025-04-02 20:25:03,468][__main__][INFO] sub_met2 before prunning {'fdr': 0.6, 'tpr': 0.8571, 'fpr': 1.125, 'shd': 9, 'nnz': 15, 'precision': 0.4, 'recall': 0.8571, 'F1': 0.5455, 'gscore': 0.0}
[2025-04-02 20:25:03,468][__main__][INFO] sub_met after prunning {'fdr': 0.5, 'tpr': 0.7143, 'fpr': 0.625, 'shd': 7, 'nnz': 10, 'precision': 0.5, 'recall': 0.7143, 'F1': 0.5882, 'gscore': 0.0}
[2025-04-02 20:25:03,469][__main__][INFO] 
===  5-th graph ===
[2025-04-02 20:25:03,470][__main__][INFO] 4 Nodes of Markov blanket: [4, 5, 6, 8]
[2025-04-02 20:25:04,426][__main__][INFO] sub_met2 before prunning {'fdr': 0.3333, 'tpr': 0.8, 'fpr': 2.0, 'shd': 2, 'nnz': 6, 'precision': 0.6667, 'recall': 0.8, 'F1': 0.7273, 'gscore': 0.4}
[2025-04-02 20:25:04,426][__main__][INFO] sub_met after prunning {'fdr': 0.0, 'tpr': 0.8, 'fpr': 0.0, 'shd': 1, 'nnz': 4, 'precision': 1.0, 'recall': 0.8, 'F1': 0.8889, 'gscore': 0.8}
[2025-04-02 20:25:04,426][__main__][INFO] 
===  6-th graph ===
[2025-04-02 20:25:04,427][__main__][INFO] 7 Nodes of Markov blanket: [0, 1, 5, 6, 7, 8, 9]
[2025-04-02 20:25:05,408][__main__][INFO] sub_met2 before prunning {'fdr': 0.4762, 'tpr': 0.9167, 'fpr': 1.1111, 'shd': 10, 'nnz': 21, 'precision': 0.5238, 'recall': 0.9167, 'F1': 0.6667, 'gscore': 0.0833}
[2025-04-02 20:25:05,409][__main__][INFO] sub_met after prunning {'fdr': 0.2143, 'tpr': 0.9167, 'fpr': 0.3333, 'shd': 3, 'nnz': 14, 'precision': 0.7857, 'recall': 0.9167, 'F1': 0.8462, 'gscore': 0.6667}
[2025-04-02 20:25:05,409][__main__][INFO] 
===  7-th graph ===
[2025-04-02 20:25:05,410][__main__][INFO] 4 Nodes of Markov blanket: [1, 2, 6, 7]
[2025-04-02 20:25:06,296][__main__][INFO] sub_met2 before prunning {'fdr': 0.1667, 'tpr': 1.0, 'fpr': 1.0, 'shd': 1, 'nnz': 6, 'precision': 0.8333, 'recall': 1.0, 'F1': 0.9091, 'gscore': 0.8}
[2025-04-02 20:25:06,297][__main__][INFO] sub_met after prunning {'fdr': 0.0, 'tpr': 0.8, 'fpr': 0.0, 'shd': 1, 'nnz': 4, 'precision': 1.0, 'recall': 0.8, 'F1': 0.8889, 'gscore': 0.8}
[2025-04-02 20:25:06,297][__main__][INFO] 
===  8-th graph ===
[2025-04-02 20:25:06,298][__main__][INFO] 6 Nodes of Markov blanket: [0, 1, 4, 5, 6, 8]
[2025-04-02 20:25:07,333][__main__][INFO] sub_met2 before prunning {'fdr': 0.2667, 'tpr': 1.0, 'fpr': 1.0, 'shd': 4, 'nnz': 15, 'precision': 0.7333, 'recall': 1.0, 'F1': 0.8462, 'gscore': 0.6364}
[2025-04-02 20:25:07,333][__main__][INFO] sub_met after prunning {'fdr': 0.0, 'tpr': 1.0, 'fpr': 0.0, 'shd': 0, 'nnz': 11, 'precision': 1.0, 'recall': 1.0, 'F1': 1.0, 'gscore': 1.0}
[2025-04-02 20:25:07,335][__main__][INFO] 
===  9-th graph ===
[2025-04-02 20:25:07,335][__main__][INFO] 4 Nodes of Markov blanket: [1, 4, 6, 9]
[2025-04-02 20:25:07,693][__main__][INFO] sub_met2 before prunning {'fdr': 0.3333, 'tpr': 1.0, 'fpr': 1.0, 'shd': 2, 'nnz': 6, 'precision': 0.6667, 'recall': 1.0, 'F1': 0.8, 'gscore': 0.5}
[2025-04-02 20:25:07,693][__main__][INFO] sub_met after prunning {'fdr': 0.0, 'tpr': 1.0, 'fpr': 0.0, 'shd': 0, 'nnz': 4, 'precision': 1.0, 'recall': 1.0, 'F1': 1.0, 'gscore': 1.0}
[2025-04-02 20:25:07,694][__main__][INFO] merged_causal_matrix
[[0.    0.333 0.    0.    0.333 0.667 0.    1.    0.    0.   ]
 [0.667 0.    1.    1.    1.    1.    0.8   1.    0.75  0.75 ]
 [0.    0.    0.    0.    0.    0.    0.    0.    0.    0.   ]
 [0.    0.    1.    0.    0.    0.    0.    0.    0.    0.   ]
 [0.667 0.    1.    1.    0.    1.    0.6   1.    0.6   1.   ]
 [0.333 0.    0.    0.    0.    0.    0.    0.    0.    0.   ]
 [1.    0.2   1.    1.    0.4   1.    0.    1.    0.    0.   ]
 [0.    0.    1.    1.    0.    1.    0.    0.    0.    0.   ]
 [1.    0.25  1.    1.    0.4   1.    1.    1.    0.    0.   ]
 [1.    0.25  1.    1.    0.    1.    1.    1.    1.    0.   ]]
[2025-04-02 20:25:07,695][__main__][INFO] merged_causal_matrix is_dag True
[[0 0 0 0 0 1 0 1 0 0]
 [1 0 1 1 1 1 1 1 1 1]
 [0 0 0 0 0 0 0 0 0 0]
 [0 0 1 0 0 0 0 0 0 0]
 [1 0 1 1 0 1 1 1 1 1]
 [0 0 0 0 0 0 0 0 0 0]
 [1 0 1 1 0 1 0 1 0 0]
 [0 0 1 1 0 1 0 0 0 0]
 [1 0 1 1 0 1 1 1 0 0]
 [1 0 1 1 0 1 1 1 1 0]]
