[2025-04-03 01:32:16,189][__main__][INFO] 
===  0-th graph ===
[2025-04-03 01:32:16,189][__main__][INFO] 4 Nodes of Markov blanket: [0, 6, 37, 38]
[2025-04-03 01:32:20,602][__main__][INFO] sub_met2 before prunning {'fdr': 0.6667, 'tpr': 0.6667, 'fpr': 1.3333, 'shd': 4, 'nnz': 6, 'precision': 0.3333, 'recall': 0.6667, 'F1': 0.4444, 'gscore': 0.0}
[2025-04-03 01:32:20,602][__main__][INFO] sub_met after prunning {'fdr': 0.6, 'tpr': 0.6667, 'fpr': 1.0, 'shd': 3, 'nnz': 5, 'precision': 0.4, 'recall': 0.6667, 'F1': 0.5, 'gscore': 0.0}
[2025-04-03 01:32:20,603][__main__][INFO] 
===  1-th graph ===
[2025-04-03 01:32:20,603][__main__][INFO] 1 Nodes of Markov blanket: [1]
[2025-04-03 01:32:20,606][__main__][INFO] [Error] met2=None: Traceback (most recent call last):
  File "D:\nips\causual-discovery\main.py", line 219, in infer_causal
    met2 = castle.metrics.MetricsDAG(causal_matrix_order, true_dag)
  File "C:\Users\tpc19\anaconda3\envs\py310\lib\site-packages\castle\metrics\evaluation.py", line 59, in __init__
    self.metrics = MetricsDAG._count_accuracy(self.B_est, self.B_true)
  File "C:\Users\tpc19\anaconda3\envs\py310\lib\site-packages\castle\metrics\evaluation.py", line 163, in _count_accuracy
    gscore = MetricsDAG._cal_gscore(W_p, W_true)
  File "C:\Users\tpc19\anaconda3\envs\py310\lib\site-packages\castle\metrics\evaluation.py", line 190, in _cal_gscore
    assert num_true!=0
AssertionError

[2025-04-03 01:32:20,610][__main__][INFO] [Error] sub_met=None: Traceback (most recent call last):
  File "D:\nips\causual-discovery\main.py", line 333, in <module>
    sub_met = castle.metrics.MetricsDAG(sub_causal_matrix, sub_true_dag)
  File "C:\Users\tpc19\anaconda3\envs\py310\lib\site-packages\castle\metrics\evaluation.py", line 59, in __init__
    self.metrics = MetricsDAG._count_accuracy(self.B_est, self.B_true)
  File "C:\Users\tpc19\anaconda3\envs\py310\lib\site-packages\castle\metrics\evaluation.py", line 163, in _count_accuracy
    gscore = MetricsDAG._cal_gscore(W_p, W_true)
  File "C:\Users\tpc19\anaconda3\envs\py310\lib\site-packages\castle\metrics\evaluation.py", line 190, in _cal_gscore
    assert num_true!=0
AssertionError

[2025-04-03 01:32:20,610][__main__][INFO] sub_met2 before prunning None
[2025-04-03 01:32:20,610][__main__][INFO] sub_met after prunning None
[2025-04-03 01:32:20,610][__main__][INFO] 
===  2-th graph ===
[2025-04-03 01:32:20,610][__main__][INFO] 14 Nodes of Markov blanket: [2, 4, 5, 10, 14, 16, 17, 19, 24, 29, 40, 41, 42, 46]
[2025-04-03 01:32:57,828][__main__][INFO] sub_met2 before prunning {'fdr': 0.8242, 'tpr': 0.8889, 'fpr': 1.0274, 'shd': 75, 'nnz': 91, 'precision': 0.1758, 'recall': 0.8889, 'F1': 0.2936, 'gscore': 0.0}
[2025-04-03 01:32:57,828][__main__][INFO] sub_met after prunning {'fdr': 0.5294, 'tpr': 0.8889, 'fpr': 0.2466, 'shd': 18, 'nnz': 34, 'precision': 0.4706, 'recall': 0.8889, 'F1': 0.6154, 'gscore': 0.0}
[2025-04-03 01:32:57,828][__main__][INFO] 
===  3-th graph ===
[2025-04-03 01:32:57,830][__main__][INFO] 8 Nodes of Markov blanket: [3, 5, 7, 11, 17, 31, 32, 46]
[2025-04-03 01:33:10,799][__main__][INFO] sub_met2 before prunning {'fdr': 0.8571, 'tpr': 0.5714, 'fpr': 1.1429, 'shd': 24, 'nnz': 28, 'precision': 0.1429, 'recall': 0.5714, 'F1': 0.2286, 'gscore': 0.0}
[2025-04-03 01:33:10,799][__main__][INFO] sub_met after prunning {'fdr': 0.75, 'tpr': 0.5714, 'fpr': 0.5714, 'shd': 13, 'nnz': 16, 'precision': 0.25, 'recall': 0.5714, 'F1': 0.3478, 'gscore': 0.0}
[2025-04-03 01:33:10,799][__main__][INFO] 
===  4-th graph ===
[2025-04-03 01:33:10,799][__main__][INFO] 10 Nodes of Markov blanket: [2, 4, 8, 10, 25, 30, 38, 39, 42, 47]
[2025-04-03 01:33:30,097][__main__][INFO] sub_met2 before prunning {'fdr': 0.7778, 'tpr': 0.9091, 'fpr': 1.0294, 'shd': 35, 'nnz': 45, 'precision': 0.2222, 'recall': 0.9091, 'F1': 0.3571, 'gscore': 0.0}
[2025-04-03 01:33:30,097][__main__][INFO] sub_met after prunning {'fdr': 0.4118, 'tpr': 0.9091, 'fpr': 0.2059, 'shd': 7, 'nnz': 17, 'precision': 0.5882, 'recall': 0.9091, 'F1': 0.7143, 'gscore': 0.2727}
[2025-04-03 01:33:30,097][__main__][INFO] 
===  5-th graph ===
[2025-04-03 01:33:30,100][__main__][INFO] 9 Nodes of Markov blanket: [2, 3, 5, 12, 16, 18, 25, 27, 32]
[2025-04-03 01:33:46,298][__main__][INFO] sub_met2 before prunning {'fdr': 0.7222, 'tpr': 1.0, 'fpr': 1.0, 'shd': 26, 'nnz': 36, 'precision': 0.2778, 'recall': 1.0, 'F1': 0.4348, 'gscore': 0.0}
[2025-04-03 01:33:46,299][__main__][INFO] sub_met after prunning {'fdr': 0.1667, 'tpr': 1.0, 'fpr': 0.0769, 'shd': 2, 'nnz': 12, 'precision': 0.8333, 'recall': 1.0, 'F1': 0.9091, 'gscore': 0.8}
[2025-04-03 01:33:46,299][__main__][INFO] 
===  6-th graph ===
[2025-04-03 01:33:46,299][__main__][INFO] 6 Nodes of Markov blanket: [0, 6, 12, 20, 22, 37]
[2025-04-03 01:33:54,338][__main__][INFO] sub_met2 before prunning {'fdr': 0.6667, 'tpr': 1.0, 'fpr': 1.0, 'shd': 10, 'nnz': 15, 'precision': 0.3333, 'recall': 1.0, 'F1': 0.5, 'gscore': 0.0}
[2025-04-03 01:33:54,338][__main__][INFO] sub_met after prunning {'fdr': 0.4286, 'tpr': 0.8, 'fpr': 0.3, 'shd': 4, 'nnz': 7, 'precision': 0.5714, 'recall': 0.8, 'F1': 0.6667, 'gscore': 0.2}
[2025-04-03 01:33:54,340][__main__][INFO] 
===  7-th graph ===
[2025-04-03 01:33:54,340][__main__][INFO] 11 Nodes of Markov blanket: [3, 7, 11, 12, 17, 24, 31, 33, 35, 41, 46]
[2025-04-03 01:34:17,315][__main__][INFO] sub_met2 before prunning {'fdr': 0.8182, 'tpr': 1.0, 'fpr': 1.0, 'shd': 45, 'nnz': 55, 'precision': 0.1818, 'recall': 1.0, 'F1': 0.3077, 'gscore': 0.0}
[2025-04-03 01:34:17,315][__main__][INFO] sub_met after prunning {'fdr': 0.4118, 'tpr': 1.0, 'fpr': 0.1556, 'shd': 7, 'nnz': 17, 'precision': 0.5882, 'recall': 1.0, 'F1': 0.7407, 'gscore': 0.3}
[2025-04-03 01:34:17,315][__main__][INFO] 
===  8-th graph ===
[2025-04-03 01:34:17,317][__main__][INFO] 8 Nodes of Markov blanket: [4, 8, 10, 17, 24, 38, 41, 49]
[2025-04-03 01:34:30,168][__main__][INFO] sub_met2 before prunning {'fdr': 0.7857, 'tpr': 0.75, 'fpr': 1.1, 'shd': 22, 'nnz': 28, 'precision': 0.2143, 'recall': 0.75, 'F1': 0.3333, 'gscore': 0.0}
[2025-04-03 01:34:30,168][__main__][INFO] sub_met after prunning {'fdr': 0.5714, 'tpr': 0.75, 'fpr': 0.4, 'shd': 8, 'nnz': 14, 'precision': 0.4286, 'recall': 0.75, 'F1': 0.5455, 'gscore': 0.0}
[2025-04-03 01:34:30,168][__main__][INFO] 
===  9-th graph ===
[2025-04-03 01:34:30,168][__main__][INFO] 2 Nodes of Markov blanket: [9, 35]
[2025-04-03 01:34:31,561][__main__][INFO] sub_met2 before prunning {'fdr': 0.0, 'tpr': 1.0, 'fpr': 0.0, 'shd': 0, 'nnz': 1, 'precision': 1.0, 'recall': 1.0, 'F1': 1.0, 'gscore': 1.0}
[2025-04-03 01:34:31,563][__main__][INFO] sub_met after prunning {'fdr': 0.0, 'tpr': 1.0, 'fpr': 0.0, 'shd': 0, 'nnz': 1, 'precision': 1.0, 'recall': 1.0, 'F1': 1.0, 'gscore': 1.0}
[2025-04-03 01:34:31,563][__main__][INFO] 
===  10-th graph ===
[2025-04-03 01:34:31,563][__main__][INFO] 7 Nodes of Markov blanket: [2, 4, 8, 10, 30, 41, 42]
[2025-04-03 01:34:42,056][__main__][INFO] sub_met2 before prunning {'fdr': 0.6667, 'tpr': 0.875, 'fpr': 1.0769, 'shd': 14, 'nnz': 21, 'precision': 0.3333, 'recall': 0.875, 'F1': 0.4828, 'gscore': 0.0}
[2025-04-03 01:34:42,056][__main__][INFO] sub_met after prunning {'fdr': 0.3, 'tpr': 0.875, 'fpr': 0.2308, 'shd': 3, 'nnz': 10, 'precision': 0.7, 'recall': 0.875, 'F1': 0.7778, 'gscore': 0.5}
[2025-04-03 01:34:42,056][__main__][INFO] 
===  11-th graph ===
[2025-04-03 01:34:42,056][__main__][INFO] 9 Nodes of Markov blanket: [3, 7, 11, 14, 17, 31, 32, 40, 46]
[2025-04-03 01:34:58,159][__main__][INFO] sub_met2 before prunning {'fdr': 0.8056, 'tpr': 0.6364, 'fpr': 1.16, 'shd': 29, 'nnz': 36, 'precision': 0.1944, 'recall': 0.6364, 'F1': 0.2979, 'gscore': 0.0}
[2025-04-03 01:34:58,159][__main__][INFO] sub_met after prunning {'fdr': 0.75, 'tpr': 0.5455, 'fpr': 0.72, 'shd': 19, 'nnz': 24, 'precision': 0.25, 'recall': 0.5455, 'F1': 0.3429, 'gscore': 0.0}
[2025-04-03 01:34:58,159][__main__][INFO] 
===  12-th graph ===
[2025-04-03 01:34:58,160][__main__][INFO] 12 Nodes of Markov blanket: [5, 6, 7, 12, 18, 20, 22, 24, 32, 41, 43, 47]
[2025-04-03 01:35:24,874][__main__][INFO] sub_met2 before prunning {'fdr': 0.8333, 'tpr': 1.0, 'fpr': 1.0, 'shd': 55, 'nnz': 66, 'precision': 0.1667, 'recall': 1.0, 'F1': 0.2857, 'gscore': 0.0}
[2025-04-03 01:35:24,874][__main__][INFO] sub_met after prunning {'fdr': 0.3125, 'tpr': 1.0, 'fpr': 0.0909, 'shd': 5, 'nnz': 16, 'precision': 0.6875, 'recall': 1.0, 'F1': 0.8148, 'gscore': 0.5455}
[2025-04-03 01:35:24,874][__main__][INFO] 
===  13-th graph ===
[2025-04-03 01:35:24,874][__main__][INFO] 2 Nodes of Markov blanket: [13, 24]
[2025-04-03 01:35:26,245][__main__][INFO] sub_met2 before prunning {'fdr': 0.0, 'tpr': 1.0, 'fpr': 0.0, 'shd': 0, 'nnz': 1, 'precision': 1.0, 'recall': 1.0, 'F1': 1.0, 'gscore': 1.0}
[2025-04-03 01:35:26,245][__main__][INFO] sub_met after prunning {'fdr': 0.0, 'tpr': 1.0, 'fpr': 0.0, 'shd': 0, 'nnz': 1, 'precision': 1.0, 'recall': 1.0, 'F1': 1.0, 'gscore': 1.0}
[2025-04-03 01:35:26,245][__main__][INFO] 
===  14-th graph ===
[2025-04-03 01:35:26,245][__main__][INFO] 9 Nodes of Markov blanket: [2, 11, 14, 28, 32, 40, 42, 43, 49]
[2025-04-03 01:35:41,998][__main__][INFO] sub_met2 before prunning {'fdr': 0.8611, 'tpr': 0.625, 'fpr': 1.1071, 'shd': 31, 'nnz': 36, 'precision': 0.1389, 'recall': 0.625, 'F1': 0.2273, 'gscore': 0.0}
[2025-04-03 01:35:41,998][__main__][INFO] sub_met after prunning {'fdr': 0.5, 'tpr': 0.625, 'fpr': 0.1786, 'shd': 6, 'nnz': 10, 'precision': 0.5, 'recall': 0.625, 'F1': 0.5556, 'gscore': 0.0}
[2025-04-03 01:35:41,998][__main__][INFO] 
===  15-th graph ===
[2025-04-03 01:35:41,998][__main__][INFO] 2 Nodes of Markov blanket: [15, 43]
[2025-04-03 01:35:43,350][__main__][INFO] sub_met2 before prunning {'fdr': 0.0, 'tpr': 1.0, 'fpr': 0.0, 'shd': 0, 'nnz': 1, 'precision': 1.0, 'recall': 1.0, 'F1': 1.0, 'gscore': 1.0}
[2025-04-03 01:35:43,350][__main__][INFO] sub_met after prunning {'fdr': 0.0, 'tpr': 1.0, 'fpr': 0.0, 'shd': 0, 'nnz': 1, 'precision': 1.0, 'recall': 1.0, 'F1': 1.0, 'gscore': 1.0}
[2025-04-03 01:35:43,350][__main__][INFO] 
===  16-th graph ===
[2025-04-03 01:35:43,350][__main__][INFO] 8 Nodes of Markov blanket: [2, 5, 16, 19, 23, 44, 48, 49]
[2025-04-03 01:35:56,550][__main__][INFO] sub_met2 before prunning {'fdr': 0.7857, 'tpr': 1.0, 'fpr': 1.0, 'shd': 22, 'nnz': 28, 'precision': 0.2143, 'recall': 1.0, 'F1': 0.3529, 'gscore': 0.0}
[2025-04-03 01:35:56,554][__main__][INFO] sub_met after prunning {'fdr': 0.25, 'tpr': 1.0, 'fpr': 0.0909, 'shd': 2, 'nnz': 8, 'precision': 0.75, 'recall': 1.0, 'F1': 0.8571, 'gscore': 0.6667}
[2025-04-03 01:35:56,554][__main__][INFO] 
===  17-th graph ===
[2025-04-03 01:35:56,554][__main__][INFO] 11 Nodes of Markov blanket: [2, 3, 7, 8, 11, 17, 31, 35, 42, 46, 49]
[2025-04-03 01:36:19,008][__main__][INFO] sub_met2 before prunning {'fdr': 0.8364, 'tpr': 0.9, 'fpr': 1.0222, 'shd': 46, 'nnz': 55, 'precision': 0.1636, 'recall': 0.9, 'F1': 0.2769, 'gscore': 0.0}
[2025-04-03 01:36:19,008][__main__][INFO] sub_met after prunning {'fdr': 0.5263, 'tpr': 0.9, 'fpr': 0.2222, 'shd': 10, 'nnz': 19, 'precision': 0.4737, 'recall': 0.9, 'F1': 0.6207, 'gscore': 0.0}
[2025-04-03 01:36:19,008][__main__][INFO] 
===  18-th graph ===
[2025-04-03 01:36:19,008][__main__][INFO] 6 Nodes of Markov blanket: [5, 12, 18, 32, 43, 44]
[2025-04-03 01:36:27,284][__main__][INFO] sub_met2 before prunning {'fdr': 0.6667, 'tpr': 1.0, 'fpr': 1.0, 'shd': 10, 'nnz': 15, 'precision': 0.3333, 'recall': 1.0, 'F1': 0.5, 'gscore': 0.0}
[2025-04-03 01:36:27,284][__main__][INFO] sub_met after prunning {'fdr': 0.1667, 'tpr': 1.0, 'fpr': 0.1, 'shd': 1, 'nnz': 6, 'precision': 0.8333, 'recall': 1.0, 'F1': 0.9091, 'gscore': 0.8}
[2025-04-03 01:36:27,285][__main__][INFO] 
===  19-th graph ===
[2025-04-03 01:36:27,285][__main__][INFO] 5 Nodes of Markov blanket: [2, 16, 19, 40, 46]
[2025-04-03 01:36:33,532][__main__][INFO] sub_met2 before prunning {'fdr': 0.6, 'tpr': 0.8, 'fpr': 1.2, 'shd': 6, 'nnz': 10, 'precision': 0.4, 'recall': 0.8, 'F1': 0.5333, 'gscore': 0.0}
[2025-04-03 01:36:33,532][__main__][INFO] sub_met after prunning {'fdr': 0.5556, 'tpr': 0.8, 'fpr': 1.0, 'shd': 5, 'nnz': 9, 'precision': 0.4444, 'recall': 0.8, 'F1': 0.5714, 'gscore': 0.0}
[2025-04-03 01:36:33,533][__main__][INFO] 
===  20-th graph ===
[2025-04-03 01:36:33,533][__main__][INFO] 12 Nodes of Markov blanket: [6, 12, 20, 23, 25, 26, 35, 36, 37, 43, 44, 48]
[2025-04-03 01:37:00,621][__main__][INFO] sub_met2 before prunning {'fdr': 0.7424, 'tpr': 1.0, 'fpr': 1.0, 'shd': 49, 'nnz': 66, 'precision': 0.2576, 'recall': 1.0, 'F1': 0.4096, 'gscore': 0.0}
[2025-04-03 01:37:00,621][__main__][INFO] sub_met after prunning {'fdr': 0.32, 'tpr': 1.0, 'fpr': 0.1633, 'shd': 8, 'nnz': 25, 'precision': 0.68, 'recall': 1.0, 'F1': 0.8095, 'gscore': 0.5294}
[2025-04-03 01:37:00,621][__main__][INFO] 
===  21-th graph ===
[2025-04-03 01:37:00,623][__main__][INFO] 2 Nodes of Markov blanket: [21, 41]
[2025-04-03 01:37:01,918][__main__][INFO] sub_met2 before prunning {'fdr': 0.0, 'tpr': 1.0, 'fpr': 0.0, 'shd': 0, 'nnz': 1, 'precision': 1.0, 'recall': 1.0, 'F1': 1.0, 'gscore': 1.0}
[2025-04-03 01:37:01,918][__main__][INFO] sub_met after prunning {'fdr': 0.0, 'tpr': 1.0, 'fpr': 0.0, 'shd': 0, 'nnz': 1, 'precision': 1.0, 'recall': 1.0, 'F1': 1.0, 'gscore': 1.0}
[2025-04-03 01:37:01,918][__main__][INFO] 
===  22-th graph ===
[2025-04-03 01:37:01,918][__main__][INFO] 5 Nodes of Markov blanket: [6, 12, 22, 24, 47]
[2025-04-03 01:37:08,223][__main__][INFO] sub_met2 before prunning {'fdr': 0.6, 'tpr': 1.0, 'fpr': 1.0, 'shd': 6, 'nnz': 10, 'precision': 0.4, 'recall': 1.0, 'F1': 0.5714, 'gscore': 0.0}
[2025-04-03 01:37:08,223][__main__][INFO] sub_met after prunning {'fdr': 0.0, 'tpr': 1.0, 'fpr': 0.0, 'shd': 0, 'nnz': 4, 'precision': 1.0, 'recall': 1.0, 'F1': 1.0, 'gscore': 1.0}
[2025-04-03 01:37:08,223][__main__][INFO] 
===  23-th graph ===
[2025-04-03 01:37:08,223][__main__][INFO] 6 Nodes of Markov blanket: [16, 20, 23, 26, 48, 49]
[2025-04-03 01:37:16,258][__main__][INFO] sub_met2 before prunning {'fdr': 0.7333, 'tpr': 0.6667, 'fpr': 1.2222, 'shd': 11, 'nnz': 15, 'precision': 0.2667, 'recall': 0.6667, 'F1': 0.381, 'gscore': 0.0}
[2025-04-03 01:37:16,258][__main__][INFO] sub_met after prunning {'fdr': 0.6364, 'tpr': 0.6667, 'fpr': 0.7778, 'shd': 7, 'nnz': 11, 'precision': 0.3636, 'recall': 0.6667, 'F1': 0.4706, 'gscore': 0.0}
[2025-04-03 01:37:16,258][__main__][INFO] 
===  24-th graph ===
[2025-04-03 01:37:16,258][__main__][INFO] 12 Nodes of Markov blanket: [2, 7, 8, 12, 13, 22, 24, 29, 33, 41, 45, 47]
[2025-04-03 01:37:42,339][__main__][INFO] sub_met2 before prunning {'fdr': 0.8182, 'tpr': 1.0, 'fpr': 1.0, 'shd': 54, 'nnz': 66, 'precision': 0.1818, 'recall': 1.0, 'F1': 0.3077, 'gscore': 0.0}
[2025-04-03 01:37:42,339][__main__][INFO] sub_met after prunning {'fdr': 0.1429, 'tpr': 1.0, 'fpr': 0.037, 'shd': 2, 'nnz': 14, 'precision': 0.8571, 'recall': 1.0, 'F1': 0.9231, 'gscore': 0.8333}
[2025-04-03 01:37:42,339][__main__][INFO] 
===  25-th graph ===
[2025-04-03 01:37:42,339][__main__][INFO] 12 Nodes of Markov blanket: [4, 5, 20, 25, 35, 36, 37, 39, 43, 44, 47, 48]
[2025-04-03 01:38:09,393][__main__][INFO] sub_met2 before prunning {'fdr': 0.803, 'tpr': 1.0, 'fpr': 1.0, 'shd': 53, 'nnz': 66, 'precision': 0.197, 'recall': 1.0, 'F1': 0.3291, 'gscore': 0.0}
[2025-04-03 01:38:09,393][__main__][INFO] sub_met after prunning {'fdr': 0.5357, 'tpr': 1.0, 'fpr': 0.283, 'shd': 15, 'nnz': 28, 'precision': 0.4643, 'recall': 1.0, 'F1': 0.6341, 'gscore': 0.0}
[2025-04-03 01:38:09,393][__main__][INFO] 
===  26-th graph ===
[2025-04-03 01:38:09,393][__main__][INFO] 5 Nodes of Markov blanket: [20, 23, 26, 34, 48]
[2025-04-03 01:38:15,683][__main__][INFO] sub_met2 before prunning {'fdr': 0.5, 'tpr': 1.0, 'fpr': 1.0, 'shd': 5, 'nnz': 10, 'precision': 0.5, 'recall': 1.0, 'F1': 0.6667, 'gscore': 0.0}
[2025-04-03 01:38:15,683][__main__][INFO] sub_met after prunning {'fdr': 0.1667, 'tpr': 1.0, 'fpr': 0.2, 'shd': 1, 'nnz': 6, 'precision': 0.8333, 'recall': 1.0, 'F1': 0.9091, 'gscore': 0.8}
[2025-04-03 01:38:15,683][__main__][INFO] 
===  27-th graph ===
[2025-04-03 01:38:15,683][__main__][INFO] 2 Nodes of Markov blanket: [5, 27]
[2025-04-03 01:38:16,993][__main__][INFO] sub_met2 before prunning {'fdr': 0.0, 'tpr': 1.0, 'fpr': 0.0, 'shd': 0, 'nnz': 1, 'precision': 1.0, 'recall': 1.0, 'F1': 1.0, 'gscore': 1.0}
[2025-04-03 01:38:16,993][__main__][INFO] sub_met after prunning {'fdr': 0.0, 'tpr': 1.0, 'fpr': 0.0, 'shd': 0, 'nnz': 1, 'precision': 1.0, 'recall': 1.0, 'F1': 1.0, 'gscore': 1.0}
[2025-04-03 01:38:16,993][__main__][INFO] 
===  28-th graph ===
[2025-04-03 01:38:16,997][__main__][INFO] 3 Nodes of Markov blanket: [14, 28, 49]
[2025-04-03 01:38:19,992][__main__][INFO] sub_met2 before prunning {'fdr': 0.3333, 'tpr': 1.0, 'fpr': 1.0, 'shd': 1, 'nnz': 3, 'precision': 0.6667, 'recall': 1.0, 'F1': 0.8, 'gscore': 0.5}
[2025-04-03 01:38:19,994][__main__][INFO] sub_met after prunning {'fdr': 0.3333, 'tpr': 1.0, 'fpr': 1.0, 'shd': 1, 'nnz': 3, 'precision': 0.6667, 'recall': 1.0, 'F1': 0.8, 'gscore': 0.5}
[2025-04-03 01:38:19,994][__main__][INFO] 
===  29-th graph ===
[2025-04-03 01:38:19,994][__main__][INFO] 4 Nodes of Markov blanket: [2, 24, 29, 41]
[2025-04-03 01:38:24,603][__main__][INFO] sub_met2 before prunning {'fdr': 0.5, 'tpr': 1.0, 'fpr': 1.0, 'shd': 3, 'nnz': 6, 'precision': 0.5, 'recall': 1.0, 'F1': 0.6667, 'gscore': 0.0}
[2025-04-03 01:38:24,603][__main__][INFO] sub_met after prunning {'fdr': 0.0, 'tpr': 1.0, 'fpr': 0.0, 'shd': 0, 'nnz': 3, 'precision': 1.0, 'recall': 1.0, 'F1': 1.0, 'gscore': 1.0}
[2025-04-03 01:38:24,603][__main__][INFO] 
===  30-th graph ===
[2025-04-03 01:38:24,607][__main__][INFO] 3 Nodes of Markov blanket: [4, 10, 30]
[2025-04-03 01:38:27,384][__main__][INFO] sub_met2 before prunning {'fdr': 0.0, 'tpr': 1.0, 'fpr': 0.0, 'shd': 0, 'nnz': 3, 'precision': 1.0, 'recall': 1.0, 'F1': 1.0, 'gscore': 1.0}
[2025-04-03 01:38:27,384][__main__][INFO] sub_met after prunning {'fdr': 0.0, 'tpr': 1.0, 'fpr': 0.0, 'shd': 0, 'nnz': 3, 'precision': 1.0, 'recall': 1.0, 'F1': 1.0, 'gscore': 1.0}
[2025-04-03 01:38:27,384][__main__][INFO] 
===  31-th graph ===
[2025-04-03 01:38:27,384][__main__][INFO] 6 Nodes of Markov blanket: [3, 7, 11, 17, 31, 46]
[2025-04-03 01:38:35,618][__main__][INFO] sub_met2 before prunning {'fdr': 0.7333, 'tpr': 0.8, 'fpr': 1.1, 'shd': 11, 'nnz': 15, 'precision': 0.2667, 'recall': 0.8, 'F1': 0.4, 'gscore': 0.0}
[2025-04-03 01:38:35,618][__main__][INFO] sub_met after prunning {'fdr': 0.6667, 'tpr': 0.8, 'fpr': 0.8, 'shd': 8, 'nnz': 12, 'precision': 0.3333, 'recall': 0.8, 'F1': 0.4706, 'gscore': 0.0}
[2025-04-03 01:38:35,618][__main__][INFO] 
===  32-th graph ===
[2025-04-03 01:38:35,618][__main__][INFO] 11 Nodes of Markov blanket: [3, 5, 11, 12, 14, 18, 32, 37, 40, 43, 44]
[2025-04-03 01:38:58,605][__main__][INFO] sub_met2 before prunning {'fdr': 0.7636, 'tpr': 0.9286, 'fpr': 1.0244, 'shd': 42, 'nnz': 55, 'precision': 0.2364, 'recall': 0.9286, 'F1': 0.3768, 'gscore': 0.0}
[2025-04-03 01:38:58,605][__main__][INFO] sub_met after prunning {'fdr': 0.4091, 'tpr': 0.9286, 'fpr': 0.2195, 'shd': 9, 'nnz': 22, 'precision': 0.5909, 'recall': 0.9286, 'F1': 0.7222, 'gscore': 0.2857}
[2025-04-03 01:38:58,605][__main__][INFO] 
===  33-th graph ===
[2025-04-03 01:38:58,605][__main__][INFO] 3 Nodes of Markov blanket: [7, 24, 33]
[2025-04-03 01:39:01,358][__main__][INFO] sub_met2 before prunning {'fdr': 0.3333, 'tpr': 1.0, 'fpr': 1.0, 'shd': 1, 'nnz': 3, 'precision': 0.6667, 'recall': 1.0, 'F1': 0.8, 'gscore': 0.5}
[2025-04-03 01:39:01,358][__main__][INFO] sub_met after prunning {'fdr': 0.3333, 'tpr': 1.0, 'fpr': 1.0, 'shd': 1, 'nnz': 3, 'precision': 0.6667, 'recall': 1.0, 'F1': 0.8, 'gscore': 0.5}
[2025-04-03 01:39:01,358][__main__][INFO] 
===  34-th graph ===
[2025-04-03 01:39:01,358][__main__][INFO] 2 Nodes of Markov blanket: [26, 34]
[2025-04-03 01:39:02,660][__main__][INFO] sub_met2 before prunning {'fdr': 1.0, 'tpr': 0.0, 'fpr': 1.0, 'shd': 1, 'nnz': 1, 'precision': 0.0, 'recall': 0.0, 'F1': nan, 'gscore': 0.0}
[2025-04-03 01:39:02,660][__main__][INFO] sub_met after prunning {'fdr': 1.0, 'tpr': 0.0, 'fpr': 1.0, 'shd': 1, 'nnz': 1, 'precision': 0.0, 'recall': 0.0, 'F1': nan, 'gscore': 0.0}
[2025-04-03 01:39:02,663][__main__][INFO] 
===  35-th graph ===
[2025-04-03 01:39:02,663][__main__][INFO] 11 Nodes of Markov blanket: [7, 9, 17, 20, 25, 35, 36, 37, 43, 44, 48]
[2025-04-03 01:39:25,408][__main__][INFO] sub_met2 before prunning {'fdr': 0.7818, 'tpr': 1.0, 'fpr': 1.0, 'shd': 43, 'nnz': 55, 'precision': 0.2182, 'recall': 1.0, 'F1': 0.3582, 'gscore': 0.0}
[2025-04-03 01:39:25,408][__main__][INFO] sub_met after prunning {'fdr': 0.4545, 'tpr': 1.0, 'fpr': 0.2326, 'shd': 10, 'nnz': 22, 'precision': 0.5455, 'recall': 1.0, 'F1': 0.7059, 'gscore': 0.1667}
[2025-04-03 01:39:25,408][__main__][INFO] 
===  36-th graph ===
[2025-04-03 01:39:25,408][__main__][INFO] 8 Nodes of Markov blanket: [20, 25, 35, 36, 37, 43, 44, 48]
[2025-04-03 01:39:38,325][__main__][INFO] sub_met2 before prunning {'fdr': 0.6786, 'tpr': 1.0, 'fpr': 1.0, 'shd': 19, 'nnz': 28, 'precision': 0.3214, 'recall': 1.0, 'F1': 0.4865, 'gscore': 0.0}
[2025-04-03 01:39:38,325][__main__][INFO] sub_met after prunning {'fdr': 0.5, 'tpr': 1.0, 'fpr': 0.4737, 'shd': 9, 'nnz': 18, 'precision': 0.5, 'recall': 1.0, 'F1': 0.6667, 'gscore': 0.0}
[2025-04-03 01:39:38,325][__main__][INFO] 
===  37-th graph ===
[2025-04-03 01:39:38,325][__main__][INFO] 12 Nodes of Markov blanket: [0, 6, 20, 25, 32, 35, 36, 37, 38, 43, 44, 48]
[2025-04-03 01:40:05,194][__main__][INFO] sub_met2 before prunning {'fdr': 0.8485, 'tpr': 0.7143, 'fpr': 1.0769, 'shd': 56, 'nnz': 66, 'precision': 0.1515, 'recall': 0.7143, 'F1': 0.25, 'gscore': 0.0}
[2025-04-03 01:40:05,194][__main__][INFO] sub_met after prunning {'fdr': 0.7143, 'tpr': 0.7143, 'fpr': 0.4808, 'shd': 25, 'nnz': 35, 'precision': 0.2857, 'recall': 0.7143, 'F1': 0.4082, 'gscore': 0.0}
[2025-04-03 01:40:05,194][__main__][INFO] 
===  38-th graph ===
[2025-04-03 01:40:05,194][__main__][INFO] 5 Nodes of Markov blanket: [0, 4, 8, 37, 38]
[2025-04-03 01:40:11,360][__main__][INFO] sub_met2 before prunning {'fdr': 0.9, 'tpr': 0.25, 'fpr': 1.5, 'shd': 9, 'nnz': 10, 'precision': 0.1, 'recall': 0.25, 'F1': 0.1429, 'gscore': 0.0}
[2025-04-03 01:40:11,360][__main__][INFO] sub_met after prunning {'fdr': 0.8333, 'tpr': 0.25, 'fpr': 0.8333, 'shd': 5, 'nnz': 6, 'precision': 0.1667, 'recall': 0.25, 'F1': 0.2, 'gscore': 0.0}
[2025-04-03 01:40:11,360][__main__][INFO] 
===  39-th graph ===
[2025-04-03 01:40:11,360][__main__][INFO] 4 Nodes of Markov blanket: [4, 25, 39, 47]
[2025-04-03 01:40:15,784][__main__][INFO] sub_met2 before prunning {'fdr': 0.5, 'tpr': 1.0, 'fpr': 1.0, 'shd': 3, 'nnz': 6, 'precision': 0.5, 'recall': 1.0, 'F1': 0.6667, 'gscore': 0.0}
[2025-04-03 01:40:15,784][__main__][INFO] sub_met after prunning {'fdr': 0.5, 'tpr': 1.0, 'fpr': 1.0, 'shd': 3, 'nnz': 6, 'precision': 0.5, 'recall': 1.0, 'F1': 0.6667, 'gscore': 0.0}
[2025-04-03 01:40:15,788][__main__][INFO] 
===  40-th graph ===
[2025-04-03 01:40:15,788][__main__][INFO] 6 Nodes of Markov blanket: [2, 11, 14, 19, 32, 40]
[2025-04-03 01:40:24,101][__main__][INFO] sub_met2 before prunning {'fdr': 0.8667, 'tpr': 0.5, 'fpr': 1.1818, 'shd': 13, 'nnz': 15, 'precision': 0.1333, 'recall': 0.5, 'F1': 0.2105, 'gscore': 0.0}
[2025-04-03 01:40:24,103][__main__][INFO] sub_met after prunning {'fdr': 0.6667, 'tpr': 0.5, 'fpr': 0.3636, 'shd': 4, 'nnz': 6, 'precision': 0.3333, 'recall': 0.5, 'F1': 0.4, 'gscore': 0.0}
[2025-04-03 01:40:24,103][__main__][INFO] 
===  41-th graph ===
[2025-04-03 01:40:24,103][__main__][INFO] 11 Nodes of Markov blanket: [2, 7, 8, 10, 12, 21, 24, 29, 41, 42, 43]
[2025-04-03 01:40:46,818][__main__][INFO] sub_met2 before prunning {'fdr': 0.7818, 'tpr': 1.0, 'fpr': 1.0, 'shd': 43, 'nnz': 55, 'precision': 0.2182, 'recall': 1.0, 'F1': 0.3582, 'gscore': 0.0}
[2025-04-03 01:40:46,821][__main__][INFO] sub_met after prunning {'fdr': 0.2, 'tpr': 1.0, 'fpr': 0.0698, 'shd': 3, 'nnz': 15, 'precision': 0.8, 'recall': 1.0, 'F1': 0.8889, 'gscore': 0.75}
[2025-04-03 01:40:46,821][__main__][INFO] 
===  42-th graph ===
[2025-04-03 01:40:46,821][__main__][INFO] 8 Nodes of Markov blanket: [2, 4, 10, 14, 17, 41, 42, 43]
[2025-04-03 01:40:59,853][__main__][INFO] sub_met2 before prunning {'fdr': 0.7143, 'tpr': 0.8889, 'fpr': 1.0526, 'shd': 20, 'nnz': 28, 'precision': 0.2857, 'recall': 0.8889, 'F1': 0.4324, 'gscore': 0.0}
[2025-04-03 01:40:59,853][__main__][INFO] sub_met after prunning {'fdr': 0.2727, 'tpr': 0.8889, 'fpr': 0.1579, 'shd': 3, 'nnz': 11, 'precision': 0.7273, 'recall': 0.8889, 'F1': 0.8, 'gscore': 0.5556}
[2025-04-03 01:40:59,853][__main__][INFO] 
===  43-th graph ===
[2025-04-03 01:40:59,853][__main__][INFO] 15 Nodes of Markov blanket: [12, 14, 15, 18, 20, 25, 32, 35, 36, 37, 41, 42, 43, 44, 48]
[2025-04-03 01:41:40,718][__main__][INFO] sub_met2 before prunning {'fdr': 0.8095, 'tpr': 0.9524, 'fpr': 1.0119, 'shd': 85, 'nnz': 105, 'precision': 0.1905, 'recall': 0.9524, 'F1': 0.3175, 'gscore': 0.0}
[2025-04-03 01:41:40,718][__main__][INFO] sub_met after prunning {'fdr': 0.4444, 'tpr': 0.9524, 'fpr': 0.1905, 'shd': 16, 'nnz': 36, 'precision': 0.5556, 'recall': 0.9524, 'F1': 0.7018, 'gscore': 0.1905}
[2025-04-03 01:41:40,718][__main__][INFO] 
===  44-th graph ===
[2025-04-03 01:41:40,718][__main__][INFO] 11 Nodes of Markov blanket: [16, 18, 20, 25, 32, 35, 36, 37, 43, 44, 48]
[2025-04-03 01:42:03,103][__main__][INFO] sub_met2 before prunning {'fdr': 0.7455, 'tpr': 1.0, 'fpr': 1.0, 'shd': 41, 'nnz': 55, 'precision': 0.2545, 'recall': 1.0, 'F1': 0.4058, 'gscore': 0.0}
[2025-04-03 01:42:03,103][__main__][INFO] sub_met after prunning {'fdr': 0.48, 'tpr': 0.9286, 'fpr': 0.2927, 'shd': 13, 'nnz': 25, 'precision': 0.52, 'recall': 0.9286, 'F1': 0.6667, 'gscore': 0.0714}
[2025-04-03 01:42:03,106][__main__][INFO] 
===  45-th graph ===
[2025-04-03 01:42:03,106][__main__][INFO] 2 Nodes of Markov blanket: [24, 45]
[2025-04-03 01:42:04,440][__main__][INFO] sub_met2 before prunning {'fdr': 0.0, 'tpr': 1.0, 'fpr': 0.0, 'shd': 0, 'nnz': 1, 'precision': 1.0, 'recall': 1.0, 'F1': 1.0, 'gscore': 1.0}
[2025-04-03 01:42:04,440][__main__][INFO] sub_met after prunning {'fdr': 0.0, 'tpr': 1.0, 'fpr': 0.0, 'shd': 0, 'nnz': 1, 'precision': 1.0, 'recall': 1.0, 'F1': 1.0, 'gscore': 1.0}
[2025-04-03 01:42:04,440][__main__][INFO] 
===  46-th graph ===
[2025-04-03 01:42:04,440][__main__][INFO] 8 Nodes of Markov blanket: [2, 3, 7, 11, 17, 19, 31, 46]
[2025-04-03 01:42:17,228][__main__][INFO] sub_met2 before prunning {'fdr': 0.8571, 'tpr': 0.5714, 'fpr': 1.1429, 'shd': 24, 'nnz': 28, 'precision': 0.1429, 'recall': 0.5714, 'F1': 0.2286, 'gscore': 0.0}
[2025-04-03 01:42:17,230][__main__][INFO] sub_met after prunning {'fdr': 0.7647, 'tpr': 0.5714, 'fpr': 0.619, 'shd': 13, 'nnz': 17, 'precision': 0.2353, 'recall': 0.5714, 'F1': 0.3333, 'gscore': 0.0}
[2025-04-03 01:42:17,230][__main__][INFO] 
===  47-th graph ===
[2025-04-03 01:42:17,230][__main__][INFO] 7 Nodes of Markov blanket: [4, 12, 22, 24, 25, 39, 47]
[2025-04-03 01:42:27,643][__main__][INFO] sub_met2 before prunning {'fdr': 0.7143, 'tpr': 1.0, 'fpr': 1.0, 'shd': 15, 'nnz': 21, 'precision': 0.2857, 'recall': 1.0, 'F1': 0.4444, 'gscore': 0.0}
[2025-04-03 01:42:27,648][__main__][INFO] sub_met after prunning {'fdr': 0.5, 'tpr': 1.0, 'fpr': 0.4, 'shd': 6, 'nnz': 12, 'precision': 0.5, 'recall': 1.0, 'F1': 0.6667, 'gscore': 0.0}
[2025-04-03 01:42:27,648][__main__][INFO] 
===  48-th graph ===
[2025-04-03 01:42:27,648][__main__][INFO] 12 Nodes of Markov blanket: [16, 20, 23, 25, 26, 35, 36, 37, 43, 44, 48, 49]
[2025-04-03 01:42:54,327][__main__][INFO] sub_met2 before prunning {'fdr': 0.7879, 'tpr': 0.875, 'fpr': 1.04, 'shd': 52, 'nnz': 66, 'precision': 0.2121, 'recall': 0.875, 'F1': 0.3415, 'gscore': 0.0}
[2025-04-03 01:42:54,327][__main__][INFO] sub_met after prunning {'fdr': 0.5, 'tpr': 0.875, 'fpr': 0.28, 'shd': 14, 'nnz': 28, 'precision': 0.5, 'recall': 0.875, 'F1': 0.6364, 'gscore': 0.0}
[2025-04-03 01:42:54,330][__main__][INFO] 
===  49-th graph ===
[2025-04-03 01:42:54,330][__main__][INFO] 8 Nodes of Markov blanket: [8, 14, 16, 17, 23, 28, 48, 49]
[2025-04-03 01:43:07,322][__main__][INFO] sub_met2 before prunning {'fdr': 0.8571, 'tpr': 0.5, 'fpr': 1.2, 'shd': 24, 'nnz': 28, 'precision': 0.1429, 'recall': 0.5, 'F1': 0.2222, 'gscore': 0.0}
[2025-04-03 01:43:07,323][__main__][INFO] sub_met after prunning {'fdr': 0.7143, 'tpr': 0.5, 'fpr': 0.5, 'shd': 11, 'nnz': 14, 'precision': 0.2857, 'recall': 0.5, 'F1': 0.3636, 'gscore': 0.0}
[2025-04-03 01:43:07,326][__main__][INFO] merged_causal_matrix
[[0.         0.         0.         ... 0.         1.         0.        ]
 [0.         0.         0.         ... 0.         0.         0.        ]
 [0.         0.         0.         ... 0.5        1.         0.33333333]
 ...
 [0.         0.         0.5        ... 0.         1.         0.        ]
 [0.         0.         0.         ... 0.         0.         0.5       ]
 [0.         0.         0.66666667 ... 0.         0.5        0.        ]]
[2025-04-03 01:43:07,335][__main__][INFO] merged_met is_dag False, before prunning {'fdr': 0.8573, 'tpr': 1.1868, 'fpr': 0.5723, 'shd': 536, 'nnz': 757, 'precision': 0.1149, 'recall': 0.956, 'F1': 0.2052, 'gscore': 0.0}
[2025-04-03 01:43:07,474][__main__][INFO] merged_dag_met, time 0.12 edge_perc 0.6644649933949802 no_of_iter 9
before prunning {'fdr': 0.8509, 'tpr': 0.8242, 'fpr': 0.3774, 'shd': 436, 'nnz': 503, 'precision': 0.1491, 'recall': 0.8242, 'F1': 0.2525, 'gscore': 0.0}
