[2025-04-09 16:36:16,225] 
===  0-th graph ===
[2025-04-09 16:36:16,225] 7 Nodes of Markov blanket: [0, 1, 3, 5, 6, 7, 8]
[2025-04-09 16:36:24,662] sub_met2 before prunning {'fdr': 0.619, 'tpr': 0.8889, 'fpr': 1.0833, 'shd': 13, 'nnz': 21, 'precision': 0.381, 'recall': 0.8889, 'F1': 0.5333, 'gscore': 0.0}
[2025-04-09 16:36:24,662] sub_met after prunning {'fdr': 0.2727, 'tpr': 0.8889, 'fpr': 0.25, 'shd': 3, 'nnz': 11, 'precision': 0.7273, 'recall': 0.8889, 'F1': 0.8, 'gscore': 0.5556}
[2025-04-09 16:36:24,662] 
===  1-th graph ===
[2025-04-09 16:36:24,662] 6 Nodes of Markov blanket: [0, 1, 4, 5, 6, 8]
[2025-04-09 16:36:31,194] sub_met2 before prunning {'fdr': 0.5333, 'tpr': 0.875, 'fpr': 1.1429, 'shd': 8, 'nnz': 15, 'precision': 0.4667, 'recall': 0.875, 'F1': 0.6087, 'gscore': 0.0}
[2025-04-09 16:36:31,194] sub_met after prunning {'fdr': 0.2222, 'tpr': 0.875, 'fpr': 0.2857, 'shd': 2, 'nnz': 9, 'precision': 0.7778, 'recall': 0.875, 'F1': 0.8235, 'gscore': 0.625}
[2025-04-09 16:36:31,194] 
===  2-th graph ===
[2025-04-09 16:36:31,194] 5 Nodes of Markov blanket: [2, 3, 4, 7, 8]
[2025-04-09 16:36:36,137] sub_met2 before prunning {'fdr': 0.6, 'tpr': 0.8, 'fpr': 1.2, 'shd': 6, 'nnz': 10, 'precision': 0.4, 'recall': 0.8, 'F1': 0.5333, 'gscore': 0.0}
[2025-04-09 16:36:36,137] sub_met after prunning {'fdr': 0.625, 'tpr': 0.6, 'fpr': 1.0, 'shd': 6, 'nnz': 8, 'precision': 0.375, 'recall': 0.6, 'F1': 0.4615, 'gscore': 0.0}
[2025-04-09 16:36:36,137] 
===  3-th graph ===
[2025-04-09 16:36:36,137] 5 Nodes of Markov blanket: [0, 2, 3, 7, 8]
[2025-04-09 16:36:41,047] sub_met2 before prunning {'fdr': 0.4, 'tpr': 1.0, 'fpr': 1.0, 'shd': 4, 'nnz': 10, 'precision': 0.6, 'recall': 1.0, 'F1': 0.75, 'gscore': 0.3333}
[2025-04-09 16:36:41,047] sub_met after prunning {'fdr': 0.25, 'tpr': 1.0, 'fpr': 0.5, 'shd': 2, 'nnz': 8, 'precision': 0.75, 'recall': 1.0, 'F1': 0.8571, 'gscore': 0.6667}
[2025-04-09 16:36:41,048] 
===  4-th graph ===
[2025-04-09 16:36:41,048] 5 Nodes of Markov blanket: [1, 2, 4, 7, 8]
[2025-04-09 16:36:46,012] sub_met2 before prunning {'fdr': 0.4, 'tpr': 1.0, 'fpr': 1.0, 'shd': 4, 'nnz': 10, 'precision': 0.6, 'recall': 1.0, 'F1': 0.75, 'gscore': 0.3333}
[2025-04-09 16:36:46,012] sub_met after prunning {'fdr': 0.25, 'tpr': 1.0, 'fpr': 0.5, 'shd': 2, 'nnz': 8, 'precision': 0.75, 'recall': 1.0, 'F1': 0.8571, 'gscore': 0.6667}
[2025-04-09 16:36:46,012] 
===  5-th graph ===
[2025-04-09 16:36:46,012] 4 Nodes of Markov blanket: [0, 1, 5, 8]
[2025-04-09 16:36:49,594] sub_met2 before prunning {'fdr': 0.3333, 'tpr': 0.8, 'fpr': 2.0, 'shd': 2, 'nnz': 6, 'precision': 0.6667, 'recall': 0.8, 'F1': 0.7273, 'gscore': 0.4}
[2025-04-09 16:36:49,594] sub_met after prunning {'fdr': 0.3333, 'tpr': 0.8, 'fpr': 2.0, 'shd': 2, 'nnz': 6, 'precision': 0.6667, 'recall': 0.8, 'F1': 0.7273, 'gscore': 0.4}
[2025-04-09 16:36:49,594] 
===  6-th graph ===
[2025-04-09 16:36:49,594] 4 Nodes of Markov blanket: [0, 1, 6, 7]
[2025-04-09 16:36:53,209] sub_met2 before prunning {'fdr': 0.6667, 'tpr': 0.6667, 'fpr': 1.3333, 'shd': 4, 'nnz': 6, 'precision': 0.3333, 'recall': 0.6667, 'F1': 0.4444, 'gscore': 0.0}
[2025-04-09 16:36:53,209] sub_met after prunning {'fdr': 0.6, 'tpr': 0.6667, 'fpr': 1.0, 'shd': 3, 'nnz': 5, 'precision': 0.4, 'recall': 0.6667, 'F1': 0.5, 'gscore': 0.0}
[2025-04-09 16:36:53,209] 
===  7-th graph ===
[2025-04-09 16:36:53,209] 7 Nodes of Markov blanket: [0, 2, 3, 4, 6, 7, 8]
[2025-04-09 16:37:01,366] sub_met2 before prunning {'fdr': 0.619, 'tpr': 0.8889, 'fpr': 1.0833, 'shd': 13, 'nnz': 21, 'precision': 0.381, 'recall': 0.8889, 'F1': 0.5333, 'gscore': 0.0}
[2025-04-09 16:37:01,366] sub_met after prunning {'fdr': 0.5, 'tpr': 0.7778, 'fpr': 0.5833, 'shd': 8, 'nnz': 14, 'precision': 0.5, 'recall': 0.7778, 'F1': 0.6087, 'gscore': 0.0}
[2025-04-09 16:37:01,382] 
===  8-th graph ===
[2025-04-09 16:37:01,382] 8 Nodes of Markov blanket: [0, 1, 2, 3, 4, 5, 7, 8]
[2025-04-09 16:37:11,263] sub_met2 before prunning {'fdr': 0.5357, 'tpr': 1.0, 'fpr': 1.0, 'shd': 15, 'nnz': 28, 'precision': 0.4643, 'recall': 1.0, 'F1': 0.6341, 'gscore': 0.0}
[2025-04-09 16:37:11,263] sub_met after prunning {'fdr': 0.0714, 'tpr': 1.0, 'fpr': 0.0667, 'shd': 1, 'nnz': 14, 'precision': 0.9286, 'recall': 1.0, 'F1': 0.963, 'gscore': 0.9231}
[2025-04-09 16:37:11,279] merged_met_before  before prunning {'fdr': 0.5, 'tpr': 0.8, 'fpr': 0.5714, 'shd': 15, 'nnz': 24, 'precision': 0.5, 'recall': 0.8, 'F1': 0.6154, 'gscore': 0.0}
[2025-04-09 16:37:11,279] merged_met_after  after prunning {'fdr': 0.0833, 'tpr': 0.7333, 'fpr': 0.0476, 'shd': 5, 'nnz': 12, 'precision': 0.9167, 'recall': 0.7333, 'F1': 0.8148, 'gscore': 0.6667}
[2025-04-09 16:37:11,279] Before pruning: {'fdr': '0.50+-0.00', 'tpr': '0.80+-0.00', 'fpr': '0.57+-0.00', 'shd': '15.00+-0.00', 'nnz': '24.00+-0.00', 'precision': '0.50+-0.00', 'recall': '0.80+-0.00', 'F1': '0.62+-0.00', 'gscore': '0.00+-0.00', 'time_mb': '0.00+-0.00', 'time_sub_avg': '6.11+-0.00', 'time_sub_max': '9.88+-0.00', 'time_sub_tot': '55.01+-0.00', 'time_FAS': '0.00+-0.00'}
[2025-04-09 16:37:11,284] After pruning: {'fdr': '0.08+-0.00', 'tpr': '0.73+-0.00', 'fpr': '0.05+-0.00', 'shd': '5.00+-0.00', 'nnz': '12.00+-0.00', 'precision': '0.92+-0.00', 'recall': '0.73+-0.00', 'F1': '0.81+-0.00', 'gscore': '0.67+-0.00', 'time_mb': '0.00+-0.00', 'time_sub_avg': '6.11+-0.00', 'time_sub_max': '9.88+-0.00', 'time_sub_tot': '55.01+-0.00', 'time_FAS': '0.00+-0.00'}
