[2025-04-08 19:51:38,844][__main__][INFO] 
===  0-th graph ===
[2025-04-08 19:51:38,844][__main__][INFO] 3 Nodes of Markov blanket: [0, 10, 12]
[2025-04-08 19:52:38,927][__main__][INFO] sub_met2 before prunning {'fdr': 0.3333, 'tpr': 1.0, 'fpr': 1.0, 'shd': 1, 'nnz': 3, 'precision': 0.6667, 'recall': 1.0, 'F1': 0.8, 'gscore': 0.5}
[2025-04-08 19:52:38,928][__main__][INFO] sub_met after prunning {'fdr': 0.0, 'tpr': 1.0, 'fpr': 0.0, 'shd': 0, 'nnz': 2, 'precision': 1.0, 'recall': 1.0, 'F1': 1.0, 'gscore': 1.0}
[2025-04-08 19:52:38,928][__main__][INFO] 
===  1-th graph ===
[2025-04-08 19:52:38,928][__main__][INFO] 2 Nodes of Markov blanket: [1, 16]
[2025-04-08 19:53:03,376][__main__][INFO] sub_met2 before prunning {'fdr': 0.0, 'tpr': 1.0, 'fpr': 0.0, 'shd': 0, 'nnz': 1, 'precision': 1.0, 'recall': 1.0, 'F1': 1.0, 'gscore': 1.0}
[2025-04-08 19:53:03,377][__main__][INFO] sub_met after prunning {'fdr': 0.0, 'tpr': 1.0, 'fpr': 0.0, 'shd': 0, 'nnz': 1, 'precision': 1.0, 'recall': 1.0, 'F1': 1.0, 'gscore': 1.0}
[2025-04-08 19:53:03,377][__main__][INFO] 
===  2-th graph ===
[2025-04-08 19:53:03,377][__main__][INFO] 9 Nodes of Markov blanket: [2, 3, 4, 5, 10, 13, 17, 22, 24]
[2025-04-08 19:55:51,138][__main__][INFO] sub_met2 before prunning {'fdr': 0.6944, 'tpr': 1.0, 'fpr': 1.0, 'shd': 25, 'nnz': 36, 'precision': 0.3056, 'recall': 1.0, 'F1': 0.4681, 'gscore': 0.0}
[2025-04-08 19:55:51,139][__main__][INFO] sub_met after prunning {'fdr': 0.2143, 'tpr': 1.0, 'fpr': 0.12, 'shd': 3, 'nnz': 14, 'precision': 0.7857, 'recall': 1.0, 'F1': 0.88, 'gscore': 0.7273}
[2025-04-08 19:55:51,141][__main__][INFO] 
===  3-th graph ===
[2025-04-08 19:55:51,142][__main__][INFO] 2 Nodes of Markov blanket: [2, 3]
[2025-04-08 19:56:14,815][__main__][INFO] sub_met2 before prunning {'fdr': 0.0, 'tpr': 1.0, 'fpr': 0.0, 'shd': 0, 'nnz': 1, 'precision': 1.0, 'recall': 1.0, 'F1': 1.0, 'gscore': 1.0}
[2025-04-08 19:56:14,816][__main__][INFO] sub_met after prunning {'fdr': 0.0, 'tpr': 1.0, 'fpr': 0.0, 'shd': 0, 'nnz': 1, 'precision': 1.0, 'recall': 1.0, 'F1': 1.0, 'gscore': 1.0}
[2025-04-08 19:56:14,817][__main__][INFO] 
===  4-th graph ===
[2025-04-08 19:56:14,817][__main__][INFO] 10 Nodes of Markov blanket: [2, 4, 5, 10, 13, 16, 18, 21, 22, 24]
[2025-04-08 19:59:45,429][__main__][INFO] sub_met2 before prunning {'fdr': 0.7778, 'tpr': 1.0, 'fpr': 1.0, 'shd': 35, 'nnz': 45, 'precision': 0.2222, 'recall': 1.0, 'F1': 0.3636, 'gscore': 0.0}
[2025-04-08 19:59:45,430][__main__][INFO] sub_met after prunning {'fdr': 0.4706, 'tpr': 0.9, 'fpr': 0.2286, 'shd': 9, 'nnz': 17, 'precision': 0.5294, 'recall': 0.9, 'F1': 0.6667, 'gscore': 0.1}
[2025-04-08 19:59:45,430][__main__][INFO] 
===  5-th graph ===
[2025-04-08 19:59:45,430][__main__][INFO] 11 Nodes of Markov blanket: [2, 4, 5, 6, 8, 9, 10, 13, 17, 21, 24]
[2025-04-08 20:03:24,493][__main__][INFO] sub_met2 before prunning {'fdr': 0.7091, 'tpr': 0.9412, 'fpr': 1.0263, 'shd': 39, 'nnz': 55, 'precision': 0.2909, 'recall': 0.9412, 'F1': 0.4444, 'gscore': 0.0}
[2025-04-08 20:03:24,495][__main__][INFO] sub_met after prunning {'fdr': 0.3333, 'tpr': 0.9412, 'fpr': 0.2105, 'shd': 8, 'nnz': 24, 'precision': 0.6667, 'recall': 0.9412, 'F1': 0.7805, 'gscore': 0.4706}
[2025-04-08 20:03:24,495][__main__][INFO] 
===  6-th graph ===
[2025-04-08 20:03:24,495][__main__][INFO] 5 Nodes of Markov blanket: [5, 6, 9, 13, 17]
[2025-04-08 20:04:53,462][__main__][INFO] sub_met2 before prunning {'fdr': 0.5, 'tpr': 1.0, 'fpr': 1.0, 'shd': 5, 'nnz': 10, 'precision': 0.5, 'recall': 1.0, 'F1': 0.6667, 'gscore': 0.0}
[2025-04-08 20:04:53,464][__main__][INFO] sub_met after prunning {'fdr': 0.375, 'tpr': 1.0, 'fpr': 0.6, 'shd': 3, 'nnz': 8, 'precision': 0.625, 'recall': 1.0, 'F1': 0.7692, 'gscore': 0.4}
[2025-04-08 20:04:53,468][__main__][INFO] 
===  7-th graph ===
[2025-04-08 20:04:53,468][__main__][INFO] 3 Nodes of Markov blanket: [7, 15, 20]
[2025-04-08 20:05:33,665][__main__][INFO] sub_met2 before prunning {'fdr': 0.3333, 'tpr': 1.0, 'fpr': 1.0, 'shd': 1, 'nnz': 3, 'precision': 0.6667, 'recall': 1.0, 'F1': 0.8, 'gscore': 0.5}
[2025-04-08 20:05:33,666][__main__][INFO] sub_met after prunning {'fdr': 0.0, 'tpr': 1.0, 'fpr': 0.0, 'shd': 0, 'nnz': 2, 'precision': 1.0, 'recall': 1.0, 'F1': 1.0, 'gscore': 1.0}
[2025-04-08 20:05:33,666][__main__][INFO] 
===  8-th graph ===
[2025-04-08 20:05:33,667][__main__][INFO] 3 Nodes of Markov blanket: [5, 8, 21]
[2025-04-08 20:06:11,559][__main__][INFO] sub_met2 before prunning {'fdr': 0.3333, 'tpr': 1.0, 'fpr': 1.0, 'shd': 1, 'nnz': 3, 'precision': 0.6667, 'recall': 1.0, 'F1': 0.8, 'gscore': 0.5}
[2025-04-08 20:06:11,559][__main__][INFO] sub_met after prunning {'fdr': 0.3333, 'tpr': 1.0, 'fpr': 1.0, 'shd': 1, 'nnz': 3, 'precision': 0.6667, 'recall': 1.0, 'F1': 0.8, 'gscore': 0.5}
[2025-04-08 20:06:11,560][__main__][INFO] 
===  9-th graph ===
[2025-04-08 20:06:11,560][__main__][INFO] 5 Nodes of Markov blanket: [5, 6, 9, 13, 17]
[2025-04-08 20:06:19,300][__main__][INFO] sub_met2 before prunning {'fdr': 0.5, 'tpr': 1.0, 'fpr': 1.0, 'shd': 5, 'nnz': 10, 'precision': 0.5, 'recall': 1.0, 'F1': 0.6667, 'gscore': 0.0}
[2025-04-08 20:06:19,301][__main__][INFO] sub_met after prunning {'fdr': 0.375, 'tpr': 1.0, 'fpr': 0.6, 'shd': 3, 'nnz': 8, 'precision': 0.625, 'recall': 1.0, 'F1': 0.7692, 'gscore': 0.4}
[2025-04-08 20:06:19,302][__main__][INFO] 
===  10-th graph ===
[2025-04-08 20:06:19,302][__main__][INFO] 12 Nodes of Markov blanket: [0, 2, 4, 5, 10, 11, 12, 14, 17, 20, 21, 24]
[2025-04-08 20:08:39,261][__main__][INFO] sub_met2 before prunning {'fdr': 0.803, 'tpr': 0.9286, 'fpr': 1.0192, 'shd': 53, 'nnz': 66, 'precision': 0.197, 'recall': 0.9286, 'F1': 0.325, 'gscore': 0.0}
[2025-04-08 20:08:39,267][__main__][INFO] sub_met after prunning {'fdr': 0.48, 'tpr': 0.9286, 'fpr': 0.2308, 'shd': 12, 'nnz': 25, 'precision': 0.52, 'recall': 0.9286, 'F1': 0.6667, 'gscore': 0.0714}
[2025-04-08 20:08:39,267][__main__][INFO] 
===  11-th graph ===
[2025-04-08 20:08:39,267][__main__][INFO] 7 Nodes of Markov blanket: [10, 11, 12, 14, 16, 18, 20]
[2025-04-08 20:10:45,396][__main__][INFO] sub_met2 before prunning {'fdr': 0.6667, 'tpr': 1.0, 'fpr': 1.0, 'shd': 14, 'nnz': 21, 'precision': 0.3333, 'recall': 1.0, 'F1': 0.5, 'gscore': 0.0}
[2025-04-08 20:10:45,397][__main__][INFO] sub_met after prunning {'fdr': 0.0, 'tpr': 1.0, 'fpr': 0.0, 'shd': 0, 'nnz': 7, 'precision': 1.0, 'recall': 1.0, 'F1': 1.0, 'gscore': 1.0}
[2025-04-08 20:10:45,397][__main__][INFO] 
===  12-th graph ===
[2025-04-08 20:10:45,397][__main__][INFO] 5 Nodes of Markov blanket: [0, 10, 11, 12, 14]
[2025-04-08 20:12:13,671][__main__][INFO] sub_met2 before prunning {'fdr': 0.5, 'tpr': 1.0, 'fpr': 1.0, 'shd': 5, 'nnz': 10, 'precision': 0.5, 'recall': 1.0, 'F1': 0.6667, 'gscore': 0.0}
[2025-04-08 20:12:13,675][__main__][INFO] sub_met after prunning {'fdr': 0.0, 'tpr': 1.0, 'fpr': 0.0, 'shd': 0, 'nnz': 5, 'precision': 1.0, 'recall': 1.0, 'F1': 1.0, 'gscore': 1.0}
[2025-04-08 20:12:13,675][__main__][INFO] 
===  13-th graph ===
[2025-04-08 20:12:13,675][__main__][INFO] 9 Nodes of Markov blanket: [2, 4, 5, 6, 9, 13, 15, 17, 22]
[2025-04-08 20:15:44,707][__main__][INFO] sub_met2 before prunning {'fdr': 0.7222, 'tpr': 1.0, 'fpr': 1.0, 'shd': 26, 'nnz': 36, 'precision': 0.2778, 'recall': 1.0, 'F1': 0.4348, 'gscore': 0.0}
[2025-04-08 20:15:44,708][__main__][INFO] sub_met after prunning {'fdr': 0.2308, 'tpr': 1.0, 'fpr': 0.1154, 'shd': 3, 'nnz': 13, 'precision': 0.7692, 'recall': 1.0, 'F1': 0.8696, 'gscore': 0.7}
[2025-04-08 20:15:44,708][__main__][INFO] 
===  14-th graph ===
[2025-04-08 20:15:44,708][__main__][INFO] 4 Nodes of Markov blanket: [10, 11, 12, 14]
[2025-04-08 20:17:04,963][__main__][INFO] sub_met2 before prunning {'fdr': 0.6667, 'tpr': 0.6667, 'fpr': 1.3333, 'shd': 4, 'nnz': 6, 'precision': 0.3333, 'recall': 0.6667, 'F1': 0.4444, 'gscore': 0.0}
[2025-04-08 20:17:04,964][__main__][INFO] sub_met after prunning {'fdr': 0.6, 'tpr': 0.6667, 'fpr': 1.0, 'shd': 3, 'nnz': 5, 'precision': 0.4, 'recall': 0.6667, 'F1': 0.5, 'gscore': 0.0}
[2025-04-08 20:17:04,964][__main__][INFO] 
===  15-th graph ===
[2025-04-08 20:17:04,964][__main__][INFO] 4 Nodes of Markov blanket: [7, 13, 15, 20]
[2025-04-08 20:18:29,815][__main__][INFO] sub_met2 before prunning {'fdr': 0.5, 'tpr': 1.0, 'fpr': 1.0, 'shd': 3, 'nnz': 6, 'precision': 0.5, 'recall': 1.0, 'F1': 0.6667, 'gscore': 0.0}
[2025-04-08 20:18:29,816][__main__][INFO] sub_met after prunning {'fdr': 0.0, 'tpr': 1.0, 'fpr': 0.0, 'shd': 0, 'nnz': 3, 'precision': 1.0, 'recall': 1.0, 'F1': 1.0, 'gscore': 1.0}
[2025-04-08 20:18:29,816][__main__][INFO] 
===  16-th graph ===
[2025-04-08 20:18:29,816][__main__][INFO] 5 Nodes of Markov blanket: [1, 4, 11, 16, 20]
[2025-04-08 20:20:16,698][__main__][INFO] sub_met2 before prunning {'fdr': 0.6, 'tpr': 0.8, 'fpr': 1.2, 'shd': 6, 'nnz': 10, 'precision': 0.4, 'recall': 0.8, 'F1': 0.5333, 'gscore': 0.0}
[2025-04-08 20:20:16,699][__main__][INFO] sub_met after prunning {'fdr': 0.6667, 'tpr': 0.6, 'fpr': 1.2, 'shd': 7, 'nnz': 9, 'precision': 0.3333, 'recall': 0.6, 'F1': 0.4286, 'gscore': 0.0}
[2025-04-08 20:20:16,700][__main__][INFO] 
===  17-th graph ===
[2025-04-08 20:20:16,701][__main__][INFO] 10 Nodes of Markov blanket: [2, 5, 6, 9, 10, 13, 17, 21, 22, 24]
[2025-04-08 20:24:40,738][__main__][INFO] sub_met2 before prunning {'fdr': 0.7333, 'tpr': 0.8571, 'fpr': 1.0645, 'shd': 33, 'nnz': 45, 'precision': 0.2667, 'recall': 0.8571, 'F1': 0.4068, 'gscore': 0.0}
[2025-04-08 20:24:40,740][__main__][INFO] sub_met after prunning {'fdr': 0.5862, 'tpr': 0.8571, 'fpr': 0.5484, 'shd': 18, 'nnz': 29, 'precision': 0.4138, 'recall': 0.8571, 'F1': 0.5581, 'gscore': 0.0}
[2025-04-08 20:24:40,741][__main__][INFO] 
===  18-th graph ===
[2025-04-08 20:24:40,742][__main__][INFO] 4 Nodes of Markov blanket: [4, 11, 18, 20]
[2025-04-08 20:26:14,375][__main__][INFO] sub_met2 before prunning {'fdr': 0.8333, 'tpr': 1.0, 'fpr': 1.0, 'shd': 5, 'nnz': 6, 'precision': 0.1667, 'recall': 1.0, 'F1': 0.2857, 'gscore': 0.0}
[2025-04-08 20:26:14,375][__main__][INFO] sub_met after prunning {'fdr': 0.6667, 'tpr': 1.0, 'fpr': 0.4, 'shd': 2, 'nnz': 3, 'precision': 0.3333, 'recall': 1.0, 'F1': 0.5, 'gscore': 0.0}
[2025-04-08 20:26:14,375][__main__][INFO] 
===  19-th graph ===
[2025-04-08 20:26:14,376][__main__][INFO] 2 Nodes of Markov blanket: [19, 21]
[2025-04-08 20:26:43,253][__main__][INFO] sub_met2 before prunning {'fdr': 0.0, 'tpr': 1.0, 'fpr': 0.0, 'shd': 0, 'nnz': 1, 'precision': 1.0, 'recall': 1.0, 'F1': 1.0, 'gscore': 1.0}
[2025-04-08 20:26:43,254][__main__][INFO] sub_met after prunning {'fdr': 0.0, 'tpr': 1.0, 'fpr': 0.0, 'shd': 0, 'nnz': 1, 'precision': 1.0, 'recall': 1.0, 'F1': 1.0, 'gscore': 1.0}
[2025-04-08 20:26:43,254][__main__][INFO] 
===  20-th graph ===
[2025-04-08 20:26:43,254][__main__][INFO] 9 Nodes of Markov blanket: [7, 10, 11, 15, 16, 18, 20, 21, 22]
[2025-04-08 20:30:34,085][__main__][INFO] sub_met2 before prunning {'fdr': 0.75, 'tpr': 1.0, 'fpr': 1.0, 'shd': 27, 'nnz': 36, 'precision': 0.25, 'recall': 1.0, 'F1': 0.4, 'gscore': 0.0}
[2025-04-08 20:30:34,089][__main__][INFO] sub_met after prunning {'fdr': 0.1, 'tpr': 1.0, 'fpr': 0.037, 'shd': 1, 'nnz': 10, 'precision': 0.9, 'recall': 1.0, 'F1': 0.9474, 'gscore': 0.8889}
[2025-04-08 20:30:34,089][__main__][INFO] 
===  21-th graph ===
[2025-04-08 20:30:34,089][__main__][INFO] 10 Nodes of Markov blanket: [4, 5, 8, 10, 17, 19, 20, 21, 22, 24]
[2025-04-08 20:35:12,192][__main__][INFO] sub_met2 before prunning {'fdr': 0.7111, 'tpr': 1.0, 'fpr': 1.0, 'shd': 32, 'nnz': 45, 'precision': 0.2889, 'recall': 1.0, 'F1': 0.4483, 'gscore': 0.0}
[2025-04-08 20:35:12,193][__main__][INFO] sub_met after prunning {'fdr': 0.381, 'tpr': 1.0, 'fpr': 0.25, 'shd': 8, 'nnz': 21, 'precision': 0.619, 'recall': 1.0, 'F1': 0.7647, 'gscore': 0.3846}
[2025-04-08 20:35:12,193][__main__][INFO] 
===  22-th graph ===
[2025-04-08 20:35:12,194][__main__][INFO] 7 Nodes of Markov blanket: [2, 4, 13, 17, 20, 21, 22]
[2025-04-08 20:38:02,688][__main__][INFO] sub_met2 before prunning {'fdr': 0.6667, 'tpr': 1.0, 'fpr': 1.0, 'shd': 14, 'nnz': 21, 'precision': 0.3333, 'recall': 1.0, 'F1': 0.5, 'gscore': 0.0}
[2025-04-08 20:38:02,692][__main__][INFO] sub_met after prunning {'fdr': 0.2222, 'tpr': 1.0, 'fpr': 0.1429, 'shd': 2, 'nnz': 9, 'precision': 0.7778, 'recall': 1.0, 'F1': 0.875, 'gscore': 0.7143}
[2025-04-08 20:38:02,692][__main__][INFO] 
===  23-th graph ===
[2025-04-08 20:38:02,692][__main__][INFO] 7 Nodes of Markov blanket: [2, 4, 5, 10, 17, 21, 24]
[2025-04-08 20:40:54,157][__main__][INFO] sub_met2 before prunning {'fdr': 0.6667, 'tpr': 0.875, 'fpr': 1.0769, 'shd': 14, 'nnz': 21, 'precision': 0.3333, 'recall': 0.875, 'F1': 0.4828, 'gscore': 0.0}
[2025-04-08 20:40:54,159][__main__][INFO] sub_met after prunning {'fdr': 0.4615, 'tpr': 0.875, 'fpr': 0.4615, 'shd': 6, 'nnz': 13, 'precision': 0.5385, 'recall': 0.875, 'F1': 0.6667, 'gscore': 0.125}
[2025-04-08 20:40:54,167][__main__][INFO] merged_causal_matrix
[[0.         0.         0.         0.         0.         0.
  0.         0.         0.         0.         0.         0.5
  0.         0.         0.5        0.         0.         0.
  0.         0.         0.         0.         0.         0.
  0.        ]
 [0.         0.         0.         0.         1.         0.
  0.         0.         0.         0.         0.         0.
  0.         0.         0.         0.         0.         0.
  0.         0.         0.         0.         0.         0.
  0.        ]
 [1.         0.         0.         1.         1.         0.57142857
  0.66666667 0.         1.         0.66666667 0.83333333 0.
  0.         0.         0.         1.         1.         0.85714286
  0.         0.         0.         0.16666667 0.8        0.
  1.        ]
 [0.         0.         0.         0.         0.         1.
  0.         0.         0.         0.         1.         0.
  0.         0.         0.         0.         0.         0.
  0.         0.         0.         0.         0.         0.
  1.        ]
 [1.         0.         0.         1.         0.         0.28571429
  1.         0.         1.         1.         0.66666667 0.33333333
  0.         0.         0.         1.         0.5        1.
  0.         1.         0.         0.         0.6        0.
  1.        ]
 [1.         0.         0.42857143 0.         0.71428571 0.
  1.         0.         1.         0.2        0.71428571 0.
  0.         0.14285714 0.         1.         1.         0.77777778
  0.         1.         0.         0.57142857 0.4        0.
  1.        ]
 [0.         0.         0.33333333 0.         0.         0.
  0.         0.         1.         0.         0.5        0.
  0.         0.         0.         1.         0.         0.
  0.         0.         0.         0.5        0.5        0.
  0.5       ]
 [0.         0.         0.         0.         0.         0.
  0.         0.         0.         0.         0.         0.
  0.         0.         0.         0.         0.         0.
  0.         0.         0.         0.         0.         0.
  0.        ]
 [0.         0.         0.         0.         0.         0.
  0.         0.         0.         0.         0.         0.
  0.         0.         0.         0.         0.         0.
  0.         1.         0.         0.         0.         0.
  0.        ]
 [0.         0.         0.33333333 0.         0.         0.8
  1.         0.         1.         0.         0.5        0.
  0.         0.         0.         1.         0.         0.6
  0.         0.         0.         0.5        0.5        0.
  0.5       ]
 [1.         0.         0.16666667 0.         0.33333333 0.28571429
  0.5        1.         1.         0.5        0.         0.8
  0.         0.         0.25       1.         1.         0.66666667
  0.66666667 1.         0.         0.14285714 0.6        0.
  1.        ]
 [0.5        1.         1.         0.         0.66666667 1.
  0.         1.         0.         0.         0.2        0.
  0.         0.         0.         1.         1.         1.
  0.33333333 0.         0.         0.5        0.         0.
  1.        ]
 [1.         0.         1.         0.         1.         1.
  0.         0.         0.         0.         1.         1.
  0.         0.         0.25       0.         1.         1.
  1.         0.         0.         1.         0.         0.
  1.        ]
 [0.         0.         1.         1.         1.         0.85714286
  1.         1.         1.         1.         1.         0.
  0.         0.         0.         1.         1.         1.
  0.         0.         0.5        0.5        1.         0.
  1.        ]
 [0.5        0.         1.         0.         1.         1.
  0.         0.         0.         0.         0.75       1.
  0.75       0.         0.         0.         1.         1.
  1.         0.         1.         1.         0.         0.
  1.        ]
 [0.         0.         0.         0.         0.         0.
  0.         1.         0.         0.         0.         0.
  0.         0.         0.         0.         0.         0.
  0.         0.         0.33333333 0.         0.         0.
  0.        ]
 [0.         1.         0.         0.         0.5        0.
  0.         1.         0.         0.         0.         0.
  0.         0.         0.         1.         0.         0.
  0.         0.         0.         0.         0.         0.
  0.        ]
 [1.         0.         0.14285714 1.         0.         0.22222222
  1.         0.         1.         0.4        0.33333333 0.
  0.         0.         0.         1.         0.         0.
  0.         1.         0.         0.16666667 0.2        0.
  0.5       ]
 [0.         0.         1.         0.         1.         1.
  0.         1.         0.         0.         0.33333333 0.66666667
  0.         1.         0.         1.         1.         0.
  0.         0.         0.         0.5        0.5        0.
  1.        ]
 [0.         0.         0.         0.         0.         0.
  0.         0.         0.         0.         0.         0.
  0.         0.         0.         0.         0.         0.
  0.         0.         0.         0.         0.         0.
  0.        ]
 [1.         1.         1.         0.         1.         1.
  0.         1.         1.         0.         1.         1.
  1.         0.5        0.         0.66666667 1.         1.
  1.         1.         0.         1.         1.         0.
  1.        ]
 [1.         0.         0.83333333 0.         1.         0.42857143
  0.5        1.         1.         0.5        0.85714286 0.5
  0.         0.5        0.         1.         1.         0.83333333
  0.5        1.         0.         0.         1.         0.
  1.        ]
 [0.         0.         0.2        1.         0.4        0.6
  0.5        1.         1.         0.5        0.4        1.
  0.         0.         0.         1.         1.         0.8
  0.5        1.         0.         0.         0.         0.
  1.        ]
 [0.         0.         0.         0.         0.         0.
  0.         0.         0.         0.         0.         0.
  0.         0.         0.         0.         0.         0.
  0.         0.         0.         0.         0.         0.
  0.        ]
 [1.         0.         0.         0.         0.         0.
  0.5        0.         1.         0.5        0.         0.
  0.         0.         0.         0.         1.         0.5
  0.         1.         0.         0.         0.         0.
  0.        ]]
[2025-04-08 20:40:54,202][__main__][INFO] merged_met  before prunning {'fdr': 0.7463, 'tpr': 0.85, 'fpr': 0.3846, 'shd': 106, 'nnz': 134, 'precision': 0.2537, 'recall': 0.85, 'F1': 0.3908, 'gscore': 0.0}
