[2025-04-11 02:19:07,304] 
================ repeat number 1 ====================
[2025-04-11 02:19:07,324] true_dag
[[0 0 0 0 0 0 0 1 0 0 0 0 0 1 0 0 1 0 0 0 0 1 0 0 1 1 0 0 0 0]
 [0 0 0 0 0 0 0 0 0 0 0 0 0 0 0 0 0 0 0 1 0 0 0 0 0 0 0 0 1 0]
 [0 1 0 0 0 0 0 0 0 1 0 0 0 0 0 0 0 0 0 0 0 0 0 1 0 0 0 0 0 0]
 [0 0 0 0 0 0 0 0 0 0 0 0 0 0 0 0 0 0 0 0 0 0 0 1 0 0 0 0 0 0]
 [0 0 0 0 0 0 0 1 0 0 0 0 0 1 0 0 0 1 0 0 0 0 0 0 0 0 0 0 1 0]
 [0 0 0 0 0 0 0 0 0 0 0 1 1 0 1 0 0 0 0 0 1 1 0 0 1 0 1 0 0 1]
 [0 0 0 0 0 0 0 0 1 0 1 0 0 0 0 0 0 0 0 0 0 0 0 0 0 0 0 0 0 0]
 [0 1 0 0 0 0 0 0 0 0 1 0 0 0 0 0 0 0 0 0 0 0 0 0 1 0 0 0 0 0]
 [0 0 0 0 0 0 0 0 0 0 0 0 0 0 0 0 0 0 0 0 0 0 0 0 0 0 0 0 1 0]
 [0 0 0 0 0 0 0 0 0 0 0 0 0 0 0 0 0 0 0 0 0 0 0 0 0 0 0 0 0 0]
 [0 0 0 0 0 0 0 0 0 0 0 0 0 0 0 0 0 0 0 0 0 0 0 0 0 0 0 0 0 0]
 [1 0 0 0 1 0 0 1 0 0 1 0 0 0 0 1 0 0 0 0 0 1 0 0 1 0 0 1 0 1]
 [0 1 0 1 0 0 0 1 1 0 1 0 0 0 1 1 0 0 0 1 0 0 0 1 0 1 1 0 0 0]
 [0 0 1 1 0 0 0 0 0 0 1 0 0 0 0 0 0 0 0 1 0 0 0 1 0 0 0 0 0 0]
 [0 0 0 0 0 0 0 0 1 0 0 0 0 0 0 0 0 1 0 0 0 0 0 0 0 0 0 0 0 0]
 [0 0 0 0 0 0 0 0 0 0 0 0 0 0 0 0 0 1 0 0 0 0 0 0 0 0 0 0 0 1]
 [0 0 0 0 0 0 0 0 0 0 0 0 0 0 1 0 0 0 0 0 0 0 0 0 0 0 0 0 1 0]
 [0 0 0 0 0 0 1 0 0 1 1 0 0 0 0 0 0 0 0 0 0 0 0 0 0 0 0 0 0 0]
 [0 0 0 1 1 0 0 0 0 0 0 0 0 0 0 1 0 0 0 0 0 0 0 0 0 0 0 0 0 0]
 [0 0 0 0 0 0 0 0 0 0 1 0 0 0 0 0 0 0 0 0 0 0 0 0 0 0 0 0 0 0]
 [0 0 0 0 0 0 1 0 0 0 0 0 0 0 0 0 0 0 0 0 0 0 0 0 0 0 1 0 0 1]
 [0 0 0 0 0 0 0 1 1 1 1 0 0 0 1 0 0 1 0 0 0 0 0 1 1 0 0 0 1 0]
 [0 0 0 0 0 0 0 0 0 0 0 0 0 0 0 0 0 0 0 0 0 0 0 0 0 0 0 0 0 0]
 [0 0 0 0 0 0 0 0 0 0 1 0 0 0 0 0 0 0 0 0 0 0 0 0 0 0 0 0 0 0]
 [0 0 0 0 0 0 1 0 1 0 0 0 0 0 0 0 0 0 0 1 0 0 0 0 0 0 0 0 0 0]
 [0 1 0 0 0 0 0 0 0 0 0 0 0 1 0 1 0 1 0 0 0 0 0 0 1 0 0 0 0 0]
 [0 0 0 1 0 0 1 1 1 1 0 0 0 0 0 1 0 0 0 1 0 0 0 0 1 0 0 0 1 0]
 [0 1 1 0 0 0 1 1 1 0 1 0 0 0 0 0 0 0 0 0 0 1 0 0 1 0 0 0 0 0]
 [0 0 0 0 0 0 0 0 0 0 1 0 0 0 0 0 0 0 0 0 0 0 0 0 0 0 0 0 0 0]
 [0 0 0 1 0 0 0 0 0 0 1 0 0 0 0 0 0 0 0 0 0 0 0 0 0 0 0 0 0 0]]
[2025-04-11 02:19:07,516] 
===  0-th graph ===
[2025-04-11 02:19:07,516] 13 Nodes of Markov blanket: [0, 4, 5, 11, 12, 13, 16, 18, 21, 24, 25, 26, 27]
[2025-04-11 02:19:07,516] 13 Nodes of True MB: [0, 4, 5, 7, 11, 12, 13, 16, 21, 24, 25, 26, 27], parents: {11}, children: {7, 13, 16, 21, 24, 25}, spouse: {0, 4, 5, 7, 11, 12, 21, 25, 26, 27}
[2025-04-11 02:19:07,521] [MB metrics] precision: 0.923, recall: 0.923, acc: 0.929, f1: 0.923
[2025-04-11 02:20:11,728] sub_met2 before prunning {'fdr': 0.6795, 'tpr': 1.0, 'fpr': 1.0, 'shd': 53, 'nnz': 78, 'precision': 0.3205, 'recall': 1.0, 'F1': 0.4854, 'gscore': 0.0}
[2025-04-11 02:20:11,728] sub_met after prunning {'fdr': 0.2424, 'tpr': 1.0, 'fpr': 0.1509, 'shd': 8, 'nnz': 33, 'precision': 0.7576, 'recall': 1.0, 'F1': 0.8621, 'gscore': 0.68}
[2025-04-11 02:20:11,728] 
===  1-th graph ===
[2025-04-11 02:20:11,728] 16 Nodes of Markov blanket: [1, 2, 4, 7, 8, 11, 12, 13, 16, 19, 21, 24, 25, 26, 27, 28]
[2025-04-11 02:20:11,728] 15 Nodes of True MB: [1, 2, 4, 7, 8, 12, 13, 16, 19, 21, 24, 25, 26, 27, 28], parents: {2, 7, 12, 25, 27}, children: {19, 28}, spouse: {1, 4, 8, 12, 13, 16, 21, 24, 26}
[2025-04-11 02:20:11,745] [MB metrics] precision: 0.938, recall: 1.000, acc: 0.966, f1: 0.968
[2025-04-11 02:21:14,391] sub_met2 before prunning {'fdr': 0.6583, 'tpr': 0.9535, 'fpr': 1.026, 'shd': 79, 'nnz': 120, 'precision': 0.3417, 'recall': 0.9535, 'F1': 0.5031, 'gscore': 0.0}
[2025-04-11 02:21:14,391] sub_met after prunning {'fdr': 0.4265, 'tpr': 0.907, 'fpr': 0.3766, 'shd': 31, 'nnz': 68, 'precision': 0.5735, 'recall': 0.907, 'F1': 0.7027, 'gscore': 0.2326}
[2025-04-11 02:21:14,391] 
===  2-th graph ===
[2025-04-11 02:21:14,391] 12 Nodes of Markov blanket: [1, 2, 3, 7, 9, 12, 13, 17, 21, 23, 25, 26]
[2025-04-11 02:21:14,391] 13 Nodes of True MB: [1, 2, 3, 7, 9, 12, 13, 17, 21, 23, 25, 26, 27], parents: {27, 13}, children: {1, 9, 23}, spouse: {2, 3, 7, 12, 13, 17, 21, 25, 26, 27}
[2025-04-11 02:21:14,396] [MB metrics] precision: 1.000, recall: 0.923, acc: 0.964, f1: 0.960
[2025-04-11 02:21:49,414] sub_met2 before prunning {'fdr': 0.6364, 'tpr': 0.96, 'fpr': 1.0244, 'shd': 42, 'nnz': 66, 'precision': 0.3636, 'recall': 0.96, 'F1': 0.5275, 'gscore': 0.0}
[2025-04-11 02:21:49,414] sub_met after prunning {'fdr': 0.4894, 'tpr': 0.96, 'fpr': 0.561, 'shd': 23, 'nnz': 47, 'precision': 0.5106, 'recall': 0.96, 'F1': 0.6667, 'gscore': 0.04}
[2025-04-11 02:21:49,414] 
===  3-th graph ===
[2025-04-11 02:21:49,414] 8 Nodes of Markov blanket: [2, 3, 12, 18, 21, 23, 26, 29]
[2025-04-11 02:21:49,414] 9 Nodes of True MB: [2, 3, 12, 13, 18, 21, 23, 26, 29], parents: {12, 13, 18, 26, 29}, children: {23}, spouse: {2, 3, 12, 13, 21}
[2025-04-11 02:21:49,414] [MB metrics] precision: 1.000, recall: 0.889, acc: 0.967, f1: 0.941
[2025-04-11 02:22:06,915] sub_met2 before prunning {'fdr': 0.7143, 'tpr': 0.8889, 'fpr': 1.0526, 'shd': 20, 'nnz': 28, 'precision': 0.2857, 'recall': 0.8889, 'F1': 0.4324, 'gscore': 0.0}
[2025-04-11 02:22:06,915] sub_met after prunning {'fdr': 0.6923, 'tpr': 0.8889, 'fpr': 0.9474, 'shd': 18, 'nnz': 26, 'precision': 0.3077, 'recall': 0.8889, 'F1': 0.4571, 'gscore': 0.0}
[2025-04-11 02:22:06,915] 
===  4-th graph ===
[2025-04-11 02:22:06,915] 13 Nodes of Markov blanket: [0, 1, 4, 7, 8, 11, 12, 16, 18, 21, 26, 27, 28]
[2025-04-11 02:22:06,915] 18 Nodes of True MB: [0, 1, 4, 7, 8, 11, 12, 13, 14, 15, 16, 17, 18, 21, 25, 26, 27, 28], parents: {18, 11}, children: {17, 28, 13, 7}, spouse: {0, 1, 4, 8, 11, 12, 14, 15, 16, 21, 25, 26, 27}
[2025-04-11 02:22:06,921] [MB metrics] precision: 1.000, recall: 0.722, acc: 0.828, f1: 0.839
[2025-04-11 02:23:07,506] sub_met2 before prunning {'fdr': 0.6282, 'tpr': 1.0, 'fpr': 1.0, 'shd': 49, 'nnz': 78, 'precision': 0.3718, 'recall': 1.0, 'F1': 0.5421, 'gscore': 0.0}
[2025-04-11 02:23:07,506] sub_met after prunning {'fdr': 0.3696, 'tpr': 1.0, 'fpr': 0.3469, 'shd': 17, 'nnz': 46, 'precision': 0.6304, 'recall': 1.0, 'F1': 0.7733, 'gscore': 0.4138}
[2025-04-11 02:23:07,506] 
===  5-th graph ===
[2025-04-11 02:23:07,506] 14 Nodes of Markov blanket: [0, 5, 7, 11, 12, 14, 16, 20, 21, 24, 25, 26, 27, 29]
[2025-04-11 02:23:07,506] 15 Nodes of True MB: [0, 5, 7, 11, 12, 14, 15, 16, 20, 21, 24, 25, 26, 27, 29], parents: set(), children: {11, 12, 14, 20, 21, 24, 26, 29}, spouse: {0, 5, 7, 11, 12, 15, 16, 20, 21, 25, 26, 27}
[2025-04-11 02:23:07,506] [MB metrics] precision: 1.000, recall: 0.933, acc: 0.967, f1: 0.966
[2025-04-11 02:24:13,986] sub_met2 before prunning {'fdr': 0.6044, 'tpr': 1.0, 'fpr': 1.0, 'shd': 55, 'nnz': 91, 'precision': 0.3956, 'recall': 1.0, 'F1': 0.5669, 'gscore': 0.0}
[2025-04-11 02:24:13,986] sub_met after prunning {'fdr': 0.2174, 'tpr': 1.0, 'fpr': 0.1818, 'shd': 10, 'nnz': 46, 'precision': 0.7826, 'recall': 1.0, 'F1': 0.878, 'gscore': 0.7222}
[2025-04-11 02:24:13,986] 
===  6-th graph ===
[2025-04-11 02:24:13,986] 17 Nodes of Markov blanket: [6, 7, 8, 10, 11, 12, 13, 14, 19, 20, 21, 23, 24, 26, 27, 28, 29]
[2025-04-11 02:24:13,986] 18 Nodes of True MB: [6, 7, 8, 10, 11, 12, 13, 14, 17, 19, 20, 21, 23, 24, 26, 27, 28, 29], parents: {17, 20, 24, 26, 27}, children: {8, 10}, spouse: {6, 7, 11, 12, 13, 14, 17, 19, 21, 23, 24, 26, 27, 28, 29}
[2025-04-11 02:24:13,992] [MB metrics] precision: 1.000, recall: 0.944, acc: 0.967, f1: 0.971
[2025-04-11 02:25:36,936] sub_met2 before prunning {'fdr': 0.7206, 'tpr': 0.7451, 'fpr': 1.1529, 'shd': 98, 'nnz': 136, 'precision': 0.2794, 'recall': 0.7451, 'F1': 0.4064, 'gscore': 0.0}
[2025-04-11 02:25:36,936] sub_met after prunning {'fdr': 0.6807, 'tpr': 0.7451, 'fpr': 0.9529, 'shd': 81, 'nnz': 119, 'precision': 0.3193, 'recall': 0.7451, 'F1': 0.4471, 'gscore': 0.0}
[2025-04-11 02:25:36,936] 
===  7-th graph ===
[2025-04-11 02:25:36,936] 19 Nodes of Markov blanket: [1, 2, 4, 5, 6, 7, 10, 11, 12, 13, 17, 19, 21, 23, 24, 25, 27, 28, 29]
[2025-04-11 02:25:36,936] 21 Nodes of True MB: [0, 1, 2, 4, 5, 6, 7, 10, 11, 12, 13, 17, 19, 21, 23, 24, 25, 26, 27, 28, 29], parents: {0, 4, 11, 12, 21, 26, 27}, children: {24, 1, 10}, spouse: {0, 2, 5, 6, 7, 11, 12, 13, 17, 19, 21, 23, 25, 26, 27, 28, 29}
[2025-04-11 02:25:36,936] [MB metrics] precision: 1.000, recall: 0.905, acc: 0.933, f1: 0.950
[2025-04-11 02:26:22,040] sub_met2 before prunning {'fdr': 0.7895, 'tpr': 0.6102, 'fpr': 1.2054, 'shd': 135, 'nnz': 171, 'precision': 0.2105, 'recall': 0.6102, 'F1': 0.313, 'gscore': 0.0}
[2025-04-11 02:26:22,040] sub_met after prunning {'fdr': 0.7462, 'tpr': 0.5593, 'fpr': 0.8661, 'shd': 103, 'nnz': 130, 'precision': 0.2538, 'recall': 0.5593, 'F1': 0.3492, 'gscore': 0.0}
[2025-04-11 02:26:22,040] 
===  8-th graph ===
[2025-04-11 02:26:22,040] 11 Nodes of Markov blanket: [1, 4, 6, 8, 14, 16, 21, 24, 26, 27, 28]
[2025-04-11 02:26:22,040] 12 Nodes of True MB: [1, 4, 6, 8, 12, 14, 16, 21, 24, 26, 27, 28], parents: {6, 12, 14, 21, 24, 26, 27}, children: {28}, spouse: {1, 4, 8, 16, 21, 26}
[2025-04-11 02:26:22,040] [MB metrics] precision: 1.000, recall: 0.917, acc: 0.966, f1: 0.957
[2025-04-11 02:26:38,942] sub_met2 before prunning {'fdr': 0.6, 'tpr': 1.0, 'fpr': 1.0, 'shd': 33, 'nnz': 55, 'precision': 0.4, 'recall': 1.0, 'F1': 0.5714, 'gscore': 0.0}
[2025-04-11 02:26:38,942] sub_met after prunning {'fdr': 0.5435, 'tpr': 0.9545, 'fpr': 0.7576, 'shd': 26, 'nnz': 46, 'precision': 0.4565, 'recall': 0.9545, 'F1': 0.6176, 'gscore': 0.0}
[2025-04-11 02:26:38,942] 
===  9-th graph ===
[2025-04-11 02:26:38,942] 5 Nodes of Markov blanket: [2, 9, 17, 21, 26]
[2025-04-11 02:26:38,942] 4 Nodes of True MB: [2, 17, 21, 26], parents: {17, 2, 26, 21}, children: set(), spouse: set()
[2025-04-11 02:26:38,942] [MB metrics] precision: 0.800, recall: 1.000, acc: 0.963, f1: 0.889
[2025-04-11 02:26:43,830] sub_met2 before prunning {'fdr': 0.7, 'tpr': 0.6, 'fpr': 1.4, 'shd': 7, 'nnz': 10, 'precision': 0.3, 'recall': 0.6, 'F1': 0.4, 'gscore': 0.0}
[2025-04-11 02:26:43,830] sub_met after prunning {'fdr': 0.7, 'tpr': 0.6, 'fpr': 1.4, 'shd': 7, 'nnz': 10, 'precision': 0.3, 'recall': 0.6, 'F1': 0.4, 'gscore': 0.0}
[2025-04-11 02:26:43,830] 
===  10-th graph ===
[2025-04-11 02:26:43,830] 11 Nodes of Markov blanket: [6, 7, 10, 11, 12, 13, 19, 21, 23, 27, 29]
[2025-04-11 02:26:43,830] 12 Nodes of True MB: [6, 7, 11, 12, 13, 17, 19, 21, 23, 27, 28, 29], parents: {6, 7, 11, 12, 13, 17, 19, 21, 23, 27, 28, 29}, children: set(), spouse: set()
[2025-04-11 02:26:43,844] [MB metrics] precision: 0.909, recall: 0.833, acc: 0.900, f1: 0.870
[2025-04-11 02:27:00,876] sub_met2 before prunning {'fdr': 0.7273, 'tpr': 0.625, 'fpr': 1.2903, 'shd': 40, 'nnz': 55, 'precision': 0.2727, 'recall': 0.625, 'F1': 0.3797, 'gscore': 0.0}
[2025-04-11 02:27:00,876] sub_met after prunning {'fdr': 0.7115, 'tpr': 0.625, 'fpr': 1.1935, 'shd': 37, 'nnz': 52, 'precision': 0.2885, 'recall': 0.625, 'F1': 0.3947, 'gscore': 0.0}
[2025-04-11 02:27:00,876] 
===  11-th graph ===
[2025-04-11 02:27:00,876] 19 Nodes of Markov blanket: [0, 1, 4, 5, 6, 7, 10, 11, 13, 15, 17, 18, 19, 21, 23, 24, 25, 27, 29]
[2025-04-11 02:27:00,876] 22 Nodes of True MB: [0, 4, 5, 6, 7, 10, 11, 12, 13, 15, 17, 18, 19, 20, 21, 23, 24, 25, 26, 27, 28, 29], parents: {5}, children: {0, 4, 7, 10, 15, 21, 24, 27, 29}, spouse: {0, 4, 5, 6, 7, 11, 12, 13, 15, 17, 18, 19, 20, 21, 23, 25, 26, 27, 28, 29}
[2025-04-11 02:27:00,876] [MB metrics] precision: 0.947, recall: 0.818, acc: 0.833, f1: 0.878
[2025-04-11 02:27:46,278] sub_met2 before prunning {'fdr': 0.8246, 'tpr': 0.5357, 'fpr': 1.2261, 'shd': 141, 'nnz': 171, 'precision': 0.1754, 'recall': 0.5357, 'F1': 0.2643, 'gscore': 0.0}
[2025-04-11 02:27:46,278] sub_met after prunning {'fdr': 0.7803, 'tpr': 0.5179, 'fpr': 0.8957, 'shd': 109, 'nnz': 132, 'precision': 0.2197, 'recall': 0.5179, 'F1': 0.3085, 'gscore': 0.0}
[2025-04-11 02:27:46,278] 
===  12-th graph ===
[2025-04-11 02:27:46,278] 25 Nodes of Markov blanket: [0, 1, 2, 3, 4, 5, 6, 7, 10, 12, 13, 14, 15, 16, 17, 18, 19, 20, 21, 23, 24, 25, 27, 28, 29]
[2025-04-11 02:27:46,278] 28 Nodes of True MB: [0, 1, 2, 3, 4, 5, 6, 7, 8, 10, 11, 12, 13, 14, 15, 16, 17, 18, 19, 20, 21, 23, 24, 25, 26, 27, 28, 29], parents: {5}, children: {1, 3, 7, 8, 10, 14, 15, 19, 23, 25, 26}, spouse: {0, 1, 2, 3, 4, 5, 6, 7, 11, 12, 13, 14, 16, 17, 18, 19, 20, 21, 23, 24, 25, 26, 27, 28, 29}
[2025-04-11 02:27:46,294] [MB metrics] precision: 1.000, recall: 0.893, acc: 0.900, f1: 0.943
[2025-04-11 02:29:03,297] sub_met2 before prunning {'fdr': 0.8467, 'tpr': 0.5974, 'fpr': 1.139, 'shd': 254, 'nnz': 300, 'precision': 0.1533, 'recall': 0.5974, 'F1': 0.244, 'gscore': 0.0}
[2025-04-11 02:29:03,297] sub_met after prunning {'fdr': 0.7907, 'tpr': 0.5844, 'fpr': 0.7623, 'shd': 174, 'nnz': 215, 'precision': 0.2093, 'recall': 0.5844, 'F1': 0.3082, 'gscore': 0.0}
[2025-04-11 02:29:03,297] 
===  13-th graph ===
[2025-04-11 02:29:03,297] 16 Nodes of Markov blanket: [0, 1, 2, 6, 7, 10, 11, 12, 13, 18, 19, 21, 24, 25, 27, 29]
[2025-04-11 02:29:03,297] 22 Nodes of True MB: [0, 1, 2, 3, 4, 6, 7, 10, 11, 12, 13, 17, 18, 19, 21, 23, 24, 25, 26, 27, 28, 29], parents: {0, 25, 4}, children: {2, 3, 10, 19, 23}, spouse: {1, 2, 3, 6, 7, 11, 12, 13, 17, 18, 19, 21, 23, 24, 26, 27, 28, 29}
[2025-04-11 02:29:03,297] [MB metrics] precision: 1.000, recall: 0.727, acc: 0.800, f1: 0.842
[2025-04-11 02:29:35,544] sub_met2 before prunning {'fdr': 0.8083, 'tpr': 0.5349, 'fpr': 1.2597, 'shd': 97, 'nnz': 120, 'precision': 0.1917, 'recall': 0.5349, 'F1': 0.2822, 'gscore': 0.0}
[2025-04-11 02:29:35,544] sub_met after prunning {'fdr': 0.7941, 'tpr': 0.4884, 'fpr': 1.0519, 'shd': 84, 'nnz': 102, 'precision': 0.2059, 'recall': 0.4884, 'F1': 0.2897, 'gscore': 0.0}
[2025-04-11 02:29:35,544] 
===  14-th graph ===
[2025-04-11 02:29:35,544] 9 Nodes of Markov blanket: [5, 6, 8, 12, 14, 16, 21, 24, 27]
[2025-04-11 02:29:35,544] 14 Nodes of True MB: [4, 5, 6, 8, 12, 14, 15, 16, 17, 21, 24, 25, 26, 27], parents: {16, 21, 12, 5}, children: {8, 17}, spouse: {4, 6, 12, 14, 15, 21, 24, 25, 26, 27}
[2025-04-11 02:29:35,553] [MB metrics] precision: 1.000, recall: 0.643, acc: 0.821, f1: 0.783
[2025-04-11 02:29:47,492] sub_met2 before prunning {'fdr': 0.5278, 'tpr': 0.9444, 'fpr': 1.0556, 'shd': 19, 'nnz': 36, 'precision': 0.4722, 'recall': 0.9444, 'F1': 0.6296, 'gscore': 0.0}
[2025-04-11 02:29:47,492] sub_met after prunning {'fdr': 0.5152, 'tpr': 0.8889, 'fpr': 0.9444, 'shd': 18, 'nnz': 33, 'precision': 0.4848, 'recall': 0.8889, 'F1': 0.6275, 'gscore': 0.0}
[2025-04-11 02:29:47,492] 
===  15-th graph ===
[2025-04-11 02:29:47,492] 7 Nodes of Markov blanket: [11, 12, 15, 17, 18, 21, 25]
[2025-04-11 02:29:47,492] 13 Nodes of True MB: [4, 5, 11, 12, 14, 15, 17, 18, 20, 21, 25, 26, 29], parents: {11, 12, 18, 25, 26}, children: {17, 29}, spouse: {4, 5, 11, 14, 15, 20, 21, 25}
[2025-04-11 02:29:47,492] [MB metrics] precision: 1.000, recall: 0.538, acc: 0.800, f1: 0.700
[2025-04-11 02:29:55,520] sub_met2 before prunning {'fdr': 0.5714, 'tpr': 1.0, 'fpr': 1.0, 'shd': 12, 'nnz': 21, 'precision': 0.4286, 'recall': 1.0, 'F1': 0.6, 'gscore': 0.0}
[2025-04-11 02:29:55,520] sub_met after prunning {'fdr': 0.4706, 'tpr': 1.0, 'fpr': 0.6667, 'shd': 8, 'nnz': 17, 'precision': 0.5294, 'recall': 1.0, 'F1': 0.6923, 'gscore': 0.1111}
[2025-04-11 02:29:55,520] 
===  16-th graph ===
[2025-04-11 02:29:55,520] 11 Nodes of Markov blanket: [0, 1, 4, 5, 8, 12, 14, 16, 21, 26, 28]
[2025-04-11 02:29:55,520] 11 Nodes of True MB: [0, 1, 4, 5, 8, 12, 14, 16, 21, 26, 28], parents: {0}, children: {28, 14}, spouse: {1, 4, 5, 8, 12, 16, 21, 26}
[2025-04-11 02:29:55,525] [MB metrics] precision: 1.000, recall: 1.000, acc: 1.000, f1: 1.000
[2025-04-11 02:30:12,065] sub_met2 before prunning {'fdr': 0.6364, 'tpr': 0.9524, 'fpr': 1.0294, 'shd': 35, 'nnz': 55, 'precision': 0.3636, 'recall': 0.9524, 'F1': 0.5263, 'gscore': 0.0}
[2025-04-11 02:30:12,065] sub_met after prunning {'fdr': 0.4722, 'tpr': 0.9048, 'fpr': 0.5, 'shd': 18, 'nnz': 36, 'precision': 0.5278, 'recall': 0.9048, 'F1': 0.6667, 'gscore': 0.0952}
[2025-04-11 02:30:12,065] 
===  17-th graph ===
[2025-04-11 02:30:12,065] 16 Nodes of Markov blanket: [2, 7, 9, 11, 12, 15, 17, 19, 20, 21, 23, 24, 25, 26, 27, 29]
[2025-04-11 02:30:12,065] 22 Nodes of True MB: [2, 4, 6, 7, 9, 10, 11, 12, 13, 14, 15, 17, 19, 20, 21, 23, 24, 25, 26, 27, 28, 29], parents: {4, 14, 15, 21, 25}, children: {9, 10, 6}, spouse: {2, 6, 7, 11, 12, 13, 17, 19, 20, 21, 23, 24, 26, 27, 28, 29}
[2025-04-11 02:30:12,065] [MB metrics] precision: 1.000, recall: 0.727, acc: 0.800, f1: 0.842
[2025-04-11 02:30:44,445] sub_met2 before prunning {'fdr': 0.7, 'tpr': 0.9474, 'fpr': 1.0244, 'shd': 84, 'nnz': 120, 'precision': 0.3, 'recall': 0.9474, 'F1': 0.4557, 'gscore': 0.0}
[2025-04-11 02:30:44,445] sub_met after prunning {'fdr': 0.5625, 'tpr': 0.9211, 'fpr': 0.5488, 'shd': 46, 'nnz': 80, 'precision': 0.4375, 'recall': 0.9211, 'F1': 0.5932, 'gscore': 0.0}
[2025-04-11 02:30:44,445] 
===  18-th graph ===
[2025-04-11 02:30:44,445] 11 Nodes of Markov blanket: [0, 3, 4, 11, 12, 13, 15, 18, 25, 26, 29]
[2025-04-11 02:30:44,445] 10 Nodes of True MB: [3, 4, 11, 12, 13, 15, 18, 25, 26, 29], parents: set(), children: {3, 4, 15}, spouse: {11, 12, 13, 18, 25, 26, 29}
[2025-04-11 02:30:44,445] [MB metrics] precision: 0.909, recall: 1.000, acc: 0.967, f1: 0.952
[2025-04-11 02:31:01,282] sub_met2 before prunning {'fdr': 0.6364, 'tpr': 0.9524, 'fpr': 1.0294, 'shd': 35, 'nnz': 55, 'precision': 0.3636, 'recall': 0.9524, 'F1': 0.5263, 'gscore': 0.0}
[2025-04-11 02:31:01,282] sub_met after prunning {'fdr': 0.2593, 'tpr': 0.9524, 'fpr': 0.2059, 'shd': 7, 'nnz': 27, 'precision': 0.7407, 'recall': 0.9524, 'F1': 0.8333, 'gscore': 0.619}
[2025-04-11 02:31:01,282] 
===  19-th graph ===
[2025-04-11 02:31:01,282] 16 Nodes of Markov blanket: [1, 6, 7, 10, 11, 12, 13, 17, 19, 21, 23, 24, 26, 27, 28, 29]
[2025-04-11 02:31:01,282] 16 Nodes of True MB: [1, 6, 7, 10, 11, 12, 13, 17, 19, 21, 23, 24, 26, 27, 28, 29], parents: {1, 12, 13, 24, 26}, children: {10}, spouse: {6, 7, 11, 12, 13, 17, 19, 21, 23, 27, 28, 29}
[2025-04-11 02:31:01,298] [MB metrics] precision: 1.000, recall: 1.000, acc: 1.000, f1: 1.000
[2025-04-11 02:31:33,772] sub_met2 before prunning {'fdr': 0.725, 'tpr': 0.7174, 'fpr': 1.1757, 'shd': 87, 'nnz': 120, 'precision': 0.275, 'recall': 0.7174, 'F1': 0.3976, 'gscore': 0.0}
[2025-04-11 02:31:33,772] sub_met after prunning {'fdr': 0.7238, 'tpr': 0.6304, 'fpr': 1.027, 'shd': 81, 'nnz': 105, 'precision': 0.2762, 'recall': 0.6304, 'F1': 0.3841, 'gscore': 0.0}
[2025-04-11 02:31:33,772] 
===  20-th graph ===
[2025-04-11 02:31:33,772] 8 Nodes of Markov blanket: [5, 6, 12, 17, 20, 24, 26, 27]
[2025-04-11 02:31:33,772] 11 Nodes of True MB: [5, 6, 11, 12, 15, 17, 20, 24, 26, 27, 29], parents: {5}, children: {26, 29, 6}, spouse: {5, 11, 12, 15, 17, 20, 24, 26, 27}
[2025-04-11 02:31:33,776] [MB metrics] precision: 1.000, recall: 0.727, acc: 0.900, f1: 0.842
[2025-04-11 02:31:43,550] sub_met2 before prunning {'fdr': 0.5357, 'tpr': 1.0, 'fpr': 1.0, 'shd': 15, 'nnz': 28, 'precision': 0.4643, 'recall': 1.0, 'F1': 0.6341, 'gscore': 0.0}
[2025-04-11 02:31:43,551] sub_met after prunning {'fdr': 0.3158, 'tpr': 1.0, 'fpr': 0.4, 'shd': 6, 'nnz': 19, 'precision': 0.6842, 'recall': 1.0, 'F1': 0.8125, 'gscore': 0.5385}
[2025-04-11 02:31:43,551] 
===  21-th graph ===
[2025-04-11 02:31:43,551] 25 Nodes of Markov blanket: [0, 1, 2, 3, 4, 5, 6, 7, 8, 9, 10, 11, 12, 13, 14, 15, 16, 17, 19, 21, 23, 25, 26, 27, 29]
[2025-04-11 02:31:43,551] 27 Nodes of True MB: [0, 1, 2, 3, 4, 5, 6, 7, 8, 9, 10, 11, 12, 13, 14, 15, 16, 17, 19, 21, 23, 24, 25, 26, 27, 28, 29], parents: {0, 27, 11, 5}, children: {7, 8, 9, 10, 14, 17, 23, 24, 28}, spouse: {0, 1, 2, 3, 4, 5, 6, 7, 8, 11, 12, 13, 14, 15, 16, 17, 19, 21, 23, 24, 25, 26, 27, 28, 29}
[2025-04-11 02:31:43,551] [MB metrics] precision: 1.000, recall: 0.926, acc: 0.933, f1: 0.962
[2025-04-11 02:33:00,379] sub_met2 before prunning {'fdr': 0.8467, 'tpr': 0.5476, 'fpr': 1.1759, 'shd': 254, 'nnz': 300, 'precision': 0.1533, 'recall': 0.5476, 'F1': 0.2396, 'gscore': 0.0}
[2025-04-11 02:33:00,379] sub_met after prunning {'fdr': 0.7926, 'tpr': 0.5357, 'fpr': 0.7963, 'shd': 175, 'nnz': 217, 'precision': 0.2074, 'recall': 0.5357, 'F1': 0.299, 'gscore': 0.0}
[2025-04-11 02:33:00,379] 
===  22-th graph ===
