[2025-04-17 08:40:47,971] {'0.01_0': [], '0.01_0.05': [], '0.01_0.1': [], '0.01_0.15': [], '0.01_0.2': [], '0.01_0.25': [], '0.01_0.3': [], '0.01_0.35': [], '0.01_0.4': [], '0.01_0.45': [], '0.01_0.5': [], '0.01_0.6': [], '0.01_0.7': [], '0.01_0.8': [], '0.01_0.9': [], '0.02_0': [], '0.02_0.05': [], '0.02_0.1': [], '0.02_0.15': [], '0.02_0.2': [], '0.02_0.25': [], '0.02_0.3': [], '0.02_0.35': [], '0.02_0.4': [], '0.02_0.45': [], '0.02_0.5': [], '0.02_0.6': [], '0.02_0.7': [], '0.02_0.8': [], '0.02_0.9': [], '0.03_0': [], '0.03_0.05': [], '0.03_0.1': [], '0.03_0.15': [], '0.03_0.2': [], '0.03_0.25': [], '0.03_0.3': [], '0.03_0.35': [], '0.03_0.4': [], '0.03_0.45': [], '0.03_0.5': [], '0.03_0.6': [], '0.03_0.7': [], '0.03_0.8': [], '0.03_0.9': [], '0.04_0': [], '0.04_0.05': [], '0.04_0.1': [], '0.04_0.15': [], '0.04_0.2': [], '0.04_0.25': [], '0.04_0.3': [], '0.04_0.35': [], '0.04_0.4': [], '0.04_0.45': [], '0.04_0.5': [], '0.04_0.6': [], '0.04_0.7': [], '0.04_0.8': [], '0.04_0.9': [], '0.05_0': [], '0.05_0.05': [], '0.05_0.1': [], '0.05_0.15': [], '0.05_0.2': [], '0.05_0.25': [], '0.05_0.3': [], '0.05_0.35': [], '0.05_0.4': [], '0.05_0.45': [], '0.05_0.5': [], '0.05_0.6': [], '0.05_0.7': [], '0.05_0.8': [], '0.05_0.9': [], '0.1_0': [], '0.1_0.05': [], '0.1_0.1': [], '0.1_0.15': [], '0.1_0.2': [], '0.1_0.25': [], '0.1_0.3': [], '0.1_0.35': [], '0.1_0.4': [], '0.1_0.45': [], '0.1_0.5': [], '0.1_0.6': [], '0.1_0.7': [], '0.1_0.8': [], '0.1_0.9': [], '0.2_0': [], '0.2_0.05': [], '0.2_0.1': [], '0.2_0.15': [], '0.2_0.2': [], '0.2_0.25': [], '0.2_0.3': [], '0.2_0.35': [], '0.2_0.4': [], '0.2_0.45': [], '0.2_0.5': [], '0.2_0.6': [], '0.2_0.7': [], '0.2_0.8': [], '0.2_0.9': [], '0.3_0': [], '0.3_0.05': [], '0.3_0.1': [], '0.3_0.15': [], '0.3_0.2': [], '0.3_0.25': [], '0.3_0.3': [], '0.3_0.35': [], '0.3_0.4': [], '0.3_0.45': [], '0.3_0.5': [], '0.3_0.6': [], '0.3_0.7': [], '0.3_0.8': [], '0.3_0.9': [], '0.4_0': [], '0.4_0.05': [], '0.4_0.1': [], '0.4_0.15': [], '0.4_0.2': [], '0.4_0.25': [], '0.4_0.3': [], '0.4_0.35': [], '0.4_0.4': [], '0.4_0.45': [], '0.4_0.5': [], '0.4_0.6': [], '0.4_0.7': [], '0.4_0.8': [], '0.4_0.9': [], '0.5_0': [], '0.5_0.05': [], '0.5_0.1': [], '0.5_0.15': [], '0.5_0.2': [], '0.5_0.25': [], '0.5_0.3': [], '0.5_0.35': [], '0.5_0.4': [], '0.5_0.45': [], '0.5_0.5': [], '0.5_0.6': [], '0.5_0.7': [], '0.5_0.8': [], '0.5_0.9': [], '0.6_0': [], '0.6_0.05': [], '0.6_0.1': [], '0.6_0.15': [], '0.6_0.2': [], '0.6_0.25': [], '0.6_0.3': [], '0.6_0.35': [], '0.6_0.4': [], '0.6_0.45': [], '0.6_0.5': [], '0.6_0.6': [], '0.6_0.7': [], '0.6_0.8': [], '0.6_0.9': [], '0.7_0': [], '0.7_0.05': [], '0.7_0.1': [], '0.7_0.15': [], '0.7_0.2': [], '0.7_0.25': [], '0.7_0.3': [], '0.7_0.35': [], '0.7_0.4': [], '0.7_0.45': [], '0.7_0.5': [], '0.7_0.6': [], '0.7_0.7': [], '0.7_0.8': [], '0.7_0.9': [], '0.8_0': [], '0.8_0.05': [], '0.8_0.1': [], '0.8_0.15': [], '0.8_0.2': [], '0.8_0.25': [], '0.8_0.3': [], '0.8_0.35': [], '0.8_0.4': [], '0.8_0.45': [], '0.8_0.5': [], '0.8_0.6': [], '0.8_0.7': [], '0.8_0.8': [], '0.8_0.9': [], '0.9_0': [], '0.9_0.05': [], '0.9_0.1': [], '0.9_0.15': [], '0.9_0.2': [], '0.9_0.25': [], '0.9_0.3': [], '0.9_0.35': [], '0.9_0.4': [], '0.9_0.45': [], '0.9_0.5': [], '0.9_0.6': [], '0.9_0.7': [], '0.9_0.8': [], '0.9_0.9': [], '1_0': [], '1_0.05': [], '1_0.1': [], '1_0.15': [], '1_0.2': [], '1_0.25': [], '1_0.3': [], '1_0.35': [], '1_0.4': [], '1_0.45': [], '1_0.5': [], '1_0.6': [], '1_0.7': [], '1_0.8': [], '1_0.9': [], '1.5_0': [], '1.5_0.05': [], '1.5_0.1': [], '1.5_0.15': [], '1.5_0.2': [], '1.5_0.25': [], '1.5_0.3': [], '1.5_0.35': [], '1.5_0.4': [], '1.5_0.45': [], '1.5_0.5': [], '1.5_0.6': [], '1.5_0.7': [], '1.5_0.8': [], '1.5_0.9': [], '2_0': [], '2_0.05': [], '2_0.1': [], '2_0.15': [], '2_0.2': [], '2_0.25': [], '2_0.3': [], '2_0.35': [], '2_0.4': [], '2_0.45': [], '2_0.5': [], '2_0.6': [], '2_0.7': [], '2_0.8': [], '2_0.9': [], '3_0': [], '3_0.05': [], '3_0.1': [], '3_0.15': [], '3_0.2': [], '3_0.25': [], '3_0.3': [], '3_0.35': [], '3_0.4': [], '3_0.45': [], '3_0.5': [], '3_0.6': [], '3_0.7': [], '3_0.8': [], '3_0.9': [], '4_0': [], '4_0.05': [], '4_0.1': [], '4_0.15': [], '4_0.2': [], '4_0.25': [], '4_0.3': [], '4_0.35': [], '4_0.4': [], '4_0.45': [], '4_0.5': [], '4_0.6': [], '4_0.7': [], '4_0.8': [], '4_0.9': [], '5_0': [], '5_0.05': [], '5_0.1': [], '5_0.15': [], '5_0.2': [], '5_0.25': [], '5_0.3': [], '5_0.35': [], '5_0.4': [], '5_0.45': [], '5_0.5': [], '5_0.6': [], '5_0.7': [], '5_0.8': [], '5_0.9': [], '6_0': [], '6_0.05': [], '6_0.1': [], '6_0.15': [], '6_0.2': [], '6_0.25': [], '6_0.3': [], '6_0.35': [], '6_0.4': [], '6_0.45': [], '6_0.5': [], '6_0.6': [], '6_0.7': [], '6_0.8': [], '6_0.9': [], '7_0': [], '7_0.05': [], '7_0.1': [], '7_0.15': [], '7_0.2': [], '7_0.25': [], '7_0.3': [], '7_0.35': [], '7_0.4': [], '7_0.45': [], '7_0.5': [], '7_0.6': [], '7_0.7': [], '7_0.8': [], '7_0.9': [], '8_0': [], '8_0.05': [], '8_0.1': [], '8_0.15': [], '8_0.2': [], '8_0.25': [], '8_0.3': [], '8_0.35': [], '8_0.4': [], '8_0.45': [], '8_0.5': [], '8_0.6': [], '8_0.7': [], '8_0.8': [], '8_0.9': [], '9_0': [], '9_0.05': [], '9_0.1': [], '9_0.15': [], '9_0.2': [], '9_0.25': [], '9_0.3': [], '9_0.35': [], '9_0.4': [], '9_0.45': [], '9_0.5': [], '9_0.6': [], '9_0.7': [], '9_0.8': [], '9_0.9': [], '10_0': [], '10_0.05': [], '10_0.1': [], '10_0.15': [], '10_0.2': [], '10_0.25': [], '10_0.3': [], '10_0.35': [], '10_0.4': [], '10_0.45': [], '10_0.5': [], '10_0.6': [], '10_0.7': [], '10_0.8': [], '10_0.9': [], '15_0': [], '15_0.05': [], '15_0.1': [], '15_0.15': [], '15_0.2': [], '15_0.25': [], '15_0.3': [], '15_0.35': [], '15_0.4': [], '15_0.45': [], '15_0.5': [], '15_0.6': [], '15_0.7': [], '15_0.8': [], '15_0.9': [], '20_0': [], '20_0.05': [], '20_0.1': [], '20_0.15': [], '20_0.2': [], '20_0.25': [], '20_0.3': [], '20_0.35': [], '20_0.4': [], '20_0.45': [], '20_0.5': [], '20_0.6': [], '20_0.7': [], '20_0.8': [], '20_0.9': [], '30_0': [], '30_0.05': [], '30_0.1': [], '30_0.15': [], '30_0.2': [], '30_0.25': [], '30_0.3': [], '30_0.35': [], '30_0.4': [], '30_0.45': [], '30_0.5': [], '30_0.6': [], '30_0.7': [], '30_0.8': [], '30_0.9': [], '40_0': [], '40_0.05': [], '40_0.1': [], '40_0.15': [], '40_0.2': [], '40_0.25': [], '40_0.3': [], '40_0.35': [], '40_0.4': [], '40_0.45': [], '40_0.5': [], '40_0.6': [], '40_0.7': [], '40_0.8': [], '40_0.9': [], '50_0': [], '50_0.05': [], '50_0.1': [], '50_0.15': [], '50_0.2': [], '50_0.25': [], '50_0.3': [], '50_0.35': [], '50_0.4': [], '50_0.45': [], '50_0.5': [], '50_0.6': [], '50_0.7': [], '50_0.8': [], '50_0.9': [], '100_0': [], '100_0.05': [], '100_0.1': [], '100_0.15': [], '100_0.2': [], '100_0.25': [], '100_0.3': [], '100_0.35': [], '100_0.4': [], '100_0.45': [], '100_0.5': [], '100_0.6': [], '100_0.7': [], '100_0.8': [], '100_0.9': []}
[2025-04-17 08:40:47,975] 
================ repeat number 1 ====================
[2025-04-17 08:40:47,992] true_dag
[[0 0 0 ... 0 0 0]
 [0 0 0 ... 0 0 0]
 [0 0 0 ... 0 0 0]
 ...
 [0 0 0 ... 0 0 0]
 [0 0 0 ... 0 0 0]
 [0 0 0 ... 0 0 0]]
[2025-04-17 08:40:49,466] 
===  0-th graph ===
[2025-04-17 08:40:49,466] 37 Nodes of True MB: [0, 1, 2, 3, 8, 13, 18, 19, 20, 22, 23, 28, 30, 31, 35, 36, 38, 48, 51, 52, 56, 57, 59, 61, 62, 63, 65, 67, 68, 69, 71, 73, 75, 84, 86, 91, 93], parents: set(), children: {35, 69, 75, 28, 30, 31}, spouse: {0, 1, 2, 3, 8, 13, 18, 19, 20, 22, 23, 36, 38, 48, 51, 52, 56, 57, 59, 61, 62, 63, 65, 67, 68, 71, 73, 84, 86, 91, 93}
[2025-04-17 08:40:49,466] 32 Nodes of Markov blanket: [0, 1, 2, 3, 8, 13, 18, 19, 20, 23, 28, 30, 35, 36, 38, 48, 52, 57, 59, 61, 62, 63, 65, 67, 68, 69, 71, 75, 84, 86, 91, 93]
[2025-04-17 08:40:49,471] [MB metrics] precision: 1.000, recall: 0.865, acc: 0.947, f1: 0.928
[2025-04-17 08:42:49,001] sub_met2 before prunning {'fdr': 0.8871, 'tpr': 0.9825, 'fpr': 1.0023, 'shd': 440, 'nnz': 496, 'precision': 0.1129, 'recall': 0.9825, 'F1': 0.2025, 'gscore': 0.0}
[2025-04-17 08:42:49,005] sub_met after prunning {'fdr': 0.6259, 'tpr': 0.9649, 'fpr': 0.2096, 'shd': 93, 'nnz': 147, 'precision': 0.3741, 'recall': 0.9649, 'F1': 0.5392, 'gscore': 0.0}
[2025-04-17 08:42:49,005] 
===  1-th graph ===
[2025-04-17 08:42:49,005] 43 Nodes of True MB: [0, 1, 2, 3, 4, 8, 11, 17, 18, 21, 22, 23, 28, 32, 39, 42, 43, 45, 46, 48, 50, 51, 55, 57, 58, 60, 61, 62, 63, 67, 70, 71, 74, 75, 77, 80, 81, 82, 83, 91, 96, 97, 98], parents: {81, 18, 45}, children: {32, 42, 75, 80, 50, 22, 58}, spouse: {0, 1, 2, 3, 4, 8, 11, 17, 18, 21, 23, 28, 32, 39, 43, 46, 48, 51, 55, 57, 58, 60, 61, 62, 63, 67, 70, 71, 74, 77, 82, 83, 91, 96, 97, 98}
[2025-04-17 08:42:49,005] 35 Nodes of Markov blanket: [0, 1, 2, 3, 8, 11, 17, 18, 21, 22, 23, 28, 39, 42, 43, 45, 46, 48, 55, 57, 60, 61, 62, 63, 67, 71, 74, 75, 77, 80, 82, 83, 91, 96, 98]
[2025-04-17 08:42:49,009] [MB metrics] precision: 1.000, recall: 0.814, acc: 0.919, f1: 0.897
[2025-04-17 08:45:12,289] sub_met2 before prunning {'fdr': 0.8824, 'tpr': 0.9459, 'fpr': 1.0077, 'shd': 525, 'nnz': 595, 'precision': 0.1176, 'recall': 0.9459, 'F1': 0.2093, 'gscore': 0.0}
[2025-04-17 08:45:12,289] sub_met after prunning {'fdr': 0.684, 'tpr': 0.9054, 'fpr': 0.2783, 'shd': 148, 'nnz': 212, 'precision': 0.316, 'recall': 0.9054, 'F1': 0.4685, 'gscore': 0.0}
[2025-04-17 08:45:12,289] 
===  2-th graph ===
[2025-04-17 08:45:12,289] 50 Nodes of True MB: [0, 1, 2, 3, 4, 6, 8, 11, 12, 13, 16, 18, 19, 20, 21, 22, 23, 24, 32, 35, 38, 39, 44, 50, 51, 55, 58, 59, 60, 61, 64, 65, 68, 69, 70, 71, 74, 77, 78, 80, 81, 82, 84, 85, 88, 90, 92, 93, 96, 97], parents: {81, 18, 60}, children: {64, 3, 69, 6, 44, 78, 50, 51}, spouse: {0, 1, 2, 4, 8, 11, 12, 13, 16, 19, 20, 21, 22, 23, 24, 32, 35, 38, 39, 44, 55, 58, 59, 61, 65, 68, 70, 71, 74, 77, 78, 80, 82, 84, 85, 88, 90, 92, 93, 96, 97}
[2025-04-17 08:45:12,289] 24 Nodes of Markov blanket: [0, 1, 2, 4, 8, 21, 32, 38, 39, 44, 50, 58, 61, 68, 70, 71, 74, 77, 78, 80, 84, 90, 96, 97]
[2025-04-17 08:45:12,293] [MB metrics] precision: 1.000, recall: 0.480, acc: 0.735, f1: 0.649
[2025-04-17 08:46:20,119] sub_met2 before prunning {'fdr': 0.8913, 'tpr': 0.9091, 'fpr': 1.0123, 'shd': 246, 'nnz': 276, 'precision': 0.1087, 'recall': 0.9091, 'F1': 0.1942, 'gscore': 0.0}
[2025-04-17 08:46:20,119] sub_met after prunning {'fdr': 0.8065, 'tpr': 0.9091, 'fpr': 0.5144, 'shd': 126, 'nnz': 155, 'precision': 0.1935, 'recall': 0.9091, 'F1': 0.3191, 'gscore': 0.0}
[2025-04-17 08:46:20,119] 
===  3-th graph ===
[2025-04-17 08:46:20,119] 25 Nodes of True MB: [0, 1, 2, 3, 11, 16, 21, 22, 35, 39, 43, 44, 45, 46, 53, 57, 59, 61, 62, 63, 65, 67, 75, 85, 96], parents: {96, 2, 11}, children: {75, 21, 39}, spouse: {0, 1, 3, 11, 16, 22, 35, 43, 44, 45, 46, 53, 57, 59, 61, 62, 63, 65, 67, 85, 96}
[2025-04-17 08:46:20,119] 24 Nodes of Markov blanket: [0, 1, 3, 11, 16, 21, 22, 35, 39, 43, 44, 45, 46, 53, 57, 59, 61, 62, 63, 65, 67, 75, 85, 96]
[2025-04-17 08:46:20,123] [MB metrics] precision: 1.000, recall: 0.960, acc: 0.990, f1: 0.980
[2025-04-17 08:47:28,187] sub_met2 before prunning {'fdr': 0.8587, 'tpr': 0.9512, 'fpr': 1.0085, 'shd': 237, 'nnz': 276, 'precision': 0.1413, 'recall': 0.9512, 'F1': 0.2461, 'gscore': 0.0}
[2025-04-17 08:47:28,187] sub_met after prunning {'fdr': 0.681, 'tpr': 0.9024, 'fpr': 0.3362, 'shd': 82, 'nnz': 116, 'precision': 0.319, 'recall': 0.9024, 'F1': 0.4713, 'gscore': 0.0}
[2025-04-17 08:47:28,187] 
===  4-th graph ===
[2025-04-17 08:47:28,187] 44 Nodes of True MB: [1, 2, 4, 8, 9, 11, 13, 16, 17, 18, 20, 21, 22, 23, 28, 32, 34, 35, 39, 42, 44, 47, 50, 51, 52, 55, 58, 59, 60, 61, 62, 72, 74, 80, 83, 86, 89, 91, 93, 94, 96, 97, 98, 99], parents: {72, 80}, children: {98, 99, 9, 74, 47, 17, 50, 51, 94}, spouse: {1, 2, 4, 8, 11, 13, 16, 18, 20, 21, 22, 23, 28, 32, 34, 35, 39, 42, 44, 52, 55, 58, 59, 60, 61, 62, 74, 80, 83, 86, 89, 91, 93, 96, 97, 99}
[2025-04-17 08:47:28,187] 40 Nodes of Markov blanket: [2, 4, 8, 9, 11, 13, 16, 17, 20, 21, 22, 23, 28, 32, 34, 35, 39, 42, 44, 47, 50, 51, 52, 55, 58, 59, 60, 61, 62, 72, 74, 83, 86, 89, 91, 93, 96, 97, 98, 99]
[2025-04-17 08:47:28,191] [MB metrics] precision: 1.000, recall: 0.909, acc: 0.960, f1: 0.952
[2025-04-17 08:50:35,910] sub_met2 before prunning {'fdr': 0.8987, 'tpr': 0.8876, 'fpr': 1.0145, 'shd': 701, 'nnz': 780, 'precision': 0.1013, 'recall': 0.8876, 'F1': 0.1818, 'gscore': 0.0}
[2025-04-17 08:50:35,910] sub_met after prunning {'fdr': 0.7833, 'tpr': 0.8764, 'fpr': 0.4081, 'shd': 285, 'nnz': 360, 'precision': 0.2167, 'recall': 0.8764, 'F1': 0.3474, 'gscore': 0.0}
[2025-04-17 08:50:35,910] 
===  5-th graph ===
[2025-04-17 08:50:35,910] 8 Nodes of True MB: [5, 12, 17, 32, 45, 52, 79, 81], parents: {32, 12, 45, 79, 17, 81, 52}, children: set(), spouse: {5}
[2025-04-17 08:50:35,910] 6 Nodes of Markov blanket: [5, 32, 45, 52, 79, 81]
[2025-04-17 08:50:35,915] [MB metrics] precision: 1.000, recall: 0.750, acc: 0.976, f1: 0.857
[2025-04-17 08:50:42,288] sub_met2 before prunning {'fdr': 0.6, 'tpr': 1.0, 'fpr': 1.0, 'shd': 9, 'nnz': 15, 'precision': 0.4, 'recall': 1.0, 'F1': 0.5714, 'gscore': 0.0}
[2025-04-17 08:50:42,288] sub_met after prunning {'fdr': 0.4444, 'tpr': 0.8333, 'fpr': 0.4444, 'shd': 5, 'nnz': 9, 'precision': 0.5556, 'recall': 0.8333, 'F1': 0.6667, 'gscore': 0.1667}
[2025-04-17 08:50:42,288] 
===  6-th graph ===
[2025-04-17 08:50:42,288] 16 Nodes of True MB: [2, 6, 13, 24, 30, 43, 45, 48, 51, 54, 59, 62, 63, 65, 77, 78], parents: {2, 77, 78, 24, 59}, children: {54}, spouse: {65, 6, 43, 45, 13, 77, 48, 51, 62, 30, 63}
[2025-04-17 08:50:42,288] 9 Nodes of Markov blanket: [6, 24, 43, 45, 48, 54, 62, 63, 65]
[2025-04-17 08:50:42,292] [MB metrics] precision: 1.000, recall: 0.562, acc: 0.911, f1: 0.720
[2025-04-17 08:50:53,922] sub_met2 before prunning {'fdr': 0.75, 'tpr': 1.0, 'fpr': 1.0, 'shd': 27, 'nnz': 36, 'precision': 0.25, 'recall': 1.0, 'F1': 0.4, 'gscore': 0.0}
[2025-04-17 08:50:53,922] sub_met after prunning {'fdr': 0.625, 'tpr': 1.0, 'fpr': 0.5556, 'shd': 15, 'nnz': 24, 'precision': 0.375, 'recall': 1.0, 'F1': 0.5455, 'gscore': 0.0}
[2025-04-17 08:50:53,922] 
===  7-th graph ===
[2025-04-17 08:50:53,922] 7 Nodes of True MB: [7, 11, 15, 40, 64, 70, 83], parents: {64, 70, 40, 11, 15, 83}, children: set(), spouse: {7}
[2025-04-17 08:50:53,922] 6 Nodes of Markov blanket: [7, 11, 40, 64, 70, 83]
[2025-04-17 08:50:53,927] [MB metrics] precision: 1.000, recall: 0.857, acc: 0.988, f1: 0.923
[2025-04-17 08:51:00,288] sub_met2 before prunning {'fdr': 0.6667, 'tpr': 0.7143, 'fpr': 1.25, 'shd': 10, 'nnz': 15, 'precision': 0.3333, 'recall': 0.7143, 'F1': 0.4545, 'gscore': 0.0}
[2025-04-17 08:51:00,288] sub_met after prunning {'fdr': 0.6154, 'tpr': 0.7143, 'fpr': 1.0, 'shd': 8, 'nnz': 13, 'precision': 0.3846, 'recall': 0.7143, 'F1': 0.5, 'gscore': 0.0}
[2025-04-17 08:51:00,288] 
===  8-th graph ===
[2025-04-17 08:51:00,288] 45 Nodes of True MB: [0, 1, 2, 4, 8, 12, 13, 16, 18, 20, 21, 22, 24, 27, 31, 32, 33, 38, 39, 43, 44, 45, 46, 48, 50, 51, 52, 55, 56, 58, 59, 61, 63, 68, 71, 73, 74, 83, 84, 85, 88, 93, 95, 96, 97], parents: {83, 45}, children: {33, 44, 50, 51, 22, 95, 31}, spouse: {0, 1, 2, 4, 8, 12, 13, 16, 18, 20, 21, 22, 24, 27, 32, 38, 39, 43, 44, 46, 48, 51, 52, 55, 56, 58, 59, 61, 63, 68, 71, 73, 74, 83, 84, 85, 88, 93, 96, 97}
[2025-04-17 08:51:00,288] 40 Nodes of Markov blanket: [0, 1, 2, 4, 8, 12, 18, 21, 22, 24, 27, 31, 32, 33, 38, 39, 43, 44, 45, 46, 48, 50, 51, 52, 55, 56, 58, 59, 63, 68, 71, 73, 74, 83, 84, 85, 93, 95, 96, 97]
[2025-04-17 08:51:00,292] [MB metrics] precision: 1.000, recall: 0.889, acc: 0.949, f1: 0.941
[2025-04-17 08:54:08,911] sub_met2 before prunning {'fdr': 0.9551, 'tpr': 0.3646, 'fpr': 1.0892, 'shd': 745, 'nnz': 780, 'precision': 0.0449, 'recall': 0.3646, 'F1': 0.0799, 'gscore': 0.0}
[2025-04-17 08:54:08,911] sub_met after prunning {'fdr': 0.9391, 'tpr': 0.3438, 'fpr': 0.7442, 'shd': 525, 'nnz': 542, 'precision': 0.0609, 'recall': 0.3438, 'F1': 0.1034, 'gscore': 0.0}
[2025-04-17 08:54:08,915] 
===  9-th graph ===
[2025-04-17 08:54:08,915] 6 Nodes of True MB: [4, 9, 42, 44, 60, 80], parents: {4, 42, 44, 80, 60}, children: set(), spouse: {9}
[2025-04-17 08:54:08,915] 6 Nodes of Markov blanket: [4, 9, 42, 44, 60, 80]
[2025-04-17 08:54:08,915] [MB metrics] precision: 1.000, recall: 1.000, acc: 1.000, f1: 1.000
[2025-04-17 08:54:15,068] sub_met2 before prunning {'fdr': 0.6667, 'tpr': 0.8333, 'fpr': 1.1111, 'shd': 10, 'nnz': 15, 'precision': 0.3333, 'recall': 0.8333, 'F1': 0.4762, 'gscore': 0.0}
[2025-04-17 08:54:15,068] sub_met after prunning {'fdr': 0.6154, 'tpr': 0.8333, 'fpr': 0.8889, 'shd': 8, 'nnz': 13, 'precision': 0.3846, 'recall': 0.8333, 'F1': 0.5263, 'gscore': 0.0}
[2025-04-17 08:54:15,068] 
===  10-th graph ===
[2025-04-17 08:54:15,068] 14 Nodes of True MB: [10, 11, 20, 28, 33, 37, 40, 42, 47, 63, 68, 83, 89, 93], parents: {33, 68, 37, 40, 42, 11, 47, 83, 20, 89, 28, 93, 63}, children: set(), spouse: {10}
[2025-04-17 08:54:15,068] 11 Nodes of Markov blanket: [10, 11, 20, 40, 42, 47, 63, 68, 83, 89, 93]
[2025-04-17 08:54:15,072] [MB metrics] precision: 1.000, recall: 0.786, acc: 0.968, f1: 0.880
[2025-04-17 08:54:31,360] sub_met2 before prunning {'fdr': 0.7455, 'tpr': 1.0, 'fpr': 1.0, 'shd': 41, 'nnz': 55, 'precision': 0.2545, 'recall': 1.0, 'F1': 0.4058, 'gscore': 0.0}
[2025-04-17 08:54:31,360] sub_met after prunning {'fdr': 0.675, 'tpr': 0.9286, 'fpr': 0.6585, 'shd': 28, 'nnz': 40, 'precision': 0.325, 'recall': 0.9286, 'F1': 0.4815, 'gscore': 0.0}
[2025-04-17 08:54:31,364] 
===  11-th graph ===
[2025-04-17 08:54:31,364] 48 Nodes of True MB: [1, 2, 3, 4, 7, 10, 11, 15, 16, 17, 18, 20, 22, 28, 33, 34, 35, 37, 39, 40, 42, 43, 44, 45, 46, 47, 48, 53, 57, 59, 61, 63, 64, 65, 68, 70, 71, 79, 83, 85, 86, 89, 91, 93, 94, 96, 98, 99], parents: set(), children: {98, 3, 39, 7, 10, 42, 43, 47, 57, 94}, spouse: {1, 2, 3, 4, 11, 15, 16, 17, 18, 20, 22, 28, 33, 34, 35, 37, 40, 42, 43, 44, 45, 46, 47, 48, 53, 59, 61, 63, 64, 65, 68, 70, 71, 79, 83, 85, 86, 89, 91, 93, 96, 98, 99}
[2025-04-17 08:54:31,364] 39 Nodes of Markov blanket: [1, 3, 4, 7, 10, 11, 15, 16, 17, 28, 33, 35, 37, 39, 42, 44, 45, 46, 47, 48, 53, 57, 59, 61, 63, 64, 65, 68, 70, 79, 83, 85, 86, 91, 93, 94, 96, 98, 99]
[2025-04-17 08:54:31,366] [MB metrics] precision: 1.000, recall: 0.812, acc: 0.910, f1: 0.897
[2025-04-17 08:57:30,027] sub_met2 before prunning {'fdr': 0.8826, 'tpr': 0.956, 'fpr': 1.0062, 'shd': 654, 'nnz': 741, 'precision': 0.1174, 'recall': 0.956, 'F1': 0.2091, 'gscore': 0.0}
[2025-04-17 08:57:30,031] sub_met after prunning {'fdr': 0.7745, 'tpr': 0.9341, 'fpr': 0.4492, 'shd': 294, 'nnz': 377, 'precision': 0.2255, 'recall': 0.9341, 'F1': 0.3632, 'gscore': 0.0}
[2025-04-17 08:57:30,031] 
===  12-th graph ===
[2025-04-17 08:57:30,031] 34 Nodes of True MB: [2, 5, 8, 12, 17, 18, 19, 23, 27, 32, 33, 35, 43, 45, 48, 52, 55, 60, 61, 63, 64, 67, 68, 70, 77, 79, 80, 81, 82, 84, 85, 86, 90, 92], parents: {67, 86, 55}, children: {64, 33, 82, 5}, spouse: {2, 8, 12, 17, 18, 19, 23, 27, 32, 35, 43, 45, 48, 52, 60, 61, 63, 67, 68, 70, 77, 79, 80, 81, 82, 84, 85, 90, 92}
[2025-04-17 08:57:30,032] 25 Nodes of Markov blanket: [8, 12, 18, 19, 27, 33, 43, 45, 48, 55, 60, 61, 63, 64, 67, 68, 70, 77, 79, 80, 81, 84, 85, 86, 90]
[2025-04-17 08:57:30,032] [MB metrics] precision: 1.000, recall: 0.735, acc: 0.903, f1: 0.847
[2025-04-17 08:58:43,760] sub_met2 before prunning {'fdr': 0.89, 'tpr': 1.0, 'fpr': 1.0, 'shd': 267, 'nnz': 300, 'precision': 0.11, 'recall': 1.0, 'F1': 0.1982, 'gscore': 0.0}
[2025-04-17 08:58:43,760] sub_met after prunning {'fdr': 0.6633, 'tpr': 1.0, 'fpr': 0.2434, 'shd': 65, 'nnz': 98, 'precision': 0.3367, 'recall': 1.0, 'F1': 0.5038, 'gscore': 0.0}
[2025-04-17 08:58:43,760] 
===  13-th graph ===
[2025-04-17 08:58:43,760] 32 Nodes of True MB: [0, 2, 4, 6, 8, 13, 16, 19, 20, 22, 30, 38, 43, 44, 45, 48, 51, 54, 55, 61, 62, 63, 65, 69, 71, 77, 78, 84, 86, 89, 93, 97], parents: {48, 89, 19, 78}, children: {97, 51, 69, 54}, spouse: {0, 2, 4, 6, 8, 13, 16, 19, 20, 22, 30, 38, 43, 44, 45, 48, 51, 55, 61, 62, 63, 65, 71, 77, 84, 86, 93}
[2025-04-17 08:58:43,760] 20 Nodes of Markov blanket: [0, 4, 13, 16, 19, 20, 22, 38, 44, 48, 61, 62, 65, 69, 71, 78, 84, 86, 89, 93]
[2025-04-17 08:58:43,764] [MB metrics] precision: 1.000, recall: 0.625, acc: 0.878, f1: 0.769
[2025-04-17 08:59:32,078] sub_met2 before prunning {'fdr': 0.8632, 'tpr': 0.963, 'fpr': 1.0061, 'shd': 164, 'nnz': 190, 'precision': 0.1368, 'recall': 0.963, 'F1': 0.2396, 'gscore': 0.0}
[2025-04-17 08:59:32,078] sub_met after prunning {'fdr': 0.7835, 'tpr': 0.7778, 'fpr': 0.4663, 'shd': 81, 'nnz': 97, 'precision': 0.2165, 'recall': 0.7778, 'F1': 0.3387, 'gscore': 0.0}
[2025-04-17 08:59:32,078] 
===  14-th graph ===
[2025-04-17 08:59:32,078] 18 Nodes of True MB: [14, 19, 30, 32, 34, 35, 45, 46, 47, 49, 50, 51, 79, 83, 84, 87, 88, 91], parents: {35, 45, 79, 19, 84}, children: {87}, spouse: {32, 34, 46, 14, 47, 49, 50, 51, 83, 88, 91, 30}
[2025-04-17 08:59:32,078] 17 Nodes of Markov blanket: [14, 19, 30, 32, 34, 35, 45, 46, 47, 49, 50, 51, 79, 83, 87, 88, 91]
[2025-04-17 08:59:32,083] [MB metrics] precision: 1.000, recall: 0.944, acc: 0.989, f1: 0.971
[2025-04-17 09:00:08,578] sub_met2 before prunning {'fdr': 0.8309, 'tpr': 1.0, 'fpr': 1.0, 'shd': 113, 'nnz': 136, 'precision': 0.1691, 'recall': 1.0, 'F1': 0.2893, 'gscore': 0.0}
[2025-04-17 09:00:08,578] sub_met after prunning {'fdr': 0.7471, 'tpr': 0.9565, 'fpr': 0.5752, 'shd': 66, 'nnz': 87, 'precision': 0.2529, 'recall': 0.9565, 'F1': 0.4, 'gscore': 0.0}
[2025-04-17 09:00:08,578] 
===  15-th graph ===
[2025-04-17 09:00:08,578] 21 Nodes of True MB: [7, 11, 15, 17, 27, 36, 40, 41, 48, 53, 64, 65, 70, 72, 81, 82, 83, 84, 85, 88, 94], parents: {64, 36, 72, 48, 82, 84}, children: {41, 7}, spouse: {64, 65, 70, 40, 11, 15, 17, 81, 83, 53, 85, 88, 27, 94}
[2025-04-17 09:00:08,578] 17 Nodes of Markov blanket: [11, 15, 17, 27, 36, 41, 48, 53, 65, 70, 72, 81, 83, 84, 85, 88, 94]
[2025-04-17 09:00:08,582] [MB metrics] precision: 1.000, recall: 0.810, acc: 0.958, f1: 0.895
[2025-04-17 09:00:44,816] sub_met2 before prunning {'fdr': 0.8382, 'tpr': 1.0, 'fpr': 1.0, 'shd': 114, 'nnz': 136, 'precision': 0.1618, 'recall': 1.0, 'F1': 0.2785, 'gscore': 0.0}
[2025-04-17 09:00:44,820] sub_met after prunning {'fdr': 0.7692, 'tpr': 0.9545, 'fpr': 0.614, 'shd': 71, 'nnz': 91, 'precision': 0.2308, 'recall': 0.9545, 'F1': 0.3717, 'gscore': 0.0}
[2025-04-17 09:00:44,820] 
===  16-th graph ===
[2025-04-17 09:00:44,820] 29 Nodes of True MB: [2, 3, 4, 8, 11, 13, 16, 20, 22, 27, 28, 34, 35, 39, 43, 44, 45, 46, 48, 51, 53, 55, 56, 61, 65, 85, 90, 93, 96], parents: {96, 34, 48, 56, 90, 27, 28}, children: {51, 39}, spouse: {2, 3, 4, 8, 11, 13, 16, 20, 22, 35, 43, 44, 45, 46, 53, 55, 61, 65, 85, 93, 96}
[2025-04-17 09:00:44,820] 25 Nodes of Markov blanket: [3, 4, 11, 13, 16, 20, 22, 27, 28, 34, 35, 39, 43, 44, 45, 46, 51, 53, 55, 61, 65, 85, 90, 93, 96]
[2025-04-17 09:00:44,820] [MB metrics] precision: 1.000, recall: 0.862, acc: 0.959, f1: 0.926
[2025-04-17 09:01:58,390] sub_met2 before prunning {'fdr': 0.8733, 'tpr': 0.95, 'fpr': 1.0077, 'shd': 262, 'nnz': 300, 'precision': 0.1267, 'recall': 0.95, 'F1': 0.2235, 'gscore': 0.0}
[2025-04-17 09:01:58,390] sub_met after prunning {'fdr': 0.7875, 'tpr': 0.85, 'fpr': 0.4846, 'shd': 130, 'nnz': 160, 'precision': 0.2125, 'recall': 0.85, 'F1': 0.34, 'gscore': 0.0}
[2025-04-17 09:01:58,390] 
===  17-th graph ===
[2025-04-17 09:01:58,390] 39 Nodes of True MB: [1, 4, 5, 11, 12, 15, 17, 22, 24, 27, 30, 32, 35, 38, 40, 41, 42, 44, 45, 48, 52, 53, 56, 60, 61, 64, 65, 66, 70, 71, 79, 81, 83, 85, 86, 88, 93, 94, 98], parents: {35, 4, 83, 60, 61}, children: {66, 5, 38, 41, 42}, spouse: {1, 11, 12, 15, 17, 22, 24, 27, 30, 32, 35, 40, 44, 45, 48, 52, 53, 56, 64, 65, 70, 71, 79, 81, 85, 86, 88, 93, 94, 98}
[2025-04-17 09:01:58,390] 31 Nodes of Markov blanket: [1, 4, 11, 15, 17, 22, 24, 27, 30, 35, 38, 40, 41, 42, 44, 48, 53, 56, 60, 61, 64, 66, 70, 71, 79, 83, 86, 88, 93, 94, 98]
[2025-04-17 09:01:58,395] [MB metrics] precision: 1.000, recall: 0.795, acc: 0.919, f1: 0.886
[2025-04-17 09:03:51,927] sub_met2 before prunning {'fdr': 0.8882, 'tpr': 0.9123, 'fpr': 1.0123, 'shd': 413, 'nnz': 465, 'precision': 0.1118, 'recall': 0.9123, 'F1': 0.1992, 'gscore': 0.0}
[2025-04-17 09:03:51,927] sub_met after prunning {'fdr': 0.756, 'tpr': 0.8947, 'fpr': 0.3873, 'shd': 160, 'nnz': 209, 'precision': 0.244, 'recall': 0.8947, 'F1': 0.3835, 'gscore': 0.0}
[2025-04-17 09:03:51,927] 
===  18-th graph ===
[2025-04-17 09:03:51,931] 34 Nodes of True MB: [0, 1, 2, 4, 8, 11, 12, 18, 22, 23, 24, 27, 33, 34, 35, 36, 40, 43, 45, 55, 57, 60, 63, 68, 71, 77, 80, 81, 84, 85, 88, 91, 96, 98], parents: {36, 55}, children: {96, 1, 2, 35, 33, 98, 80, 84, 85, 24}, spouse: {0, 1, 4, 8, 11, 12, 18, 22, 23, 27, 34, 36, 40, 43, 45, 57, 60, 63, 68, 71, 77, 81, 84, 88, 91, 96}
[2025-04-17 09:03:51,931] 27 Nodes of Markov blanket: [0, 1, 8, 12, 18, 22, 23, 24, 27, 33, 34, 35, 36, 43, 45, 55, 57, 63, 68, 71, 80, 81, 85, 86, 88, 91, 96]
[2025-04-17 09:03:51,931] [MB metrics] precision: 0.963, recall: 0.765, acc: 0.909, f1: 0.852
[2025-04-17 09:05:16,786] sub_met2 before prunning {'fdr': 0.8689, 'tpr': 1.0, 'fpr': 1.0, 'shd': 305, 'nnz': 351, 'precision': 0.1311, 'recall': 1.0, 'F1': 0.2317, 'gscore': 0.0}
[2025-04-17 09:05:16,786] sub_met after prunning {'fdr': 0.5741, 'tpr': 1.0, 'fpr': 0.2033, 'shd': 62, 'nnz': 108, 'precision': 0.4259, 'recall': 1.0, 'F1': 0.5974, 'gscore': 0.0}
[2025-04-17 09:05:16,786] 
===  19-th graph ===
[2025-04-17 09:05:16,791] 35 Nodes of True MB: [0, 2, 12, 13, 14, 19, 20, 22, 23, 25, 35, 38, 45, 46, 48, 52, 61, 64, 65, 68, 69, 70, 71, 77, 78, 79, 80, 82, 84, 85, 86, 89, 90, 92, 97], parents: set(), children: {64, 97, 69, 13, 14, 25}, spouse: {0, 2, 12, 13, 19, 20, 22, 23, 35, 38, 45, 46, 48, 52, 61, 65, 68, 70, 71, 77, 78, 79, 80, 82, 84, 85, 86, 89, 90, 92}
[2025-04-17 09:05:16,791] 25 Nodes of Markov blanket: [0, 12, 13, 14, 19, 22, 25, 35, 38, 45, 46, 48, 52, 65, 68, 70, 71, 78, 79, 80, 85, 86, 89, 90, 97]
[2025-04-17 09:05:16,793] [MB metrics] precision: 1.000, recall: 0.714, acc: 0.898, f1: 0.833
[2025-04-17 09:06:30,087] sub_met2 before prunning {'fdr': 0.8933, 'tpr': 0.9143, 'fpr': 1.0113, 'shd': 268, 'nnz': 300, 'precision': 0.1067, 'recall': 0.9143, 'F1': 0.191, 'gscore': 0.0}
[2025-04-17 09:06:30,087] sub_met after prunning {'fdr': 0.8101, 'tpr': 0.8571, 'fpr': 0.483, 'shd': 130, 'nnz': 158, 'precision': 0.1899, 'recall': 0.8571, 'F1': 0.3109, 'gscore': 0.0}
[2025-04-17 09:06:30,087] 
===  20-th graph ===
[2025-04-17 09:06:30,087] 53 Nodes of True MB: [0, 2, 4, 8, 10, 11, 13, 16, 19, 20, 22, 24, 25, 26, 28, 29, 33, 36, 37, 38, 40, 41, 42, 43, 44, 45, 46, 47, 49, 51, 54, 55, 57, 58, 59, 61, 63, 65, 67, 68, 69, 70, 71, 72, 74, 79, 83, 84, 86, 89, 91, 93, 97], parents: {67}, children: {69, 70, 10, 49, 51, 57, 26, 29}, spouse: {0, 2, 4, 8, 11, 13, 16, 19, 20, 22, 24, 25, 28, 33, 36, 37, 38, 40, 41, 42, 43, 44, 45, 46, 47, 54, 55, 58, 59, 61, 63, 65, 68, 71, 72, 74, 79, 83, 84, 86, 89, 91, 93, 97}
[2025-04-17 09:06:30,087] 34 Nodes of Markov blanket: [0, 4, 10, 13, 16, 20, 28, 29, 36, 37, 38, 40, 42, 44, 45, 46, 47, 49, 51, 55, 57, 58, 59, 61, 63, 67, 68, 70, 72, 74, 84, 86, 89, 93]
[2025-04-17 09:06:30,091] [MB metrics] precision: 1.000, recall: 0.642, acc: 0.806, f1: 0.782
[2025-04-17 09:08:46,542] sub_met2 before prunning {'fdr': 0.8913, 'tpr': 0.8714, 'fpr': 1.0183, 'shd': 500, 'nnz': 561, 'precision': 0.1087, 'recall': 0.8714, 'F1': 0.1933, 'gscore': 0.0}
[2025-04-17 09:08:46,542] sub_met after prunning {'fdr': 0.8273, 'tpr': 0.8143, 'fpr': 0.556, 'shd': 278, 'nnz': 330, 'precision': 0.1727, 'recall': 0.8143, 'F1': 0.285, 'gscore': 0.0}
[2025-04-17 09:08:46,542] 
===  21-th graph ===
[2025-04-17 09:08:46,542] 20 Nodes of True MB: [1, 2, 3, 4, 8, 21, 29, 33, 39, 45, 50, 58, 59, 63, 64, 73, 74, 82, 88, 97], parents: {59, 3, 63}, children: {73, 50}, spouse: {64, 33, 1, 2, 4, 97, 39, 8, 74, 45, 82, 21, 88, 58, 29}
[2025-04-17 09:08:46,542] 19 Nodes of Markov blanket: [1, 2, 3, 4, 8, 21, 29, 33, 39, 45, 50, 58, 59, 63, 64, 73, 74, 88, 97]
[2025-04-17 09:08:46,548] [MB metrics] precision: 1.000, recall: 0.950, acc: 0.990, f1: 0.974
[2025-04-17 09:09:30,711] sub_met2 before prunning {'fdr': 0.8304, 'tpr': 0.8286, 'fpr': 1.0441, 'shd': 142, 'nnz': 171, 'precision': 0.1696, 'recall': 0.8286, 'F1': 0.2816, 'gscore': 0.0}
[2025-04-17 09:09:30,711] sub_met after prunning {'fdr': 0.7477, 'tpr': 0.8, 'fpr': 0.6103, 'shd': 87, 'nnz': 111, 'precision': 0.2523, 'recall': 0.8, 'F1': 0.3836, 'gscore': 0.0}
[2025-04-17 09:09:30,711] 
===  22-th graph ===
[2025-04-17 09:09:30,711] 51 Nodes of True MB: [0, 1, 2, 3, 4, 8, 11, 13, 16, 17, 18, 19, 20, 22, 24, 30, 31, 32, 35, 38, 39, 42, 43, 44, 45, 46, 48, 51, 52, 53, 55, 56, 57, 59, 61, 63, 65, 66, 69, 71, 73, 79, 83, 84, 85, 86, 88, 94, 95, 96, 99], parents: {32, 1, 71, 8, 43, 46, 48, 83, 55}, children: {66, 69, 39, 85, 95, 94, 31}, spouse: {0, 2, 3, 4, 8, 11, 13, 16, 17, 18, 19, 20, 22, 24, 30, 35, 38, 42, 43, 44, 45, 46, 51, 52, 53, 56, 57, 59, 61, 63, 65, 71, 73, 79, 84, 85, 86, 88, 96, 99}
[2025-04-17 09:09:30,711] 43 Nodes of Markov blanket: [1, 3, 4, 8, 13, 16, 17, 18, 19, 22, 24, 31, 32, 35, 38, 39, 42, 43, 44, 45, 46, 48, 51, 52, 53, 55, 56, 57, 59, 61, 63, 65, 66, 71, 73, 83, 84, 85, 86, 88, 94, 95, 99]
[2025-04-17 09:09:30,715] [MB metrics] precision: 1.000, recall: 0.843, acc: 0.920, f1: 0.915
[2025-04-17 09:13:12,240] sub_met2 before prunning {'fdr': 0.9302, 'tpr': 0.6117, 'fpr': 1.05, 'shd': 840, 'nnz': 903, 'precision': 0.0698, 'recall': 0.6117, 'F1': 0.1252, 'gscore': 0.0}
[2025-04-17 09:13:12,240] sub_met after prunning {'fdr': 0.8947, 'tpr': 0.5825, 'fpr': 0.6375, 'shd': 517, 'nnz': 570, 'precision': 0.1053, 'recall': 0.5825, 'F1': 0.1783, 'gscore': 0.0}
[2025-04-17 09:13:12,240] 
===  23-th graph ===
[2025-04-17 09:13:12,240] 28 Nodes of True MB: [0, 1, 2, 4, 12, 18, 19, 23, 28, 32, 35, 36, 52, 59, 61, 62, 63, 64, 68, 70, 74, 77, 80, 82, 85, 90, 91, 92], parents: set(), children: {32, 64, 74, 35}, spouse: {0, 1, 2, 4, 12, 18, 19, 23, 28, 32, 35, 36, 52, 59, 61, 62, 63, 68, 70, 77, 80, 82, 85, 90, 91, 92}
[2025-04-17 09:13:12,240] 18 Nodes of Markov blanket: [0, 1, 4, 18, 23, 28, 32, 35, 36, 52, 59, 61, 62, 63, 68, 74, 90, 91]
[2025-04-17 09:13:12,244] [MB metrics] precision: 1.000, recall: 0.643, acc: 0.892, f1: 0.783
[2025-04-17 09:13:51,055] sub_met2 before prunning {'fdr': 0.8497, 'tpr': 0.92, 'fpr': 1.0156, 'shd': 130, 'nnz': 153, 'precision': 0.1503, 'recall': 0.92, 'F1': 0.2584, 'gscore': 0.0}
[2025-04-17 09:13:51,057] sub_met after prunning {'fdr': 0.4524, 'tpr': 0.92, 'fpr': 0.1484, 'shd': 19, 'nnz': 42, 'precision': 0.5476, 'recall': 0.92, 'F1': 0.6866, 'gscore': 0.16}
[2025-04-17 09:13:51,057] 
===  24-th graph ===
[2025-04-17 09:13:51,057] 27 Nodes of True MB: [2, 6, 8, 17, 18, 20, 22, 24, 29, 35, 38, 40, 44, 46, 56, 58, 59, 71, 74, 77, 78, 85, 86, 93, 95, 96, 97], parents: {96, 71, 40, 77, 18}, children: {38, 29, 6, 95}, spouse: {2, 8, 17, 20, 22, 24, 35, 40, 44, 46, 56, 58, 59, 74, 77, 78, 85, 86, 93, 96, 97}
[2025-04-17 09:13:51,057] 12 Nodes of Markov blanket: [6, 8, 17, 18, 22, 24, 35, 44, 74, 85, 95, 96]
[2025-04-17 09:13:51,060] [MB metrics] precision: 1.000, recall: 0.444, acc: 0.847, f1: 0.615
[2025-04-17 09:14:09,910] sub_met2 before prunning {'fdr': 0.7879, 'tpr': 0.9333, 'fpr': 1.0196, 'shd': 52, 'nnz': 66, 'precision': 0.2121, 'recall': 0.9333, 'F1': 0.3457, 'gscore': 0.0}
[2025-04-17 09:14:09,910] sub_met after prunning {'fdr': 0.7917, 'tpr': 0.6667, 'fpr': 0.7451, 'shd': 42, 'nnz': 48, 'precision': 0.2083, 'recall': 0.6667, 'F1': 0.3175, 'gscore': 0.0}
[2025-04-17 09:14:09,914] 
===  25-th graph ===
[2025-04-17 09:14:09,914] 25 Nodes of True MB: [19, 20, 25, 30, 32, 36, 37, 40, 44, 45, 46, 49, 52, 57, 59, 70, 72, 75, 77, 78, 79, 86, 89, 91, 97], parents: {19, 52, 46}, children: {40, 49, 37}, spouse: {20, 25, 30, 32, 36, 40, 44, 45, 57, 59, 70, 72, 75, 77, 78, 79, 86, 89, 91, 97}
[2025-04-17 09:14:09,914] 14 Nodes of Markov blanket: [19, 25, 30, 32, 46, 57, 70, 72, 75, 77, 78, 86, 89, 91]
[2025-04-17 09:14:09,914] [MB metrics] precision: 1.000, recall: 0.560, acc: 0.888, f1: 0.718
[2025-04-17 09:14:35,029] sub_met2 before prunning {'fdr': 0.8791, 'tpr': 0.9167, 'fpr': 1.0127, 'shd': 80, 'nnz': 91, 'precision': 0.1209, 'recall': 0.9167, 'F1': 0.2136, 'gscore': 0.0}
[2025-04-17 09:14:35,029] sub_met after prunning {'fdr': 0.8302, 'tpr': 0.75, 'fpr': 0.557, 'shd': 46, 'nnz': 53, 'precision': 0.1698, 'recall': 0.75, 'F1': 0.2769, 'gscore': 0.0}
[2025-04-17 09:14:35,029] 
===  26-th graph ===
[2025-04-17 09:14:35,029] 6 Nodes of True MB: [20, 26, 41, 43, 54, 65], parents: {65, 41, 43, 20, 54}, children: set(), spouse: {26}
[2025-04-17 09:14:35,029] 5 Nodes of Markov blanket: [26, 41, 43, 54, 65]
[2025-04-17 09:14:35,033] [MB metrics] precision: 1.000, recall: 0.833, acc: 0.985, f1: 0.909
[2025-04-17 09:14:39,982] sub_met2 before prunning {'fdr': 0.3, 'tpr': 1.0, 'fpr': 1.0, 'shd': 3, 'nnz': 10, 'precision': 0.7, 'recall': 1.0, 'F1': 0.8235, 'gscore': 0.5714}
[2025-04-17 09:14:39,982] sub_met after prunning {'fdr': 0.3, 'tpr': 1.0, 'fpr': 1.0, 'shd': 3, 'nnz': 10, 'precision': 0.7, 'recall': 1.0, 'F1': 0.8235, 'gscore': 0.5714}
[2025-04-17 09:14:39,982] 
===  27-th graph ===
[2025-04-17 09:14:39,982] 30 Nodes of True MB: [8, 12, 15, 16, 17, 18, 27, 28, 32, 33, 34, 41, 46, 48, 53, 56, 63, 64, 65, 68, 71, 79, 81, 84, 85, 88, 90, 91, 94, 96], parents: set(), children: {33, 41, 79, 16, 90, 91}, spouse: {8, 12, 15, 17, 18, 27, 28, 32, 34, 46, 48, 53, 56, 63, 64, 65, 68, 71, 81, 84, 85, 88, 90, 94, 96}
[2025-04-17 09:14:39,982] 26 Nodes of Markov blanket: [8, 12, 15, 16, 17, 18, 27, 28, 33, 34, 41, 46, 48, 53, 56, 63, 64, 65, 68, 79, 85, 88, 90, 91, 94, 96]
[2025-04-17 09:14:39,986] [MB metrics] precision: 1.000, recall: 0.867, acc: 0.959, f1: 0.929
[2025-04-17 09:15:58,718] sub_met2 before prunning {'fdr': 0.8708, 'tpr': 0.9545, 'fpr': 1.0071, 'shd': 283, 'nnz': 325, 'precision': 0.1292, 'recall': 0.9545, 'F1': 0.2276, 'gscore': 0.0}
[2025-04-17 09:15:58,718] sub_met after prunning {'fdr': 0.7811, 'tpr': 0.8409, 'fpr': 0.4698, 'shd': 137, 'nnz': 169, 'precision': 0.2189, 'recall': 0.8409, 'F1': 0.3474, 'gscore': 0.0}
[2025-04-17 09:15:58,718] 
===  28-th graph ===
[2025-04-17 09:15:58,718] 37 Nodes of True MB: [0, 1, 4, 10, 11, 16, 20, 23, 27, 28, 32, 33, 34, 37, 39, 40, 42, 47, 48, 51, 52, 56, 58, 59, 60, 62, 63, 68, 74, 82, 83, 89, 90, 91, 93, 96, 97], parents: {0, 68, 48, 52, 91, 93}, children: {16, 10, 58, 74}, spouse: {1, 4, 11, 20, 23, 27, 28, 32, 33, 34, 37, 39, 40, 42, 47, 48, 51, 52, 56, 59, 60, 62, 63, 68, 82, 83, 89, 90, 93, 96, 97}
[2025-04-17 09:15:58,718] 30 Nodes of Markov blanket: [0, 1, 4, 11, 16, 20, 23, 27, 28, 32, 34, 39, 42, 47, 51, 52, 58, 59, 60, 62, 63, 74, 82, 83, 89, 90, 91, 93, 96, 97]
[2025-04-17 09:15:58,722] [MB metrics] precision: 1.000, recall: 0.811, acc: 0.929, f1: 0.896
[2025-04-17 09:17:44,810] sub_met2 before prunning {'fdr': 0.8897, 'tpr': 0.9412, 'fpr': 1.0078, 'shd': 387, 'nnz': 435, 'precision': 0.1103, 'recall': 0.9412, 'F1': 0.1975, 'gscore': 0.0}
[2025-04-17 09:17:44,810] sub_met after prunning {'fdr': 0.7546, 'tpr': 0.7843, 'fpr': 0.3203, 'shd': 131, 'nnz': 163, 'precision': 0.2454, 'recall': 0.7843, 'F1': 0.3738, 'gscore': 0.0}
[2025-04-17 09:17:44,810] 
===  29-th graph ===
[2025-04-17 09:17:44,810] 15 Nodes of True MB: [20, 21, 24, 29, 33, 44, 45, 46, 58, 64, 73, 74, 82, 88, 97], parents: {97, 74, 44, 46, 20, 24, 58}, children: {73}, spouse: {64, 33, 45, 82, 21, 88, 29}
[2025-04-17 09:17:44,810] 12 Nodes of Markov blanket: [20, 21, 29, 33, 45, 46, 58, 64, 73, 74, 88, 97]
[2025-04-17 09:17:44,815] [MB metrics] precision: 1.000, recall: 0.800, acc: 0.969, f1: 0.889
[2025-04-17 09:18:03,718] sub_met2 before prunning {'fdr': 0.803, 'tpr': 1.0, 'fpr': 1.0, 'shd': 53, 'nnz': 66, 'precision': 0.197, 'recall': 1.0, 'F1': 0.3291, 'gscore': 0.0}
[2025-04-17 09:18:03,718] sub_met after prunning {'fdr': 0.7451, 'tpr': 1.0, 'fpr': 0.717, 'shd': 38, 'nnz': 51, 'precision': 0.2549, 'recall': 1.0, 'F1': 0.4062, 'gscore': 0.0}
[2025-04-17 09:18:03,718] 
===  30-th graph ===
[2025-04-17 09:18:03,723] 39 Nodes of True MB: [0, 6, 13, 14, 17, 22, 25, 30, 32, 34, 36, 37, 43, 45, 46, 47, 48, 49, 50, 51, 53, 54, 59, 61, 62, 63, 65, 66, 72, 75, 77, 78, 79, 83, 86, 87, 88, 89, 91], parents: {0, 61, 86}, children: {66, 37, 53, 54, 87}, spouse: {6, 13, 14, 17, 22, 25, 30, 32, 34, 36, 43, 45, 46, 47, 48, 49, 50, 51, 59, 62, 63, 65, 72, 75, 77, 78, 79, 83, 86, 88, 89, 91}
[2025-04-17 09:18:03,723] 30 Nodes of Markov blanket: [0, 14, 17, 25, 30, 32, 34, 36, 37, 46, 47, 49, 50, 51, 53, 59, 61, 62, 66, 72, 75, 77, 78, 79, 83, 86, 87, 88, 89, 91]
[2025-04-17 09:18:03,723] [MB metrics] precision: 1.000, recall: 0.769, acc: 0.902, f1: 0.870
[2025-04-17 09:19:49,374] sub_met2 before prunning {'fdr': 0.954, 'tpr': 0.3636, 'fpr': 1.0921, 'shd': 415, 'nnz': 435, 'precision': 0.046, 'recall': 0.3636, 'F1': 0.0816, 'gscore': 0.0}
[2025-04-17 09:19:49,374] sub_met after prunning {'fdr': 0.9369, 'tpr': 0.3455, 'fpr': 0.7421, 'shd': 289, 'nnz': 301, 'precision': 0.0631, 'recall': 0.3455, 'F1': 0.1067, 'gscore': 0.0}
[2025-04-17 09:19:49,374] 
===  31-th graph ===
[2025-04-17 09:19:49,374] 11 Nodes of True MB: [0, 8, 22, 31, 38, 51, 52, 56, 59, 63, 73], parents: {0, 38, 8, 73, 51, 52, 22, 56, 59, 63}, children: set(), spouse: {31}
[2025-04-17 09:19:49,378] 8 Nodes of Markov blanket: [8, 22, 31, 51, 52, 56, 59, 63]
[2025-04-17 09:19:49,378] [MB metrics] precision: 1.000, recall: 0.727, acc: 0.959, f1: 0.842
[2025-04-17 09:19:58,921] sub_met2 before prunning {'fdr': 0.6429, 'tpr': 1.0, 'fpr': 1.0, 'shd': 18, 'nnz': 28, 'precision': 0.3571, 'recall': 1.0, 'F1': 0.5263, 'gscore': 0.0}
[2025-04-17 09:19:58,921] sub_met after prunning {'fdr': 0.5625, 'tpr': 0.7, 'fpr': 0.5, 'shd': 12, 'nnz': 16, 'precision': 0.4375, 'recall': 0.7, 'F1': 0.5385, 'gscore': 0.0}
[2025-04-17 09:19:58,921] 
===  32-th graph ===
[2025-04-17 09:19:58,921] 45 Nodes of True MB: [1, 2, 4, 5, 8, 12, 14, 17, 22, 23, 25, 27, 28, 30, 32, 34, 36, 37, 43, 45, 46, 47, 48, 49, 50, 51, 52, 55, 59, 61, 62, 63, 71, 72, 74, 75, 77, 78, 79, 81, 83, 87, 88, 89, 91], parents: {1, 23, 91, 61, 63}, children: {37, 5, 74, 78, 79, 22, 87}, spouse: {1, 2, 4, 8, 12, 14, 17, 23, 25, 27, 28, 30, 32, 34, 36, 43, 45, 46, 47, 48, 49, 50, 51, 52, 55, 59, 62, 71, 72, 75, 77, 78, 79, 81, 83, 88, 89, 91}
[2025-04-17 09:19:58,921] 37 Nodes of Markov blanket: [2, 4, 5, 8, 14, 22, 23, 25, 28, 30, 32, 34, 36, 37, 43, 45, 47, 49, 50, 51, 52, 55, 59, 61, 62, 63, 71, 72, 74, 75, 77, 81, 83, 87, 88, 89, 91]
[2025-04-17 09:19:58,925] [MB metrics] precision: 1.000, recall: 0.822, acc: 0.913, f1: 0.902
[2025-04-17 09:22:37,243] sub_met2 before prunning {'fdr': 0.952, 'tpr': 0.4051, 'fpr': 1.0801, 'shd': 634, 'nnz': 666, 'precision': 0.048, 'recall': 0.4051, 'F1': 0.0859, 'gscore': 0.0}
[2025-04-17 09:22:37,243] sub_met after prunning {'fdr': 0.9363, 'tpr': 0.3671, 'fpr': 0.7257, 'shd': 435, 'nnz': 455, 'precision': 0.0637, 'recall': 0.3671, 'F1': 0.1086, 'gscore': 0.0}
[2025-04-17 09:22:37,243] 
===  33-th graph ===
[2025-04-17 09:22:37,243] 26 Nodes of True MB: [8, 10, 11, 12, 18, 20, 21, 27, 28, 29, 33, 37, 40, 42, 45, 47, 63, 64, 68, 73, 82, 83, 84, 88, 89, 93], parents: {68, 8, 12, 18, 84, 27, 63}, children: {73, 10}, spouse: {11, 20, 21, 28, 29, 33, 37, 40, 42, 45, 47, 63, 64, 68, 82, 83, 88, 89, 93}
[2025-04-17 09:22:37,243] 20 Nodes of Markov blanket: [8, 11, 12, 18, 21, 27, 29, 33, 42, 45, 47, 63, 64, 68, 73, 83, 84, 88, 89, 93]
[2025-04-17 09:22:37,247] [MB metrics] precision: 1.000, recall: 0.769, acc: 0.936, f1: 0.870
[2025-04-17 09:23:25,386] sub_met2 before prunning {'fdr': 0.8842, 'tpr': 0.88, 'fpr': 1.0182, 'shd': 168, 'nnz': 190, 'precision': 0.1158, 'recall': 0.88, 'F1': 0.2047, 'gscore': 0.0}
[2025-04-17 09:23:25,386] sub_met after prunning {'fdr': 0.7879, 'tpr': 0.84, 'fpr': 0.4727, 'shd': 80, 'nnz': 99, 'precision': 0.2121, 'recall': 0.84, 'F1': 0.3387, 'gscore': 0.0}
[2025-04-17 09:23:25,386] 
===  34-th graph ===
[2025-04-17 09:23:25,386] 25 Nodes of True MB: [4, 11, 14, 16, 18, 27, 28, 30, 32, 34, 46, 47, 48, 49, 50, 51, 52, 56, 83, 87, 88, 90, 91, 96, 98], parents: {96}, children: {98, 16, 83, 52, 87}, spouse: {4, 11, 14, 18, 27, 28, 30, 32, 34, 46, 47, 48, 49, 50, 51, 56, 83, 88, 90, 91, 96}
[2025-04-17 09:23:25,386] 18 Nodes of Markov blanket: [4, 14, 16, 18, 27, 28, 30, 32, 34, 47, 48, 50, 51, 83, 88, 90, 91, 98]
[2025-04-17 09:23:25,390] [MB metrics] precision: 1.000, recall: 0.720, acc: 0.929, f1: 0.837
[2025-04-17 09:24:05,240] sub_met2 before prunning {'fdr': 0.8758, 'tpr': 1.0, 'fpr': 1.0, 'shd': 134, 'nnz': 153, 'precision': 0.1242, 'recall': 1.0, 'F1': 0.2209, 'gscore': 0.0}
[2025-04-17 09:24:05,240] sub_met after prunning {'fdr': 0.7831, 'tpr': 0.9474, 'fpr': 0.4851, 'shd': 66, 'nnz': 83, 'precision': 0.2169, 'recall': 0.9474, 'F1': 0.3529, 'gscore': 0.0}
[2025-04-17 09:24:05,240] 
===  35-th graph ===
[2025-04-17 09:24:05,240] 45 Nodes of True MB: [0, 2, 3, 4, 11, 12, 14, 16, 17, 18, 19, 22, 23, 24, 35, 36, 38, 39, 40, 43, 44, 45, 46, 50, 53, 56, 60, 61, 64, 65, 68, 70, 76, 77, 79, 80, 82, 83, 84, 85, 86, 90, 92, 93, 96], parents: {0, 18, 36, 23}, children: {64, 38, 39, 76, 14, 17}, spouse: {2, 3, 4, 11, 12, 16, 17, 19, 22, 23, 24, 35, 38, 40, 43, 44, 45, 46, 50, 53, 56, 60, 61, 65, 68, 70, 77, 79, 80, 82, 83, 84, 85, 86, 90, 92, 93, 96}
[2025-04-17 09:24:05,240] 35 Nodes of Markov blanket: [0, 3, 4, 11, 14, 16, 17, 18, 19, 22, 23, 24, 35, 36, 38, 39, 40, 43, 44, 46, 50, 53, 56, 60, 61, 65, 76, 79, 80, 83, 84, 85, 86, 93, 96]
[2025-04-17 09:24:05,244] [MB metrics] precision: 1.000, recall: 0.778, acc: 0.897, f1: 0.875
[2025-04-17 09:26:28,332] sub_met2 before prunning {'fdr': 0.9395, 'tpr': 0.5455, 'fpr': 1.0567, 'shd': 559, 'nnz': 595, 'precision': 0.0605, 'recall': 0.5455, 'F1': 0.1089, 'gscore': 0.0}
[2025-04-17 09:26:28,332] sub_met after prunning {'fdr': 0.9079, 'tpr': 0.5303, 'fpr': 0.6522, 'shd': 349, 'nnz': 380, 'precision': 0.0921, 'recall': 0.5303, 'F1': 0.157, 'gscore': 0.0}
[2025-04-17 09:26:28,332] 
===  36-th graph ===
[2025-04-17 09:26:28,332] 33 Nodes of True MB: [0, 15, 18, 20, 23, 25, 30, 32, 35, 36, 37, 40, 43, 44, 45, 48, 49, 55, 59, 64, 67, 72, 75, 77, 78, 79, 82, 84, 86, 88, 89, 91, 97], parents: set(), children: {35, 67, 37, 15, 49, 18, 88}, spouse: {0, 18, 20, 23, 25, 30, 32, 36, 40, 43, 44, 45, 48, 55, 59, 64, 67, 72, 75, 77, 78, 79, 82, 84, 86, 89, 91, 97}
[2025-04-17 09:26:28,332] 27 Nodes of Markov blanket: [0, 15, 18, 20, 23, 30, 32, 35, 36, 37, 40, 43, 45, 48, 49, 55, 64, 67, 75, 77, 78, 79, 84, 86, 89, 91, 97]
[2025-04-17 09:26:28,336] [MB metrics] precision: 1.000, recall: 0.818, acc: 0.939, f1: 0.900
[2025-04-17 09:27:54,286] sub_met2 before prunning {'fdr': 0.8718, 'tpr': 1.0, 'fpr': 1.0, 'shd': 306, 'nnz': 351, 'precision': 0.1282, 'recall': 1.0, 'F1': 0.2273, 'gscore': 0.0}
[2025-04-17 09:27:54,291] sub_met after prunning {'fdr': 0.7586, 'tpr': 0.9333, 'fpr': 0.4314, 'shd': 135, 'nnz': 174, 'precision': 0.2414, 'recall': 0.9333, 'F1': 0.3836, 'gscore': 0.0}
[2025-04-17 09:27:54,291] 
===  37-th graph ===
[2025-04-17 09:27:54,291] 24 Nodes of True MB: [10, 11, 20, 25, 28, 30, 32, 33, 36, 37, 40, 42, 47, 59, 63, 68, 72, 75, 77, 78, 83, 89, 91, 93], parents: {32, 89, 36, 72, 91, 75, 77, 78, 25, 59, 30}, children: {10}, spouse: {33, 68, 37, 40, 42, 11, 47, 83, 20, 89, 28, 93, 63}
[2025-04-17 09:27:54,291] 19 Nodes of Markov blanket: [11, 20, 30, 32, 36, 37, 40, 42, 47, 63, 68, 72, 75, 77, 78, 83, 89, 91, 93]
[2025-04-17 09:27:54,291] [MB metrics] precision: 1.000, recall: 0.792, acc: 0.947, f1: 0.884
[2025-04-17 09:28:39,026] sub_met2 before prunning {'fdr': 0.883, 'tpr': 1.0, 'fpr': 1.0, 'shd': 151, 'nnz': 171, 'precision': 0.117, 'recall': 1.0, 'F1': 0.2094, 'gscore': 0.0}
[2025-04-17 09:28:39,026] sub_met after prunning {'fdr': 0.8119, 'tpr': 0.95, 'fpr': 0.543, 'shd': 83, 'nnz': 101, 'precision': 0.1881, 'recall': 0.95, 'F1': 0.314, 'gscore': 0.0}
[2025-04-17 09:28:39,026] 
===  38-th graph ===
[2025-04-17 09:28:39,026] 29 Nodes of True MB: [0, 2, 8, 13, 17, 19, 20, 22, 24, 31, 35, 38, 40, 44, 50, 51, 52, 56, 59, 63, 65, 69, 71, 73, 76, 84, 85, 86, 93], parents: {35, 40, 44, 17, 86, 24, 56, 93}, children: {76, 69, 31}, spouse: {0, 2, 8, 13, 19, 20, 22, 35, 38, 50, 51, 52, 56, 59, 63, 65, 71, 73, 84, 85}
[2025-04-17 09:28:39,026] 23 Nodes of Markov blanket: [0, 2, 8, 13, 17, 19, 20, 22, 35, 38, 40, 44, 50, 51, 52, 56, 59, 63, 65, 69, 71, 84, 85]
[2025-04-17 09:28:39,030] [MB metrics] precision: 1.000, recall: 0.793, acc: 0.936, f1: 0.885
[2025-04-17 09:29:41,233] sub_met2 before prunning {'fdr': 0.8656, 'tpr': 1.0, 'fpr': 1.0, 'shd': 219, 'nnz': 253, 'precision': 0.1344, 'recall': 1.0, 'F1': 0.2369, 'gscore': 0.0}
[2025-04-17 09:29:41,233] sub_met after prunning {'fdr': 0.7961, 'tpr': 0.9118, 'fpr': 0.5525, 'shd': 124, 'nnz': 152, 'precision': 0.2039, 'recall': 0.9118, 'F1': 0.3333, 'gscore': 0.0}
[2025-04-17 09:29:41,233] 
===  39-th graph ===
[2025-04-17 09:29:41,233] 28 Nodes of True MB: [1, 2, 3, 4, 8, 11, 16, 21, 22, 28, 35, 39, 43, 44, 45, 46, 50, 51, 53, 58, 60, 61, 65, 74, 82, 85, 96, 97], parents: {96, 65, 3, 35, 11, 43, 44, 45, 46, 16, 53, 22, 85, 61}, children: {50, 58}, spouse: {1, 2, 97, 4, 39, 8, 74, 60, 82, 51, 21, 58, 28}
[2025-04-17 09:29:41,233] 25 Nodes of Markov blanket: [1, 2, 3, 4, 8, 11, 16, 21, 22, 28, 35, 39, 44, 46, 50, 51, 53, 58, 61, 65, 74, 82, 85, 96, 97]
[2025-04-17 09:29:41,237] [MB metrics] precision: 1.000, recall: 0.893, acc: 0.969, f1: 0.943
[2025-04-17 09:30:54,607] sub_met2 before prunning {'fdr': 0.8433, 'tpr': 0.9592, 'fpr': 1.008, 'shd': 253, 'nnz': 300, 'precision': 0.1567, 'recall': 0.9592, 'F1': 0.2693, 'gscore': 0.0}
[2025-04-17 09:30:54,612] sub_met after prunning {'fdr': 0.7739, 'tpr': 0.9184, 'fpr': 0.6135, 'shd': 156, 'nnz': 199, 'precision': 0.2261, 'recall': 0.9184, 'F1': 0.3629, 'gscore': 0.0}
[2025-04-17 09:30:54,612] 
===  40-th graph ===
[2025-04-17 09:30:54,612] 37 Nodes of True MB: [7, 10, 11, 15, 17, 18, 20, 24, 25, 28, 33, 35, 36, 37, 38, 40, 42, 44, 45, 47, 49, 56, 57, 59, 63, 64, 68, 70, 71, 77, 79, 83, 86, 89, 93, 96, 97], parents: {25, 59, 70, 57}, children: {38, 7, 10, 49, 24}, spouse: {11, 15, 17, 18, 20, 24, 25, 28, 33, 35, 36, 37, 40, 42, 44, 45, 47, 56, 63, 64, 68, 70, 71, 77, 79, 83, 86, 89, 93, 96, 97}
[2025-04-17 09:30:54,612] 26 Nodes of Markov blanket: [7, 10, 17, 20, 35, 36, 37, 38, 40, 42, 44, 45, 47, 49, 56, 57, 59, 63, 68, 77, 79, 86, 89, 93, 96, 97]
[2025-04-17 09:30:54,612] [MB metrics] precision: 1.000, recall: 0.703, acc: 0.888, f1: 0.825
[2025-04-17 09:32:13,727] sub_met2 before prunning {'fdr': 0.8585, 'tpr': 0.9787, 'fpr': 1.0036, 'shd': 279, 'nnz': 325, 'precision': 0.1415, 'recall': 0.9787, 'F1': 0.2473, 'gscore': 0.0}
[2025-04-17 09:32:13,727] sub_met after prunning {'fdr': 0.7828, 'tpr': 0.9149, 'fpr': 0.5576, 'shd': 158, 'nnz': 198, 'precision': 0.2172, 'recall': 0.9149, 'F1': 0.351, 'gscore': 0.0}
[2025-04-17 09:32:13,727] 
===  41-th graph ===
[2025-04-17 09:32:13,727] 15 Nodes of True MB: [15, 17, 20, 26, 27, 41, 43, 53, 54, 64, 65, 81, 85, 88, 94], parents: {64, 65, 15, 17, 81, 53, 85, 88, 27, 94}, children: {26}, spouse: {65, 41, 43, 20, 54}
[2025-04-17 09:32:13,727] 12 Nodes of Markov blanket: [15, 17, 26, 27, 41, 43, 53, 54, 64, 65, 88, 94]
[2025-04-17 09:32:13,731] [MB metrics] precision: 1.000, recall: 0.800, acc: 0.968, f1: 0.889
[2025-04-17 09:32:32,868] sub_met2 before prunning {'fdr': 0.7727, 'tpr': 0.9375, 'fpr': 1.02, 'shd': 51, 'nnz': 66, 'precision': 0.2273, 'recall': 0.9375, 'F1': 0.3659, 'gscore': 0.0}
[2025-04-17 09:32:32,868] sub_met after prunning {'fdr': 0.7273, 'tpr': 0.9375, 'fpr': 0.8, 'shd': 40, 'nnz': 55, 'precision': 0.2727, 'recall': 0.9375, 'F1': 0.4225, 'gscore': 0.0}
[2025-04-17 09:32:32,868] 
===  42-th graph ===
[2025-04-17 09:32:32,868] 33 Nodes of True MB: [1, 4, 9, 10, 11, 17, 20, 22, 28, 33, 37, 40, 42, 44, 47, 48, 57, 60, 63, 65, 68, 70, 71, 80, 81, 83, 84, 89, 91, 93, 94, 98, 99], parents: {1, 98, 70, 71, 11, 48, 17}, children: {65, 9, 10, 94}, spouse: {4, 11, 20, 22, 28, 33, 37, 40, 42, 44, 47, 48, 57, 60, 63, 68, 80, 81, 83, 84, 89, 91, 93, 99}
[2025-04-17 09:32:32,868] 30 Nodes of Markov blanket: [1, 4, 9, 10, 11, 17, 20, 22, 28, 33, 37, 40, 42, 47, 48, 57, 60, 63, 65, 68, 71, 81, 83, 84, 89, 91, 93, 94, 98, 99]
[2025-04-17 09:32:32,872] [MB metrics] precision: 1.000, recall: 0.909, acc: 0.970, f1: 0.952
[2025-04-17 09:34:18,306] sub_met2 before prunning {'fdr': 0.846, 'tpr': 0.971, 'fpr': 1.0055, 'shd': 368, 'nnz': 435, 'precision': 0.154, 'recall': 0.971, 'F1': 0.2659, 'gscore': 0.0}
[2025-04-17 09:34:18,306] sub_met after prunning {'fdr': 0.7382, 'tpr': 0.8841, 'fpr': 0.4699, 'shd': 178, 'nnz': 233, 'precision': 0.2618, 'recall': 0.8841, 'F1': 0.404, 'gscore': 0.0}
[2025-04-17 09:34:18,306] 
===  43-th graph ===
[2025-04-17 09:34:18,306] 43 Nodes of True MB: [1, 3, 6, 8, 11, 12, 13, 16, 18, 20, 22, 26, 30, 32, 35, 36, 39, 41, 43, 44, 45, 46, 48, 51, 53, 54, 55, 57, 60, 61, 62, 63, 65, 67, 68, 71, 77, 82, 83, 84, 85, 88, 96], parents: {11}, children: {39, 82, 85, 54, 22, 88, 26}, spouse: {1, 3, 6, 8, 11, 12, 13, 16, 18, 20, 22, 30, 32, 35, 36, 41, 43, 44, 45, 46, 48, 51, 53, 54, 55, 57, 60, 61, 62, 63, 65, 67, 68, 71, 77, 83, 84, 85, 88, 96}
[2025-04-17 09:34:18,306] 33 Nodes of Markov blanket: [1, 3, 6, 8, 12, 16, 18, 22, 26, 32, 35, 36, 41, 43, 44, 46, 53, 54, 55, 57, 60, 61, 65, 67, 68, 71, 77, 82, 83, 84, 85, 88, 96]
[2025-04-17 09:34:18,310] [MB metrics] precision: 1.000, recall: 0.767, acc: 0.897, f1: 0.868
[2025-04-17 09:36:28,422] sub_met2 before prunning {'fdr': 0.8902, 'tpr': 0.9355, 'fpr': 1.0086, 'shd': 470, 'nnz': 528, 'precision': 0.1098, 'recall': 0.9355, 'F1': 0.1966, 'gscore': 0.0}
[2025-04-17 09:36:28,422] sub_met after prunning {'fdr': 0.797, 'tpr': 0.871, 'fpr': 0.4549, 'shd': 217, 'nnz': 266, 'precision': 0.203, 'recall': 0.871, 'F1': 0.3293, 'gscore': 0.0}
[2025-04-17 09:36:28,422] 
===  44-th graph ===
[2025-04-17 09:36:28,422] 48 Nodes of True MB: [2, 3, 4, 8, 9, 11, 13, 16, 17, 20, 22, 24, 25, 29, 35, 36, 38, 39, 40, 42, 43, 44, 45, 46, 48, 49, 51, 53, 55, 56, 57, 58, 60, 61, 65, 74, 79, 80, 81, 84, 85, 86, 88, 89, 91, 93, 96, 97], parents: {8, 2, 88}, children: {65, 38, 39, 9, 49, 51, 29}, spouse: {2, 3, 4, 8, 11, 13, 16, 17, 20, 22, 24, 25, 35, 36, 40, 42, 43, 44, 45, 46, 48, 53, 55, 56, 57, 58, 60, 61, 65, 74, 79, 80, 81, 84, 85, 86, 89, 91, 93, 96, 97}
[2025-04-17 09:36:28,422] 38 Nodes of Markov blanket: [2, 3, 4, 8, 9, 11, 13, 16, 17, 20, 22, 24, 35, 38, 39, 40, 43, 44, 45, 46, 48, 51, 53, 55, 56, 57, 60, 61, 65, 74, 80, 81, 84, 85, 86, 91, 93, 96]
[2025-04-17 09:36:28,426] [MB metrics] precision: 1.000, recall: 0.792, acc: 0.898, f1: 0.884
[2025-04-17 09:39:15,205] sub_met2 before prunning {'fdr': 0.8862, 'tpr': 0.9524, 'fpr': 1.0065, 'shd': 623, 'nnz': 703, 'precision': 0.1138, 'recall': 0.9524, 'F1': 0.2033, 'gscore': 0.0}
[2025-04-17 09:39:15,205] sub_met after prunning {'fdr': 0.7322, 'tpr': 0.9405, 'fpr': 0.3489, 'shd': 217, 'nnz': 295, 'precision': 0.2678, 'recall': 0.9405, 'F1': 0.4169, 'gscore': 0.0}
[2025-04-17 09:39:15,205] 
===  45-th graph ===
[2025-04-17 09:39:15,205] 56 Nodes of True MB: [1, 3, 5, 6, 8, 11, 12, 13, 14, 16, 17, 18, 19, 20, 21, 22, 25, 29, 30, 32, 33, 35, 36, 39, 40, 43, 44, 45, 46, 48, 49, 51, 52, 53, 54, 56, 61, 62, 63, 64, 65, 73, 77, 79, 80, 81, 82, 83, 84, 85, 86, 88, 89, 91, 96, 97], parents: {46}, children: {1, 5, 39, 8, 73, 14, 49, 54, 56, 89}, spouse: {3, 6, 11, 12, 13, 16, 17, 18, 19, 20, 21, 22, 25, 29, 30, 32, 33, 35, 36, 40, 43, 44, 45, 46, 48, 51, 52, 53, 61, 62, 63, 64, 65, 77, 79, 80, 81, 82, 83, 84, 85, 86, 88, 91, 96, 97}
[2025-04-17 09:39:15,205] 42 Nodes of Markov blanket: [1, 3, 5, 6, 8, 11, 12, 14, 16, 18, 19, 20, 21, 22, 29, 32, 33, 36, 40, 44, 45, 48, 49, 52, 53, 54, 56, 61, 62, 63, 64, 65, 73, 77, 79, 81, 84, 86, 88, 89, 96, 97]
[2025-04-17 09:39:15,205] [MB metrics] precision: 1.000, recall: 0.750, acc: 0.857, f1: 0.857
[2025-04-17 09:42:43,432] sub_met2 before prunning {'fdr': 0.9443, 'tpr': 0.5455, 'fpr': 1.0517, 'shd': 813, 'nnz': 861, 'precision': 0.0557, 'recall': 0.5455, 'F1': 0.1012, 'gscore': 0.0}
[2025-04-17 09:42:43,432] sub_met after prunning {'fdr': 0.9243, 'tpr': 0.4886, 'fpr': 0.6792, 'shd': 537, 'nnz': 568, 'precision': 0.0757, 'recall': 0.4886, 'F1': 0.1311, 'gscore': 0.0}
[2025-04-17 09:42:43,432] 
===  46-th graph ===
[2025-04-17 09:42:43,432] 43 Nodes of True MB: [1, 3, 8, 11, 14, 16, 19, 20, 22, 24, 25, 27, 29, 30, 32, 34, 35, 39, 43, 44, 45, 46, 47, 48, 49, 50, 51, 52, 53, 55, 58, 61, 65, 71, 74, 79, 83, 85, 87, 88, 91, 96, 97], parents: set(), children: {39, 45, 79, 22, 87, 25, 29}, spouse: {1, 3, 8, 11, 14, 16, 19, 20, 22, 24, 27, 30, 32, 34, 35, 43, 44, 45, 46, 47, 48, 49, 50, 51, 52, 53, 55, 58, 61, 65, 71, 74, 83, 85, 88, 91, 96, 97}
[2025-04-17 09:42:43,432] 33 Nodes of Markov blanket: [1, 3, 8, 11, 14, 16, 19, 20, 22, 25, 27, 29, 30, 35, 39, 43, 44, 46, 47, 48, 50, 52, 53, 55, 58, 61, 65, 74, 83, 85, 88, 96, 97]
[2025-04-17 09:42:43,436] [MB metrics] precision: 1.000, recall: 0.767, acc: 0.898, f1: 0.868
[2025-04-17 09:44:53,069] sub_met2 before prunning {'fdr': 0.8864, 'tpr': 0.9375, 'fpr': 1.0086, 'shd': 468, 'nnz': 528, 'precision': 0.1136, 'recall': 0.9375, 'F1': 0.2027, 'gscore': 0.0}
[2025-04-17 09:44:53,069] sub_met after prunning {'fdr': 0.7891, 'tpr': 0.9062, 'fpr': 0.4677, 'shd': 220, 'nnz': 275, 'precision': 0.2109, 'recall': 0.9062, 'F1': 0.3422, 'gscore': 0.0}
[2025-04-17 09:44:53,069] 
===  47-th graph ===
[2025-04-17 09:44:53,069] 29 Nodes of True MB: [4, 10, 11, 14, 20, 28, 30, 32, 33, 34, 37, 40, 42, 46, 47, 49, 50, 51, 61, 63, 68, 83, 86, 87, 88, 89, 91, 93, 96], parents: {96, 4, 11, 86, 89, 61}, children: {10, 87}, spouse: {11, 14, 20, 28, 30, 32, 33, 34, 37, 40, 42, 46, 47, 49, 50, 51, 63, 68, 83, 88, 89, 91, 93}
[2025-04-17 09:44:53,069] 28 Nodes of Markov blanket: [4, 10, 11, 14, 20, 28, 30, 32, 33, 34, 37, 40, 42, 46, 47, 49, 50, 51, 61, 63, 68, 83, 86, 87, 88, 91, 93, 96]
[2025-04-17 09:44:53,073] [MB metrics] precision: 1.000, recall: 0.966, acc: 0.990, f1: 0.982
[2025-04-17 09:46:23,248] sub_met2 before prunning {'fdr': 0.9471, 'tpr': 0.3509, 'fpr': 1.1153, 'shd': 358, 'nnz': 378, 'precision': 0.0529, 'recall': 0.3509, 'F1': 0.092, 'gscore': 0.0}
[2025-04-17 09:46:23,248] sub_met after prunning {'fdr': 0.9394, 'tpr': 0.3158, 'fpr': 0.8692, 'shd': 285, 'nnz': 297, 'precision': 0.0606, 'recall': 0.3158, 'F1': 0.1017, 'gscore': 0.0}
[2025-04-17 09:46:23,248] 
===  48-th graph ===
[2025-04-17 09:46:23,248] 54 Nodes of True MB: [0, 1, 6, 8, 11, 12, 13, 15, 16, 17, 19, 22, 27, 28, 30, 32, 34, 36, 42, 43, 44, 45, 46, 48, 51, 52, 54, 55, 56, 57, 60, 62, 63, 64, 65, 67, 68, 70, 71, 72, 77, 78, 80, 81, 82, 83, 84, 86, 89, 90, 91, 93, 96, 98], parents: {96, 86}, children: {65, 42, 13, 15, 16, 82, 22, 54, 28}, spouse: {0, 1, 6, 8, 11, 12, 13, 17, 19, 27, 28, 30, 32, 34, 36, 42, 43, 44, 45, 46, 48, 51, 52, 55, 56, 57, 60, 62, 63, 64, 65, 67, 68, 70, 71, 72, 77, 78, 80, 81, 82, 83, 84, 89, 90, 91, 93, 96, 98}
[2025-04-17 09:46:23,252] 44 Nodes of Markov blanket: [0, 1, 6, 8, 11, 12, 13, 15, 17, 19, 22, 27, 34, 36, 42, 44, 45, 46, 48, 52, 55, 57, 60, 62, 63, 64, 65, 67, 68, 72, 77, 78, 80, 81, 82, 83, 84, 86, 89, 90, 91, 93, 96, 98]
[2025-04-17 09:46:23,252] [MB metrics] precision: 1.000, recall: 0.815, acc: 0.899, f1: 0.898
[2025-04-17 09:50:12,992] sub_met2 before prunning {'fdr': 0.908, 'tpr': 0.9775, 'fpr': 1.0023, 'shd': 859, 'nnz': 946, 'precision': 0.092, 'recall': 0.9775, 'F1': 0.1681, 'gscore': 0.0}
[2025-04-17 09:50:12,992] sub_met after prunning {'fdr': 0.6779, 'tpr': 0.9663, 'fpr': 0.2112, 'shd': 182, 'nnz': 267, 'precision': 0.3221, 'recall': 0.9663, 'F1': 0.4831, 'gscore': 0.0}
[2025-04-17 09:50:12,992] 
===  49-th graph ===
[2025-04-17 09:50:12,992] 22 Nodes of True MB: [14, 20, 25, 30, 32, 34, 36, 40, 44, 45, 46, 47, 49, 50, 51, 79, 83, 86, 87, 88, 91, 97], parents: {97, 36, 40, 44, 45, 79, 20, 86, 25}, children: {87}, spouse: {32, 34, 14, 46, 47, 49, 50, 51, 83, 88, 91, 30}
[2025-04-17 09:50:12,992] 17 Nodes of Markov blanket: [14, 20, 30, 32, 36, 40, 45, 47, 49, 50, 51, 79, 83, 86, 88, 91, 97]
[2025-04-17 09:50:12,997] [MB metrics] precision: 1.000, recall: 0.773, acc: 0.949, f1: 0.872
[2025-04-17 09:50:48,528] sub_met2 before prunning {'fdr': 0.875, 'tpr': 1.0, 'fpr': 1.0, 'shd': 119, 'nnz': 136, 'precision': 0.125, 'recall': 1.0, 'F1': 0.2222, 'gscore': 0.0}
[2025-04-17 09:50:48,528] sub_met after prunning {'fdr': 0.8351, 'tpr': 0.9412, 'fpr': 0.6807, 'shd': 82, 'nnz': 97, 'precision': 0.1649, 'recall': 0.9412, 'F1': 0.2807, 'gscore': 0.0}
[2025-04-17 09:50:48,528] 
===  50-th graph ===
[2025-04-17 09:50:48,528] 26 Nodes of True MB: [1, 2, 4, 8, 14, 21, 30, 32, 34, 35, 38, 39, 46, 47, 49, 50, 51, 58, 74, 76, 83, 85, 87, 88, 91, 97], parents: {1, 2, 97, 4, 39, 8, 74, 21, 58}, children: {76, 87}, spouse: {32, 34, 35, 38, 14, 46, 47, 49, 50, 51, 83, 85, 88, 91, 30}
[2025-04-17 09:50:48,528] 25 Nodes of Markov blanket: [2, 4, 8, 14, 21, 30, 32, 34, 35, 38, 39, 46, 47, 49, 50, 51, 58, 74, 76, 83, 85, 87, 88, 91, 97]
[2025-04-17 09:50:48,533] [MB metrics] precision: 1.000, recall: 0.962, acc: 0.990, f1: 0.980
[2025-04-17 09:52:01,749] sub_met2 before prunning {'fdr': 0.93, 'tpr': 0.4884, 'fpr': 1.0856, 'shd': 279, 'nnz': 300, 'precision': 0.07, 'recall': 0.4884, 'F1': 0.1224, 'gscore': 0.0}
[2025-04-17 09:52:01,749] sub_met after prunning {'fdr': 0.924, 'tpr': 0.4419, 'fpr': 0.8988, 'shd': 235, 'nnz': 250, 'precision': 0.076, 'recall': 0.4419, 'F1': 0.1297, 'gscore': 0.0}
[2025-04-17 09:52:01,749] 
===  51-th graph ===
[2025-04-17 09:52:01,753] 47 Nodes of True MB: [0, 1, 2, 4, 6, 8, 13, 14, 16, 20, 22, 28, 30, 31, 32, 34, 38, 39, 43, 44, 45, 46, 47, 48, 49, 50, 51, 52, 54, 55, 56, 58, 59, 60, 61, 62, 63, 65, 73, 77, 82, 83, 87, 88, 91, 93, 97], parents: {2, 4, 8, 44, 13, 16, 20, 93, 55, 61}, children: {58, 87, 54, 31}, spouse: {0, 1, 6, 8, 13, 14, 22, 28, 30, 32, 34, 38, 39, 43, 45, 46, 47, 48, 49, 50, 51, 52, 56, 59, 60, 62, 63, 65, 73, 77, 82, 83, 88, 91, 97}
[2025-04-17 09:52:01,753] 34 Nodes of Markov blanket: [4, 8, 14, 16, 20, 22, 28, 30, 31, 32, 34, 38, 39, 44, 47, 49, 50, 51, 52, 55, 56, 58, 59, 60, 61, 62, 63, 82, 83, 87, 88, 91, 93, 97]
[2025-04-17 09:52:01,753] [MB metrics] precision: 1.000, recall: 0.723, acc: 0.867, f1: 0.840
[2025-04-17 09:54:17,426] sub_met2 before prunning {'fdr': 0.9483, 'tpr': 0.3973, 'fpr': 1.0902, 'shd': 532, 'nnz': 561, 'precision': 0.0517, 'recall': 0.3973, 'F1': 0.0915, 'gscore': 0.0}
[2025-04-17 09:54:17,426] sub_met after prunning {'fdr': 0.9352, 'tpr': 0.3836, 'fpr': 0.8279, 'shd': 409, 'nnz': 432, 'precision': 0.0648, 'recall': 0.3836, 'F1': 0.1109, 'gscore': 0.0}
[2025-04-17 09:54:17,426] 
===  52-th graph ===
[2025-04-17 09:54:17,426] 32 Nodes of True MB: [0, 4, 5, 8, 12, 17, 19, 22, 23, 25, 28, 31, 32, 34, 38, 45, 46, 48, 51, 52, 56, 59, 62, 63, 68, 73, 74, 79, 81, 90, 91, 93], parents: {34, 90}, children: {5, 74, 25, 28, 31}, spouse: {0, 4, 8, 12, 17, 19, 22, 23, 28, 32, 38, 45, 46, 48, 51, 52, 56, 59, 62, 63, 68, 73, 79, 81, 91, 93}
[2025-04-17 09:54:17,426] 26 Nodes of Markov blanket: [0, 4, 5, 8, 19, 22, 23, 28, 31, 32, 38, 45, 46, 48, 51, 52, 56, 59, 62, 63, 73, 74, 79, 81, 91, 93]
[2025-04-17 09:54:17,430] [MB metrics] precision: 1.000, recall: 0.812, acc: 0.936, f1: 0.897
[2025-04-17 09:55:35,891] sub_met2 before prunning {'fdr': 0.8646, 'tpr': 0.9362, 'fpr': 1.0108, 'shd': 281, 'nnz': 325, 'precision': 0.1354, 'recall': 0.9362, 'F1': 0.2366, 'gscore': 0.0}
[2025-04-17 09:55:35,891] sub_met after prunning {'fdr': 0.7226, 'tpr': 0.8085, 'fpr': 0.3561, 'shd': 105, 'nnz': 137, 'precision': 0.2774, 'recall': 0.8085, 'F1': 0.413, 'gscore': 0.0}
[2025-04-17 09:55:35,891] 
===  53-th graph ===
[2025-04-17 09:55:35,896] 24 Nodes of True MB: [3, 11, 15, 16, 17, 22, 27, 30, 35, 39, 41, 43, 44, 45, 46, 53, 61, 64, 65, 81, 85, 88, 94, 96], parents: {30}, children: {41, 39}, spouse: {3, 11, 15, 16, 17, 22, 27, 35, 43, 44, 45, 46, 53, 61, 64, 65, 81, 85, 88, 94, 96}
[2025-04-17 09:55:35,896] 23 Nodes of Markov blanket: [3, 11, 15, 16, 17, 22, 27, 30, 35, 39, 41, 43, 44, 45, 46, 53, 61, 64, 65, 85, 88, 94, 96]
[2025-04-17 09:55:35,896] [MB metrics] precision: 1.000, recall: 0.958, acc: 0.990, f1: 0.979
[2025-04-17 09:56:38,131] sub_met2 before prunning {'fdr': 0.8221, 'tpr': 0.9574, 'fpr': 1.0097, 'shd': 208, 'nnz': 253, 'precision': 0.1779, 'recall': 0.9574, 'F1': 0.3, 'gscore': 0.0}
[2025-04-17 09:56:38,131] sub_met after prunning {'fdr': 0.6978, 'tpr': 0.8936, 'fpr': 0.4709, 'shd': 100, 'nnz': 139, 'precision': 0.3022, 'recall': 0.8936, 'F1': 0.4516, 'gscore': 0.0}
[2025-04-17 09:56:38,131] 
===  54-th graph ===
[2025-04-17 09:56:38,131] 15 Nodes of True MB: [6, 13, 20, 26, 30, 41, 43, 45, 48, 51, 54, 62, 63, 65, 77], parents: {65, 6, 43, 45, 13, 77, 48, 51, 62, 30, 63}, children: {26}, spouse: {65, 41, 43, 20, 54}
[2025-04-17 09:56:38,131] 9 Nodes of Markov blanket: [6, 26, 41, 43, 45, 54, 62, 63, 77]
[2025-04-17 09:56:38,135] [MB metrics] precision: 1.000, recall: 0.600, acc: 0.923, f1: 0.750
[2025-04-17 09:56:49,933] sub_met2 before prunning {'fdr': 0.75, 'tpr': 0.9, 'fpr': 1.0385, 'shd': 27, 'nnz': 36, 'precision': 0.25, 'recall': 0.9, 'F1': 0.3913, 'gscore': 0.0}
[2025-04-17 09:56:49,933] sub_met after prunning {'fdr': 0.7333, 'tpr': 0.8, 'fpr': 0.8462, 'shd': 23, 'nnz': 30, 'precision': 0.2667, 'recall': 0.8, 'F1': 0.4, 'gscore': 0.0}
[2025-04-17 09:56:49,933] 
===  55-th graph ===
[2025-04-17 09:56:49,933] 24 Nodes of True MB: [1, 2, 4, 8, 12, 13, 16, 18, 20, 22, 32, 36, 43, 44, 46, 48, 51, 55, 61, 67, 71, 83, 86, 93], parents: set(), children: {18, 51, 12, 22}, spouse: {1, 2, 4, 8, 13, 16, 20, 32, 36, 43, 44, 46, 48, 55, 61, 67, 71, 83, 86, 93}
[2025-04-17 09:56:49,933] 22 Nodes of Markov blanket: [1, 4, 8, 12, 16, 18, 20, 22, 32, 36, 43, 44, 46, 48, 51, 55, 61, 67, 71, 83, 86, 93]
[2025-04-17 09:56:49,937] [MB metrics] precision: 1.000, recall: 0.917, acc: 0.979, f1: 0.957
[2025-04-17 09:57:47,357] sub_met2 before prunning {'fdr': 0.8658, 'tpr': 0.9688, 'fpr': 1.005, 'shd': 200, 'nnz': 231, 'precision': 0.1342, 'recall': 0.9688, 'F1': 0.2357, 'gscore': 0.0}
[2025-04-17 09:57:47,357] sub_met after prunning {'fdr': 0.6437, 'tpr': 0.9688, 'fpr': 0.2814, 'shd': 56, 'nnz': 87, 'precision': 0.3563, 'recall': 0.9688, 'F1': 0.521, 'gscore': 0.0}
[2025-04-17 09:57:47,361] 
===  56-th graph ===
[2025-04-17 09:57:47,361] 27 Nodes of True MB: [0, 8, 16, 17, 22, 24, 27, 28, 31, 34, 35, 38, 40, 44, 45, 48, 51, 52, 56, 59, 62, 63, 73, 86, 90, 93, 96], parents: {45, 62}, children: {16, 38, 31}, spouse: {0, 8, 17, 22, 24, 27, 28, 34, 35, 38, 40, 44, 48, 51, 52, 56, 59, 63, 73, 86, 90, 93, 96}
[2025-04-17 09:57:47,361] 16 Nodes of Markov blanket: [8, 17, 22, 27, 31, 35, 38, 40, 44, 45, 51, 52, 56, 59, 62, 63]
[2025-04-17 09:57:47,361] [MB metrics] precision: 1.000, recall: 0.593, acc: 0.887, f1: 0.744
[2025-04-17 09:58:19,729] sub_met2 before prunning {'fdr': 0.8083, 'tpr': 1.0, 'fpr': 1.0, 'shd': 97, 'nnz': 120, 'precision': 0.1917, 'recall': 1.0, 'F1': 0.3217, 'gscore': 0.0}
[2025-04-17 09:58:19,729] sub_met after prunning {'fdr': 0.6818, 'tpr': 0.913, 'fpr': 0.4639, 'shd': 47, 'nnz': 66, 'precision': 0.3182, 'recall': 0.913, 'F1': 0.4719, 'gscore': 0.0}
[2025-04-17 09:58:19,729] 
===  57-th graph ===
[2025-04-17 09:58:19,733] 30 Nodes of True MB: [0, 1, 3, 11, 18, 20, 22, 25, 40, 42, 43, 44, 48, 57, 59, 62, 65, 67, 70, 71, 75, 79, 80, 81, 83, 84, 85, 88, 89, 91], parents: {71, 91, 11, 79, 83, 20, 59}, children: {40, 65, 75, 85}, spouse: {0, 1, 3, 18, 22, 25, 42, 43, 44, 48, 57, 59, 62, 67, 70, 80, 81, 84, 88, 89, 91}
[2025-04-17 09:58:19,733] 30 Nodes of Markov blanket: [0, 1, 3, 11, 18, 20, 22, 25, 40, 42, 43, 44, 48, 57, 59, 62, 65, 67, 70, 71, 75, 79, 80, 81, 83, 84, 85, 88, 89, 91]
[2025-04-17 09:58:19,733] [MB metrics] precision: 1.000, recall: 1.000, acc: 1.000, f1: 1.000
[2025-04-17 10:00:07,475] sub_met2 before prunning {'fdr': 0.8598, 'tpr': 0.9839, 'fpr': 1.0027, 'shd': 374, 'nnz': 435, 'precision': 0.1402, 'recall': 0.9839, 'F1': 0.2455, 'gscore': 0.0}
[2025-04-17 10:00:07,475] sub_met after prunning {'fdr': 0.5804, 'tpr': 0.9677, 'fpr': 0.2225, 'shd': 84, 'nnz': 143, 'precision': 0.4196, 'recall': 0.9677, 'F1': 0.5854, 'gscore': 0.0}
[2025-04-17 10:00:07,475] 
===  58-th graph ===
[2025-04-17 10:00:07,475] 19 Nodes of True MB: [1, 2, 4, 8, 20, 21, 24, 28, 29, 39, 44, 46, 50, 51, 58, 60, 74, 82, 97], parents: {1, 97, 39, 60, 82, 51, 28}, children: {50, 29}, spouse: {1, 2, 97, 4, 39, 8, 74, 44, 46, 20, 21, 24, 58}
[2025-04-17 10:00:07,475] 15 Nodes of Markov blanket: [2, 4, 8, 20, 21, 28, 29, 39, 46, 50, 51, 58, 60, 74, 82]
[2025-04-17 10:00:07,479] [MB metrics] precision: 1.000, recall: 0.789, acc: 0.959, f1: 0.882
[2025-04-17 10:00:36,239] sub_met2 before prunning {'fdr': 0.7714, 'tpr': 0.96, 'fpr': 1.0125, 'shd': 81, 'nnz': 105, 'precision': 0.2286, 'recall': 0.96, 'F1': 0.3692, 'gscore': 0.0}
[2025-04-17 10:00:36,239] sub_met after prunning {'fdr': 0.7738, 'tpr': 0.76, 'fpr': 0.8125, 'shd': 70, 'nnz': 84, 'precision': 0.2262, 'recall': 0.76, 'F1': 0.3486, 'gscore': 0.0}
[2025-04-17 10:00:36,239] 
===  59-th graph ===
[2025-04-17 10:00:36,239] 40 Nodes of True MB: [0, 2, 3, 4, 6, 8, 11, 20, 21, 22, 23, 24, 25, 28, 30, 31, 32, 36, 37, 38, 40, 51, 52, 56, 57, 59, 62, 63, 70, 71, 72, 73, 74, 75, 77, 78, 79, 83, 89, 91], parents: {63}, children: {37, 6, 40, 74, 21, 57, 31}, spouse: {0, 2, 3, 4, 8, 11, 20, 22, 23, 24, 25, 28, 30, 32, 36, 38, 51, 52, 56, 57, 59, 62, 63, 70, 71, 72, 73, 75, 77, 78, 79, 83, 89, 91}
[2025-04-17 10:00:36,239] 29 Nodes of Markov blanket: [0, 3, 4, 8, 11, 20, 21, 22, 23, 28, 30, 31, 32, 38, 40, 51, 52, 56, 57, 59, 63, 70, 71, 72, 73, 75, 79, 83, 89]
[2025-04-17 10:00:36,243] [MB metrics] precision: 1.000, recall: 0.725, acc: 0.880, f1: 0.841
[2025-04-17 10:02:13,229] sub_met2 before prunning {'fdr': 0.8842, 'tpr': 0.9592, 'fpr': 1.0056, 'shd': 359, 'nnz': 406, 'precision': 0.1158, 'recall': 0.9592, 'F1': 0.2066, 'gscore': 0.0}
[2025-04-17 10:02:13,229] sub_met after prunning {'fdr': 0.7885, 'tpr': 0.898, 'fpr': 0.4594, 'shd': 167, 'nnz': 208, 'precision': 0.2115, 'recall': 0.898, 'F1': 0.3424, 'gscore': 0.0}
[2025-04-17 10:02:13,229] 
===  60-th graph ===
[2025-04-17 10:02:13,229] 29 Nodes of True MB: [1, 2, 4, 9, 12, 17, 18, 28, 35, 39, 42, 43, 44, 48, 51, 58, 60, 61, 67, 68, 77, 80, 81, 82, 83, 84, 90, 96, 97], parents: {96, 90}, children: {2, 9, 17, 82, 58}, spouse: {1, 4, 12, 18, 28, 35, 39, 42, 43, 44, 48, 51, 60, 61, 67, 68, 77, 80, 81, 82, 83, 84, 97}
[2025-04-17 10:02:13,229] 22 Nodes of Markov blanket: [1, 4, 9, 12, 17, 28, 35, 42, 43, 44, 48, 51, 58, 60, 61, 67, 68, 77, 80, 82, 83, 90]
[2025-04-17 10:02:13,233] [MB metrics] precision: 1.000, recall: 0.759, acc: 0.929, f1: 0.863
[2025-04-17 10:03:10,299] sub_met2 before prunning {'fdr': 0.8615, 'tpr': 0.9143, 'fpr': 1.0153, 'shd': 199, 'nnz': 231, 'precision': 0.1385, 'recall': 0.9143, 'F1': 0.2406, 'gscore': 0.0}
[2025-04-17 10:03:10,299] sub_met after prunning {'fdr': 0.7829, 'tpr': 0.8, 'fpr': 0.5153, 'shd': 105, 'nnz': 129, 'precision': 0.2171, 'recall': 0.8, 'F1': 0.3415, 'gscore': 0.0}
[2025-04-17 10:03:10,299] 
===  61-th graph ===
[2025-04-17 10:03:10,299] 50 Nodes of True MB: [0, 1, 2, 3, 4, 8, 11, 12, 13, 16, 17, 19, 20, 22, 23, 30, 32, 35, 39, 43, 44, 45, 46, 47, 51, 53, 55, 60, 61, 63, 64, 65, 68, 70, 71, 77, 80, 81, 82, 83, 84, 85, 86, 89, 90, 91, 92, 93, 96, 97], parents: {81, 84}, children: {32, 64, 97, 39, 47, 17, 51, 30}, spouse: {0, 1, 2, 3, 4, 8, 11, 12, 13, 16, 19, 20, 22, 23, 35, 43, 44, 45, 46, 53, 55, 60, 61, 63, 65, 68, 70, 71, 77, 80, 82, 83, 85, 86, 89, 90, 91, 92, 93, 96}
[2025-04-17 10:03:10,299] 47 Nodes of Markov blanket: [0, 1, 2, 3, 4, 11, 12, 13, 16, 17, 20, 22, 23, 30, 32, 35, 39, 43, 44, 45, 46, 47, 51, 53, 55, 60, 61, 63, 64, 65, 68, 70, 71, 72, 77, 80, 82, 83, 84, 85, 86, 89, 90, 91, 92, 96, 97]
[2025-04-17 10:03:10,303] [MB metrics] precision: 0.979, recall: 0.920, acc: 0.949, f1: 0.948
[2025-04-17 10:07:33,489] sub_met2 before prunning {'fdr': 0.8927, 'tpr': 0.9915, 'fpr': 1.001, 'shd': 965, 'nnz': 1081, 'precision': 0.1073, 'recall': 0.9915, 'F1': 0.1937, 'gscore': 0.0}
[2025-04-17 10:07:33,489] sub_met after prunning {'fdr': 0.5632, 'tpr': 0.9744, 'fpr': 0.1525, 'shd': 149, 'nnz': 261, 'precision': 0.4368, 'recall': 0.9744, 'F1': 0.6032, 'gscore': 0.0}
[2025-04-17 10:07:33,489] 
===  62-th graph ===
[2025-04-17 10:07:33,489] 27 Nodes of True MB: [0, 1, 3, 4, 6, 13, 23, 28, 30, 32, 43, 45, 48, 51, 52, 54, 56, 57, 59, 62, 63, 65, 67, 74, 75, 77, 84], parents: {84}, children: {56, 74, 75, 54}, spouse: {0, 1, 3, 4, 6, 13, 23, 28, 30, 32, 43, 45, 48, 51, 52, 57, 59, 62, 63, 65, 67, 77}
[2025-04-17 10:07:33,493] 25 Nodes of Markov blanket: [0, 1, 3, 4, 6, 13, 23, 28, 30, 32, 45, 48, 51, 52, 54, 56, 57, 62, 63, 65, 67, 74, 75, 77, 91]
[2025-04-17 10:07:33,493] [MB metrics] precision: 0.960, recall: 0.889, acc: 0.957, f1: 0.923
[2025-04-17 10:08:47,268] sub_met2 before prunning {'fdr': 0.86, 'tpr': 0.9767, 'fpr': 1.0039, 'shd': 258, 'nnz': 300, 'precision': 0.14, 'recall': 0.9767, 'F1': 0.2449, 'gscore': 0.0}
[2025-04-17 10:08:47,268] sub_met after prunning {'fdr': 0.732, 'tpr': 0.9535, 'fpr': 0.4358, 'shd': 114, 'nnz': 153, 'precision': 0.268, 'recall': 0.9535, 'F1': 0.4184, 'gscore': 0.0}
[2025-04-17 10:08:47,272] 
===  63-th graph ===
[2025-04-17 10:08:47,272] 46 Nodes of True MB: [0, 1, 3, 6, 8, 10, 11, 12, 13, 18, 20, 21, 22, 23, 27, 28, 30, 31, 32, 33, 37, 38, 40, 42, 43, 45, 47, 48, 51, 52, 54, 56, 59, 61, 62, 63, 65, 68, 73, 77, 83, 84, 86, 89, 91, 93], parents: {86}, children: {32, 33, 10, 21, 54, 59, 31}, spouse: {0, 1, 3, 6, 8, 11, 12, 13, 18, 20, 22, 23, 27, 28, 30, 33, 37, 38, 40, 42, 43, 45, 47, 48, 51, 52, 56, 59, 61, 62, 63, 65, 68, 73, 77, 83, 84, 89, 91, 93}
[2025-04-17 10:08:47,272] 42 Nodes of Markov blanket: [0, 1, 3, 6, 8, 10, 11, 12, 18, 20, 21, 22, 23, 27, 28, 31, 32, 33, 37, 38, 40, 42, 45, 47, 48, 51, 52, 54, 56, 59, 61, 62, 63, 65, 68, 77, 83, 84, 86, 89, 91, 93]
[2025-04-17 10:08:47,273] [MB metrics] precision: 1.000, recall: 0.913, acc: 0.957, f1: 0.955
[2025-04-17 10:12:14,237] sub_met2 before prunning {'fdr': 0.8908, 'tpr': 0.8952, 'fpr': 1.0146, 'shd': 767, 'nnz': 861, 'precision': 0.1092, 'recall': 0.8952, 'F1': 0.1946, 'gscore': 0.0}
[2025-04-17 10:12:14,237] sub_met after prunning {'fdr': 0.7515, 'tpr': 0.8095, 'fpr': 0.3399, 'shd': 269, 'nnz': 342, 'precision': 0.2485, 'recall': 0.8095, 'F1': 0.3803, 'gscore': 0.0}
[2025-04-17 10:12:14,237] 
===  64-th graph ===
[2025-04-17 10:12:14,237] 37 Nodes of True MB: [2, 7, 11, 12, 15, 17, 19, 21, 23, 27, 29, 33, 35, 36, 40, 41, 45, 48, 53, 61, 64, 65, 68, 70, 72, 73, 77, 80, 81, 82, 83, 84, 85, 88, 90, 92, 94], parents: {2, 35, 68, 70, 12, 77, 80, 82, 19, 85, 23, 90, 92, 61}, children: {73, 41, 15, 7}, spouse: {11, 15, 17, 21, 27, 29, 33, 36, 40, 45, 48, 53, 64, 65, 70, 72, 81, 82, 83, 84, 85, 88, 94}
[2025-04-17 10:12:14,237] 25 Nodes of Markov blanket: [7, 11, 12, 17, 21, 27, 29, 33, 36, 41, 45, 48, 53, 61, 64, 68, 72, 73, 80, 82, 83, 84, 85, 90, 94]
[2025-04-17 10:12:14,241] [MB metrics] precision: 1.000, recall: 0.676, acc: 0.874, f1: 0.806
[2025-04-17 10:13:28,186] sub_met2 before prunning {'fdr': 0.8933, 'tpr': 0.9143, 'fpr': 1.0113, 'shd': 268, 'nnz': 300, 'precision': 0.1067, 'recall': 0.9143, 'F1': 0.191, 'gscore': 0.0}
[2025-04-17 10:13:28,186] sub_met after prunning {'fdr': 0.8418, 'tpr': 0.8857, 'fpr': 0.6226, 'shd': 166, 'nnz': 196, 'precision': 0.1582, 'recall': 0.8857, 'F1': 0.2684, 'gscore': 0.0}
[2025-04-17 10:13:28,186] 
===  65-th graph ===
[2025-04-17 10:13:28,186] 46 Nodes of True MB: [0, 2, 3, 6, 11, 13, 15, 16, 17, 19, 20, 22, 26, 27, 30, 35, 38, 39, 41, 42, 43, 44, 45, 46, 48, 51, 53, 54, 57, 61, 62, 63, 64, 65, 69, 71, 77, 80, 81, 84, 85, 88, 89, 91, 94, 96], parents: {89, 42, 44, 48, 80, 81, 84, 57, 91}, children: {69, 39, 41, 54, 26}, spouse: {0, 2, 3, 6, 11, 13, 15, 16, 17, 19, 20, 22, 27, 30, 35, 38, 41, 43, 44, 45, 46, 48, 51, 53, 54, 61, 62, 63, 64, 65, 71, 77, 81, 84, 85, 88, 94, 96}
[2025-04-17 10:13:28,186] 34 Nodes of Markov blanket: [0, 3, 6, 11, 13, 15, 16, 19, 22, 26, 27, 35, 38, 39, 41, 42, 43, 44, 45, 46, 48, 53, 57, 61, 62, 63, 65, 69, 71, 77, 84, 85, 91, 96]
[2025-04-17 10:13:28,190] [MB metrics] precision: 1.000, recall: 0.739, acc: 0.876, f1: 0.850
[2025-04-17 10:15:44,489] sub_met2 before prunning {'fdr': 0.9162, 'tpr': 0.6714, 'fpr': 1.0468, 'shd': 514, 'nnz': 561, 'precision': 0.0838, 'recall': 0.6714, 'F1': 0.149, 'gscore': 0.0}
[2025-04-17 10:15:44,489] sub_met after prunning {'fdr': 0.883, 'tpr': 0.6286, 'fpr': 0.6762, 'shd': 339, 'nnz': 376, 'precision': 0.117, 'recall': 0.6286, 'F1': 0.1973, 'gscore': 0.0}
[2025-04-17 10:15:44,489] 
===  66-th graph ===
[2025-04-17 10:15:44,489] 6 Nodes of True MB: [17, 22, 30, 66, 79, 86], parents: {79, 17, 86, 22, 30}, children: set(), spouse: {66}
[2025-04-17 10:15:44,489] 5 Nodes of Markov blanket: [17, 22, 30, 66, 86]
[2025-04-17 10:15:44,493] [MB metrics] precision: 1.000, recall: 0.833, acc: 0.989, f1: 0.909
[2025-04-17 10:15:49,312] sub_met2 before prunning {'fdr': 0.6, 'tpr': 0.8, 'fpr': 1.2, 'shd': 6, 'nnz': 10, 'precision': 0.4, 'recall': 0.8, 'F1': 0.5333, 'gscore': 0.0}
[2025-04-17 10:15:49,312] sub_met after prunning {'fdr': 0.625, 'tpr': 0.6, 'fpr': 1.0, 'shd': 6, 'nnz': 8, 'precision': 0.375, 'recall': 0.6, 'F1': 0.4615, 'gscore': 0.0}
[2025-04-17 10:15:49,312] 
===  67-th graph ===
[2025-04-17 10:15:49,312] 23 Nodes of True MB: [0, 1, 3, 12, 20, 36, 43, 48, 55, 57, 60, 62, 67, 68, 71, 75, 77, 82, 84, 86, 88, 91, 92], parents: {36}, children: {71, 75, 12, 82, 20, 88, 92}, spouse: {0, 1, 67, 3, 68, 36, 43, 12, 77, 48, 84, 86, 55, 57, 91, 60, 62}
[2025-04-17 10:15:49,312] 20 Nodes of Markov blanket: [0, 1, 3, 12, 20, 36, 43, 48, 55, 57, 60, 62, 67, 68, 71, 75, 77, 86, 88, 91]
[2025-04-17 10:15:49,316] [MB metrics] precision: 1.000, recall: 0.870, acc: 0.968, f1: 0.930
[2025-04-17 10:16:37,530] sub_met2 before prunning {'fdr': 0.8842, 'tpr': 1.0, 'fpr': 1.0, 'shd': 168, 'nnz': 190, 'precision': 0.1158, 'recall': 1.0, 'F1': 0.2075, 'gscore': 0.0}
[2025-04-17 10:16:37,530] sub_met after prunning {'fdr': 0.6271, 'tpr': 1.0, 'fpr': 0.2202, 'shd': 37, 'nnz': 59, 'precision': 0.3729, 'recall': 1.0, 'F1': 0.5432, 'gscore': 0.0}
[2025-04-17 10:16:37,530] 
===  68-th graph ===
[2025-04-17 10:16:37,530] 40 Nodes of True MB: [0, 2, 8, 10, 11, 12, 18, 19, 20, 23, 27, 28, 33, 35, 37, 40, 42, 43, 47, 48, 52, 60, 61, 63, 64, 67, 68, 70, 77, 80, 82, 83, 84, 85, 89, 90, 91, 92, 93, 96], parents: {96, 91, 93}, children: {64, 33, 10, 82, 28}, spouse: {0, 2, 8, 11, 12, 18, 19, 20, 23, 27, 28, 33, 35, 37, 40, 42, 43, 47, 48, 52, 60, 61, 63, 67, 68, 70, 77, 80, 82, 83, 84, 85, 89, 90, 91, 92, 93}
[2025-04-17 10:16:37,530] 33 Nodes of Markov blanket: [0, 2, 8, 10, 11, 12, 18, 19, 20, 23, 27, 33, 37, 40, 42, 43, 47, 48, 60, 61, 63, 64, 67, 68, 70, 77, 80, 83, 84, 85, 89, 90, 92]
[2025-04-17 10:16:37,534] [MB metrics] precision: 1.000, recall: 0.825, acc: 0.928, f1: 0.904
[2025-04-17 10:18:45,376] sub_met2 before prunning {'fdr': 0.8958, 'tpr': 0.9483, 'fpr': 1.0064, 'shd': 473, 'nnz': 528, 'precision': 0.1042, 'recall': 0.9483, 'F1': 0.1877, 'gscore': 0.0}
[2025-04-17 10:18:45,376] sub_met after prunning {'fdr': 0.7647, 'tpr': 0.8966, 'fpr': 0.3596, 'shd': 172, 'nnz': 221, 'precision': 0.2353, 'recall': 0.8966, 'F1': 0.3728, 'gscore': 0.0}
[2025-04-17 10:18:45,376] 
===  69-th graph ===
[2025-04-17 10:18:45,376] 11 Nodes of True MB: [0, 2, 13, 19, 20, 22, 38, 65, 69, 71, 84], parents: {0, 65, 2, 38, 71, 13, 19, 20, 84, 22}, children: set(), spouse: {69}
[2025-04-17 10:18:45,376] 7 Nodes of Markov blanket: [0, 13, 38, 65, 69, 71, 84]
[2025-04-17 10:18:45,380] [MB metrics] precision: 1.000, recall: 0.636, acc: 0.953, f1: 0.778
[2025-04-17 10:18:53,261] sub_met2 before prunning {'fdr': 0.6667, 'tpr': 1.0, 'fpr': 1.0, 'shd': 14, 'nnz': 21, 'precision': 0.3333, 'recall': 1.0, 'F1': 0.5, 'gscore': 0.0}
[2025-04-17 10:18:53,261] sub_met after prunning {'fdr': 0.5625, 'tpr': 1.0, 'fpr': 0.6429, 'shd': 9, 'nnz': 16, 'precision': 0.4375, 'recall': 1.0, 'F1': 0.6087, 'gscore': 0.0}
[2025-04-17 10:18:53,261] 
===  70-th graph ===
[2025-04-17 10:18:53,266] 32 Nodes of True MB: [1, 2, 7, 11, 12, 15, 17, 19, 20, 23, 25, 35, 40, 42, 48, 57, 59, 61, 64, 68, 70, 71, 72, 77, 80, 82, 83, 85, 89, 90, 92, 98], parents: {72, 89, 20}, children: {40, 42, 64, 7}, spouse: {1, 2, 11, 12, 15, 17, 19, 23, 25, 35, 40, 48, 57, 59, 61, 64, 68, 70, 71, 77, 80, 82, 83, 85, 90, 92, 98}
[2025-04-17 10:18:53,266] 23 Nodes of Markov blanket: [2, 7, 11, 12, 15, 17, 19, 20, 25, 57, 59, 61, 68, 70, 71, 72, 77, 80, 82, 83, 85, 90, 98]
[2025-04-17 10:18:53,266] [MB metrics] precision: 1.000, recall: 0.719, acc: 0.909, f1: 0.836
[2025-04-17 10:19:55,460] sub_met2 before prunning {'fdr': 0.9051, 'tpr': 1.0, 'fpr': 1.0, 'shd': 229, 'nnz': 253, 'precision': 0.0949, 'recall': 1.0, 'F1': 0.1733, 'gscore': 0.0}
[2025-04-17 10:19:55,460] sub_met after prunning {'fdr': 0.8571, 'tpr': 0.9167, 'fpr': 0.5764, 'shd': 134, 'nnz': 154, 'precision': 0.1429, 'recall': 0.9167, 'F1': 0.2472, 'gscore': 0.0}
[2025-04-17 10:19:55,460] 
===  71-th graph ===
[2025-04-17 10:19:55,460] 39 Nodes of True MB: [0, 1, 2, 8, 11, 13, 17, 18, 19, 20, 22, 24, 27, 32, 38, 40, 42, 43, 46, 48, 55, 57, 59, 61, 65, 67, 69, 70, 71, 77, 79, 80, 83, 84, 86, 91, 96, 97, 98], parents: {91, 67}, children: {97, 69, 42, 79, 80, 22, 24, 57}, spouse: {0, 1, 2, 8, 11, 13, 17, 18, 19, 20, 22, 27, 32, 38, 40, 43, 46, 48, 55, 59, 61, 65, 70, 71, 77, 79, 83, 84, 86, 91, 96, 98}
[2025-04-17 10:19:55,460] 32 Nodes of Markov blanket: [0, 1, 2, 8, 13, 17, 18, 19, 22, 32, 38, 42, 43, 55, 57, 59, 61, 65, 67, 69, 70, 71, 72, 77, 80, 83, 84, 86, 91, 96, 97, 98]
[2025-04-17 10:19:55,464] [MB metrics] precision: 0.969, recall: 0.795, acc: 0.909, f1: 0.873
[2025-04-17 10:21:55,295] sub_met2 before prunning {'fdr': 0.877, 'tpr': 0.9839, 'fpr': 1.0023, 'shd': 435, 'nnz': 496, 'precision': 0.123, 'recall': 0.9839, 'F1': 0.2186, 'gscore': 0.0}
[2025-04-17 10:21:55,295] sub_met after prunning {'fdr': 0.7248, 'tpr': 0.9677, 'fpr': 0.3641, 'shd': 159, 'nnz': 218, 'precision': 0.2752, 'recall': 0.9677, 'F1': 0.4286, 'gscore': 0.0}
[2025-04-17 10:21:55,295] 
===  72-th graph ===
[2025-04-17 10:21:55,295] 22 Nodes of True MB: [4, 15, 20, 25, 30, 32, 36, 37, 48, 59, 64, 70, 72, 75, 77, 78, 80, 81, 82, 84, 89, 91], parents: set(), children: {4, 37, 70, 77, 15, 81}, spouse: {32, 89, 64, 36, 72, 91, 75, 77, 78, 80, 48, 82, 20, 84, 25, 59, 30}
[2025-04-17 10:21:55,295] 23 Nodes of Markov blanket: [4, 15, 20, 25, 30, 32, 37, 48, 59, 61, 64, 70, 71, 72, 75, 77, 78, 80, 81, 82, 84, 89, 91]
[2025-04-17 10:21:55,299] [MB metrics] precision: 0.913, recall: 0.955, acc: 0.967, f1: 0.933
[2025-04-17 10:22:57,888] sub_met2 before prunning {'fdr': 0.8458, 'tpr': 0.907, 'fpr': 1.019, 'shd': 214, 'nnz': 253, 'precision': 0.1542, 'recall': 0.907, 'F1': 0.2635, 'gscore': 0.0}
[2025-04-17 10:22:57,888] sub_met after prunning {'fdr': 0.704, 'tpr': 0.8605, 'fpr': 0.419, 'shd': 90, 'nnz': 125, 'precision': 0.296, 'recall': 0.8605, 'F1': 0.4405, 'gscore': 0.0}
[2025-04-17 10:22:57,888] 
===  73-th graph ===
[2025-04-17 10:22:57,888] 18 Nodes of True MB: [0, 8, 21, 22, 29, 31, 33, 38, 45, 51, 52, 56, 59, 63, 64, 73, 82, 88], parents: {64, 33, 45, 82, 21, 88, 29}, children: {31}, spouse: {0, 38, 8, 73, 51, 52, 22, 56, 59, 63}
[2025-04-17 10:22:57,888] 11 Nodes of Markov blanket: [8, 21, 22, 29, 33, 45, 52, 59, 64, 73, 88]
[2025-04-17 10:22:57,892] [MB metrics] precision: 1.000, recall: 0.611, acc: 0.921, f1: 0.759
[2025-04-17 10:23:14,006] sub_met2 before prunning {'fdr': 0.8364, 'tpr': 0.9, 'fpr': 1.0222, 'shd': 46, 'nnz': 55, 'precision': 0.1636, 'recall': 0.9, 'F1': 0.2769, 'gscore': 0.0}
[2025-04-17 10:23:14,006] sub_met after prunning {'fdr': 0.8085, 'tpr': 0.9, 'fpr': 0.8444, 'shd': 38, 'nnz': 47, 'precision': 0.1915, 'recall': 0.9, 'F1': 0.3158, 'gscore': 0.0}
[2025-04-17 10:23:14,006] 
===  74-th graph ===
[2025-04-17 10:23:14,006] 21 Nodes of True MB: [1, 2, 4, 8, 20, 21, 23, 24, 28, 29, 32, 39, 44, 46, 50, 52, 58, 59, 62, 74, 97], parents: {32, 4, 52, 23, 59, 28, 62}, children: {50, 29}, spouse: {1, 2, 97, 4, 39, 8, 74, 44, 46, 20, 21, 24, 58}
[2025-04-17 10:23:14,006] 19 Nodes of Markov blanket: [1, 2, 4, 8, 20, 21, 23, 24, 28, 29, 32, 39, 44, 46, 50, 52, 58, 62, 74]
[2025-04-17 10:23:14,010] [MB metrics] precision: 1.000, recall: 0.905, acc: 0.980, f1: 0.950
[2025-04-17 10:23:57,725] sub_met2 before prunning {'fdr': 0.8304, 'tpr': 0.9667, 'fpr': 1.0071, 'shd': 142, 'nnz': 171, 'precision': 0.1696, 'recall': 0.9667, 'F1': 0.2886, 'gscore': 0.0}
[2025-04-17 10:23:57,725] sub_met after prunning {'fdr': 0.7647, 'tpr': 0.9333, 'fpr': 0.6454, 'shd': 92, 'nnz': 119, 'precision': 0.2353, 'recall': 0.9333, 'F1': 0.3758, 'gscore': 0.0}
[2025-04-17 10:23:57,725] 
===  75-th graph ===
[2025-04-17 10:23:57,725] 18 Nodes of True MB: [0, 1, 3, 25, 30, 32, 36, 37, 57, 59, 62, 67, 72, 75, 77, 78, 89, 91], parents: {0, 1, 3, 67, 57, 62}, children: {37}, spouse: {32, 89, 36, 72, 91, 75, 77, 78, 25, 59, 30}
[2025-04-17 10:23:57,725] 18 Nodes of Markov blanket: [0, 1, 3, 25, 30, 32, 36, 37, 57, 59, 62, 67, 72, 75, 77, 78, 89, 91]
[2025-04-17 10:23:57,729] [MB metrics] precision: 1.000, recall: 1.000, acc: 1.000, f1: 1.000
[2025-04-17 10:24:38,623] sub_met2 before prunning {'fdr': 0.8301, 'tpr': 0.963, 'fpr': 1.0079, 'shd': 127, 'nnz': 153, 'precision': 0.1699, 'recall': 0.963, 'F1': 0.2889, 'gscore': 0.0}
[2025-04-17 10:24:38,623] sub_met after prunning {'fdr': 0.6571, 'tpr': 0.8889, 'fpr': 0.3651, 'shd': 48, 'nnz': 70, 'precision': 0.3429, 'recall': 0.8889, 'F1': 0.4948, 'gscore': 0.0}
[2025-04-17 10:24:38,623] 
===  76-th graph ===
[2025-04-17 10:24:38,623] 5 Nodes of True MB: [35, 38, 50, 76, 85], parents: {50, 35, 85, 38}, children: set(), spouse: {76}
[2025-04-17 10:24:38,623] 4 Nodes of Markov blanket: [35, 50, 76, 85]
[2025-04-17 10:24:38,628] [MB metrics] precision: 1.000, recall: 0.800, acc: 0.988, f1: 0.889
[2025-04-17 10:24:42,194] sub_met2 before prunning {'fdr': 0.5, 'tpr': 1.0, 'fpr': 1.0, 'shd': 3, 'nnz': 6, 'precision': 0.5, 'recall': 1.0, 'F1': 0.6667, 'gscore': 0.0}
[2025-04-17 10:24:42,194] sub_met after prunning {'fdr': 0.5, 'tpr': 0.6667, 'fpr': 0.6667, 'shd': 3, 'nnz': 4, 'precision': 0.5, 'recall': 0.6667, 'F1': 0.5714, 'gscore': 0.0}
[2025-04-17 10:24:42,194] 
===  77-th graph ===
[2025-04-17 10:24:42,198] 45 Nodes of True MB: [1, 2, 6, 12, 13, 18, 19, 23, 24, 25, 30, 32, 35, 36, 37, 40, 43, 45, 48, 51, 54, 59, 60, 61, 62, 63, 64, 65, 67, 68, 70, 71, 72, 75, 77, 78, 80, 82, 84, 85, 89, 90, 91, 92, 96], parents: {72, 91}, children: {64, 37, 6, 80, 82, 54, 24}, spouse: {1, 2, 6, 12, 13, 18, 19, 23, 24, 25, 30, 32, 35, 36, 40, 43, 45, 48, 51, 59, 60, 61, 62, 63, 65, 67, 68, 70, 71, 72, 75, 77, 78, 80, 82, 84, 85, 89, 90, 91, 92, 96}
[2025-04-17 10:24:42,198] 32 Nodes of Markov blanket: [1, 2, 12, 25, 30, 32, 36, 37, 40, 43, 45, 48, 54, 60, 61, 62, 63, 65, 67, 68, 70, 71, 72, 75, 77, 78, 80, 82, 84, 85, 89, 90]
[2025-04-17 10:24:42,198] [MB metrics] precision: 1.000, recall: 0.711, acc: 0.866, f1: 0.831
[2025-04-17 10:26:40,516] sub_met2 before prunning {'fdr': 0.8891, 'tpr': 0.9483, 'fpr': 1.0068, 'shd': 441, 'nnz': 496, 'precision': 0.1109, 'recall': 0.9483, 'F1': 0.1986, 'gscore': 0.0}
[2025-04-17 10:26:40,520] sub_met after prunning {'fdr': 0.7598, 'tpr': 0.8448, 'fpr': 0.3539, 'shd': 161, 'nnz': 204, 'precision': 0.2402, 'recall': 0.8448, 'F1': 0.374, 'gscore': 0.0}
[2025-04-17 10:26:40,520] 
===  78-th graph ===
[2025-04-17 10:26:40,520] 18 Nodes of True MB: [2, 6, 13, 19, 24, 25, 30, 32, 36, 37, 48, 59, 72, 75, 77, 78, 89, 91], parents: {32, 2}, children: {37, 13, 6}, spouse: {32, 89, 2, 36, 72, 91, 75, 77, 78, 48, 19, 24, 25, 59, 30}
[2025-04-17 10:26:40,520] 13 Nodes of Markov blanket: [2, 13, 19, 25, 30, 36, 37, 48, 72, 75, 77, 78, 91]
[2025-04-17 10:26:40,525] [MB metrics] precision: 1.000, recall: 0.722, acc: 0.946, f1: 0.839
[2025-04-17 10:27:02,349] sub_met2 before prunning {'fdr': 0.8077, 'tpr': 1.0, 'fpr': 1.0, 'shd': 63, 'nnz': 78, 'precision': 0.1923, 'recall': 1.0, 'F1': 0.3226, 'gscore': 0.0}
[2025-04-17 10:27:02,349] sub_met after prunning {'fdr': 0.717, 'tpr': 1.0, 'fpr': 0.6032, 'shd': 38, 'nnz': 53, 'precision': 0.283, 'recall': 1.0, 'F1': 0.4412, 'gscore': 0.0}
[2025-04-17 10:27:02,349] 
===  79-th graph ===
[2025-04-17 10:27:02,349] 31 Nodes of True MB: [5, 11, 12, 14, 17, 19, 20, 22, 25, 27, 30, 32, 35, 36, 40, 44, 45, 46, 49, 52, 57, 59, 66, 71, 79, 81, 83, 84, 86, 91, 97], parents: {32, 27, 46, 71}, children: {66, 5, 14, 49, 57}, spouse: {11, 12, 17, 19, 20, 22, 25, 30, 32, 35, 36, 40, 44, 45, 52, 59, 71, 79, 81, 83, 84, 86, 91, 97}
[2025-04-17 10:27:02,349] 21 Nodes of Markov blanket: [5, 11, 12, 14, 17, 19, 27, 30, 35, 36, 40, 45, 49, 52, 57, 59, 79, 81, 83, 84, 97]
[2025-04-17 10:27:02,349] [MB metrics] precision: 1.000, recall: 0.677, acc: 0.898, f1: 0.808
[2025-04-17 10:27:54,724] sub_met2 before prunning {'fdr': 0.881, 'tpr': 0.9259, 'fpr': 1.0109, 'shd': 185, 'nnz': 210, 'precision': 0.119, 'recall': 0.9259, 'F1': 0.211, 'gscore': 0.0}
[2025-04-17 10:27:54,724] sub_met after prunning {'fdr': 0.7881, 'tpr': 0.9259, 'fpr': 0.5082, 'shd': 93, 'nnz': 118, 'precision': 0.2119, 'recall': 0.9259, 'F1': 0.3448, 'gscore': 0.0}
[2025-04-17 10:27:54,724] 
===  80-th graph ===
[2025-04-17 10:27:54,724] 33 Nodes of True MB: [1, 2, 4, 9, 12, 18, 19, 23, 35, 42, 44, 45, 48, 57, 60, 61, 64, 65, 68, 70, 71, 72, 77, 80, 81, 82, 84, 85, 89, 90, 91, 92, 96], parents: {96, 1, 71, 77, 18}, children: {64, 65, 4, 9, 89}, spouse: {2, 4, 12, 19, 23, 35, 42, 44, 45, 48, 57, 60, 61, 68, 70, 72, 77, 80, 81, 82, 84, 85, 89, 90, 91, 92}
[2025-04-17 10:27:54,728] 25 Nodes of Markov blanket: [1, 2, 9, 12, 18, 19, 35, 44, 48, 57, 60, 61, 64, 68, 70, 71, 72, 77, 80, 82, 85, 89, 90, 92, 96]
[2025-04-17 10:27:54,728] [MB metrics] precision: 1.000, recall: 0.758, acc: 0.918, f1: 0.862
[2025-04-17 10:29:08,374] sub_met2 before prunning {'fdr': 0.8567, 'tpr': 1.0, 'fpr': 1.0, 'shd': 257, 'nnz': 300, 'precision': 0.1433, 'recall': 1.0, 'F1': 0.2507, 'gscore': 0.0}
[2025-04-17 10:29:08,378] sub_met after prunning {'fdr': 0.6866, 'tpr': 0.9767, 'fpr': 0.358, 'shd': 93, 'nnz': 134, 'precision': 0.3134, 'recall': 0.9767, 'F1': 0.4746, 'gscore': 0.0}
[2025-04-17 10:29:08,378] 
===  81-th graph ===
[2025-04-17 10:29:08,378] 31 Nodes of True MB: [1, 2, 5, 12, 15, 17, 18, 27, 32, 41, 42, 44, 45, 48, 52, 53, 57, 60, 61, 64, 65, 72, 79, 80, 81, 84, 85, 88, 89, 91, 94], parents: {72}, children: {1, 2, 65, 5, 41, 61}, spouse: {12, 15, 17, 18, 27, 32, 42, 44, 45, 48, 52, 53, 57, 60, 64, 65, 79, 80, 81, 84, 85, 88, 89, 91, 94}
[2025-04-17 10:29:08,378] 16 Nodes of Markov blanket: [5, 12, 15, 18, 32, 42, 44, 45, 48, 52, 57, 72, 79, 81, 84, 91]
[2025-04-17 10:29:08,382] [MB metrics] precision: 1.000, recall: 0.516, acc: 0.842, f1: 0.681
[2025-04-17 10:29:40,529] sub_met2 before prunning {'fdr': 0.8667, 'tpr': 1.0, 'fpr': 1.0, 'shd': 104, 'nnz': 120, 'precision': 0.1333, 'recall': 1.0, 'F1': 0.2353, 'gscore': 0.0}
[2025-04-17 10:29:40,529] sub_met after prunning {'fdr': 0.8025, 'tpr': 1.0, 'fpr': 0.625, 'shd': 65, 'nnz': 81, 'precision': 0.1975, 'recall': 1.0, 'F1': 0.3299, 'gscore': 0.0}
[2025-04-17 10:29:40,529] 
===  82-th graph ===
[2025-04-17 10:29:40,529] 35 Nodes of True MB: [1, 2, 12, 15, 19, 21, 23, 28, 29, 33, 35, 36, 39, 43, 45, 48, 51, 58, 60, 61, 64, 67, 68, 70, 72, 73, 77, 80, 82, 84, 85, 88, 90, 92, 97], parents: {67, 68, 43, 12, 77, 48, 84, 60}, children: {64, 73, 58, 15}, spouse: {1, 2, 12, 19, 21, 23, 28, 29, 33, 35, 36, 39, 45, 48, 51, 60, 61, 64, 68, 70, 72, 77, 80, 82, 84, 85, 88, 90, 92, 97}
[2025-04-17 10:29:40,529] 19 Nodes of Markov blanket: [1, 28, 39, 43, 48, 51, 58, 60, 61, 64, 70, 72, 77, 80, 82, 84, 88, 90, 97]
[2025-04-17 10:29:40,533] [MB metrics] precision: 1.000, recall: 0.543, acc: 0.837, f1: 0.704
[2025-04-17 10:30:24,869] sub_met2 before prunning {'fdr': 0.8246, 'tpr': 1.0, 'fpr': 1.0, 'shd': 141, 'nnz': 171, 'precision': 0.1754, 'recall': 1.0, 'F1': 0.2985, 'gscore': 0.0}
[2025-04-17 10:30:24,869] sub_met after prunning {'fdr': 0.7407, 'tpr': 0.9333, 'fpr': 0.5674, 'shd': 82, 'nnz': 108, 'precision': 0.2593, 'recall': 0.9333, 'F1': 0.4058, 'gscore': 0.0}
[2025-04-17 10:30:24,869] 
===  83-th graph ===
[2025-04-17 10:30:24,869] 45 Nodes of True MB: [1, 4, 7, 8, 10, 11, 14, 15, 17, 20, 22, 28, 30, 32, 33, 34, 35, 37, 40, 42, 43, 45, 46, 47, 48, 49, 50, 51, 55, 57, 59, 60, 61, 63, 64, 68, 70, 71, 79, 83, 87, 88, 89, 91, 93], parents: {34}, children: {7, 8, 10, 17, 22, 87, 57}, spouse: {1, 4, 8, 11, 14, 15, 20, 28, 30, 32, 33, 34, 35, 37, 40, 42, 43, 45, 46, 47, 48, 49, 50, 51, 55, 59, 60, 61, 63, 64, 68, 70, 71, 79, 83, 88, 89, 91, 93}
[2025-04-17 10:30:24,869] 42 Nodes of Markov blanket: [1, 4, 7, 8, 10, 11, 14, 15, 17, 22, 28, 30, 32, 33, 34, 35, 37, 42, 43, 46, 47, 48, 49, 50, 51, 55, 57, 59, 60, 61, 63, 64, 68, 70, 71, 79, 83, 87, 88, 89, 91, 93]
[2025-04-17 10:30:24,873] [MB metrics] precision: 1.000, recall: 0.933, acc: 0.968, f1: 0.966
[2025-04-17 10:33:49,905] sub_met2 before prunning {'fdr': 0.9628, 'tpr': 0.3048, 'fpr': 1.0966, 'shd': 829, 'nnz': 861, 'precision': 0.0372, 'recall': 0.3048, 'F1': 0.0663, 'gscore': 0.0}
[2025-04-17 10:33:49,905] sub_met after prunning {'fdr': 0.9535, 'tpr': 0.2857, 'fpr': 0.8135, 'shd': 625, 'nnz': 645, 'precision': 0.0465, 'recall': 0.2857, 'F1': 0.08, 'gscore': 0.0}
[2025-04-17 10:33:49,905] 
===  84-th graph ===
[2025-04-17 10:33:49,905] 41 Nodes of True MB: [0, 2, 8, 12, 13, 14, 15, 18, 19, 20, 22, 27, 33, 35, 36, 38, 42, 43, 44, 45, 48, 57, 60, 61, 62, 63, 64, 65, 67, 68, 69, 71, 72, 77, 79, 80, 81, 82, 84, 89, 91], parents: {18}, children: {33, 65, 69, 14, 15, 82, 89, 61, 62}, spouse: {0, 2, 8, 12, 13, 18, 19, 20, 22, 27, 35, 36, 38, 42, 43, 44, 45, 48, 57, 60, 63, 64, 65, 67, 68, 71, 72, 77, 79, 80, 81, 82, 84, 89, 91}
[2025-04-17 10:33:49,905] 32 Nodes of Markov blanket: [0, 2, 8, 12, 13, 15, 20, 22, 33, 35, 36, 38, 42, 43, 44, 45, 48, 57, 61, 63, 64, 65, 68, 69, 71, 72, 77, 79, 81, 82, 84, 91]
[2025-04-17 10:33:49,910] [MB metrics] precision: 1.000, recall: 0.780, acc: 0.902, f1: 0.877
[2025-04-17 10:35:49,494] sub_met2 before prunning {'fdr': 0.8669, 'tpr': 0.9851, 'fpr': 1.0023, 'shd': 430, 'nnz': 496, 'precision': 0.1331, 'recall': 0.9851, 'F1': 0.2345, 'gscore': 0.0}
[2025-04-17 10:35:49,494] sub_met after prunning {'fdr': 0.7261, 'tpr': 0.9851, 'fpr': 0.4079, 'shd': 175, 'nnz': 241, 'precision': 0.2739, 'recall': 0.9851, 'F1': 0.4286, 'gscore': 0.0}
[2025-04-17 10:35:49,494] 
===  85-th graph ===
[2025-04-17 10:35:49,494] 42 Nodes of True MB: [2, 3, 8, 11, 12, 15, 16, 17, 18, 19, 22, 23, 24, 27, 35, 38, 39, 41, 43, 44, 45, 46, 50, 53, 57, 61, 64, 65, 68, 70, 76, 77, 80, 81, 82, 85, 88, 90, 92, 94, 95, 96], parents: {43, 18, 22, 88, 57}, children: {64, 39, 41, 76, 95}, spouse: {2, 3, 8, 11, 12, 15, 16, 17, 19, 22, 23, 24, 27, 35, 38, 43, 44, 45, 46, 50, 53, 61, 64, 65, 68, 70, 77, 80, 81, 82, 85, 88, 90, 92, 94, 96}
[2025-04-17 10:35:49,494] 33 Nodes of Markov blanket: [3, 8, 11, 12, 15, 16, 18, 19, 22, 24, 27, 35, 38, 39, 43, 44, 46, 50, 53, 57, 61, 64, 65, 68, 70, 76, 77, 80, 85, 88, 90, 94, 95]
[2025-04-17 10:35:49,498] [MB metrics] precision: 1.000, recall: 0.786, acc: 0.907, f1: 0.880
[2025-04-17 10:38:22,326] sub_met2 before prunning {'fdr': 0.9375, 'tpr': 0.5238, 'fpr': 1.0645, 'shd': 495, 'nnz': 528, 'precision': 0.0625, 'recall': 0.5238, 'F1': 0.1117, 'gscore': 0.0}
[2025-04-17 10:38:22,326] sub_met after prunning {'fdr': 0.9169, 'tpr': 0.4762, 'fpr': 0.7118, 'shd': 340, 'nnz': 361, 'precision': 0.0831, 'recall': 0.4762, 'F1': 0.1415, 'gscore': 0.0}
[2025-04-17 10:38:22,326] 
===  86-th graph ===
[2025-04-17 10:38:22,326] 35 Nodes of True MB: [0, 4, 11, 12, 13, 17, 19, 20, 22, 24, 25, 30, 35, 36, 38, 40, 44, 45, 47, 48, 49, 55, 56, 61, 63, 66, 67, 71, 79, 86, 89, 92, 93, 96, 97], parents: set(), children: {97, 66, 38, 12, 47, 48, 49, 92, 30, 63}, spouse: {0, 4, 11, 13, 17, 19, 20, 22, 24, 25, 30, 35, 36, 40, 44, 45, 55, 56, 61, 67, 71, 79, 86, 89, 93, 96, 97}
[2025-04-17 10:38:22,326] 30 Nodes of Markov blanket: [0, 4, 11, 12, 13, 17, 18, 19, 20, 22, 25, 30, 35, 36, 40, 44, 45, 47, 48, 49, 55, 61, 63, 66, 67, 71, 86, 89, 92, 97]
[2025-04-17 10:38:22,330] [MB metrics] precision: 0.967, recall: 0.829, acc: 0.929, f1: 0.892
[2025-04-17 10:40:18,624] sub_met2 before prunning {'fdr': 0.8851, 'tpr': 0.9615, 'fpr': 1.0052, 'shd': 385, 'nnz': 435, 'precision': 0.1149, 'recall': 0.9615, 'F1': 0.2053, 'gscore': 0.0}
[2025-04-17 10:40:18,624] sub_met after prunning {'fdr': 0.6903, 'tpr': 0.9231, 'fpr': 0.2794, 'shd': 110, 'nnz': 155, 'precision': 0.3097, 'recall': 0.9231, 'F1': 0.4638, 'gscore': 0.0}
[2025-04-17 10:40:18,624] 
===  87-th graph ===
[2025-04-17 10:40:18,624] 13 Nodes of True MB: [14, 30, 32, 34, 46, 47, 49, 50, 51, 83, 87, 88, 91], parents: {32, 34, 46, 14, 47, 49, 50, 51, 83, 88, 91, 30}, children: set(), spouse: {87}
[2025-04-17 10:40:18,628] 10 Nodes of Markov blanket: [14, 30, 32, 47, 50, 51, 83, 87, 88, 91]
[2025-04-17 10:40:18,628] [MB metrics] precision: 1.000, recall: 0.769, acc: 0.967, f1: 0.870
[2025-04-17 10:40:32,787] sub_met2 before prunning {'fdr': 0.7778, 'tpr': 1.0, 'fpr': 1.0, 'shd': 35, 'nnz': 45, 'precision': 0.2222, 'recall': 1.0, 'F1': 0.3636, 'gscore': 0.0}
[2025-04-17 10:40:32,787] sub_met after prunning {'fdr': 0.7838, 'tpr': 0.8, 'fpr': 0.8286, 'shd': 31, 'nnz': 37, 'precision': 0.2162, 'recall': 0.8, 'F1': 0.3404, 'gscore': 0.0}
[2025-04-17 10:40:32,787] 
===  88-th graph ===
[2025-04-17 10:40:32,787] 38 Nodes of True MB: [2, 8, 14, 15, 17, 18, 21, 22, 27, 29, 30, 32, 33, 34, 36, 41, 43, 44, 45, 46, 47, 49, 50, 51, 53, 57, 64, 65, 67, 73, 81, 82, 83, 85, 87, 88, 91, 94], parents: {67, 43, 36}, children: {73, 41, 44, 85, 87}, spouse: {2, 8, 14, 15, 17, 18, 21, 22, 27, 29, 30, 32, 33, 34, 43, 45, 46, 47, 49, 50, 51, 53, 57, 64, 65, 81, 82, 83, 85, 88, 91, 94}
[2025-04-17 10:40:32,787] 31 Nodes of Markov blanket: [14, 15, 17, 18, 21, 22, 27, 29, 30, 32, 33, 34, 41, 43, 45, 46, 47, 49, 50, 51, 53, 57, 67, 73, 82, 83, 85, 87, 88, 91, 94]
[2025-04-17 10:40:32,791] [MB metrics] precision: 1.000, recall: 0.816, acc: 0.926, f1: 0.899
[2025-04-17 10:42:38,658] sub_met2 before prunning {'fdr': 0.9527, 'tpr': 0.4074, 'fpr': 1.0779, 'shd': 443, 'nnz': 465, 'precision': 0.0473, 'recall': 0.4074, 'F1': 0.0848, 'gscore': 0.0}
[2025-04-17 10:42:38,658] sub_met after prunning {'fdr': 0.9335, 'tpr': 0.4074, 'fpr': 0.7518, 'shd': 312, 'nnz': 331, 'precision': 0.0665, 'recall': 0.4074, 'F1': 0.1143, 'gscore': 0.0}
[2025-04-17 10:42:38,658] 
===  89-th graph ===
[2025-04-17 10:42:38,658] 39 Nodes of True MB: [4, 10, 11, 13, 19, 20, 25, 28, 30, 32, 33, 36, 37, 40, 42, 44, 45, 47, 48, 57, 59, 61, 63, 65, 68, 70, 72, 75, 77, 78, 80, 81, 83, 84, 86, 89, 91, 93, 96], parents: {80, 91, 84, 45}, children: {65, 37, 70, 10, 13, 47}, spouse: {4, 11, 19, 20, 25, 28, 30, 32, 33, 36, 37, 40, 42, 44, 47, 48, 57, 59, 61, 63, 68, 72, 75, 77, 78, 80, 81, 83, 84, 86, 89, 91, 93, 96}
[2025-04-17 10:42:38,658] 31 Nodes of Markov blanket: [4, 10, 13, 19, 20, 25, 28, 30, 32, 33, 36, 37, 40, 42, 45, 48, 57, 59, 61, 63, 68, 72, 75, 77, 80, 83, 86, 89, 91, 93, 96]
[2025-04-17 10:42:38,662] [MB metrics] precision: 1.000, recall: 0.795, acc: 0.918, f1: 0.886
[2025-04-17 10:44:56,940] sub_met2 before prunning {'fdr': 0.8731, 'tpr': 0.9672, 'fpr': 1.005, 'shd': 406, 'nnz': 465, 'precision': 0.1269, 'recall': 0.9672, 'F1': 0.2243, 'gscore': 0.0}
[2025-04-17 10:44:56,940] sub_met after prunning {'fdr': 0.6723, 'tpr': 0.9508, 'fpr': 0.2946, 'shd': 120, 'nnz': 177, 'precision': 0.3277, 'recall': 0.9508, 'F1': 0.4874, 'gscore': 0.0}
[2025-04-17 10:44:56,940] 
===  90-th graph ===
[2025-04-17 10:44:56,941] 24 Nodes of True MB: [2, 12, 16, 19, 23, 27, 28, 34, 35, 48, 52, 56, 60, 61, 64, 68, 70, 77, 80, 82, 85, 90, 92, 96], parents: {27}, children: {16, 64, 52, 60}, spouse: {2, 12, 19, 23, 27, 28, 34, 35, 48, 56, 61, 68, 70, 77, 80, 82, 85, 90, 92, 96}
[2025-04-17 10:44:56,941] 20 Nodes of Markov blanket: [2, 12, 16, 19, 23, 27, 28, 34, 48, 60, 61, 64, 68, 70, 77, 80, 82, 85, 90, 92]
[2025-04-17 10:44:56,945] [MB metrics] precision: 1.000, recall: 0.833, acc: 0.959, f1: 0.909
[2025-04-17 10:45:48,795] sub_met2 before prunning {'fdr': 0.8526, 'tpr': 0.9655, 'fpr': 1.0062, 'shd': 162, 'nnz': 190, 'precision': 0.1474, 'recall': 0.9655, 'F1': 0.2557, 'gscore': 0.0}
[2025-04-17 10:45:48,795] sub_met after prunning {'fdr': 0.7565, 'tpr': 0.9655, 'fpr': 0.5404, 'shd': 87, 'nnz': 115, 'precision': 0.2435, 'recall': 0.9655, 'F1': 0.3889, 'gscore': 0.0}
[2025-04-17 10:45:48,795] 
===  91-th graph ===
[2025-04-17 10:45:48,795] 50 Nodes of True MB: [0, 1, 4, 11, 14, 18, 20, 23, 25, 27, 28, 30, 32, 34, 36, 37, 42, 44, 45, 46, 47, 48, 49, 50, 51, 52, 57, 59, 61, 63, 65, 67, 68, 71, 72, 75, 77, 78, 79, 80, 81, 83, 84, 87, 88, 89, 91, 93, 96, 98], parents: {27}, children: {32, 65, 89, 98, 68, 37, 71, 77, 87, 57, 28}, spouse: {0, 1, 4, 11, 14, 18, 20, 23, 25, 30, 32, 34, 36, 42, 44, 45, 46, 47, 48, 49, 50, 51, 52, 57, 59, 61, 63, 67, 68, 71, 72, 75, 77, 78, 79, 80, 81, 83, 84, 88, 89, 91, 93, 96}
[2025-04-17 10:45:48,796] 42 Nodes of Markov blanket: [0, 1, 4, 11, 14, 18, 23, 25, 27, 28, 30, 32, 34, 36, 37, 42, 44, 47, 48, 49, 50, 51, 52, 57, 61, 62, 63, 65, 67, 71, 72, 75, 78, 81, 83, 84, 87, 88, 89, 91, 96, 98]
[2025-04-17 10:45:48,799] [MB metrics] precision: 0.976, recall: 0.820, acc: 0.899, f1: 0.891
