[2025-04-21 20:03:23,311] {'0.01_0': [], '0.01_0.05': [], '0.01_0.1': [], '0.01_0.15': [], '0.01_0.2': [], '0.01_0.25': [], '0.01_0.3': [], '0.01_0.35': [], '0.01_0.4': [], '0.01_0.45': [], '0.01_0.5': [], '0.01_0.6': [], '0.01_0.7': [], '0.01_0.8': [], '0.01_0.9': [], '0.02_0': [], '0.02_0.05': [], '0.02_0.1': [], '0.02_0.15': [], '0.02_0.2': [], '0.02_0.25': [], '0.02_0.3': [], '0.02_0.35': [], '0.02_0.4': [], '0.02_0.45': [], '0.02_0.5': [], '0.02_0.6': [], '0.02_0.7': [], '0.02_0.8': [], '0.02_0.9': [], '0.03_0': [], '0.03_0.05': [], '0.03_0.1': [], '0.03_0.15': [], '0.03_0.2': [], '0.03_0.25': [], '0.03_0.3': [], '0.03_0.35': [], '0.03_0.4': [], '0.03_0.45': [], '0.03_0.5': [], '0.03_0.6': [], '0.03_0.7': [], '0.03_0.8': [], '0.03_0.9': [], '0.04_0': [], '0.04_0.05': [], '0.04_0.1': [], '0.04_0.15': [], '0.04_0.2': [], '0.04_0.25': [], '0.04_0.3': [], '0.04_0.35': [], '0.04_0.4': [], '0.04_0.45': [], '0.04_0.5': [], '0.04_0.6': [], '0.04_0.7': [], '0.04_0.8': [], '0.04_0.9': [], '0.05_0': [], '0.05_0.05': [], '0.05_0.1': [], '0.05_0.15': [], '0.05_0.2': [], '0.05_0.25': [], '0.05_0.3': [], '0.05_0.35': [], '0.05_0.4': [], '0.05_0.45': [], '0.05_0.5': [], '0.05_0.6': [], '0.05_0.7': [], '0.05_0.8': [], '0.05_0.9': [], '0.1_0': [], '0.1_0.05': [], '0.1_0.1': [], '0.1_0.15': [], '0.1_0.2': [], '0.1_0.25': [], '0.1_0.3': [], '0.1_0.35': [], '0.1_0.4': [], '0.1_0.45': [], '0.1_0.5': [], '0.1_0.6': [], '0.1_0.7': [], '0.1_0.8': [], '0.1_0.9': [], '0.2_0': [], '0.2_0.05': [], '0.2_0.1': [], '0.2_0.15': [], '0.2_0.2': [], '0.2_0.25': [], '0.2_0.3': [], '0.2_0.35': [], '0.2_0.4': [], '0.2_0.45': [], '0.2_0.5': [], '0.2_0.6': [], '0.2_0.7': [], '0.2_0.8': [], '0.2_0.9': [], '0.3_0': [], '0.3_0.05': [], '0.3_0.1': [], '0.3_0.15': [], '0.3_0.2': [], '0.3_0.25': [], '0.3_0.3': [], '0.3_0.35': [], '0.3_0.4': [], '0.3_0.45': [], '0.3_0.5': [], '0.3_0.6': [], '0.3_0.7': [], '0.3_0.8': [], '0.3_0.9': [], '0.4_0': [], '0.4_0.05': [], '0.4_0.1': [], '0.4_0.15': [], '0.4_0.2': [], '0.4_0.25': [], '0.4_0.3': [], '0.4_0.35': [], '0.4_0.4': [], '0.4_0.45': [], '0.4_0.5': [], '0.4_0.6': [], '0.4_0.7': [], '0.4_0.8': [], '0.4_0.9': [], '0.5_0': [], '0.5_0.05': [], '0.5_0.1': [], '0.5_0.15': [], '0.5_0.2': [], '0.5_0.25': [], '0.5_0.3': [], '0.5_0.35': [], '0.5_0.4': [], '0.5_0.45': [], '0.5_0.5': [], '0.5_0.6': [], '0.5_0.7': [], '0.5_0.8': [], '0.5_0.9': [], '0.6_0': [], '0.6_0.05': [], '0.6_0.1': [], '0.6_0.15': [], '0.6_0.2': [], '0.6_0.25': [], '0.6_0.3': [], '0.6_0.35': [], '0.6_0.4': [], '0.6_0.45': [], '0.6_0.5': [], '0.6_0.6': [], '0.6_0.7': [], '0.6_0.8': [], '0.6_0.9': [], '0.7_0': [], '0.7_0.05': [], '0.7_0.1': [], '0.7_0.15': [], '0.7_0.2': [], '0.7_0.25': [], '0.7_0.3': [], '0.7_0.35': [], '0.7_0.4': [], '0.7_0.45': [], '0.7_0.5': [], '0.7_0.6': [], '0.7_0.7': [], '0.7_0.8': [], '0.7_0.9': [], '0.8_0': [], '0.8_0.05': [], '0.8_0.1': [], '0.8_0.15': [], '0.8_0.2': [], '0.8_0.25': [], '0.8_0.3': [], '0.8_0.35': [], '0.8_0.4': [], '0.8_0.45': [], '0.8_0.5': [], '0.8_0.6': [], '0.8_0.7': [], '0.8_0.8': [], '0.8_0.9': [], '0.9_0': [], '0.9_0.05': [], '0.9_0.1': [], '0.9_0.15': [], '0.9_0.2': [], '0.9_0.25': [], '0.9_0.3': [], '0.9_0.35': [], '0.9_0.4': [], '0.9_0.45': [], '0.9_0.5': [], '0.9_0.6': [], '0.9_0.7': [], '0.9_0.8': [], '0.9_0.9': [], '1_0': [], '1_0.05': [], '1_0.1': [], '1_0.15': [], '1_0.2': [], '1_0.25': [], '1_0.3': [], '1_0.35': [], '1_0.4': [], '1_0.45': [], '1_0.5': [], '1_0.6': [], '1_0.7': [], '1_0.8': [], '1_0.9': [], '1.5_0': [], '1.5_0.05': [], '1.5_0.1': [], '1.5_0.15': [], '1.5_0.2': [], '1.5_0.25': [], '1.5_0.3': [], '1.5_0.35': [], '1.5_0.4': [], '1.5_0.45': [], '1.5_0.5': [], '1.5_0.6': [], '1.5_0.7': [], '1.5_0.8': [], '1.5_0.9': [], '2_0': [], '2_0.05': [], '2_0.1': [], '2_0.15': [], '2_0.2': [], '2_0.25': [], '2_0.3': [], '2_0.35': [], '2_0.4': [], '2_0.45': [], '2_0.5': [], '2_0.6': [], '2_0.7': [], '2_0.8': [], '2_0.9': [], '3_0': [], '3_0.05': [], '3_0.1': [], '3_0.15': [], '3_0.2': [], '3_0.25': [], '3_0.3': [], '3_0.35': [], '3_0.4': [], '3_0.45': [], '3_0.5': [], '3_0.6': [], '3_0.7': [], '3_0.8': [], '3_0.9': [], '4_0': [], '4_0.05': [], '4_0.1': [], '4_0.15': [], '4_0.2': [], '4_0.25': [], '4_0.3': [], '4_0.35': [], '4_0.4': [], '4_0.45': [], '4_0.5': [], '4_0.6': [], '4_0.7': [], '4_0.8': [], '4_0.9': [], '5_0': [], '5_0.05': [], '5_0.1': [], '5_0.15': [], '5_0.2': [], '5_0.25': [], '5_0.3': [], '5_0.35': [], '5_0.4': [], '5_0.45': [], '5_0.5': [], '5_0.6': [], '5_0.7': [], '5_0.8': [], '5_0.9': [], '6_0': [], '6_0.05': [], '6_0.1': [], '6_0.15': [], '6_0.2': [], '6_0.25': [], '6_0.3': [], '6_0.35': [], '6_0.4': [], '6_0.45': [], '6_0.5': [], '6_0.6': [], '6_0.7': [], '6_0.8': [], '6_0.9': [], '7_0': [], '7_0.05': [], '7_0.1': [], '7_0.15': [], '7_0.2': [], '7_0.25': [], '7_0.3': [], '7_0.35': [], '7_0.4': [], '7_0.45': [], '7_0.5': [], '7_0.6': [], '7_0.7': [], '7_0.8': [], '7_0.9': [], '8_0': [], '8_0.05': [], '8_0.1': [], '8_0.15': [], '8_0.2': [], '8_0.25': [], '8_0.3': [], '8_0.35': [], '8_0.4': [], '8_0.45': [], '8_0.5': [], '8_0.6': [], '8_0.7': [], '8_0.8': [], '8_0.9': [], '9_0': [], '9_0.05': [], '9_0.1': [], '9_0.15': [], '9_0.2': [], '9_0.25': [], '9_0.3': [], '9_0.35': [], '9_0.4': [], '9_0.45': [], '9_0.5': [], '9_0.6': [], '9_0.7': [], '9_0.8': [], '9_0.9': [], '10_0': [], '10_0.05': [], '10_0.1': [], '10_0.15': [], '10_0.2': [], '10_0.25': [], '10_0.3': [], '10_0.35': [], '10_0.4': [], '10_0.45': [], '10_0.5': [], '10_0.6': [], '10_0.7': [], '10_0.8': [], '10_0.9': [], '15_0': [], '15_0.05': [], '15_0.1': [], '15_0.15': [], '15_0.2': [], '15_0.25': [], '15_0.3': [], '15_0.35': [], '15_0.4': [], '15_0.45': [], '15_0.5': [], '15_0.6': [], '15_0.7': [], '15_0.8': [], '15_0.9': [], '20_0': [], '20_0.05': [], '20_0.1': [], '20_0.15': [], '20_0.2': [], '20_0.25': [], '20_0.3': [], '20_0.35': [], '20_0.4': [], '20_0.45': [], '20_0.5': [], '20_0.6': [], '20_0.7': [], '20_0.8': [], '20_0.9': [], '30_0': [], '30_0.05': [], '30_0.1': [], '30_0.15': [], '30_0.2': [], '30_0.25': [], '30_0.3': [], '30_0.35': [], '30_0.4': [], '30_0.45': [], '30_0.5': [], '30_0.6': [], '30_0.7': [], '30_0.8': [], '30_0.9': [], '40_0': [], '40_0.05': [], '40_0.1': [], '40_0.15': [], '40_0.2': [], '40_0.25': [], '40_0.3': [], '40_0.35': [], '40_0.4': [], '40_0.45': [], '40_0.5': [], '40_0.6': [], '40_0.7': [], '40_0.8': [], '40_0.9': [], '50_0': [], '50_0.05': [], '50_0.1': [], '50_0.15': [], '50_0.2': [], '50_0.25': [], '50_0.3': [], '50_0.35': [], '50_0.4': [], '50_0.45': [], '50_0.5': [], '50_0.6': [], '50_0.7': [], '50_0.8': [], '50_0.9': [], '100_0': [], '100_0.05': [], '100_0.1': [], '100_0.15': [], '100_0.2': [], '100_0.25': [], '100_0.3': [], '100_0.35': [], '100_0.4': [], '100_0.45': [], '100_0.5': [], '100_0.6': [], '100_0.7': [], '100_0.8': [], '100_0.9': []}
[2025-04-21 20:03:23,311] 
================ repeat number 1 ====================
[2025-04-21 20:03:23,316] true_dag
[[0 0 0 0 0 1 0 0 0 0]
 [0 0 1 1 1 1 1 1 0 0]
 [0 0 0 0 0 0 0 0 0 0]
 [0 0 0 0 0 0 0 0 0 0]
 [0 0 0 1 0 1 1 0 0 0]
 [0 0 0 0 0 0 0 0 0 0]
 [1 0 0 0 0 1 0 1 0 0]
 [0 0 1 0 0 0 0 0 0 0]
 [1 0 0 0 0 1 1 0 0 0]
 [0 0 0 0 0 0 1 0 1 0]]
[2025-04-21 20:03:23,327] 
===  0-th graph ===
[2025-04-21 20:03:23,327] 6 Nodes of True MB: [0, 1, 4, 5, 6, 8], parents: {8, 6}, children: {5}, spouse: {0, 1, 4, 6, 8}
[2025-04-21 20:03:23,327] 5 Nodes of Markov blanket: [0, 4, 5, 6, 8]
[2025-04-21 20:03:23,335] [MB metrics] precision: 1.000, recall: 0.833, acc: 0.889, f1: 0.909
[2025-04-21 20:03:30,354] sub_met2 before prunning {'fdr': 0.3, 'tpr': 0.875, 'fpr': 1.5, 'shd': 3, 'nnz': 10, 'precision': 0.7, 'recall': 0.875, 'F1': 0.7778, 'gscore': 0.5}
[2025-04-21 20:03:30,354] sub_met after prunning {'fdr': 0.2222, 'tpr': 0.875, 'fpr': 1.0, 'shd': 2, 'nnz': 9, 'precision': 0.7778, 'recall': 0.875, 'F1': 0.8235, 'gscore': 0.625}
[2025-04-21 20:03:30,354] 
===  1-th graph ===
[2025-04-21 20:03:30,354] 10 Nodes of True MB: [0, 1, 2, 3, 4, 5, 6, 7, 8, 9], parents: set(), children: {2, 3, 4, 5, 6, 7}, spouse: {0, 1, 4, 6, 7, 8, 9}
[2025-04-21 20:03:30,354] 9 Nodes of Markov blanket: [1, 2, 3, 4, 5, 6, 7, 8, 9]
[2025-04-21 20:03:30,359] [MB metrics] precision: 1.000, recall: 0.900, acc: 0.900, f1: 0.947
[2025-04-21 20:03:46,175] sub_met2 before prunning {'fdr': 0.5556, 'tpr': 1.0, 'fpr': 1.0, 'shd': 20, 'nnz': 36, 'precision': 0.4444, 'recall': 1.0, 'F1': 0.6154, 'gscore': 0.0}
[2025-04-21 20:03:46,175] sub_met after prunning {'fdr': 0.0, 'tpr': 0.875, 'fpr': 0.0, 'shd': 2, 'nnz': 14, 'precision': 1.0, 'recall': 0.875, 'F1': 0.9333, 'gscore': 0.875}
[2025-04-21 20:03:46,176] 
===  2-th graph ===
[2025-04-21 20:03:46,176] 3 Nodes of True MB: [1, 2, 7], parents: {1, 7}, children: set(), spouse: {2}
[2025-04-21 20:03:46,176] 3 Nodes of Markov blanket: [1, 2, 7]
[2025-04-21 20:03:46,181] [MB metrics] precision: 1.000, recall: 1.000, acc: 1.000, f1: 1.000
[2025-04-21 20:03:50,067] sub_met2 before prunning {'fdr': 0.0, 'tpr': 1.0, 'fpr': 0.0, 'shd': 0, 'nnz': 3, 'precision': 1.0, 'recall': 1.0, 'F1': 1.0, 'gscore': 1.0}
[2025-04-21 20:03:50,067] sub_met after prunning {'fdr': 0.0, 'tpr': 1.0, 'fpr': 0.0, 'shd': 0, 'nnz': 3, 'precision': 1.0, 'recall': 1.0, 'F1': 1.0, 'gscore': 1.0}
[2025-04-21 20:03:50,067] 
===  3-th graph ===
[2025-04-21 20:03:50,068] 3 Nodes of True MB: [1, 3, 4], parents: {1, 4}, children: set(), spouse: {3}
[2025-04-21 20:03:50,068] 3 Nodes of Markov blanket: [1, 3, 4]
[2025-04-21 20:03:50,073] [MB metrics] precision: 1.000, recall: 1.000, acc: 1.000, f1: 1.000
[2025-04-21 20:03:53,821] sub_met2 before prunning {'fdr': 0.0, 'tpr': 1.0, 'fpr': 0.0, 'shd': 0, 'nnz': 3, 'precision': 1.0, 'recall': 1.0, 'F1': 1.0, 'gscore': 1.0}
[2025-04-21 20:03:53,821] sub_met after prunning {'fdr': 0.0, 'tpr': 1.0, 'fpr': 0.0, 'shd': 0, 'nnz': 3, 'precision': 1.0, 'recall': 1.0, 'F1': 1.0, 'gscore': 1.0}
[2025-04-21 20:03:53,821] 
===  4-th graph ===
[2025-04-21 20:03:53,821] 8 Nodes of True MB: [0, 1, 3, 4, 5, 6, 8, 9], parents: {1}, children: {3, 5, 6}, spouse: {0, 1, 4, 6, 8, 9}
[2025-04-21 20:03:53,821] 6 Nodes of Markov blanket: [0, 1, 3, 4, 5, 9]
[2025-04-21 20:03:53,827] [MB metrics] precision: 1.000, recall: 0.750, acc: 0.800, f1: 0.857
[2025-04-21 20:04:02,559] sub_met2 before prunning {'fdr': 0.6667, 'tpr': 0.8333, 'fpr': 1.1111, 'shd': 10, 'nnz': 15, 'precision': 0.3333, 'recall': 0.8333, 'F1': 0.4762, 'gscore': 0.0}
[2025-04-21 20:04:02,559] sub_met after prunning {'fdr': 0.4444, 'tpr': 0.8333, 'fpr': 0.4444, 'shd': 5, 'nnz': 9, 'precision': 0.5556, 'recall': 0.8333, 'F1': 0.6667, 'gscore': 0.1667}
[2025-04-21 20:04:02,559] 
===  5-th graph ===
[2025-04-21 20:04:02,559] 6 Nodes of True MB: [0, 1, 4, 5, 6, 8], parents: {0, 1, 4, 6, 8}, children: set(), spouse: {5}
[2025-04-21 20:04:02,559] 6 Nodes of Markov blanket: [0, 1, 4, 5, 6, 8]
[2025-04-21 20:04:02,564] [MB metrics] precision: 1.000, recall: 1.000, acc: 1.000, f1: 1.000
[2025-04-21 20:04:10,841] sub_met2 before prunning {'fdr': 0.2667, 'tpr': 1.0, 'fpr': 1.0, 'shd': 4, 'nnz': 15, 'precision': 0.7333, 'recall': 1.0, 'F1': 0.8462, 'gscore': 0.6364}
[2025-04-21 20:04:10,841] sub_met after prunning {'fdr': 0.0, 'tpr': 0.9091, 'fpr': 0.0, 'shd': 1, 'nnz': 10, 'precision': 1.0, 'recall': 0.9091, 'F1': 0.9524, 'gscore': 0.9091}
[2025-04-21 20:04:10,841] 
===  6-th graph ===
[2025-04-21 20:04:10,841] 8 Nodes of True MB: [0, 1, 4, 5, 6, 7, 8, 9], parents: {8, 1, 4, 9}, children: {0, 5, 7}, spouse: {0, 1, 4, 6, 8}
[2025-04-21 20:04:10,841] 7 Nodes of Markov blanket: [0, 1, 5, 6, 7, 8, 9]
[2025-04-21 20:04:10,847] [MB metrics] precision: 1.000, recall: 0.875, acc: 0.900, f1: 0.933
[2025-04-21 20:04:21,115] sub_met2 before prunning {'fdr': 0.4286, 'tpr': 1.0, 'fpr': 1.0, 'shd': 9, 'nnz': 21, 'precision': 0.5714, 'recall': 1.0, 'F1': 0.7273, 'gscore': 0.25}
[2025-04-21 20:04:21,115] sub_met after prunning {'fdr': 0.1429, 'tpr': 1.0, 'fpr': 0.2222, 'shd': 2, 'nnz': 14, 'precision': 0.8571, 'recall': 1.0, 'F1': 0.9231, 'gscore': 0.8333}
[2025-04-21 20:04:21,115] 
===  7-th graph ===
[2025-04-21 20:04:21,115] 4 Nodes of True MB: [1, 2, 6, 7], parents: {1, 6}, children: {2}, spouse: {1, 7}
[2025-04-21 20:04:21,115] 4 Nodes of Markov blanket: [1, 2, 6, 7]
[2025-04-21 20:04:21,120] [MB metrics] precision: 1.000, recall: 1.000, acc: 1.000, f1: 1.000
[2025-04-21 20:04:25,991] sub_met2 before prunning {'fdr': 0.1667, 'tpr': 1.0, 'fpr': 1.0, 'shd': 1, 'nnz': 6, 'precision': 0.8333, 'recall': 1.0, 'F1': 0.9091, 'gscore': 0.8}
[2025-04-21 20:04:25,991] sub_met after prunning {'fdr': 0.0, 'tpr': 1.0, 'fpr': 0.0, 'shd': 0, 'nnz': 5, 'precision': 1.0, 'recall': 1.0, 'F1': 1.0, 'gscore': 1.0}
[2025-04-21 20:04:25,992] 
===  8-th graph ===
[2025-04-21 20:04:25,992] 7 Nodes of True MB: [0, 1, 4, 5, 6, 8, 9], parents: {9}, children: {0, 5, 6}, spouse: {0, 1, 4, 6, 8, 9}
[2025-04-21 20:04:25,992] 6 Nodes of Markov blanket: [0, 1, 5, 6, 8, 9]
[2025-04-21 20:04:25,997] [MB metrics] precision: 1.000, recall: 0.857, acc: 0.900, f1: 0.923
[2025-04-21 20:04:34,294] sub_met2 before prunning {'fdr': 0.3333, 'tpr': 1.0, 'fpr': 1.0, 'shd': 5, 'nnz': 15, 'precision': 0.6667, 'recall': 1.0, 'F1': 0.8, 'gscore': 0.5}
[2025-04-21 20:04:34,295] sub_met after prunning {'fdr': 0.1, 'tpr': 0.9, 'fpr': 0.2, 'shd': 2, 'nnz': 10, 'precision': 0.9, 'recall': 0.9, 'F1': 0.9, 'gscore': 0.8}
[2025-04-21 20:04:34,295] 
===  9-th graph ===
[2025-04-21 20:04:34,295] 5 Nodes of True MB: [1, 4, 6, 8, 9], parents: set(), children: {8, 6}, spouse: {8, 9, 4, 1}
[2025-04-21 20:04:34,295] 5 Nodes of Markov blanket: [1, 4, 6, 8, 9]
[2025-04-21 20:04:34,300] [MB metrics] precision: 1.000, recall: 1.000, acc: 1.000, f1: 1.000
[2025-04-21 20:04:40,992] sub_met2 before prunning {'fdr': 0.4, 'tpr': 1.0, 'fpr': 1.0, 'shd': 4, 'nnz': 10, 'precision': 0.6, 'recall': 1.0, 'F1': 0.75, 'gscore': 0.3333}
[2025-04-21 20:04:40,993] sub_met after prunning {'fdr': 0.0, 'tpr': 1.0, 'fpr': 0.0, 'shd': 0, 'nnz': 6, 'precision': 1.0, 'recall': 1.0, 'F1': 1.0, 'gscore': 1.0}
[2025-04-21 20:04:40,993] 
======= Graph Summary =======
[2025-04-21 20:04:40,993] MB summary: {'precision': '1.00+-0.00', 'recall': '0.92+-0.09', 'acc': '0.94+-0.07', 'f1': '0.96+-0.05'}
[2025-04-21 20:04:40,995] [Error] Traceback (most recent call last):
  File "/home/causual-discovery/DC_FAS.py", line 451, in <module>
    np.save(f"./npy/{args.type}{args.h}N{args.nodes}_{args.model}_repeat{_}_before.npy", merge_DAG)
  File "/root/miniconda3/envs/py310/lib/python3.10/site-packages/numpy/lib/npyio.py", line 542, in save
    file_ctx = open(file, "wb")
FileNotFoundError: [Errno 2] No such file or directory: './npy/ER2N10_DAS_repeat0_before.npy'

[2025-04-21 20:04:40,995] 
================ repeat number 2 ====================
[2025-04-21 20:04:40,997] true_dag
[[0 1 1 0 0 0 0 1 1 1]
 [0 0 0 0 0 0 0 0 0 1]
 [0 1 0 0 0 0 0 0 0 0]
 [0 0 0 0 1 0 0 1 0 1]
 [0 0 0 0 0 0 0 0 0 1]
 [0 0 0 0 0 0 0 0 0 1]
 [0 0 0 0 1 0 0 0 0 0]
 [0 0 0 0 0 0 1 0 0 0]
 [0 1 0 0 0 1 0 1 0 0]
 [0 0 0 0 0 0 0 0 0 0]]
[2025-04-21 20:04:41,004] 
===  0-th graph ===
[2025-04-21 20:04:41,004] 9 Nodes of True MB: [0, 1, 2, 3, 4, 5, 7, 8, 9], parents: set(), children: {1, 2, 7, 8, 9}, spouse: {0, 1, 2, 3, 4, 5, 8}
[2025-04-21 20:04:41,004] 9 Nodes of Markov blanket: [0, 1, 2, 3, 4, 5, 7, 8, 9]
[2025-04-21 20:04:41,009] [MB metrics] precision: 1.000, recall: 1.000, acc: 1.000, f1: 1.000
[2025-04-21 20:04:58,839] sub_met2 before prunning {'fdr': 0.5833, 'tpr': 1.0, 'fpr': 1.0, 'shd': 21, 'nnz': 36, 'precision': 0.4167, 'recall': 1.0, 'F1': 0.5882, 'gscore': 0.0}
[2025-04-21 20:04:58,840] sub_met after prunning {'fdr': 0.1875, 'tpr': 0.8667, 'fpr': 0.1429, 'shd': 5, 'nnz': 16, 'precision': 0.8125, 'recall': 0.8667, 'F1': 0.8387, 'gscore': 0.6667}
[2025-04-21 20:04:58,840] 
===  1-th graph ===
[2025-04-21 20:04:58,840] 8 Nodes of True MB: [0, 1, 2, 3, 4, 5, 8, 9], parents: {0, 8, 2}, children: {9}, spouse: {0, 1, 3, 4, 5}
[2025-04-21 20:04:58,840] 8 Nodes of Markov blanket: [0, 1, 2, 3, 4, 5, 8, 9]
[2025-04-21 20:04:58,845] [MB metrics] precision: 1.000, recall: 1.000, acc: 1.000, f1: 1.000
[2025-04-21 20:05:13,216] sub_met2 before prunning {'fdr': 0.5714, 'tpr': 1.0, 'fpr': 1.0, 'shd': 16, 'nnz': 28, 'precision': 0.4286, 'recall': 1.0, 'F1': 0.6, 'gscore': 0.0}
[2025-04-21 20:05:13,216] sub_met after prunning {'fdr': 0.3846, 'tpr': 0.6667, 'fpr': 0.3125, 'shd': 9, 'nnz': 13, 'precision': 0.6154, 'recall': 0.6667, 'F1': 0.64, 'gscore': 0.25}
[2025-04-21 20:05:13,216] 
===  2-th graph ===
[2025-04-21 20:05:13,216] 4 Nodes of True MB: [0, 1, 2, 8], parents: {0}, children: {1}, spouse: {0, 8, 2}
[2025-04-21 20:05:13,217] 4 Nodes of Markov blanket: [0, 1, 2, 8]
[2025-04-21 20:05:13,221] [MB metrics] precision: 1.000, recall: 1.000, acc: 1.000, f1: 1.000
[2025-04-21 20:05:18,157] sub_met2 before prunning {'fdr': 0.1667, 'tpr': 1.0, 'fpr': 1.0, 'shd': 1, 'nnz': 6, 'precision': 0.8333, 'recall': 1.0, 'F1': 0.9091, 'gscore': 0.8}
[2025-04-21 20:05:18,158] sub_met after prunning {'fdr': 0.0, 'tpr': 1.0, 'fpr': 0.0, 'shd': 0, 'nnz': 5, 'precision': 1.0, 'recall': 1.0, 'F1': 1.0, 'gscore': 1.0}
[2025-04-21 20:05:18,158] 
===  3-th graph ===
[2025-04-21 20:05:18,158] 9 Nodes of True MB: [0, 1, 3, 4, 5, 6, 7, 8, 9], parents: set(), children: {9, 4, 7}, spouse: {0, 1, 3, 4, 5, 6, 8}
[2025-04-21 20:05:18,159] 9 Nodes of Markov blanket: [0, 1, 3, 4, 5, 6, 7, 8, 9]
[2025-04-21 20:05:18,164] [MB metrics] precision: 1.000, recall: 1.000, acc: 1.000, f1: 1.000
[2025-04-21 20:05:32,058] sub_met2 before prunning {'fdr': 0.5833, 'tpr': 1.0, 'fpr': 1.0, 'shd': 21, 'nnz': 36, 'precision': 0.4167, 'recall': 1.0, 'F1': 0.5882, 'gscore': 0.0}
[2025-04-21 20:05:32,058] sub_met after prunning {'fdr': 0.2941, 'tpr': 0.8, 'fpr': 0.2381, 'shd': 8, 'nnz': 17, 'precision': 0.7059, 'recall': 0.8, 'F1': 0.75, 'gscore': 0.4667}
[2025-04-21 20:05:32,058] 
===  4-th graph ===
[2025-04-21 20:05:32,058] 7 Nodes of True MB: [0, 1, 3, 4, 5, 6, 9], parents: {3, 6}, children: {9}, spouse: {0, 1, 3, 4, 5}
[2025-04-21 20:05:32,058] 7 Nodes of Markov blanket: [0, 1, 3, 4, 5, 6, 9]
[2025-04-21 20:05:32,063] [MB metrics] precision: 1.000, recall: 1.000, acc: 1.000, f1: 1.000
[2025-04-21 20:05:48,358] sub_met2 before prunning {'fdr': 0.619, 'tpr': 1.0, 'fpr': 1.0, 'shd': 13, 'nnz': 21, 'precision': 0.381, 'recall': 1.0, 'F1': 0.5517, 'gscore': 0.0}
[2025-04-21 20:05:48,358] sub_met after prunning {'fdr': 0.5, 'tpr': 0.875, 'fpr': 0.5385, 'shd': 8, 'nnz': 14, 'precision': 0.5, 'recall': 0.875, 'F1': 0.6364, 'gscore': 0.0}
[2025-04-21 20:05:48,358] 
===  5-th graph ===
[2025-04-21 20:05:48,358] 7 Nodes of True MB: [0, 1, 3, 4, 5, 8, 9], parents: {8}, children: {9}, spouse: {0, 1, 3, 4, 5}
[2025-04-21 20:05:48,358] 7 Nodes of Markov blanket: [0, 1, 3, 4, 5, 8, 9]
[2025-04-21 20:05:48,363] [MB metrics] precision: 1.000, recall: 1.000, acc: 1.000, f1: 1.000
[2025-04-21 20:06:05,149] sub_met2 before prunning {'fdr': 0.5238, 'tpr': 1.0, 'fpr': 1.0, 'shd': 11, 'nnz': 21, 'precision': 0.4762, 'recall': 1.0, 'F1': 0.6452, 'gscore': 0.0}
[2025-04-21 20:06:05,149] sub_met after prunning {'fdr': 0.4167, 'tpr': 0.7, 'fpr': 0.4545, 'shd': 8, 'nnz': 12, 'precision': 0.5833, 'recall': 0.7, 'F1': 0.6364, 'gscore': 0.2}
[2025-04-21 20:06:05,149] 
===  6-th graph ===
[2025-04-21 20:06:05,149] 4 Nodes of True MB: [3, 4, 6, 7], parents: {7}, children: {4}, spouse: {3, 6}
[2025-04-21 20:06:05,149] 4 Nodes of Markov blanket: [3, 4, 6, 7]
[2025-04-21 20:06:05,154] [MB metrics] precision: 1.000, recall: 1.000, acc: 1.000, f1: 1.000
[2025-04-21 20:06:12,420] sub_met2 before prunning {'fdr': 0.3333, 'tpr': 1.0, 'fpr': 1.0, 'shd': 2, 'nnz': 6, 'precision': 0.6667, 'recall': 1.0, 'F1': 0.8, 'gscore': 0.5}
[2025-04-21 20:06:12,420] sub_met after prunning {'fdr': 0.0, 'tpr': 1.0, 'fpr': 0.0, 'shd': 0, 'nnz': 4, 'precision': 1.0, 'recall': 1.0, 'F1': 1.0, 'gscore': 1.0}
[2025-04-21 20:06:12,420] 
===  7-th graph ===
[2025-04-21 20:06:12,421] 5 Nodes of True MB: [0, 3, 6, 7, 8], parents: {0, 8, 3}, children: {6}, spouse: {7}
[2025-04-21 20:06:12,421] 5 Nodes of Markov blanket: [0, 3, 6, 7, 8]
[2025-04-21 20:06:12,426] [MB metrics] precision: 1.000, recall: 1.000, acc: 1.000, f1: 1.000
[2025-04-21 20:06:23,460] sub_met2 before prunning {'fdr': 0.5, 'tpr': 1.0, 'fpr': 1.0, 'shd': 5, 'nnz': 10, 'precision': 0.5, 'recall': 1.0, 'F1': 0.6667, 'gscore': 0.0}
[2025-04-21 20:06:23,461] sub_met after prunning {'fdr': 0.0, 'tpr': 1.0, 'fpr': 0.0, 'shd': 0, 'nnz': 5, 'precision': 1.0, 'recall': 1.0, 'F1': 1.0, 'gscore': 1.0}
[2025-04-21 20:06:23,461] 
===  8-th graph ===
[2025-04-21 20:06:23,461] 7 Nodes of True MB: [0, 1, 2, 3, 5, 7, 8], parents: {0}, children: {1, 5, 7}, spouse: {8, 0, 2, 3}
[2025-04-21 20:06:23,461] 7 Nodes of Markov blanket: [0, 1, 2, 3, 5, 7, 8]
[2025-04-21 20:06:23,466] [MB metrics] precision: 1.000, recall: 1.000, acc: 1.000, f1: 1.000
