[2025-05-01 09:26:32,101] {'0.01_0': [], '0.01_0.05': [], '0.01_0.1': [], '0.01_0.15': [], '0.01_0.2': [], '0.01_0.25': [], '0.01_0.3': [], '0.01_0.35': [], '0.01_0.4': [], '0.01_0.45': [], '0.01_0.5': [], '0.01_0.6': [], '0.01_0.7': [], '0.01_0.8': [], '0.01_0.9': [], '0.02_0': [], '0.02_0.05': [], '0.02_0.1': [], '0.02_0.15': [], '0.02_0.2': [], '0.02_0.25': [], '0.02_0.3': [], '0.02_0.35': [], '0.02_0.4': [], '0.02_0.45': [], '0.02_0.5': [], '0.02_0.6': [], '0.02_0.7': [], '0.02_0.8': [], '0.02_0.9': [], '0.03_0': [], '0.03_0.05': [], '0.03_0.1': [], '0.03_0.15': [], '0.03_0.2': [], '0.03_0.25': [], '0.03_0.3': [], '0.03_0.35': [], '0.03_0.4': [], '0.03_0.45': [], '0.03_0.5': [], '0.03_0.6': [], '0.03_0.7': [], '0.03_0.8': [], '0.03_0.9': [], '0.04_0': [], '0.04_0.05': [], '0.04_0.1': [], '0.04_0.15': [], '0.04_0.2': [], '0.04_0.25': [], '0.04_0.3': [], '0.04_0.35': [], '0.04_0.4': [], '0.04_0.45': [], '0.04_0.5': [], '0.04_0.6': [], '0.04_0.7': [], '0.04_0.8': [], '0.04_0.9': [], '0.05_0': [], '0.05_0.05': [], '0.05_0.1': [], '0.05_0.15': [], '0.05_0.2': [], '0.05_0.25': [], '0.05_0.3': [], '0.05_0.35': [], '0.05_0.4': [], '0.05_0.45': [], '0.05_0.5': [], '0.05_0.6': [], '0.05_0.7': [], '0.05_0.8': [], '0.05_0.9': [], '0.1_0': [], '0.1_0.05': [], '0.1_0.1': [], '0.1_0.15': [], '0.1_0.2': [], '0.1_0.25': [], '0.1_0.3': [], '0.1_0.35': [], '0.1_0.4': [], '0.1_0.45': [], '0.1_0.5': [], '0.1_0.6': [], '0.1_0.7': [], '0.1_0.8': [], '0.1_0.9': [], '0.2_0': [], '0.2_0.05': [], '0.2_0.1': [], '0.2_0.15': [], '0.2_0.2': [], '0.2_0.25': [], '0.2_0.3': [], '0.2_0.35': [], '0.2_0.4': [], '0.2_0.45': [], '0.2_0.5': [], '0.2_0.6': [], '0.2_0.7': [], '0.2_0.8': [], '0.2_0.9': [], '0.3_0': [], '0.3_0.05': [], '0.3_0.1': [], '0.3_0.15': [], '0.3_0.2': [], '0.3_0.25': [], '0.3_0.3': [], '0.3_0.35': [], '0.3_0.4': [], '0.3_0.45': [], '0.3_0.5': [], '0.3_0.6': [], '0.3_0.7': [], '0.3_0.8': [], '0.3_0.9': [], '0.4_0': [], '0.4_0.05': [], '0.4_0.1': [], '0.4_0.15': [], '0.4_0.2': [], '0.4_0.25': [], '0.4_0.3': [], '0.4_0.35': [], '0.4_0.4': [], '0.4_0.45': [], '0.4_0.5': [], '0.4_0.6': [], '0.4_0.7': [], '0.4_0.8': [], '0.4_0.9': [], '0.5_0': [], '0.5_0.05': [], '0.5_0.1': [], '0.5_0.15': [], '0.5_0.2': [], '0.5_0.25': [], '0.5_0.3': [], '0.5_0.35': [], '0.5_0.4': [], '0.5_0.45': [], '0.5_0.5': [], '0.5_0.6': [], '0.5_0.7': [], '0.5_0.8': [], '0.5_0.9': [], '0.6_0': [], '0.6_0.05': [], '0.6_0.1': [], '0.6_0.15': [], '0.6_0.2': [], '0.6_0.25': [], '0.6_0.3': [], '0.6_0.35': [], '0.6_0.4': [], '0.6_0.45': [], '0.6_0.5': [], '0.6_0.6': [], '0.6_0.7': [], '0.6_0.8': [], '0.6_0.9': [], '0.7_0': [], '0.7_0.05': [], '0.7_0.1': [], '0.7_0.15': [], '0.7_0.2': [], '0.7_0.25': [], '0.7_0.3': [], '0.7_0.35': [], '0.7_0.4': [], '0.7_0.45': [], '0.7_0.5': [], '0.7_0.6': [], '0.7_0.7': [], '0.7_0.8': [], '0.7_0.9': [], '0.8_0': [], '0.8_0.05': [], '0.8_0.1': [], '0.8_0.15': [], '0.8_0.2': [], '0.8_0.25': [], '0.8_0.3': [], '0.8_0.35': [], '0.8_0.4': [], '0.8_0.45': [], '0.8_0.5': [], '0.8_0.6': [], '0.8_0.7': [], '0.8_0.8': [], '0.8_0.9': [], '0.9_0': [], '0.9_0.05': [], '0.9_0.1': [], '0.9_0.15': [], '0.9_0.2': [], '0.9_0.25': [], '0.9_0.3': [], '0.9_0.35': [], '0.9_0.4': [], '0.9_0.45': [], '0.9_0.5': [], '0.9_0.6': [], '0.9_0.7': [], '0.9_0.8': [], '0.9_0.9': [], '1_0': [], '1_0.05': [], '1_0.1': [], '1_0.15': [], '1_0.2': [], '1_0.25': [], '1_0.3': [], '1_0.35': [], '1_0.4': [], '1_0.45': [], '1_0.5': [], '1_0.6': [], '1_0.7': [], '1_0.8': [], '1_0.9': [], '1.5_0': [], '1.5_0.05': [], '1.5_0.1': [], '1.5_0.15': [], '1.5_0.2': [], '1.5_0.25': [], '1.5_0.3': [], '1.5_0.35': [], '1.5_0.4': [], '1.5_0.45': [], '1.5_0.5': [], '1.5_0.6': [], '1.5_0.7': [], '1.5_0.8': [], '1.5_0.9': [], '2_0': [], '2_0.05': [], '2_0.1': [], '2_0.15': [], '2_0.2': [], '2_0.25': [], '2_0.3': [], '2_0.35': [], '2_0.4': [], '2_0.45': [], '2_0.5': [], '2_0.6': [], '2_0.7': [], '2_0.8': [], '2_0.9': [], '3_0': [], '3_0.05': [], '3_0.1': [], '3_0.15': [], '3_0.2': [], '3_0.25': [], '3_0.3': [], '3_0.35': [], '3_0.4': [], '3_0.45': [], '3_0.5': [], '3_0.6': [], '3_0.7': [], '3_0.8': [], '3_0.9': [], '4_0': [], '4_0.05': [], '4_0.1': [], '4_0.15': [], '4_0.2': [], '4_0.25': [], '4_0.3': [], '4_0.35': [], '4_0.4': [], '4_0.45': [], '4_0.5': [], '4_0.6': [], '4_0.7': [], '4_0.8': [], '4_0.9': [], '5_0': [], '5_0.05': [], '5_0.1': [], '5_0.15': [], '5_0.2': [], '5_0.25': [], '5_0.3': [], '5_0.35': [], '5_0.4': [], '5_0.45': [], '5_0.5': [], '5_0.6': [], '5_0.7': [], '5_0.8': [], '5_0.9': [], '6_0': [], '6_0.05': [], '6_0.1': [], '6_0.15': [], '6_0.2': [], '6_0.25': [], '6_0.3': [], '6_0.35': [], '6_0.4': [], '6_0.45': [], '6_0.5': [], '6_0.6': [], '6_0.7': [], '6_0.8': [], '6_0.9': [], '7_0': [], '7_0.05': [], '7_0.1': [], '7_0.15': [], '7_0.2': [], '7_0.25': [], '7_0.3': [], '7_0.35': [], '7_0.4': [], '7_0.45': [], '7_0.5': [], '7_0.6': [], '7_0.7': [], '7_0.8': [], '7_0.9': [], '8_0': [], '8_0.05': [], '8_0.1': [], '8_0.15': [], '8_0.2': [], '8_0.25': [], '8_0.3': [], '8_0.35': [], '8_0.4': [], '8_0.45': [], '8_0.5': [], '8_0.6': [], '8_0.7': [], '8_0.8': [], '8_0.9': [], '9_0': [], '9_0.05': [], '9_0.1': [], '9_0.15': [], '9_0.2': [], '9_0.25': [], '9_0.3': [], '9_0.35': [], '9_0.4': [], '9_0.45': [], '9_0.5': [], '9_0.6': [], '9_0.7': [], '9_0.8': [], '9_0.9': [], '10_0': [], '10_0.05': [], '10_0.1': [], '10_0.15': [], '10_0.2': [], '10_0.25': [], '10_0.3': [], '10_0.35': [], '10_0.4': [], '10_0.45': [], '10_0.5': [], '10_0.6': [], '10_0.7': [], '10_0.8': [], '10_0.9': [], '15_0': [], '15_0.05': [], '15_0.1': [], '15_0.15': [], '15_0.2': [], '15_0.25': [], '15_0.3': [], '15_0.35': [], '15_0.4': [], '15_0.45': [], '15_0.5': [], '15_0.6': [], '15_0.7': [], '15_0.8': [], '15_0.9': [], '20_0': [], '20_0.05': [], '20_0.1': [], '20_0.15': [], '20_0.2': [], '20_0.25': [], '20_0.3': [], '20_0.35': [], '20_0.4': [], '20_0.45': [], '20_0.5': [], '20_0.6': [], '20_0.7': [], '20_0.8': [], '20_0.9': [], '30_0': [], '30_0.05': [], '30_0.1': [], '30_0.15': [], '30_0.2': [], '30_0.25': [], '30_0.3': [], '30_0.35': [], '30_0.4': [], '30_0.45': [], '30_0.5': [], '30_0.6': [], '30_0.7': [], '30_0.8': [], '30_0.9': [], '40_0': [], '40_0.05': [], '40_0.1': [], '40_0.15': [], '40_0.2': [], '40_0.25': [], '40_0.3': [], '40_0.35': [], '40_0.4': [], '40_0.45': [], '40_0.5': [], '40_0.6': [], '40_0.7': [], '40_0.8': [], '40_0.9': [], '50_0': [], '50_0.05': [], '50_0.1': [], '50_0.15': [], '50_0.2': [], '50_0.25': [], '50_0.3': [], '50_0.35': [], '50_0.4': [], '50_0.45': [], '50_0.5': [], '50_0.6': [], '50_0.7': [], '50_0.8': [], '50_0.9': [], '100_0': [], '100_0.05': [], '100_0.1': [], '100_0.15': [], '100_0.2': [], '100_0.25': [], '100_0.3': [], '100_0.35': [], '100_0.4': [], '100_0.45': [], '100_0.5': [], '100_0.6': [], '100_0.7': [], '100_0.8': [], '100_0.9': []}
[2025-05-01 09:26:32,101] 
================ repeat number 1 ====================
[2025-05-01 09:26:32,150] true_dag
[[0 0 0 ... 0 0 0]
 [0 0 0 ... 0 0 0]
 [0 0 0 ... 0 0 0]
 ...
 [0 0 0 ... 0 0 0]
 [0 0 0 ... 0 0 0]
 [0 0 0 ... 0 0 0]]
[2025-05-01 09:26:38,188] 
===  0-th graph ===
[2025-05-01 09:26:38,188] 4 Nodes of True MB: [0, 110, 152, 183], parents: {152, 110, 183}, children: set(), spouse: {0}
[2025-05-01 09:26:38,188] 3 Nodes of Markov blanket: [0, 110, 183]
[2025-05-01 09:26:38,194] [MB metrics] precision: 1.000, recall: 0.750, acc: 0.995, f1: 0.857
[2025-05-01 09:26:46,167] sub_met2 before prunning None
[2025-05-01 09:26:46,167] sub_met after prunning {'fdr': 0.0, 'tpr': 1.0, 'fpr': 0.0, 'shd': 0, 'nnz': 3, 'precision': 1.0, 'recall': 1.0, 'F1': 1.0, 'gscore': 1.0}
[2025-05-01 09:26:46,167] 
===  1-th graph ===
[2025-05-01 09:26:46,167] 14 Nodes of True MB: [1, 29, 87, 91, 102, 114, 121, 124, 128, 139, 162, 206, 253, 269], parents: {29, 87}, children: {162}, spouse: {128, 1, 102, 139, 269, 206, 114, 121, 91, 124, 253}
[2025-05-01 09:26:46,167] 14 Nodes of Markov blanket: [1, 29, 87, 91, 102, 114, 121, 124, 128, 139, 162, 206, 253, 269]
[2025-05-01 09:26:46,184] [MB metrics] precision: 1.000, recall: 1.000, acc: 1.000, f1: 1.000
[2025-05-01 09:27:01,188] sub_met2 before prunning None
[2025-05-01 09:27:01,188] sub_met after prunning {'fdr': 0.6552, 'tpr': 0.5263, 'fpr': 0.2639, 'shd': 27, 'nnz': 29, 'precision': 0.3448, 'recall': 0.5263, 'F1': 0.4167, 'gscore': 0.0}
[2025-05-01 09:27:01,188] 
===  2-th graph ===
[2025-05-01 09:27:01,188] 19 Nodes of True MB: [2, 6, 11, 22, 45, 46, 66, 76, 80, 91, 100, 134, 135, 153, 172, 190, 249, 250, 276], parents: {153, 100, 249, 135}, children: {172}, spouse: {2, 66, 100, 6, 134, 11, 76, 45, 46, 80, 276, 22, 250, 91, 190}
[2025-05-01 09:27:01,188] 17 Nodes of Markov blanket: [2, 6, 11, 22, 45, 46, 66, 76, 80, 91, 134, 153, 172, 190, 249, 250, 276]
[2025-05-01 09:27:01,191] [MB metrics] precision: 1.000, recall: 0.895, acc: 0.993, f1: 0.944
[2025-05-01 09:27:19,888] sub_met2 before prunning None
[2025-05-01 09:27:19,888] sub_met after prunning {'fdr': 0.7719, 'tpr': 0.5, 'fpr': 0.4, 'shd': 54, 'nnz': 57, 'precision': 0.2281, 'recall': 0.5, 'F1': 0.3133, 'gscore': 0.0}
[2025-05-01 09:27:19,888] 
===  3-th graph ===
[2025-05-01 09:27:19,888] 13 Nodes of True MB: [3, 88, 91, 122, 138, 151, 153, 162, 174, 187, 200, 213, 232], parents: {91}, children: {138, 151}, spouse: {162, 3, 200, 232, 174, 213, 88, 153, 122, 187}
[2025-05-01 09:27:19,888] 9 Nodes of Markov blanket: [3, 91, 122, 138, 151, 153, 174, 213, 232]
[2025-05-01 09:27:19,899] [MB metrics] precision: 1.000, recall: 0.692, acc: 0.983, f1: 0.818
[2025-05-01 09:27:34,581] sub_met2 before prunning None
[2025-05-01 09:27:34,581] sub_met after prunning {'fdr': 0.5, 'tpr': 0.4444, 'fpr': 0.1481, 'shd': 9, 'nnz': 8, 'precision': 0.5, 'recall': 0.4444, 'F1': 0.4706, 'gscore': 0.0}
[2025-05-01 09:27:34,581] 
===  4-th graph ===
[2025-05-01 09:27:34,581] 10 Nodes of True MB: [4, 64, 102, 109, 111, 129, 200, 202, 215, 256], parents: {64, 215, 109, 111}, children: {129}, spouse: {256, 4, 102, 200, 202, 215}
[2025-05-01 09:27:34,581] 10 Nodes of Markov blanket: [4, 64, 102, 109, 111, 129, 200, 202, 215, 256]
[2025-05-01 09:27:34,591] [MB metrics] precision: 1.000, recall: 1.000, acc: 1.000, f1: 1.000
[2025-05-01 09:27:49,004] sub_met2 before prunning None
[2025-05-01 09:27:49,004] sub_met after prunning {'fdr': 0.7857, 'tpr': 0.5, 'fpr': 0.6667, 'shd': 26, 'nnz': 28, 'precision': 0.2143, 'recall': 0.5, 'F1': 0.3, 'gscore': 0.0}
[2025-05-01 09:27:49,004] 
===  5-th graph ===
[2025-05-01 09:27:49,004] 10 Nodes of True MB: [5, 72, 95, 102, 103, 170, 183, 200, 230, 253], parents: {200, 102, 95}, children: {72}, spouse: {5, 230, 103, 170, 183, 253}
[2025-05-01 09:27:49,004] 9 Nodes of Markov blanket: [5, 72, 95, 102, 103, 183, 200, 230, 253]
[2025-05-01 09:27:49,021] [MB metrics] precision: 1.000, recall: 0.900, acc: 0.996, f1: 0.947
[2025-05-01 09:28:03,157] sub_met2 before prunning None
[2025-05-01 09:28:03,173] sub_met after prunning {'fdr': 0.7059, 'tpr': 0.4545, 'fpr': 0.48, 'shd': 16, 'nnz': 17, 'precision': 0.2941, 'recall': 0.4545, 'F1': 0.3571, 'gscore': 0.0}
[2025-05-01 09:28:03,173] 
===  6-th graph ===
[2025-05-01 09:28:03,173] 24 Nodes of True MB: [2, 6, 11, 22, 36, 45, 46, 54, 66, 76, 80, 91, 100, 134, 143, 172, 190, 214, 227, 250, 276, 289, 291, 294], parents: {227, 143}, children: {172, 54}, spouse: {2, 6, 134, 11, 276, 22, 289, 291, 36, 294, 45, 46, 190, 66, 76, 80, 214, 91, 100, 250}
[2025-05-01 09:28:03,173] 20 Nodes of Markov blanket: [2, 6, 22, 36, 46, 54, 76, 80, 91, 134, 143, 172, 190, 214, 227, 250, 276, 289, 291, 294]
[2025-05-01 09:28:03,177] [MB metrics] precision: 1.000, recall: 0.833, acc: 0.986, f1: 0.909
[2025-05-01 09:28:23,473] sub_met2 before prunning None
[2025-05-01 09:28:23,473] sub_met after prunning {'fdr': 0.6667, 'tpr': 0.6429, 'fpr': 0.2222, 'shd': 45, 'nnz': 54, 'precision': 0.3333, 'recall': 0.6429, 'F1': 0.439, 'gscore': 0.0}
[2025-05-01 09:28:23,473] 
===  7-th graph ===
[2025-05-01 09:28:23,473] 69 Nodes of True MB: [7, 15, 18, 22, 29, 35, 46, 48, 50, 53, 59, 64, 66, 68, 69, 73, 75, 80, 82, 88, 90, 91, 92, 100, 108, 117, 119, 120, 122, 131, 141, 142, 148, 153, 154, 157, 177, 179, 181, 183, 185, 186, 197, 198, 200, 204, 207, 214, 220, 222, 231, 239, 240, 245, 246, 248, 249, 251, 264, 266, 269, 270, 272, 281, 289, 291, 292, 294, 299], parents: set(), children: {64, 35, 108, 80, 119, 59}, spouse: {131, 7, 264, 266, 269, 270, 15, 272, 141, 18, 142, 148, 22, 281, 154, 153, 157, 29, 289, 291, 292, 294, 299, 46, 48, 177, 50, 179, 53, 181, 183, 185, 186, 59, 64, 66, 68, 69, 198, 197, 200, 73, 75, 204, 207, 82, 214, 88, 90, 91, 92, 220, 222, 248, 100, 231, 239, 240, 117, 246, 245, 120, 249, 122, 251}
[2025-05-01 09:28:23,474] 63 Nodes of Markov blanket: [7, 15, 18, 22, 29, 46, 48, 50, 53, 59, 66, 68, 69, 73, 75, 80, 82, 88, 90, 91, 100, 102, 108, 117, 119, 120, 122, 141, 142, 148, 153, 154, 157, 166, 177, 179, 181, 183, 185, 197, 198, 200, 204, 207, 214, 220, 222, 239, 240, 245, 246, 248, 249, 251, 264, 266, 270, 272, 289, 291, 292, 294, 299]
[2025-05-01 09:28:23,476] [MB metrics] precision: 0.968, recall: 0.884, acc: 0.967, f1: 0.924
[2025-05-01 09:29:00,903] sub_met2 before prunning None
[2025-05-01 09:29:00,903] sub_met after prunning {'fdr': 0.6733, 'tpr': 0.6226, 'fpr': 0.0736, 'shd': 173, 'nnz': 202, 'precision': 0.3267, 'recall': 0.6226, 'F1': 0.4286, 'gscore': 0.0}
[2025-05-01 09:29:00,903] 
===  8-th graph ===
[2025-05-01 09:29:00,903] 4 Nodes of True MB: [8, 134, 171, 230], parents: {171, 134, 230}, children: set(), spouse: {8}
[2025-05-01 09:29:00,903] 4 Nodes of Markov blanket: [8, 134, 171, 230]
[2025-05-01 09:29:00,916] [MB metrics] precision: 1.000, recall: 1.000, acc: 1.000, f1: 1.000
[2025-05-01 09:29:08,552] sub_met2 before prunning None
[2025-05-01 09:29:08,552] sub_met after prunning {'fdr': 0.4, 'tpr': 1.0, 'fpr': 0.6667, 'shd': 2, 'nnz': 5, 'precision': 0.6, 'recall': 1.0, 'F1': 0.75, 'gscore': 0.3333}
[2025-05-01 09:29:08,552] 
===  9-th graph ===
[2025-05-01 09:29:08,552] 16 Nodes of True MB: [9, 27, 31, 102, 107, 131, 141, 144, 147, 178, 181, 194, 228, 235, 265, 297], parents: {131, 102}, children: {265, 27, 31}, spouse: {194, 228, 102, 9, 297, 235, 107, 141, 144, 178, 147, 181}
[2025-05-01 09:29:08,552] 16 Nodes of Markov blanket: [9, 27, 31, 102, 107, 131, 141, 144, 147, 178, 181, 194, 228, 235, 265, 297]
[2025-05-01 09:29:08,558] [MB metrics] precision: 1.000, recall: 1.000, acc: 1.000, f1: 1.000
[2025-05-01 09:29:26,314] sub_met2 before prunning None
[2025-05-01 09:29:26,314] sub_met after prunning {'fdr': 0.6829, 'tpr': 0.7647, 'fpr': 0.2718, 'shd': 30, 'nnz': 41, 'precision': 0.3171, 'recall': 0.7647, 'F1': 0.4483, 'gscore': 0.0}
[2025-05-01 09:29:26,314] 
===  10-th graph ===
[2025-05-01 09:29:26,314] 17 Nodes of True MB: [10, 17, 18, 27, 82, 99, 149, 155, 163, 208, 218, 222, 247, 260, 264, 274, 279], parents: {279}, children: {264, 149}, spouse: {99, 260, 163, 27, 10, 208, 17, 18, 82, 274, 247, 218, 155, 222}
[2025-05-01 09:29:26,314] 15 Nodes of Markov blanket: [10, 17, 18, 27, 82, 99, 149, 155, 163, 208, 218, 222, 260, 264, 279]
[2025-05-01 09:29:26,318] [MB metrics] precision: 1.000, recall: 0.882, acc: 0.993, f1: 0.938
[2025-05-01 09:29:57,017] sub_met2 before prunning None
[2025-05-01 09:29:57,018] sub_met after prunning {'fdr': 0.7619, 'tpr': 0.3333, 'fpr': 0.1778, 'shd': 26, 'nnz': 21, 'precision': 0.2381, 'recall': 0.3333, 'F1': 0.2778, 'gscore': 0.0}
[2025-05-01 09:29:57,022] 
===  11-th graph ===
[2025-05-01 09:29:57,022] 21 Nodes of True MB: [2, 6, 11, 22, 23, 45, 46, 66, 76, 80, 91, 92, 100, 104, 110, 134, 172, 190, 250, 276, 295], parents: {295, 104, 110, 23, 92}, children: {172}, spouse: {2, 66, 100, 6, 134, 11, 76, 45, 46, 80, 276, 22, 250, 91, 190}
[2025-05-01 09:29:57,023] 12 Nodes of Markov blanket: [2, 11, 23, 46, 76, 91, 92, 104, 110, 134, 250, 295]
[2025-05-01 09:29:57,033] [MB metrics] precision: 1.000, recall: 0.571, acc: 0.970, f1: 0.727
[2025-05-01 09:30:18,211] sub_met2 before prunning None
[2025-05-01 09:30:18,211] sub_met after prunning {'fdr': 0.9375, 'tpr': 0.125, 'fpr': 0.2586, 'shd': 21, 'nnz': 16, 'precision': 0.0625, 'recall': 0.125, 'F1': 0.0833, 'gscore': 0.0}
[2025-05-01 09:30:18,211] 
===  12-th graph ===
[2025-05-01 09:30:18,211] 8 Nodes of True MB: [12, 87, 91, 168, 176, 183, 215, 273], parents: {215, 91, 183}, children: {273}, spouse: {168, 12, 176, 87}
[2025-05-01 09:30:18,211] 8 Nodes of Markov blanket: [12, 87, 91, 168, 176, 183, 215, 273]
[2025-05-01 09:30:18,218] [MB metrics] precision: 1.000, recall: 1.000, acc: 1.000, f1: 1.000
[2025-05-01 09:30:35,401] sub_met2 before prunning None
[2025-05-01 09:30:35,402] sub_met after prunning {'fdr': 0.5714, 'tpr': 0.9, 'fpr': 0.6667, 'shd': 12, 'nnz': 21, 'precision': 0.4286, 'recall': 0.9, 'F1': 0.5806, 'gscore': 0.0}
[2025-05-01 09:30:35,402] 
===  13-th graph ===
[2025-05-01 09:30:35,402] 6 Nodes of True MB: [13, 150, 169, 192, 257, 298], parents: {192, 257}, children: {150}, spouse: {169, 298, 13}
[2025-05-01 09:30:35,402] 5 Nodes of Markov blanket: [13, 150, 169, 257, 298]
[2025-05-01 09:30:35,405] [MB metrics] precision: 1.000, recall: 0.833, acc: 0.997, f1: 0.909
[2025-05-01 09:30:43,391] sub_met2 before prunning None
[2025-05-01 09:30:43,391] sub_met after prunning {'fdr': 0.2, 'tpr': 1.0, 'fpr': 0.1667, 'shd': 1, 'nnz': 5, 'precision': 0.8, 'recall': 1.0, 'F1': 0.8889, 'gscore': 0.75}
[2025-05-01 09:30:43,391] 
===  14-th graph ===
[2025-05-01 09:30:43,392] 14 Nodes of True MB: [14, 32, 34, 37, 65, 80, 83, 92, 103, 155, 156, 180, 184, 196], parents: {32, 65, 196, 103, 80, 180, 92}, children: {83, 37}, spouse: {34, 14, 184, 155, 156}
[2025-05-01 09:30:43,392] 10 Nodes of Markov blanket: [14, 32, 65, 80, 92, 103, 156, 180, 184, 196]
[2025-05-01 09:30:43,396] [MB metrics] precision: 1.000, recall: 0.714, acc: 0.980, f1: 0.833
[2025-05-01 09:30:58,611] sub_met2 before prunning None
[2025-05-01 09:30:58,611] sub_met after prunning {'fdr': 0.7222, 'tpr': 0.5556, 'fpr': 0.3611, 'shd': 17, 'nnz': 18, 'precision': 0.2778, 'recall': 0.5556, 'F1': 0.3704, 'gscore': 0.0}
[2025-05-01 09:30:58,611] 
===  15-th graph ===
[2025-05-01 09:30:58,611] 65 Nodes of True MB: [7, 15, 22, 28, 29, 30, 38, 42, 46, 48, 49, 50, 59, 64, 65, 66, 69, 71, 73, 75, 80, 82, 88, 90, 91, 92, 100, 109, 117, 120, 122, 131, 140, 141, 148, 153, 154, 157, 177, 179, 183, 185, 189, 198, 200, 204, 207, 214, 222, 240, 241, 246, 248, 249, 251, 257, 259, 264, 270, 272, 281, 289, 291, 294, 299], parents: set(), children: {64, 257, 69, 71, 42, 75, 80, 241}, spouse: {257, 259, 131, 7, 264, 140, 141, 270, 15, 272, 148, 22, 281, 154, 153, 28, 157, 29, 30, 289, 291, 294, 38, 299, 46, 48, 177, 50, 179, 49, 183, 185, 59, 189, 64, 65, 66, 69, 198, 200, 73, 75, 204, 207, 82, 214, 88, 90, 91, 92, 222, 248, 100, 109, 240, 117, 246, 120, 249, 122, 251}
[2025-05-01 09:30:58,611] 57 Nodes of Markov blanket: [7, 15, 22, 28, 29, 30, 38, 46, 48, 49, 50, 59, 65, 66, 69, 73, 75, 80, 82, 88, 90, 92, 100, 117, 120, 122, 140, 141, 148, 153, 154, 157, 177, 179, 183, 185, 189, 198, 200, 207, 214, 222, 240, 241, 248, 249, 251, 257, 259, 264, 270, 272, 281, 289, 291, 294, 299]
[2025-05-01 09:30:58,615] [MB metrics] precision: 1.000, recall: 0.877, acc: 0.973, f1: 0.934
