[2025-05-01 09:39:34,969] 
================ repeat number 1 ====================
[2025-05-01 09:39:34,980] true_dag
[[0 1 0]
 [0 0 0]
 [1 1 0]]
[2025-05-01 09:39:34,987] 
===  0-th graph ===
[2025-05-01 09:39:34,987] 3 Nodes of True MB: [0, 1, 2], parents: {2}, children: {1}, spouse: {0, 2}
[2025-05-01 09:39:34,988] [MB metrics] precision: 1.000, recall: 1.000, acc: 1.000, f1: 1.000
[2025-05-01 09:39:34,992] 3 Nodes of DCILP MB: [0, 1, 2]
[2025-05-01 09:39:34,992] 
===  1-th graph ===
[2025-05-01 09:39:34,992] 2 Nodes of True MB: [0, 2], parents: {0, 2}, children: set(), spouse: set()
[2025-05-01 09:39:34,992] [MB metrics] precision: 0.667, recall: 1.000, acc: 0.667, f1: 0.800
[2025-05-01 09:39:34,992] 3 Nodes of DCILP MB: [0, 1, 2]
[2025-05-01 09:39:34,996] 
===  2-th graph ===
[2025-05-01 09:39:34,996] 3 Nodes of True MB: [0, 1, 2], parents: set(), children: {0, 1}, spouse: {0, 2}
[2025-05-01 09:39:35,000] [MB metrics] precision: 1.000, recall: 1.000, acc: 1.000, f1: 1.000
[2025-05-01 09:39:35,000] 3 Nodes of DCILP MB: [0, 1, 2]
[2025-05-01 09:39:35,000] 
======= Graph Summary =======
[2025-05-01 09:39:35,000] DCILP MB summary: {'precision': '0.89+-0.16', 'recall': '1.00+-0.00', 'acc': '0.89+-0.16', 'f1': '0.93+-0.09', 'time': '0.01+-0.00'}
[2025-05-01 09:39:35,000] 
================ repeat number 2 ====================
[2025-05-01 09:39:35,000] true_dag
[[0 1 1]
 [0 0 1]
 [0 0 0]]
[2025-05-01 09:39:35,009] 
===  0-th graph ===
[2025-05-01 09:39:35,009] 3 Nodes of True MB: [0, 1, 2], parents: set(), children: {1, 2}, spouse: {0, 1}
[2025-05-01 09:39:35,013] [MB metrics] precision: 1.000, recall: 1.000, acc: 1.000, f1: 1.000
[2025-05-01 09:39:35,013] 3 Nodes of DCILP MB: [0, 1, 2]
[2025-05-01 09:39:35,013] 
===  1-th graph ===
[2025-05-01 09:39:35,013] 3 Nodes of True MB: [0, 1, 2], parents: {0}, children: {2}, spouse: {0, 1}
[2025-05-01 09:39:35,017] [MB metrics] precision: 1.000, recall: 1.000, acc: 1.000, f1: 1.000
[2025-05-01 09:39:35,017] 3 Nodes of DCILP MB: [0, 1, 2]
[2025-05-01 09:39:35,017] 
===  2-th graph ===
[2025-05-01 09:39:35,017] 2 Nodes of True MB: [0, 1], parents: {0, 1}, children: set(), spouse: set()
[2025-05-01 09:39:35,017] [MB metrics] precision: 0.667, recall: 1.000, acc: 0.667, f1: 0.800
[2025-05-01 09:39:35,021] 3 Nodes of DCILP MB: [0, 1, 2]
[2025-05-01 09:39:35,021] 
======= Graph Summary =======
[2025-05-01 09:39:35,021] DCILP MB summary: {'precision': '0.89+-0.16', 'recall': '1.00+-0.00', 'acc': '0.89+-0.16', 'f1': '0.93+-0.09', 'time': '0.01+-0.00'}
[2025-05-01 09:39:35,021] 
================ repeat number 3 ====================
[2025-05-01 09:39:35,021] true_dag
[[0 1 1]
 [0 0 0]
 [0 1 0]]
[2025-05-01 09:39:35,025] 
===  0-th graph ===
[2025-05-01 09:39:35,025] 3 Nodes of True MB: [0, 1, 2], parents: set(), children: {1, 2}, spouse: {0, 2}
[2025-05-01 09:39:35,029] [MB metrics] precision: 1.000, recall: 1.000, acc: 1.000, f1: 1.000
[2025-05-01 09:39:35,029] 3 Nodes of DCILP MB: [0, 1, 2]
[2025-05-01 09:39:35,029] 
===  1-th graph ===
[2025-05-01 09:39:35,029] 2 Nodes of True MB: [0, 2], parents: {0, 2}, children: set(), spouse: set()
[2025-05-01 09:39:35,033] [MB metrics] precision: 0.667, recall: 1.000, acc: 0.667, f1: 0.800
[2025-05-01 09:39:35,033] 3 Nodes of DCILP MB: [0, 1, 2]
[2025-05-01 09:39:35,033] 
===  2-th graph ===
[2025-05-01 09:39:35,033] 3 Nodes of True MB: [0, 1, 2], parents: {0}, children: {1}, spouse: {0, 2}
[2025-05-01 09:39:35,037] [MB metrics] precision: 1.000, recall: 1.000, acc: 1.000, f1: 1.000
[2025-05-01 09:39:35,037] 3 Nodes of DCILP MB: [0, 1, 2]
[2025-05-01 09:39:35,037] 
======= Graph Summary =======
[2025-05-01 09:39:35,037] DCILP MB summary: {'precision': '0.89+-0.16', 'recall': '1.00+-0.00', 'acc': '0.89+-0.16', 'f1': '0.93+-0.09', 'time': '0.00+-0.00'}
[2025-05-01 09:39:35,037] 
================ repeat number 4 ====================
[2025-05-01 09:39:35,042] true_dag
[[0 0 0]
 [1 0 1]
 [1 0 0]]
[2025-05-01 09:39:35,046] 
===  0-th graph ===
[2025-05-01 09:39:35,046] 2 Nodes of True MB: [1, 2], parents: {1, 2}, children: set(), spouse: set()
[2025-05-01 09:39:35,050] [MB metrics] precision: 0.667, recall: 1.000, acc: 0.667, f1: 0.800
[2025-05-01 09:39:35,050] 3 Nodes of DCILP MB: [0, 1, 2]
[2025-05-01 09:39:35,050] 
===  1-th graph ===
[2025-05-01 09:39:35,050] 3 Nodes of True MB: [0, 1, 2], parents: set(), children: {0, 2}, spouse: {1, 2}
[2025-05-01 09:39:35,054] [MB metrics] precision: 1.000, recall: 1.000, acc: 1.000, f1: 1.000
[2025-05-01 09:39:35,054] 3 Nodes of DCILP MB: [0, 1, 2]
[2025-05-01 09:39:35,054] 
===  2-th graph ===
[2025-05-01 09:39:35,054] 3 Nodes of True MB: [0, 1, 2], parents: {1}, children: {0}, spouse: {1, 2}
[2025-05-01 09:39:35,054] [MB metrics] precision: 1.000, recall: 1.000, acc: 1.000, f1: 1.000
[2025-05-01 09:39:35,058] 3 Nodes of DCILP MB: [0, 1, 2]
[2025-05-01 09:39:35,058] 
======= Graph Summary =======
[2025-05-01 09:39:35,059] DCILP MB summary: {'precision': '0.89+-0.16', 'recall': '1.00+-0.00', 'acc': '0.89+-0.16', 'f1': '0.93+-0.09', 'time': '0.00+-0.00'}
[2025-05-01 09:39:35,059] 
================ repeat number 5 ====================
[2025-05-01 09:39:35,059] true_dag
[[0 0 0]
 [1 0 0]
 [1 1 0]]
[2025-05-01 09:39:35,063] 
===  0-th graph ===
[2025-05-01 09:39:35,063] 2 Nodes of True MB: [1, 2], parents: {1, 2}, children: set(), spouse: set()
[2025-05-01 09:39:35,067] [MB metrics] precision: 0.667, recall: 1.000, acc: 0.667, f1: 0.800
[2025-05-01 09:39:35,067] 3 Nodes of DCILP MB: [0, 1, 2]
[2025-05-01 09:39:35,067] 
===  1-th graph ===
[2025-05-01 09:39:35,067] 3 Nodes of True MB: [0, 1, 2], parents: {2}, children: {0}, spouse: {1, 2}
[2025-05-01 09:39:35,071] [MB metrics] precision: 1.000, recall: 1.000, acc: 1.000, f1: 1.000
[2025-05-01 09:39:35,071] 3 Nodes of DCILP MB: [0, 1, 2]
[2025-05-01 09:39:35,071] 
===  2-th graph ===
[2025-05-01 09:39:35,071] 3 Nodes of True MB: [0, 1, 2], parents: set(), children: {0, 1}, spouse: {1, 2}
[2025-05-01 09:39:35,075] [MB metrics] precision: 1.000, recall: 1.000, acc: 1.000, f1: 1.000
[2025-05-01 09:39:35,075] 3 Nodes of DCILP MB: [0, 1, 2]
[2025-05-01 09:39:35,075] 
======= Graph Summary =======
[2025-05-01 09:39:35,075] DCILP MB summary: {'precision': '0.89+-0.16', 'recall': '1.00+-0.00', 'acc': '0.89+-0.16', 'f1': '0.93+-0.09', 'time': '0.00+-0.00'}
