[2025-04-12 01:42:17,000] 
================ repeat number 1 ====================
[2025-04-12 01:42:17,005] true_dag
[[0 0 0 0 0 1 0 0 0 0]
 [0 0 1 1 1 1 1 1 0 0]
 [0 0 0 0 0 0 0 0 0 0]
 [0 0 0 0 0 0 0 0 0 0]
 [0 0 0 1 0 1 1 0 0 0]
 [0 0 0 0 0 0 0 0 0 0]
 [1 0 0 0 0 1 0 1 0 0]
 [0 0 1 0 0 0 0 0 0 0]
 [1 0 0 0 0 1 1 0 0 0]
 [0 0 0 0 0 0 1 0 1 0]]
[2025-04-12 01:42:17,021] 
===  0-th graph ===
[2025-04-12 01:42:17,021] 5 Nodes of Markov blanket: [0, 4, 5, 6, 8]
[2025-04-12 01:42:17,021] 6 Nodes of True MB: [0, 1, 4, 5, 6, 8], parents: {8, 6}, children: {5}, spouse: {0, 1, 4, 6, 8}
[2025-04-12 01:42:17,025] [MB metrics] precision: 1.000, recall: 0.833, acc: 0.889, f1: 0.909
[2025-04-12 01:42:22,007] sub_met2 before prunning {'fdr': 0.3, 'tpr': 0.875, 'fpr': 1.5, 'shd': 3, 'nnz': 10, 'precision': 0.7, 'recall': 0.875, 'F1': 0.7778, 'gscore': 0.5}
[2025-04-12 01:42:22,007] sub_met after prunning {'fdr': 0.2222, 'tpr': 0.875, 'fpr': 1.0, 'shd': 2, 'nnz': 9, 'precision': 0.7778, 'recall': 0.875, 'F1': 0.8235, 'gscore': 0.625}
[2025-04-12 01:42:22,007] 
===  1-th graph ===
[2025-04-12 01:42:22,007] 9 Nodes of Markov blanket: [1, 2, 3, 4, 5, 6, 7, 8, 9]
[2025-04-12 01:42:22,007] 10 Nodes of True MB: [0, 1, 2, 3, 4, 5, 6, 7, 8, 9], parents: set(), children: {2, 3, 4, 5, 6, 7}, spouse: {0, 1, 4, 6, 7, 8, 9}
[2025-04-12 01:42:22,007] [MB metrics] precision: 1.000, recall: 0.900, acc: 0.900, f1: 0.947
[2025-04-12 01:42:33,887] sub_met2 before prunning {'fdr': 0.5556, 'tpr': 1.0, 'fpr': 1.0, 'shd': 20, 'nnz': 36, 'precision': 0.4444, 'recall': 1.0, 'F1': 0.6154, 'gscore': 0.0}
[2025-04-12 01:42:33,887] sub_met after prunning {'fdr': 0.0588, 'tpr': 1.0, 'fpr': 0.05, 'shd': 1, 'nnz': 17, 'precision': 0.9412, 'recall': 1.0, 'F1': 0.9697, 'gscore': 0.9375}
[2025-04-12 01:42:33,887] 
===  2-th graph ===
[2025-04-12 01:42:33,887] 3 Nodes of Markov blanket: [1, 2, 7]
[2025-04-12 01:42:33,887] 2 Nodes of True MB: [1, 7], parents: {1, 7}, children: set(), spouse: set()
[2025-04-12 01:42:33,887] [MB metrics] precision: 0.667, recall: 1.000, acc: 0.875, f1: 0.800
[2025-04-12 01:42:36,167] sub_met2 before prunning {'fdr': 0.0, 'tpr': 1.0, 'fpr': 0.0, 'shd': 0, 'nnz': 3, 'precision': 1.0, 'recall': 1.0, 'F1': 1.0, 'gscore': 1.0}
[2025-04-12 01:42:36,167] sub_met after prunning {'fdr': 0.0, 'tpr': 1.0, 'fpr': 0.0, 'shd': 0, 'nnz': 3, 'precision': 1.0, 'recall': 1.0, 'F1': 1.0, 'gscore': 1.0}
[2025-04-12 01:42:36,167] 
===  3-th graph ===
[2025-04-12 01:42:36,167] 3 Nodes of Markov blanket: [1, 3, 4]
[2025-04-12 01:42:36,167] 2 Nodes of True MB: [1, 4], parents: {1, 4}, children: set(), spouse: set()
[2025-04-12 01:42:36,167] [MB metrics] precision: 0.667, recall: 1.000, acc: 0.800, f1: 0.800
[2025-04-12 01:42:38,460] sub_met2 before prunning {'fdr': 0.0, 'tpr': 1.0, 'fpr': 0.0, 'shd': 0, 'nnz': 3, 'precision': 1.0, 'recall': 1.0, 'F1': 1.0, 'gscore': 1.0}
[2025-04-12 01:42:38,460] sub_met after prunning {'fdr': 0.0, 'tpr': 1.0, 'fpr': 0.0, 'shd': 0, 'nnz': 3, 'precision': 1.0, 'recall': 1.0, 'F1': 1.0, 'gscore': 1.0}
[2025-04-12 01:42:38,460] 
===  4-th graph ===
[2025-04-12 01:42:38,460] 6 Nodes of Markov blanket: [0, 1, 3, 4, 5, 9]
[2025-04-12 01:42:38,460] 8 Nodes of True MB: [0, 1, 3, 4, 5, 6, 8, 9], parents: {1}, children: {3, 5, 6}, spouse: {0, 1, 4, 6, 8, 9}
[2025-04-12 01:42:38,464] [MB metrics] precision: 1.000, recall: 0.750, acc: 0.800, f1: 0.857
[2025-04-12 01:42:44,842] sub_met2 before prunning {'fdr': 0.6667, 'tpr': 0.8333, 'fpr': 1.1111, 'shd': 10, 'nnz': 15, 'precision': 0.3333, 'recall': 0.8333, 'F1': 0.4762, 'gscore': 0.0}
[2025-04-12 01:42:44,842] sub_met after prunning {'fdr': 0.5, 'tpr': 0.8333, 'fpr': 0.5556, 'shd': 5, 'nnz': 10, 'precision': 0.5, 'recall': 0.8333, 'F1': 0.625, 'gscore': 0.0}
[2025-04-12 01:42:44,842] 
===  5-th graph ===
[2025-04-12 01:42:44,842] 6 Nodes of Markov blanket: [0, 1, 4, 5, 6, 8]
[2025-04-12 01:42:44,842] 5 Nodes of True MB: [0, 1, 4, 6, 8], parents: {0, 1, 4, 6, 8}, children: set(), spouse: set()
[2025-04-12 01:42:44,842] [MB metrics] precision: 0.833, recall: 1.000, acc: 0.889, f1: 0.909
[2025-04-12 01:42:51,127] sub_met2 before prunning {'fdr': 0.2667, 'tpr': 1.0, 'fpr': 1.0, 'shd': 4, 'nnz': 15, 'precision': 0.7333, 'recall': 1.0, 'F1': 0.8462, 'gscore': 0.6364}
[2025-04-12 01:42:51,127] sub_met after prunning {'fdr': 0.0, 'tpr': 1.0, 'fpr': 0.0, 'shd': 0, 'nnz': 11, 'precision': 1.0, 'recall': 1.0, 'F1': 1.0, 'gscore': 1.0}
[2025-04-12 01:42:51,127] 
===  6-th graph ===
[2025-04-12 01:42:51,127] 7 Nodes of Markov blanket: [0, 1, 5, 6, 7, 8, 9]
[2025-04-12 01:42:51,127] 8 Nodes of True MB: [0, 1, 4, 5, 6, 7, 8, 9], parents: {8, 1, 4, 9}, children: {0, 5, 7}, spouse: {0, 1, 4, 6, 8}
[2025-04-12 01:42:51,127] [MB metrics] precision: 1.000, recall: 0.875, acc: 0.900, f1: 0.933
[2025-04-12 01:42:58,977] sub_met2 before prunning {'fdr': 0.4286, 'tpr': 1.0, 'fpr': 1.0, 'shd': 9, 'nnz': 21, 'precision': 0.5714, 'recall': 1.0, 'F1': 0.7273, 'gscore': 0.25}
[2025-04-12 01:42:58,977] sub_met after prunning {'fdr': 0.1429, 'tpr': 1.0, 'fpr': 0.2222, 'shd': 2, 'nnz': 14, 'precision': 0.8571, 'recall': 1.0, 'F1': 0.9231, 'gscore': 0.8333}
[2025-04-12 01:42:58,977] 
===  7-th graph ===
[2025-04-12 01:42:58,977] 4 Nodes of Markov blanket: [1, 2, 6, 7]
[2025-04-12 01:42:58,977] 4 Nodes of True MB: [1, 2, 6, 7], parents: {1, 6}, children: {2}, spouse: {1, 7}
[2025-04-12 01:42:58,977] [MB metrics] precision: 1.000, recall: 1.000, acc: 1.000, f1: 1.000
[2025-04-12 01:43:02,582] sub_met2 before prunning {'fdr': 0.1667, 'tpr': 1.0, 'fpr': 1.0, 'shd': 1, 'nnz': 6, 'precision': 0.8333, 'recall': 1.0, 'F1': 0.9091, 'gscore': 0.8}
[2025-04-12 01:43:02,587] sub_met after prunning {'fdr': 0.0, 'tpr': 1.0, 'fpr': 0.0, 'shd': 0, 'nnz': 5, 'precision': 1.0, 'recall': 1.0, 'F1': 1.0, 'gscore': 1.0}
[2025-04-12 01:43:02,587] 
===  8-th graph ===
[2025-04-12 01:43:02,587] 6 Nodes of Markov blanket: [0, 1, 5, 6, 8, 9]
[2025-04-12 01:43:02,587] 7 Nodes of True MB: [0, 1, 4, 5, 6, 8, 9], parents: {9}, children: {0, 5, 6}, spouse: {0, 1, 4, 6, 8, 9}
[2025-04-12 01:43:02,587] [MB metrics] precision: 1.000, recall: 0.857, acc: 0.900, f1: 0.923
[2025-04-12 01:43:08,958] sub_met2 before prunning {'fdr': 0.3333, 'tpr': 1.0, 'fpr': 1.0, 'shd': 5, 'nnz': 15, 'precision': 0.6667, 'recall': 1.0, 'F1': 0.8, 'gscore': 0.5}
[2025-04-12 01:43:08,958] sub_met after prunning {'fdr': 0.0909, 'tpr': 1.0, 'fpr': 0.2, 'shd': 1, 'nnz': 11, 'precision': 0.9091, 'recall': 1.0, 'F1': 0.9524, 'gscore': 0.9}
[2025-04-12 01:43:08,958] 
===  9-th graph ===
[2025-04-12 01:43:08,958] 5 Nodes of Markov blanket: [1, 4, 6, 8, 9]
[2025-04-12 01:43:08,958] 5 Nodes of True MB: [1, 4, 6, 8, 9], parents: set(), children: {8, 6}, spouse: {8, 9, 4, 1}
[2025-04-12 01:43:08,967] [MB metrics] precision: 1.000, recall: 1.000, acc: 1.000, f1: 1.000
[2025-04-12 01:43:13,852] sub_met2 before prunning {'fdr': 0.4, 'tpr': 1.0, 'fpr': 1.0, 'shd': 4, 'nnz': 10, 'precision': 0.6, 'recall': 1.0, 'F1': 0.75, 'gscore': 0.3333}
[2025-04-12 01:43:13,852] sub_met after prunning {'fdr': 0.0, 'tpr': 1.0, 'fpr': 0.0, 'shd': 0, 'nnz': 6, 'precision': 1.0, 'recall': 1.0, 'F1': 1.0, 'gscore': 1.0}
[2025-04-12 01:43:13,852] 
======= Graph Summary =======
[2025-04-12 01:43:13,852] MB summary: {'precision': '0.92+-0.13', 'recall': '0.92+-0.09', 'acc': '0.90+-0.06', 'f1': '0.91+-0.07'}
[2025-04-12 01:43:13,857] merged_met_before  before prunning {'fdr': 0.5682, 'tpr': 1.0, 'fpr': 0.9615, 'shd': 25, 'nnz': 44, 'precision': 0.4318, 'recall': 1.0, 'F1': 0.6032, 'gscore': 0.0}
[2025-04-12 01:43:13,858] [[0 0 0 0 0 1 0 0 0 0]
 [1 0 1 1 1 1 1 1 0 0]
 [0 0 0 0 0 0 0 0 0 0]
 [0 0 0 0 0 0 0 0 0 0]
 [1 0 0 1 0 1 1 0 0 0]
 [0 0 0 0 0 0 0 0 0 0]
 [1 0 0 0 0 1 0 1 0 0]
 [0 0 1 0 0 0 0 0 0 0]
 [1 0 0 0 1 1 1 0 0 0]
 [1 0 0 0 0 1 1 1 1 0]]
[2025-04-12 01:43:13,861] merged_met_after  after prunning {'fdr': 0.24, 'tpr': 1.0, 'fpr': 0.2308, 'shd': 6, 'nnz': 25, 'precision': 0.76, 'recall': 1.0, 'F1': 0.8636, 'gscore': 0.6842}
[2025-04-12 01:43:13,862] 
================ repeat number 2 ====================
[2025-04-12 01:43:13,864] true_dag
[[0 1 1 0 0 0 0 1 1 1]
 [0 0 0 0 0 0 0 0 0 1]
 [0 1 0 0 0 0 0 0 0 0]
 [0 0 0 0 1 0 0 1 0 1]
 [0 0 0 0 0 0 0 0 0 1]
 [0 0 0 0 0 0 0 0 0 1]
 [0 0 0 0 1 0 0 0 0 0]
 [0 0 0 0 0 0 1 0 0 0]
 [0 1 0 0 0 1 0 1 0 0]
 [0 0 0 0 0 0 0 0 0 0]]
[2025-04-12 01:43:13,880] 
===  0-th graph ===
[2025-04-12 01:43:13,883] 9 Nodes of Markov blanket: [0, 1, 2, 3, 4, 5, 7, 8, 9]
[2025-04-12 01:43:13,883] 9 Nodes of True MB: [0, 1, 2, 3, 4, 5, 7, 8, 9], parents: set(), children: {1, 2, 7, 8, 9}, spouse: {0, 1, 2, 3, 4, 5, 8}
[2025-04-12 01:43:13,887] [MB metrics] precision: 1.000, recall: 1.000, acc: 1.000, f1: 1.000
[2025-04-12 01:43:25,745] sub_met2 before prunning {'fdr': 0.5833, 'tpr': 1.0, 'fpr': 1.0, 'shd': 21, 'nnz': 36, 'precision': 0.4167, 'recall': 1.0, 'F1': 0.5882, 'gscore': 0.0}
[2025-04-12 01:43:25,745] sub_met after prunning {'fdr': 0.0625, 'tpr': 1.0, 'fpr': 0.0476, 'shd': 1, 'nnz': 16, 'precision': 0.9375, 'recall': 1.0, 'F1': 0.9677, 'gscore': 0.9333}
[2025-04-12 01:43:25,745] 
===  1-th graph ===
[2025-04-12 01:43:25,745] 8 Nodes of Markov blanket: [0, 1, 2, 3, 4, 5, 8, 9]
[2025-04-12 01:43:25,745] 8 Nodes of True MB: [0, 1, 2, 3, 4, 5, 8, 9], parents: {0, 8, 2}, children: {9}, spouse: {0, 1, 3, 4, 5}
[2025-04-12 01:43:25,748] [MB metrics] precision: 1.000, recall: 1.000, acc: 1.000, f1: 1.000
[2025-04-12 01:43:35,447] sub_met2 before prunning {'fdr': 0.5714, 'tpr': 1.0, 'fpr': 1.0, 'shd': 16, 'nnz': 28, 'precision': 0.4286, 'recall': 1.0, 'F1': 0.6, 'gscore': 0.0}
[2025-04-12 01:43:35,447] sub_met after prunning {'fdr': 0.1429, 'tpr': 1.0, 'fpr': 0.125, 'shd': 2, 'nnz': 14, 'precision': 0.8571, 'recall': 1.0, 'F1': 0.9231, 'gscore': 0.8333}
[2025-04-12 01:43:35,447] 
===  2-th graph ===
[2025-04-12 01:43:35,447] 4 Nodes of Markov blanket: [0, 1, 2, 8]
[2025-04-12 01:43:35,447] 4 Nodes of True MB: [0, 1, 2, 8], parents: {0}, children: {1}, spouse: {0, 8, 2}
[2025-04-12 01:43:35,447] [MB metrics] precision: 1.000, recall: 1.000, acc: 1.000, f1: 1.000
[2025-04-12 01:43:39,054] sub_met2 before prunning {'fdr': 0.1667, 'tpr': 1.0, 'fpr': 1.0, 'shd': 1, 'nnz': 6, 'precision': 0.8333, 'recall': 1.0, 'F1': 0.9091, 'gscore': 0.8}
[2025-04-12 01:43:39,054] sub_met after prunning {'fdr': 0.0, 'tpr': 1.0, 'fpr': 0.0, 'shd': 0, 'nnz': 5, 'precision': 1.0, 'recall': 1.0, 'F1': 1.0, 'gscore': 1.0}
[2025-04-12 01:43:39,054] 
===  3-th graph ===
[2025-04-12 01:43:39,054] 9 Nodes of Markov blanket: [0, 1, 3, 4, 5, 6, 7, 8, 9]
[2025-04-12 01:43:39,054] 9 Nodes of True MB: [0, 1, 3, 4, 5, 6, 7, 8, 9], parents: set(), children: {9, 4, 7}, spouse: {0, 1, 3, 4, 5, 6, 8}
[2025-04-12 01:43:39,058] [MB metrics] precision: 1.000, recall: 1.000, acc: 1.000, f1: 1.000
[2025-04-12 01:43:50,807] sub_met2 before prunning {'fdr': 0.5833, 'tpr': 1.0, 'fpr': 1.0, 'shd': 21, 'nnz': 36, 'precision': 0.4167, 'recall': 1.0, 'F1': 0.5882, 'gscore': 0.0}
[2025-04-12 01:43:50,807] sub_met after prunning {'fdr': 0.0, 'tpr': 0.9333, 'fpr': 0.0, 'shd': 1, 'nnz': 14, 'precision': 1.0, 'recall': 0.9333, 'F1': 0.9655, 'gscore': 0.9333}
[2025-04-12 01:43:50,807] 
===  4-th graph ===
[2025-04-12 01:43:50,807] 7 Nodes of Markov blanket: [0, 1, 3, 4, 5, 6, 9]
[2025-04-12 01:43:50,807] 7 Nodes of True MB: [0, 1, 3, 4, 5, 6, 9], parents: {3, 6}, children: {9}, spouse: {0, 1, 3, 4, 5}
[2025-04-12 01:43:50,811] [MB metrics] precision: 1.000, recall: 1.000, acc: 1.000, f1: 1.000
[2025-04-12 01:43:58,797] sub_met2 before prunning {'fdr': 0.619, 'tpr': 1.0, 'fpr': 1.0, 'shd': 13, 'nnz': 21, 'precision': 0.381, 'recall': 1.0, 'F1': 0.5517, 'gscore': 0.0}
[2025-04-12 01:43:58,797] sub_met after prunning {'fdr': 0.4286, 'tpr': 1.0, 'fpr': 0.4615, 'shd': 6, 'nnz': 14, 'precision': 0.5714, 'recall': 1.0, 'F1': 0.7273, 'gscore': 0.25}
[2025-04-12 01:43:58,797] 
===  5-th graph ===
[2025-04-12 01:43:58,797] 7 Nodes of Markov blanket: [0, 1, 3, 4, 5, 8, 9]
[2025-04-12 01:43:58,797] 7 Nodes of True MB: [0, 1, 3, 4, 5, 8, 9], parents: {8}, children: {9}, spouse: {0, 1, 3, 4, 5}
[2025-04-12 01:43:58,797] [MB metrics] precision: 1.000, recall: 1.000, acc: 1.000, f1: 1.000
[2025-04-12 01:44:06,787] sub_met2 before prunning {'fdr': 0.5238, 'tpr': 1.0, 'fpr': 1.0, 'shd': 11, 'nnz': 21, 'precision': 0.4762, 'recall': 1.0, 'F1': 0.6452, 'gscore': 0.0}
[2025-04-12 01:44:06,787] sub_met after prunning {'fdr': 0.1818, 'tpr': 0.9, 'fpr': 0.1818, 'shd': 3, 'nnz': 11, 'precision': 0.8182, 'recall': 0.9, 'F1': 0.8571, 'gscore': 0.7}
[2025-04-12 01:44:06,787] 
===  6-th graph ===
[2025-04-12 01:44:06,787] 4 Nodes of Markov blanket: [3, 4, 6, 7]
[2025-04-12 01:44:06,787] 4 Nodes of True MB: [3, 4, 6, 7], parents: {7}, children: {4}, spouse: {3, 6}
[2025-04-12 01:44:06,787] [MB metrics] precision: 1.000, recall: 1.000, acc: 1.000, f1: 1.000
[2025-04-12 01:44:10,357] sub_met2 before prunning {'fdr': 0.3333, 'tpr': 1.0, 'fpr': 1.0, 'shd': 2, 'nnz': 6, 'precision': 0.6667, 'recall': 1.0, 'F1': 0.8, 'gscore': 0.5}
[2025-04-12 01:44:10,357] sub_met after prunning {'fdr': 0.0, 'tpr': 1.0, 'fpr': 0.0, 'shd': 0, 'nnz': 4, 'precision': 1.0, 'recall': 1.0, 'F1': 1.0, 'gscore': 1.0}
[2025-04-12 01:44:10,357] 
===  7-th graph ===
[2025-04-12 01:44:10,357] 5 Nodes of Markov blanket: [0, 3, 6, 7, 8]
[2025-04-12 01:44:10,357] 5 Nodes of True MB: [0, 3, 6, 7, 8], parents: {0, 8, 3}, children: {6}, spouse: {7}
[2025-04-12 01:44:10,367] [MB metrics] precision: 1.000, recall: 1.000, acc: 1.000, f1: 1.000
[2025-04-12 01:44:15,167] sub_met2 before prunning {'fdr': 0.5, 'tpr': 1.0, 'fpr': 1.0, 'shd': 5, 'nnz': 10, 'precision': 0.5, 'recall': 1.0, 'F1': 0.6667, 'gscore': 0.0}
[2025-04-12 01:44:15,167] sub_met after prunning {'fdr': 0.0, 'tpr': 1.0, 'fpr': 0.0, 'shd': 0, 'nnz': 5, 'precision': 1.0, 'recall': 1.0, 'F1': 1.0, 'gscore': 1.0}
[2025-04-12 01:44:15,167] 
===  8-th graph ===
[2025-04-12 01:44:15,167] 7 Nodes of Markov blanket: [0, 1, 2, 3, 5, 7, 8]
[2025-04-12 01:44:15,167] 7 Nodes of True MB: [0, 1, 2, 3, 5, 7, 8], parents: {0}, children: {1, 5, 7}, spouse: {0, 8, 2, 3}
[2025-04-12 01:44:15,167] [MB metrics] precision: 1.000, recall: 1.000, acc: 1.000, f1: 1.000
[2025-04-12 01:44:23,217] sub_met2 before prunning {'fdr': 0.5714, 'tpr': 1.0, 'fpr': 1.0, 'shd': 12, 'nnz': 21, 'precision': 0.4286, 'recall': 1.0, 'F1': 0.6, 'gscore': 0.0}
[2025-04-12 01:44:23,217] sub_met after prunning {'fdr': 0.0, 'tpr': 1.0, 'fpr': 0.0, 'shd': 0, 'nnz': 9, 'precision': 1.0, 'recall': 1.0, 'F1': 1.0, 'gscore': 1.0}
[2025-04-12 01:44:23,217] 
===  9-th graph ===
[2025-04-12 01:44:23,217] 6 Nodes of Markov blanket: [0, 1, 3, 4, 5, 9]
[2025-04-12 01:44:23,217] 5 Nodes of True MB: [0, 1, 3, 4, 5], parents: {0, 1, 3, 4, 5}, children: set(), spouse: set()
[2025-04-12 01:44:23,222] [MB metrics] precision: 0.833, recall: 1.000, acc: 0.900, f1: 0.909
[2025-04-12 01:44:29,647] sub_met2 before prunning {'fdr': 0.5333, 'tpr': 1.0, 'fpr': 1.0, 'shd': 8, 'nnz': 15, 'precision': 0.4667, 'recall': 1.0, 'F1': 0.6364, 'gscore': 0.0}
[2025-04-12 01:44:29,647] sub_met after prunning {'fdr': 0.4167, 'tpr': 1.0, 'fpr': 0.625, 'shd': 5, 'nnz': 12, 'precision': 0.5833, 'recall': 1.0, 'F1': 0.7368, 'gscore': 0.2857}
[2025-04-12 01:44:29,647] 
======= Graph Summary =======
[2025-04-12 01:44:29,647] MB summary: {'precision': '0.98+-0.05', 'recall': '1.00+-0.00', 'acc': '0.99+-0.03', 'f1': '0.99+-0.03'}
[2025-04-12 01:44:29,652] merged_met_before  before prunning {'fdr': 0.6136, 'tpr': 1.0, 'fpr': 0.9643, 'shd': 27, 'nnz': 44, 'precision': 0.3864, 'recall': 1.0, 'F1': 0.5574, 'gscore': 0.0}
[2025-04-12 01:44:29,652] [[0 1 1 0 1 1 0 1 1 1]
 [0 0 0 0 1 0 0 0 0 1]
 [0 1 0 0 0 0 0 0 0 0]
 [0 1 0 0 1 1 1 1 0 1]
 [0 0 0 0 0 0 0 0 0 1]
 [0 1 0 0 1 0 0 0 0 1]
 [0 0 0 0 1 1 0 0 0 0]
 [0 0 0 0 1 0 1 0 0 0]
 [0 1 0 0 1 1 0 1 0 0]
 [0 0 0 0 0 0 0 0 0 0]]
[2025-04-12 01:44:29,659] merged_met_after  after prunning {'fdr': 0.3929, 'tpr': 1.0, 'fpr': 0.3929, 'shd': 11, 'nnz': 28, 'precision': 0.6071, 'recall': 1.0, 'F1': 0.7556, 'gscore': 0.3529}
[2025-04-12 01:44:29,659] 
================ repeat number 3 ====================
[2025-04-12 01:44:29,661] true_dag
[[0 0 0 0 0 0 0 1 0 0]
 [1 0 0 0 0 0 0 0 0 0]
 [1 1 0 0 0 0 0 0 0 1]
 [1 0 0 0 0 0 0 1 1 1]
 [0 1 0 0 0 0 0 0 0 0]
 [1 1 0 0 0 0 0 1 0 0]
 [1 1 1 0 0 0 0 0 0 0]
 [0 0 0 0 0 0 0 0 0 0]
 [1 0 0 0 0 0 0 1 0 0]
 [0 1 0 0 1 0 0 0 0 0]]
[2025-04-12 01:44:29,674] 
===  0-th graph ===
[2025-04-12 01:44:29,674] 7 Nodes of Markov blanket: [0, 1, 2, 5, 6, 7, 8]
[2025-04-12 01:44:29,674] 8 Nodes of True MB: [0, 1, 2, 3, 5, 6, 7, 8], parents: {1, 2, 3, 5, 6, 8}, children: {7}, spouse: {0, 8, 3, 5}
[2025-04-12 01:44:29,678] [MB metrics] precision: 1.000, recall: 0.875, acc: 0.889, f1: 0.933
[2025-04-12 01:44:37,527] sub_met2 before prunning {'fdr': 0.4762, 'tpr': 0.9167, 'fpr': 1.1111, 'shd': 10, 'nnz': 21, 'precision': 0.5238, 'recall': 0.9167, 'F1': 0.6667, 'gscore': 0.0833}
[2025-04-12 01:44:37,527] sub_met after prunning {'fdr': 0.2143, 'tpr': 0.9167, 'fpr': 0.3333, 'shd': 3, 'nnz': 14, 'precision': 0.7857, 'recall': 0.9167, 'F1': 0.8462, 'gscore': 0.6667}
[2025-04-12 01:44:37,527] 
===  1-th graph ===
[2025-04-12 01:44:37,527] 9 Nodes of Markov blanket: [0, 1, 2, 3, 4, 5, 6, 8, 9]
[2025-04-12 01:44:37,527] 9 Nodes of True MB: [0, 1, 2, 3, 4, 5, 6, 8, 9], parents: {2, 4, 5, 6, 9}, children: {0}, spouse: {1, 2, 3, 5, 6, 8}
[2025-04-12 01:44:37,527] [MB metrics] precision: 1.000, recall: 1.000, acc: 1.000, f1: 1.000
[2025-04-12 01:44:49,451] sub_met2 before prunning {'fdr': 0.6111, 'tpr': 0.875, 'fpr': 1.1, 'shd': 22, 'nnz': 36, 'precision': 0.3889, 'recall': 0.875, 'F1': 0.5385, 'gscore': 0.0}
[2025-04-12 01:44:49,451] sub_met after prunning {'fdr': 0.3913, 'tpr': 0.875, 'fpr': 0.45, 'shd': 9, 'nnz': 23, 'precision': 0.6087, 'recall': 0.875, 'F1': 0.7179, 'gscore': 0.3125}
[2025-04-12 01:44:49,451] 
===  2-th graph ===
[2025-04-12 01:44:49,451] 9 Nodes of Markov blanket: [0, 1, 2, 3, 4, 5, 6, 8, 9]
[2025-04-12 01:44:49,451] 9 Nodes of True MB: [0, 1, 2, 3, 4, 5, 6, 8, 9], parents: {6}, children: {0, 1, 9}, spouse: {1, 2, 3, 4, 5, 6, 8, 9}
[2025-04-12 01:44:49,451] [MB metrics] precision: 1.000, recall: 1.000, acc: 1.000, f1: 1.000
[2025-04-12 01:45:01,387] sub_met2 before prunning {'fdr': 0.6111, 'tpr': 0.875, 'fpr': 1.1, 'shd': 22, 'nnz': 36, 'precision': 0.3889, 'recall': 0.875, 'F1': 0.5385, 'gscore': 0.0}
[2025-04-12 01:45:01,387] sub_met after prunning {'fdr': 0.3913, 'tpr': 0.875, 'fpr': 0.45, 'shd': 9, 'nnz': 23, 'precision': 0.6087, 'recall': 0.875, 'F1': 0.7179, 'gscore': 0.3125}
[2025-04-12 01:45:01,387] 
===  3-th graph ===
[2025-04-12 01:45:01,387] 8 Nodes of Markov blanket: [1, 2, 3, 5, 6, 7, 8, 9]
[2025-04-12 01:45:01,387] 9 Nodes of True MB: [0, 1, 2, 3, 5, 6, 7, 8, 9], parents: set(), children: {0, 8, 9, 7}, spouse: {0, 1, 2, 3, 5, 6, 8}
[2025-04-12 01:45:01,387] [MB metrics] precision: 1.000, recall: 0.889, acc: 0.900, f1: 0.941
[2025-04-12 01:45:11,283] sub_met2 before prunning {'fdr': 0.6071, 'tpr': 1.0, 'fpr': 1.0, 'shd': 17, 'nnz': 28, 'precision': 0.3929, 'recall': 1.0, 'F1': 0.5641, 'gscore': 0.0}
[2025-04-12 01:45:11,283] sub_met after prunning {'fdr': 0.2667, 'tpr': 1.0, 'fpr': 0.2353, 'shd': 4, 'nnz': 15, 'precision': 0.7333, 'recall': 1.0, 'F1': 0.8462, 'gscore': 0.6364}
[2025-04-12 01:45:11,283] 
===  4-th graph ===
[2025-04-12 01:45:11,287] 6 Nodes of Markov blanket: [1, 2, 4, 5, 6, 9]
[2025-04-12 01:45:11,287] 6 Nodes of True MB: [1, 2, 4, 5, 6, 9], parents: {9}, children: {1}, spouse: {2, 4, 5, 6, 9}
[2025-04-12 01:45:11,287] [MB metrics] precision: 1.000, recall: 1.000, acc: 1.000, f1: 1.000
[2025-04-12 01:45:17,694] sub_met2 before prunning {'fdr': 0.5333, 'tpr': 0.875, 'fpr': 1.1429, 'shd': 8, 'nnz': 15, 'precision': 0.4667, 'recall': 0.875, 'F1': 0.6087, 'gscore': 0.0}
[2025-04-12 01:45:17,694] sub_met after prunning {'fdr': 0.4167, 'tpr': 0.875, 'fpr': 0.7143, 'shd': 5, 'nnz': 12, 'precision': 0.5833, 'recall': 0.875, 'F1': 0.7, 'gscore': 0.25}
[2025-04-12 01:45:17,694] 
===  5-th graph ===
[2025-04-12 01:45:17,694] 10 Nodes of Markov blanket: [0, 1, 2, 3, 4, 5, 6, 7, 8, 9]
[2025-04-12 01:45:17,694] 10 Nodes of True MB: [0, 1, 2, 3, 4, 5, 6, 7, 8, 9], parents: set(), children: {0, 1, 7}, spouse: {0, 1, 2, 3, 4, 5, 6, 8, 9}
[2025-04-12 01:45:17,699] [MB metrics] precision: 1.000, recall: 1.000, acc: 1.000, f1: 1.000
[2025-04-12 01:45:31,772] sub_met2 before prunning {'fdr': 0.6, 'tpr': 0.9, 'fpr': 1.08, 'shd': 27, 'nnz': 45, 'precision': 0.4, 'recall': 0.9, 'F1': 0.5538, 'gscore': 0.0}
[2025-04-12 01:45:31,772] sub_met after prunning {'fdr': 0.3571, 'tpr': 0.9, 'fpr': 0.4, 'shd': 10, 'nnz': 28, 'precision': 0.6429, 'recall': 0.9, 'F1': 0.75, 'gscore': 0.4}
[2025-04-12 01:45:31,772] 
===  6-th graph ===
[2025-04-12 01:45:31,772] 9 Nodes of Markov blanket: [0, 1, 2, 3, 4, 5, 6, 8, 9]
[2025-04-12 01:45:31,772] 9 Nodes of True MB: [0, 1, 2, 3, 4, 5, 6, 8, 9], parents: set(), children: {0, 1, 2}, spouse: {1, 2, 3, 4, 5, 6, 8, 9}
[2025-04-12 01:45:31,775] [MB metrics] precision: 1.000, recall: 1.000, acc: 1.000, f1: 1.000
[2025-04-12 01:45:43,714] sub_met2 before prunning {'fdr': 0.6111, 'tpr': 0.875, 'fpr': 1.1, 'shd': 22, 'nnz': 36, 'precision': 0.3889, 'recall': 0.875, 'F1': 0.5385, 'gscore': 0.0}
[2025-04-12 01:45:43,714] sub_met after prunning {'fdr': 0.3913, 'tpr': 0.875, 'fpr': 0.45, 'shd': 9, 'nnz': 23, 'precision': 0.6087, 'recall': 0.875, 'F1': 0.7179, 'gscore': 0.3125}
[2025-04-12 01:45:43,714] 
===  7-th graph ===
[2025-04-12 01:45:43,714] 5 Nodes of Markov blanket: [0, 3, 5, 7, 8]
[2025-04-12 01:45:43,714] 4 Nodes of True MB: [0, 3, 5, 8], parents: {0, 8, 3, 5}, children: set(), spouse: set()
[2025-04-12 01:45:43,717] [MB metrics] precision: 0.800, recall: 1.000, acc: 0.889, f1: 0.889
[2025-04-12 01:45:48,590] sub_met2 before prunning {'fdr': 0.2, 'tpr': 1.0, 'fpr': 1.0, 'shd': 2, 'nnz': 10, 'precision': 0.8, 'recall': 1.0, 'F1': 0.8889, 'gscore': 0.75}
[2025-04-12 01:45:48,590] sub_met after prunning {'fdr': 0.0, 'tpr': 1.0, 'fpr': 0.0, 'shd': 0, 'nnz': 8, 'precision': 1.0, 'recall': 1.0, 'F1': 1.0, 'gscore': 1.0}
[2025-04-12 01:45:48,590] 
===  8-th graph ===
[2025-04-12 01:45:48,590] 8 Nodes of Markov blanket: [0, 1, 2, 3, 5, 6, 7, 8]
[2025-04-12 01:45:48,590] 8 Nodes of True MB: [0, 1, 2, 3, 5, 6, 7, 8], parents: {3}, children: {0, 7}, spouse: {0, 1, 2, 3, 5, 6, 8}
[2025-04-12 01:45:48,590] [MB metrics] precision: 1.000, recall: 1.000, acc: 1.000, f1: 1.000
[2025-04-12 01:45:58,442] sub_met2 before prunning {'fdr': 0.5, 'tpr': 0.9333, 'fpr': 1.0769, 'shd': 14, 'nnz': 28, 'precision': 0.5, 'recall': 0.9333, 'F1': 0.6512, 'gscore': 0.0}
[2025-04-12 01:45:58,442] sub_met after prunning {'fdr': 0.2222, 'tpr': 0.9333, 'fpr': 0.3077, 'shd': 4, 'nnz': 18, 'precision': 0.7778, 'recall': 0.9333, 'F1': 0.8485, 'gscore': 0.6667}
[2025-04-12 01:45:58,442] 
===  9-th graph ===
[2025-04-12 01:45:58,442] 7 Nodes of Markov blanket: [1, 2, 3, 4, 5, 6, 9]
[2025-04-12 01:45:58,442] 7 Nodes of True MB: [1, 2, 3, 4, 5, 6, 9], parents: {2, 3}, children: {1, 4}, spouse: {2, 4, 5, 6, 9}
[2025-04-12 01:45:58,449] [MB metrics] precision: 1.000, recall: 1.000, acc: 1.000, f1: 1.000
[2025-04-12 01:46:06,357] sub_met2 before prunning {'fdr': 0.6667, 'tpr': 0.7778, 'fpr': 1.1667, 'shd': 14, 'nnz': 21, 'precision': 0.3333, 'recall': 0.7778, 'F1': 0.4667, 'gscore': 0.0}
[2025-04-12 01:46:06,357] sub_met after prunning {'fdr': 0.5333, 'tpr': 0.7778, 'fpr': 0.6667, 'shd': 8, 'nnz': 15, 'precision': 0.4667, 'recall': 0.7778, 'F1': 0.5833, 'gscore': 0.0}
[2025-04-12 01:46:06,357] 
======= Graph Summary =======
[2025-04-12 01:46:06,357] MB summary: {'precision': '0.98+-0.06', 'recall': '0.98+-0.05', 'acc': '0.97+-0.05', 'f1': '0.98+-0.04'}
[2025-04-12 01:46:06,364] merged_met_before  before prunning {'fdr': 0.6, 'tpr': 0.9, 'fpr': 1.08, 'shd': 27, 'nnz': 45, 'precision': 0.4, 'recall': 0.9, 'F1': 0.5538, 'gscore': 0.0}
[2025-04-12 01:46:06,364] [[0 0 0 0 0 0 0 1 0 0]
 [1 0 0 0 0 1 0 1 0 0]
 [1 1 0 1 0 1 0 1 0 1]
 [1 1 0 0 0 0 0 1 1 0]
 [1 1 0 1 0 1 0 1 0 0]
 [1 0 0 0 0 0 0 1 0 0]
 [1 1 1 0 0 1 0 1 0 0]
 [0 0 0 0 0 0 0 0 0 0]
 [1 1 0 0 0 0 0 1 0 0]
 [0 1 0 1 1 1 0 0 0 0]]
[2025-04-12 01:46:06,369] merged_met_after  after prunning {'fdr': 0.4545, 'tpr': 0.9, 'fpr': 0.6, 'shd': 15, 'nnz': 33, 'precision': 0.5455, 'recall': 0.9, 'F1': 0.6792, 'gscore': 0.15}
[2025-04-12 01:46:06,369] 
================ repeat number 4 ====================
[2025-04-12 01:46:06,370] true_dag
[[0 0 0 1 0 0 0 1 1 1]
 [0 0 0 0 0 1 1 1 0 0]
 [0 0 0 0 1 0 1 1 1 0]
 [0 0 1 0 1 1 1 0 1 0]
 [0 0 0 0 0 1 0 0 0 0]
 [0 0 0 0 0 0 0 1 0 0]
 [0 0 0 0 0 1 0 0 0 1]
 [0 0 0 0 0 0 0 0 0 0]
 [0 0 0 0 1 0 0 1 0 0]
 [0 0 0 0 0 0 0 1 0 0]]
[2025-04-12 01:46:06,384] 
===  0-th graph ===
[2025-04-12 01:46:06,384] 8 Nodes of Markov blanket: [0, 1, 3, 5, 6, 7, 8, 9]
[2025-04-12 01:46:06,384] 9 Nodes of True MB: [0, 1, 2, 3, 5, 6, 7, 8, 9], parents: set(), children: {8, 9, 3, 7}, spouse: {0, 1, 2, 3, 5, 6, 8, 9}
[2025-04-12 01:46:06,387] [MB metrics] precision: 1.000, recall: 0.889, acc: 0.900, f1: 0.941
[2025-04-12 01:46:16,187] sub_met2 before prunning {'fdr': 0.5357, 'tpr': 0.8667, 'fpr': 1.1538, 'shd': 15, 'nnz': 28, 'precision': 0.4643, 'recall': 0.8667, 'F1': 0.6047, 'gscore': 0.0}
[2025-04-12 01:46:16,187] sub_met after prunning {'fdr': 0.4091, 'tpr': 0.8667, 'fpr': 0.6923, 'shd': 9, 'nnz': 22, 'precision': 0.5909, 'recall': 0.8667, 'F1': 0.7027, 'gscore': 0.2667}
[2025-04-12 01:46:16,187] 
===  1-th graph ===
[2025-04-12 01:46:16,187] 10 Nodes of Markov blanket: [0, 1, 2, 3, 4, 5, 6, 7, 8, 9]
[2025-04-12 01:46:16,187] 10 Nodes of True MB: [0, 1, 2, 3, 4, 5, 6, 7, 8, 9], parents: set(), children: {5, 6, 7}, spouse: {0, 1, 2, 3, 4, 5, 6, 8, 9}
[2025-04-12 01:46:16,187] [MB metrics] precision: 1.000, recall: 1.000, acc: 1.000, f1: 1.000
[2025-04-12 01:46:30,410] sub_met2 before prunning {'fdr': 0.4889, 'tpr': 1.0, 'fpr': 1.0, 'shd': 22, 'nnz': 45, 'precision': 0.5111, 'recall': 1.0, 'F1': 0.6765, 'gscore': 0.0435}
[2025-04-12 01:46:30,410] sub_met after prunning {'fdr': 0.0417, 'tpr': 1.0, 'fpr': 0.0455, 'shd': 1, 'nnz': 24, 'precision': 0.9583, 'recall': 1.0, 'F1': 0.9787, 'gscore': 0.9565}
[2025-04-12 01:46:30,410] 
===  2-th graph ===
[2025-04-12 01:46:30,410] 9 Nodes of Markov blanket: [1, 2, 3, 4, 5, 6, 7, 8, 9]
[2025-04-12 01:46:30,410] 10 Nodes of True MB: [0, 1, 2, 3, 4, 5, 6, 7, 8, 9], parents: {3}, children: {8, 4, 6, 7}, spouse: {0, 1, 2, 3, 5, 8, 9}
[2025-04-12 01:46:30,410] [MB metrics] precision: 1.000, recall: 0.900, acc: 0.900, f1: 0.947
[2025-04-12 01:46:42,281] sub_met2 before prunning {'fdr': 0.4722, 'tpr': 1.0, 'fpr': 1.0, 'shd': 17, 'nnz': 36, 'precision': 0.5278, 'recall': 1.0, 'F1': 0.6909, 'gscore': 0.1053}
[2025-04-12 01:46:42,281] sub_met after prunning {'fdr': 0.2083, 'tpr': 1.0, 'fpr': 0.2941, 'shd': 5, 'nnz': 24, 'precision': 0.7917, 'recall': 1.0, 'F1': 0.8837, 'gscore': 0.7368}
[2025-04-12 01:46:42,281] 
===  3-th graph ===
[2025-04-12 01:46:42,281] 7 Nodes of Markov blanket: [0, 1, 2, 3, 4, 5, 8]
[2025-04-12 01:46:42,281] 8 Nodes of True MB: [0, 1, 2, 3, 4, 5, 6, 8], parents: {0}, children: {2, 4, 5, 6, 8}, spouse: {0, 1, 2, 3, 4, 6, 8}
[2025-04-12 01:46:42,283] [MB metrics] precision: 1.000, recall: 0.875, acc: 0.889, f1: 0.933
[2025-04-12 01:46:50,297] sub_met2 before prunning {'fdr': 0.4762, 'tpr': 1.0, 'fpr': 1.0, 'shd': 10, 'nnz': 21, 'precision': 0.5238, 'recall': 1.0, 'F1': 0.6875, 'gscore': 0.0909}
[2025-04-12 01:46:50,297] sub_met after prunning {'fdr': 0.1538, 'tpr': 1.0, 'fpr': 0.2, 'shd': 2, 'nnz': 13, 'precision': 0.8462, 'recall': 1.0, 'F1': 0.9167, 'gscore': 0.8182}
[2025-04-12 01:46:50,297] 
===  4-th graph ===
[2025-04-12 01:46:50,297] 7 Nodes of Markov blanket: [1, 2, 3, 4, 5, 6, 8]
[2025-04-12 01:46:50,297] 7 Nodes of True MB: [1, 2, 3, 4, 5, 6, 8], parents: {8, 2, 3}, children: {5}, spouse: {1, 3, 4, 6}
[2025-04-12 01:46:50,307] [MB metrics] precision: 1.000, recall: 1.000, acc: 1.000, f1: 1.000
[2025-04-12 01:46:58,257] sub_met2 before prunning {'fdr': 0.381, 'tpr': 1.0, 'fpr': 1.0, 'shd': 8, 'nnz': 21, 'precision': 0.619, 'recall': 1.0, 'F1': 0.7647, 'gscore': 0.3846}
[2025-04-12 01:46:58,257] sub_met after prunning {'fdr': 0.0, 'tpr': 1.0, 'fpr': 0.0, 'shd': 0, 'nnz': 13, 'precision': 1.0, 'recall': 1.0, 'F1': 1.0, 'gscore': 1.0}
[2025-04-12 01:46:58,257] 
===  5-th graph ===
[2025-04-12 01:46:58,257] 10 Nodes of Markov blanket: [0, 1, 2, 3, 4, 5, 6, 7, 8, 9]
[2025-04-12 01:46:58,257] 10 Nodes of True MB: [0, 1, 2, 3, 4, 5, 6, 7, 8, 9], parents: {1, 3, 4, 6}, children: {7}, spouse: {0, 1, 2, 5, 8, 9}
[2025-04-12 01:46:58,257] [MB metrics] precision: 1.000, recall: 1.000, acc: 1.000, f1: 1.000
[2025-04-12 01:47:12,657] sub_met2 before prunning {'fdr': 0.4889, 'tpr': 1.0, 'fpr': 1.0, 'shd': 22, 'nnz': 45, 'precision': 0.5111, 'recall': 1.0, 'F1': 0.6765, 'gscore': 0.0435}
[2025-04-12 01:47:12,657] sub_met after prunning {'fdr': 0.0417, 'tpr': 1.0, 'fpr': 0.0455, 'shd': 1, 'nnz': 24, 'precision': 0.9583, 'recall': 1.0, 'F1': 0.9787, 'gscore': 0.9565}
[2025-04-12 01:47:12,657] 
===  6-th graph ===
[2025-04-12 01:47:12,657] 7 Nodes of Markov blanket: [0, 1, 2, 4, 5, 6, 9]
[2025-04-12 01:47:12,657] 8 Nodes of True MB: [0, 1, 2, 3, 4, 5, 6, 9], parents: {1, 2, 3}, children: {9, 5}, spouse: {0, 1, 3, 4, 6}
[2025-04-12 01:47:12,657] [MB metrics] precision: 1.000, recall: 0.875, acc: 0.900, f1: 0.933
[2025-04-12 01:47:20,647] sub_met2 before prunning {'fdr': 0.7143, 'tpr': 0.75, 'fpr': 1.1538, 'shd': 15, 'nnz': 21, 'precision': 0.2857, 'recall': 0.75, 'F1': 0.4138, 'gscore': 0.0}
[2025-04-12 01:47:20,647] sub_met after prunning {'fdr': 0.625, 'tpr': 0.75, 'fpr': 0.7692, 'shd': 10, 'nnz': 16, 'precision': 0.375, 'recall': 0.75, 'F1': 0.5, 'gscore': 0.0}
[2025-04-12 01:47:20,647] 
===  7-th graph ===
[2025-04-12 01:47:20,647] 7 Nodes of Markov blanket: [0, 1, 2, 5, 7, 8, 9]
[2025-04-12 01:47:20,647] 6 Nodes of True MB: [0, 1, 2, 5, 8, 9], parents: {0, 1, 2, 5, 8, 9}, children: set(), spouse: set()
[2025-04-12 01:47:20,647] [MB metrics] precision: 0.857, recall: 1.000, acc: 0.900, f1: 0.923
[2025-04-12 01:47:28,597] sub_met2 before prunning {'fdr': 0.5238, 'tpr': 1.0, 'fpr': 1.0, 'shd': 11, 'nnz': 21, 'precision': 0.4762, 'recall': 1.0, 'F1': 0.6452, 'gscore': 0.0}
[2025-04-12 01:47:28,607] sub_met after prunning {'fdr': 0.4737, 'tpr': 1.0, 'fpr': 0.8182, 'shd': 9, 'nnz': 19, 'precision': 0.5263, 'recall': 1.0, 'F1': 0.6897, 'gscore': 0.1}
[2025-04-12 01:47:28,607] 
===  8-th graph ===
[2025-04-12 01:47:28,607] 9 Nodes of Markov blanket: [0, 1, 2, 3, 4, 5, 7, 8, 9]
[2025-04-12 01:47:28,607] 9 Nodes of True MB: [0, 1, 2, 3, 4, 5, 7, 8, 9], parents: {0, 2, 3}, children: {4, 7}, spouse: {0, 1, 2, 3, 5, 8, 9}
[2025-04-12 01:47:28,607] [MB metrics] precision: 1.000, recall: 1.000, acc: 1.000, f1: 1.000
[2025-04-12 01:47:40,437] sub_met2 before prunning {'fdr': 0.5, 'tpr': 1.0, 'fpr': 1.0, 'shd': 18, 'nnz': 36, 'precision': 0.5, 'recall': 1.0, 'F1': 0.6667, 'gscore': 0.0}
[2025-04-12 01:47:40,437] sub_met after prunning {'fdr': 0.25, 'tpr': 1.0, 'fpr': 0.3333, 'shd': 6, 'nnz': 24, 'precision': 0.75, 'recall': 1.0, 'F1': 0.8571, 'gscore': 0.6667}
[2025-04-12 01:47:40,437] 
===  9-th graph ===
[2025-04-12 01:47:40,437] 8 Nodes of Markov blanket: [0, 1, 2, 5, 6, 7, 8, 9]
[2025-04-12 01:47:40,437] 8 Nodes of True MB: [0, 1, 2, 5, 6, 7, 8, 9], parents: {0, 6}, children: {7}, spouse: {0, 1, 2, 5, 8, 9}
[2025-04-12 01:47:40,437] [MB metrics] precision: 1.000, recall: 1.000, acc: 1.000, f1: 1.000
[2025-04-12 01:47:50,387] sub_met2 before prunning {'fdr': 0.5714, 'tpr': 0.8571, 'fpr': 1.1429, 'shd': 16, 'nnz': 28, 'precision': 0.4286, 'recall': 0.8571, 'F1': 0.5714, 'gscore': 0.0}
[2025-04-12 01:47:50,387] sub_met after prunning {'fdr': 0.4545, 'tpr': 0.8571, 'fpr': 0.7143, 'shd': 10, 'nnz': 22, 'precision': 0.5455, 'recall': 0.8571, 'F1': 0.6667, 'gscore': 0.1429}
[2025-04-12 01:47:50,387] 
======= Graph Summary =======
[2025-04-12 01:47:50,387] MB summary: {'precision': '0.99+-0.04', 'recall': '0.95+-0.06', 'acc': '0.95+-0.05', 'f1': '0.97+-0.03'}
[2025-04-12 01:47:50,387] merged_met_before  before prunning {'fdr': 0.4889, 'tpr': 1.0, 'fpr': 1.0, 'shd': 22, 'nnz': 45, 'precision': 0.5111, 'recall': 1.0, 'F1': 0.6765, 'gscore': 0.0435}
[2025-04-12 01:47:50,396] [[0 1 1 1 1 1 1 1 1 1]
 [0 0 1 1 1 1 1 1 1 1]
 [0 0 0 0 1 1 1 1 1 1]
 [0 0 1 0 1 1 1 1 1 1]
 [0 0 0 0 0 1 0 0 0 1]
 [0 0 0 0 0 0 0 1 0 1]
 [0 0 0 0 1 1 0 1 1 1]
 [0 0 0 0 0 0 0 0 0 0]
 [0 0 0 0 1 1 0 1 0 1]
 [0 0 0 0 0 0 0 1 0 0]]
[2025-04-12 01:47:50,400] merged_met_after  after prunning {'fdr': 0.4773, 'tpr': 1.0, 'fpr': 0.9545, 'shd': 21, 'nnz': 44, 'precision': 0.5227, 'recall': 1.0, 'F1': 0.6866, 'gscore': 0.087}
[2025-04-12 01:47:50,400] 
================ repeat number 5 ====================
[2025-04-12 01:47:50,400] true_dag
[[0 0 0 0 0 0 0 0 0 0]
 [0 0 0 0 0 0 1 0 0 1]
 [0 0 0 0 0 0 0 0 0 0]
 [1 0 1 0 1 0 1 0 0 0]
 [0 0 1 0 0 0 0 1 0 1]
 [0 0 1 0 0 0 0 0 0 0]
 [0 0 0 0 0 1 0 1 0 0]
 [0 0 0 0 0 0 0 0 0 0]
 [1 0 0 0 0 1 1 0 0 1]
 [0 0 0 0 0 1 1 0 0 0]]
[2025-04-12 01:47:50,414] 
===  0-th graph ===
[2025-04-12 01:47:50,415] 3 Nodes of Markov blanket: [0, 3, 8]
[2025-04-12 01:47:50,415] 2 Nodes of True MB: [3, 8], parents: {8, 3}, children: set(), spouse: set()
[2025-04-12 01:47:50,417] [MB metrics] precision: 0.667, recall: 1.000, acc: 0.889, f1: 0.800
[2025-04-12 01:47:52,657] sub_met2 before prunning {'fdr': 0.3333, 'tpr': 1.0, 'fpr': 1.0, 'shd': 1, 'nnz': 3, 'precision': 0.6667, 'recall': 1.0, 'F1': 0.8, 'gscore': 0.5}
[2025-04-12 01:47:52,657] sub_met after prunning {'fdr': 0.0, 'tpr': 1.0, 'fpr': 0.0, 'shd': 0, 'nnz': 2, 'precision': 1.0, 'recall': 1.0, 'F1': 1.0, 'gscore': 1.0}
[2025-04-12 01:47:52,657] 
===  1-th graph ===
[2025-04-12 01:47:52,657] 6 Nodes of Markov blanket: [1, 3, 4, 6, 8, 9]
[2025-04-12 01:47:52,657] 6 Nodes of True MB: [1, 3, 4, 6, 8, 9], parents: set(), children: {9, 6}, spouse: {1, 3, 4, 8, 9}
[2025-04-12 01:47:52,669] [MB metrics] precision: 1.000, recall: 1.000, acc: 1.000, f1: 1.000
[2025-04-12 01:47:59,017] sub_met2 before prunning {'fdr': 0.5333, 'tpr': 0.875, 'fpr': 1.1429, 'shd': 8, 'nnz': 15, 'precision': 0.4667, 'recall': 0.875, 'F1': 0.6087, 'gscore': 0.0}
[2025-04-12 01:47:59,017] sub_met after prunning {'fdr': 0.3636, 'tpr': 0.875, 'fpr': 0.5714, 'shd': 4, 'nnz': 11, 'precision': 0.6364, 'recall': 0.875, 'F1': 0.7368, 'gscore': 0.375}
[2025-04-12 01:47:59,017] 
===  2-th graph ===
[2025-04-12 01:47:59,017] 4 Nodes of Markov blanket: [2, 3, 4, 5]
[2025-04-12 01:47:59,017] 3 Nodes of True MB: [3, 4, 5], parents: {3, 4, 5}, children: set(), spouse: set()
[2025-04-12 01:47:59,017] [MB metrics] precision: 0.750, recall: 1.000, acc: 0.833, f1: 0.857
[2025-04-12 01:48:02,557] sub_met2 before prunning {'fdr': 0.3333, 'tpr': 1.0, 'fpr': 1.0, 'shd': 2, 'nnz': 6, 'precision': 0.6667, 'recall': 1.0, 'F1': 0.8, 'gscore': 0.5}
[2025-04-12 01:48:02,557] sub_met after prunning {'fdr': 0.2, 'tpr': 1.0, 'fpr': 0.5, 'shd': 1, 'nnz': 5, 'precision': 0.8, 'recall': 1.0, 'F1': 0.8889, 'gscore': 0.75}
[2025-04-12 01:48:02,557] 
===  3-th graph ===
[2025-04-12 01:48:02,557] 7 Nodes of Markov blanket: [0, 1, 2, 3, 5, 6, 9]
[2025-04-12 01:48:02,557] 9 Nodes of True MB: [0, 1, 2, 3, 4, 5, 6, 8, 9], parents: set(), children: {0, 2, 4, 6}, spouse: {1, 3, 4, 5, 8, 9}
[2025-04-12 01:48:02,557] [MB metrics] precision: 1.000, recall: 0.778, acc: 0.800, f1: 0.875
[2025-04-12 01:48:10,497] sub_met2 before prunning {'fdr': 0.5714, 'tpr': 1.0, 'fpr': 1.0, 'shd': 12, 'nnz': 21, 'precision': 0.4286, 'recall': 1.0, 'F1': 0.6, 'gscore': 0.0}
[2025-04-12 01:48:10,497] sub_met after prunning {'fdr': 0.5, 'tpr': 1.0, 'fpr': 0.75, 'shd': 9, 'nnz': 18, 'precision': 0.5, 'recall': 1.0, 'F1': 0.6667, 'gscore': 0.0}
[2025-04-12 01:48:10,497] 
===  4-th graph ===
[2025-04-12 01:48:10,497] 8 Nodes of Markov blanket: [1, 2, 4, 5, 6, 7, 8, 9]
[2025-04-12 01:48:10,497] 9 Nodes of True MB: [1, 2, 3, 4, 5, 6, 7, 8, 9], parents: {3}, children: {9, 2, 7}, spouse: {1, 3, 4, 5, 6, 8}
[2025-04-12 01:48:10,497] [MB metrics] precision: 1.000, recall: 0.889, acc: 0.900, f1: 0.941
[2025-04-12 01:48:20,253] sub_met2 before prunning {'fdr': 0.5714, 'tpr': 0.9231, 'fpr': 1.0667, 'shd': 16, 'nnz': 28, 'precision': 0.4286, 'recall': 0.9231, 'F1': 0.5854, 'gscore': 0.0}
[2025-04-12 01:48:20,253] sub_met after prunning {'fdr': 0.4545, 'tpr': 0.9231, 'fpr': 0.6667, 'shd': 10, 'nnz': 22, 'precision': 0.5455, 'recall': 0.9231, 'F1': 0.6857, 'gscore': 0.1538}
[2025-04-12 01:48:20,253] 
===  5-th graph ===
[2025-04-12 01:48:20,253] 7 Nodes of Markov blanket: [2, 3, 4, 5, 6, 8, 9]
[2025-04-12 01:48:20,253] 7 Nodes of True MB: [2, 3, 4, 5, 6, 8, 9], parents: {8, 9, 6}, children: {2}, spouse: {3, 4, 5}
[2025-04-12 01:48:20,257] [MB metrics] precision: 1.000, recall: 1.000, acc: 1.000, f1: 1.000
[2025-04-12 01:48:28,245] sub_met2 before prunning {'fdr': 0.4286, 'tpr': 1.0, 'fpr': 1.0, 'shd': 9, 'nnz': 21, 'precision': 0.5714, 'recall': 1.0, 'F1': 0.7273, 'gscore': 0.25}
[2025-04-12 01:48:28,245] sub_met after prunning {'fdr': 0.1429, 'tpr': 1.0, 'fpr': 0.2222, 'shd': 2, 'nnz': 14, 'precision': 0.8571, 'recall': 1.0, 'F1': 0.9231, 'gscore': 0.8333}
[2025-04-12 01:48:28,245] 
===  6-th graph ===
[2025-04-12 01:48:28,245] 8 Nodes of Markov blanket: [1, 3, 4, 5, 6, 7, 8, 9]
[2025-04-12 01:48:28,245] 8 Nodes of True MB: [1, 3, 4, 5, 6, 7, 8, 9], parents: {8, 1, 3, 9}, children: {5, 7}, spouse: {8, 9, 4, 6}
[2025-04-12 01:48:28,249] [MB metrics] precision: 1.000, recall: 1.000, acc: 1.000, f1: 1.000
[2025-04-12 01:48:38,106] sub_met2 before prunning {'fdr': 0.5714, 'tpr': 0.9231, 'fpr': 1.0667, 'shd': 16, 'nnz': 28, 'precision': 0.4286, 'recall': 0.9231, 'F1': 0.5854, 'gscore': 0.0}
[2025-04-12 01:48:38,106] sub_met after prunning {'fdr': 0.2941, 'tpr': 0.9231, 'fpr': 0.3333, 'shd': 5, 'nnz': 17, 'precision': 0.7059, 'recall': 0.9231, 'F1': 0.8, 'gscore': 0.5385}
[2025-04-12 01:48:38,106] 
===  7-th graph ===
[2025-04-12 01:48:38,106] 3 Nodes of Markov blanket: [4, 6, 7]
[2025-04-12 01:48:38,106] 2 Nodes of True MB: [4, 6], parents: {4, 6}, children: set(), spouse: set()
[2025-04-12 01:48:38,110] [MB metrics] precision: 0.667, recall: 1.000, acc: 0.875, f1: 0.800
[2025-04-12 01:48:40,387] sub_met2 before prunning {'fdr': 0.3333, 'tpr': 1.0, 'fpr': 1.0, 'shd': 1, 'nnz': 3, 'precision': 0.6667, 'recall': 1.0, 'F1': 0.8, 'gscore': 0.5}
[2025-04-12 01:48:40,387] sub_met after prunning {'fdr': 0.3333, 'tpr': 1.0, 'fpr': 1.0, 'shd': 1, 'nnz': 3, 'precision': 0.6667, 'recall': 1.0, 'F1': 0.8, 'gscore': 0.5}
[2025-04-12 01:48:40,387] 
===  8-th graph ===
[2025-04-12 01:48:40,387] 7 Nodes of Markov blanket: [0, 1, 4, 5, 6, 8, 9]
[2025-04-12 01:48:40,387] 8 Nodes of True MB: [0, 1, 3, 4, 5, 6, 8, 9], parents: set(), children: {0, 9, 5, 6}, spouse: {1, 3, 4, 6, 8, 9}
[2025-04-12 01:48:40,387] [MB metrics] precision: 1.000, recall: 0.875, acc: 0.900, f1: 0.933
[2025-04-12 01:48:48,362] sub_met2 before prunning {'fdr': 0.5714, 'tpr': 0.9, 'fpr': 1.0909, 'shd': 12, 'nnz': 21, 'precision': 0.4286, 'recall': 0.9, 'F1': 0.5806, 'gscore': 0.0}
[2025-04-12 01:48:48,362] sub_met after prunning {'fdr': 0.5, 'tpr': 0.9, 'fpr': 0.8182, 'shd': 9, 'nnz': 18, 'precision': 0.5, 'recall': 0.9, 'F1': 0.6429, 'gscore': 0.0}
[2025-04-12 01:48:48,362] 
===  9-th graph ===
[2025-04-12 01:48:48,362] 7 Nodes of Markov blanket: [1, 3, 4, 5, 6, 8, 9]
[2025-04-12 01:48:48,362] 7 Nodes of True MB: [1, 3, 4, 5, 6, 8, 9], parents: {8, 1, 4}, children: {5, 6}, spouse: {1, 3, 6, 8, 9}
[2025-04-12 01:48:48,367] [MB metrics] precision: 1.000, recall: 1.000, acc: 1.000, f1: 1.000
[2025-04-12 01:48:56,272] sub_met2 before prunning {'fdr': 0.5238, 'tpr': 0.9091, 'fpr': 1.1, 'shd': 11, 'nnz': 21, 'precision': 0.4762, 'recall': 0.9091, 'F1': 0.625, 'gscore': 0.0}
[2025-04-12 01:48:56,272] sub_met after prunning {'fdr': 0.3333, 'tpr': 0.9091, 'fpr': 0.5, 'shd': 5, 'nnz': 15, 'precision': 0.6667, 'recall': 0.9091, 'F1': 0.7692, 'gscore': 0.4545}
[2025-04-12 01:48:56,277] 
======= Graph Summary =======
[2025-04-12 01:48:56,277] MB summary: {'precision': '0.91+-0.14', 'recall': '0.95+-0.08', 'acc': '0.92+-0.07', 'f1': '0.92+-0.08'}
[2025-04-12 01:48:56,277] merged_met_before  before prunning {'fdr': 0.6136, 'tpr': 0.9444, 'fpr': 1.0, 'shd': 27, 'nnz': 44, 'precision': 0.3864, 'recall': 0.9444, 'F1': 0.5484, 'gscore': 0.0}
[2025-04-12 01:48:56,277] [[0 0 0 0 0 1 0 0 0 0]
 [1 0 1 0 1 1 1 0 1 1]
 [0 0 0 0 0 0 0 0 0 0]
 [1 0 1 0 1 1 1 0 0 1]
 [1 0 1 0 0 1 0 1 0 0]
 [0 0 1 0 0 0 0 0 0 0]
 [1 0 1 0 1 1 0 1 0 0]
 [0 0 0 0 0 0 0 0 0 0]
 [1 0 1 0 1 1 1 0 0 1]
 [1 0 1 0 1 1 1 0 0 0]]
[2025-04-12 01:48:56,285] merged_met_after  after prunning {'fdr': 0.5143, 'tpr': 0.9444, 'fpr': 0.6667, 'shd': 18, 'nnz': 35, 'precision': 0.4857, 'recall': 0.9444, 'F1': 0.6415, 'gscore': 0.0}
[2025-04-12 01:48:56,286] 
================ repeat number 6 ====================
[2025-04-12 01:48:56,287] true_dag
[[0 0 0 0 0 0 0 0 0 0]
 [0 0 1 1 1 1 1 0 1 1]
 [0 0 0 0 0 0 0 0 0 0]
 [0 0 0 0 0 0 0 0 0 0]
 [1 0 0 1 0 0 1 0 0 0]
 [1 0 0 1 1 0 0 0 0 0]
 [1 0 0 1 0 0 0 0 0 0]
 [0 0 1 1 0 1 0 0 1 1]
 [0 0 1 1 0 0 1 0 0 1]
 [0 0 0 0 0 0 1 0 0 0]]
[2025-04-12 01:48:56,301] 
===  0-th graph ===
[2025-04-12 01:48:56,301] 4 Nodes of Markov blanket: [0, 4, 5, 6]
[2025-04-12 01:48:56,301] 3 Nodes of True MB: [4, 5, 6], parents: {4, 5, 6}, children: set(), spouse: set()
[2025-04-12 01:48:56,304] [MB metrics] precision: 0.750, recall: 1.000, acc: 0.857, f1: 0.857
[2025-04-12 01:48:59,907] sub_met2 before prunning {'fdr': 0.1667, 'tpr': 1.0, 'fpr': 1.0, 'shd': 1, 'nnz': 6, 'precision': 0.8333, 'recall': 1.0, 'F1': 0.9091, 'gscore': 0.8}
[2025-04-12 01:48:59,907] sub_met after prunning {'fdr': 0.1667, 'tpr': 1.0, 'fpr': 1.0, 'shd': 1, 'nnz': 6, 'precision': 0.8333, 'recall': 1.0, 'F1': 0.9091, 'gscore': 0.8}
[2025-04-12 01:48:59,917] 
===  1-th graph ===
[2025-04-12 01:48:59,917] 8 Nodes of Markov blanket: [1, 2, 3, 5, 6, 7, 8, 9]
[2025-04-12 01:48:59,917] 9 Nodes of True MB: [1, 2, 3, 4, 5, 6, 7, 8, 9], parents: set(), children: {2, 3, 4, 5, 6, 8, 9}, spouse: {1, 4, 5, 6, 7, 8, 9}
[2025-04-12 01:48:59,917] [MB metrics] precision: 1.000, recall: 0.889, acc: 0.900, f1: 0.941
[2025-04-12 01:49:09,683] sub_met2 before prunning {'fdr': 0.3571, 'tpr': 1.0, 'fpr': 1.0, 'shd': 10, 'nnz': 28, 'precision': 0.6429, 'recall': 1.0, 'F1': 0.7826, 'gscore': 0.4444}
[2025-04-12 01:49:09,683] sub_met after prunning {'fdr': 0.1429, 'tpr': 1.0, 'fpr': 0.3, 'shd': 3, 'nnz': 21, 'precision': 0.8571, 'recall': 1.0, 'F1': 0.9231, 'gscore': 0.8333}
[2025-04-12 01:49:09,683] 
===  2-th graph ===
[2025-04-12 01:49:09,683] 4 Nodes of Markov blanket: [1, 2, 7, 8]
[2025-04-12 01:49:09,683] 3 Nodes of True MB: [1, 7, 8], parents: {8, 1, 7}, children: set(), spouse: set()
[2025-04-12 01:49:09,687] [MB metrics] precision: 0.750, recall: 1.000, acc: 0.889, f1: 0.857
[2025-04-12 01:49:13,187] sub_met2 before prunning {'fdr': 0.1667, 'tpr': 1.0, 'fpr': 1.0, 'shd': 1, 'nnz': 6, 'precision': 0.8333, 'recall': 1.0, 'F1': 0.9091, 'gscore': 0.8}
[2025-04-12 01:49:13,187] sub_met after prunning {'fdr': 0.1667, 'tpr': 1.0, 'fpr': 1.0, 'shd': 1, 'nnz': 6, 'precision': 0.8333, 'recall': 1.0, 'F1': 0.9091, 'gscore': 0.8}
[2025-04-12 01:49:13,187] 
===  3-th graph ===
[2025-04-12 01:49:13,187] 7 Nodes of Markov blanket: [1, 3, 4, 5, 6, 7, 8]
[2025-04-12 01:49:13,187] 6 Nodes of True MB: [1, 4, 5, 6, 7, 8], parents: {1, 4, 5, 6, 7, 8}, children: set(), spouse: set()
[2025-04-12 01:49:13,187] [MB metrics] precision: 0.857, recall: 1.000, acc: 0.889, f1: 0.923
[2025-04-12 01:49:21,181] sub_met2 before prunning {'fdr': 0.2857, 'tpr': 1.0, 'fpr': 1.0, 'shd': 6, 'nnz': 21, 'precision': 0.7143, 'recall': 1.0, 'F1': 0.8333, 'gscore': 0.6}
[2025-04-12 01:49:21,181] sub_met after prunning {'fdr': 0.1176, 'tpr': 1.0, 'fpr': 0.3333, 'shd': 2, 'nnz': 17, 'precision': 0.8824, 'recall': 1.0, 'F1': 0.9375, 'gscore': 0.8667}
[2025-04-12 01:49:21,181] 
===  4-th graph ===
[2025-04-12 01:49:21,181] 7 Nodes of Markov blanket: [0, 3, 4, 5, 6, 7, 9]
[2025-04-12 01:49:21,181] 9 Nodes of True MB: [0, 1, 3, 4, 5, 6, 7, 8, 9], parents: {1, 5}, children: {0, 3, 6}, spouse: {1, 4, 5, 6, 7, 8, 9}
[2025-04-12 01:49:21,187] [MB metrics] precision: 1.000, recall: 0.778, acc: 0.800, f1: 0.875
[2025-04-12 01:49:29,038] sub_met2 before prunning {'fdr': 0.4286, 'tpr': 1.0, 'fpr': 1.0, 'shd': 9, 'nnz': 21, 'precision': 0.5714, 'recall': 1.0, 'F1': 0.7273, 'gscore': 0.25}
[2025-04-12 01:49:29,038] sub_met after prunning {'fdr': 0.3684, 'tpr': 1.0, 'fpr': 0.7778, 'shd': 7, 'nnz': 19, 'precision': 0.6316, 'recall': 1.0, 'F1': 0.7742, 'gscore': 0.4167}
[2025-04-12 01:49:29,038] 
===  5-th graph ===
[2025-04-12 01:49:29,038] 7 Nodes of Markov blanket: [0, 1, 3, 4, 5, 6, 8]
[2025-04-12 01:49:29,038] 8 Nodes of True MB: [0, 1, 3, 4, 5, 6, 7, 8], parents: {1, 7}, children: {0, 3, 4}, spouse: {1, 4, 5, 6, 7, 8}
[2025-04-12 01:49:29,038] [MB metrics] precision: 1.000, recall: 0.875, acc: 0.889, f1: 0.933
[2025-04-12 01:49:37,057] sub_met2 before prunning {'fdr': 0.3333, 'tpr': 0.9333, 'fpr': 1.1667, 'shd': 7, 'nnz': 21, 'precision': 0.6667, 'recall': 0.9333, 'F1': 0.7778, 'gscore': 0.4667}
[2025-04-12 01:49:37,057] sub_met after prunning {'fdr': 0.2222, 'tpr': 0.9333, 'fpr': 0.6667, 'shd': 4, 'nnz': 18, 'precision': 0.7778, 'recall': 0.9333, 'F1': 0.8485, 'gscore': 0.6667}
[2025-04-12 01:49:37,057] 
===  6-th graph ===
[2025-04-12 01:49:37,057] 9 Nodes of Markov blanket: [0, 1, 3, 4, 5, 6, 7, 8, 9]
[2025-04-12 01:49:37,057] 9 Nodes of True MB: [0, 1, 3, 4, 5, 6, 7, 8, 9], parents: {8, 1, 4, 9}, children: {0, 3}, spouse: {1, 4, 5, 6, 7, 8}
[2025-04-12 01:49:37,057] [MB metrics] precision: 1.000, recall: 1.000, acc: 1.000, f1: 1.000
[2025-04-12 01:49:48,898] sub_met2 before prunning {'fdr': 0.3889, 'tpr': 1.0, 'fpr': 1.0, 'shd': 14, 'nnz': 36, 'precision': 0.6111, 'recall': 1.0, 'F1': 0.7586, 'gscore': 0.3636}
[2025-04-12 01:49:48,898] sub_met after prunning {'fdr': 0.0435, 'tpr': 1.0, 'fpr': 0.0714, 'shd': 1, 'nnz': 23, 'precision': 0.9565, 'recall': 1.0, 'F1': 0.9778, 'gscore': 0.9545}
[2025-04-12 01:49:48,898] 
===  7-th graph ===
[2025-04-12 01:49:48,898] 8 Nodes of Markov blanket: [1, 2, 3, 4, 6, 7, 8, 9]
[2025-04-12 01:49:48,898] 9 Nodes of True MB: [1, 2, 3, 4, 5, 6, 7, 8, 9], parents: set(), children: {2, 3, 5, 8, 9}, spouse: {1, 4, 5, 6, 7, 8}
[2025-04-12 01:49:48,907] [MB metrics] precision: 1.000, recall: 0.889, acc: 0.900, f1: 0.941
[2025-04-12 01:49:58,766] sub_met2 before prunning {'fdr': 0.3571, 'tpr': 1.0, 'fpr': 1.0, 'shd': 10, 'nnz': 28, 'precision': 0.6429, 'recall': 1.0, 'F1': 0.7826, 'gscore': 0.4444}
[2025-04-12 01:49:58,767] sub_met after prunning {'fdr': 0.1, 'tpr': 1.0, 'fpr': 0.2, 'shd': 2, 'nnz': 20, 'precision': 0.9, 'recall': 1.0, 'F1': 0.9474, 'gscore': 0.8889}
[2025-04-12 01:49:58,767] 
===  8-th graph ===
[2025-04-12 01:49:58,767] 8 Nodes of Markov blanket: [1, 2, 3, 5, 6, 7, 8, 9]
[2025-04-12 01:49:58,767] 9 Nodes of True MB: [1, 2, 3, 4, 5, 6, 7, 8, 9], parents: {1, 7}, children: {9, 2, 3, 6}, spouse: {1, 4, 5, 6, 7, 8, 9}
[2025-04-12 01:49:58,768] [MB metrics] precision: 1.000, recall: 0.889, acc: 0.900, f1: 0.941
[2025-04-12 01:50:08,540] sub_met2 before prunning {'fdr': 0.3571, 'tpr': 1.0, 'fpr': 1.0, 'shd': 10, 'nnz': 28, 'precision': 0.6429, 'recall': 1.0, 'F1': 0.7826, 'gscore': 0.4444}
[2025-04-12 01:50:08,540] sub_met after prunning {'fdr': 0.1429, 'tpr': 1.0, 'fpr': 0.3, 'shd': 3, 'nnz': 21, 'precision': 0.8571, 'recall': 1.0, 'F1': 0.9231, 'gscore': 0.8333}
[2025-04-12 01:50:08,540] 
===  9-th graph ===
[2025-04-12 01:50:08,540] 6 Nodes of Markov blanket: [1, 4, 6, 7, 8, 9]
[2025-04-12 01:50:08,540] 6 Nodes of True MB: [1, 4, 6, 7, 8, 9], parents: {8, 1, 7}, children: {6}, spouse: {8, 1, 4, 9}
[2025-04-12 01:50:08,540] [MB metrics] precision: 1.000, recall: 1.000, acc: 1.000, f1: 1.000
[2025-04-12 01:50:14,947] sub_met2 before prunning {'fdr': 0.3333, 'tpr': 1.0, 'fpr': 1.0, 'shd': 5, 'nnz': 15, 'precision': 0.6667, 'recall': 1.0, 'F1': 0.8, 'gscore': 0.5}
[2025-04-12 01:50:14,947] sub_met after prunning {'fdr': 0.1667, 'tpr': 1.0, 'fpr': 0.4, 'shd': 2, 'nnz': 12, 'precision': 0.8333, 'recall': 1.0, 'F1': 0.9091, 'gscore': 0.8}
[2025-04-12 01:50:14,947] 
======= Graph Summary =======
[2025-04-12 01:50:14,947] MB summary: {'precision': '0.94+-0.10', 'recall': '0.93+-0.07', 'acc': '0.90+-0.06', 'f1': '0.93+-0.05'}
[2025-04-12 01:50:14,947] merged_met_before  before prunning {'fdr': 0.4318, 'tpr': 1.0, 'fpr': 0.95, 'shd': 19, 'nnz': 44, 'precision': 0.5682, 'recall': 1.0, 'F1': 0.7246, 'gscore': 0.24}
[2025-04-12 01:50:14,953] [[0 0 0 0 0 0 0 0 0 0]
 [0 0 1 1 1 1 1 1 1 1]
 [0 0 0 0 0 0 0 0 0 0]
 [0 0 0 0 0 0 0 0 0 0]
 [1 0 0 1 0 0 1 0 1 1]
 [1 0 0 1 1 0 1 0 1 1]
 [1 0 0 1 0 0 0 0 0 0]
 [1 0 1 1 1 1 1 0 1 1]
 [0 0 1 1 0 0 1 0 0 1]
 [0 0 0 1 0 0 1 0 0 0]]
[2025-04-12 01:50:14,956] merged_met_after  after prunning {'fdr': 0.2857, 'tpr': 1.0, 'fpr': 0.5, 'shd': 10, 'nnz': 35, 'precision': 0.7143, 'recall': 1.0, 'F1': 0.8333, 'gscore': 0.6}
[2025-04-12 01:50:14,956] 
================ repeat number 7 ====================
[2025-04-12 01:50:14,957] true_dag
[[0 0 0 1 0 0 0 0 0 0]
 [0 0 0 0 0 0 0 0 0 0]
 [0 0 0 1 0 0 0 1 0 0]
 [0 1 0 0 0 1 0 0 0 0]
 [0 0 0 0 0 0 0 0 0 0]
 [0 0 0 0 0 0 0 0 0 0]
 [0 1 1 0 1 1 0 0 1 0]
 [0 0 0 0 0 0 0 0 0 0]
 [0 0 0 0 1 0 0 0 0 0]
 [1 0 0 0 0 0 0 1 0 0]]
[2025-04-12 01:50:14,971] 
===  0-th graph ===
[2025-04-12 01:50:14,971] 4 Nodes of Markov blanket: [0, 2, 3, 9]
[2025-04-12 01:50:14,971] 4 Nodes of True MB: [0, 2, 3, 9], parents: {9}, children: {3}, spouse: {0, 2}
[2025-04-12 01:50:14,975] [MB metrics] precision: 1.000, recall: 1.000, acc: 1.000, f1: 1.000
[2025-04-12 01:50:18,578] sub_met2 before prunning {'fdr': 0.5, 'tpr': 1.0, 'fpr': 1.0, 'shd': 3, 'nnz': 6, 'precision': 0.5, 'recall': 1.0, 'F1': 0.6667, 'gscore': 0.0}
[2025-04-12 01:50:18,579] sub_met after prunning {'fdr': 0.0, 'tpr': 1.0, 'fpr': 0.0, 'shd': 0, 'nnz': 3, 'precision': 1.0, 'recall': 1.0, 'F1': 1.0, 'gscore': 1.0}
[2025-04-12 01:50:18,579] 
===  1-th graph ===
[2025-04-12 01:50:18,579] 3 Nodes of Markov blanket: [1, 3, 6]
[2025-04-12 01:50:18,579] 2 Nodes of True MB: [3, 6], parents: {3, 6}, children: set(), spouse: set()
[2025-04-12 01:50:18,582] [MB metrics] precision: 0.667, recall: 1.000, acc: 0.857, f1: 0.800
[2025-04-12 01:50:20,737] sub_met2 before prunning {'fdr': 0.3333, 'tpr': 1.0, 'fpr': 1.0, 'shd': 1, 'nnz': 3, 'precision': 0.6667, 'recall': 1.0, 'F1': 0.8, 'gscore': 0.5}
[2025-04-12 01:50:20,737] sub_met after prunning {'fdr': 0.3333, 'tpr': 1.0, 'fpr': 1.0, 'shd': 1, 'nnz': 3, 'precision': 0.6667, 'recall': 1.0, 'F1': 0.8, 'gscore': 0.5}
[2025-04-12 01:50:20,740] 
===  2-th graph ===
[2025-04-12 01:50:20,740] 6 Nodes of Markov blanket: [0, 2, 3, 6, 7, 9]
[2025-04-12 01:50:20,740] 6 Nodes of True MB: [0, 2, 3, 6, 7, 9], parents: {6}, children: {3, 7}, spouse: {0, 9, 2}
[2025-04-12 01:50:20,740] [MB metrics] precision: 1.000, recall: 1.000, acc: 1.000, f1: 1.000
[2025-04-12 01:50:27,123] sub_met2 before prunning {'fdr': 0.6, 'tpr': 1.0, 'fpr': 1.0, 'shd': 9, 'nnz': 15, 'precision': 0.4, 'recall': 1.0, 'F1': 0.5714, 'gscore': 0.0}
[2025-04-12 01:50:27,123] sub_met after prunning {'fdr': 0.1429, 'tpr': 1.0, 'fpr': 0.1111, 'shd': 1, 'nnz': 7, 'precision': 0.8571, 'recall': 1.0, 'F1': 0.9231, 'gscore': 0.8333}
[2025-04-12 01:50:27,123] 
===  3-th graph ===
[2025-04-12 01:50:27,127] 6 Nodes of Markov blanket: [0, 1, 2, 3, 5, 6]
[2025-04-12 01:50:27,127] 6 Nodes of True MB: [0, 1, 2, 3, 5, 6], parents: {0, 2}, children: {1, 5}, spouse: {3, 6}
[2025-04-12 01:50:27,127] [MB metrics] precision: 1.000, recall: 1.000, acc: 1.000, f1: 1.000
[2025-04-12 01:50:33,536] sub_met2 before prunning {'fdr': 0.6, 'tpr': 0.8571, 'fpr': 1.125, 'shd': 9, 'nnz': 15, 'precision': 0.4, 'recall': 0.8571, 'F1': 0.5455, 'gscore': 0.0}
[2025-04-12 01:50:33,536] sub_met after prunning {'fdr': 0.25, 'tpr': 0.8571, 'fpr': 0.25, 'shd': 2, 'nnz': 8, 'precision': 0.75, 'recall': 0.8571, 'F1': 0.8, 'gscore': 0.5714}
[2025-04-12 01:50:33,536] 
===  4-th graph ===
[2025-04-12 01:50:33,536] 3 Nodes of Markov blanket: [4, 6, 8]
[2025-04-12 01:50:33,536] 2 Nodes of True MB: [6, 8], parents: {8, 6}, children: set(), spouse: set()
[2025-04-12 01:50:33,542] [MB metrics] precision: 0.667, recall: 1.000, acc: 0.889, f1: 0.800
[2025-04-12 01:50:35,739] sub_met2 before prunning {'fdr': 0.0, 'tpr': 1.0, 'fpr': 0.0, 'shd': 0, 'nnz': 3, 'precision': 1.0, 'recall': 1.0, 'F1': 1.0, 'gscore': 1.0}
[2025-04-12 01:50:35,739] sub_met after prunning {'fdr': 0.0, 'tpr': 1.0, 'fpr': 0.0, 'shd': 0, 'nnz': 3, 'precision': 1.0, 'recall': 1.0, 'F1': 1.0, 'gscore': 1.0}
[2025-04-12 01:50:35,739] 
===  5-th graph ===
[2025-04-12 01:50:35,739] 3 Nodes of Markov blanket: [3, 5, 6]
[2025-04-12 01:50:35,739] 2 Nodes of True MB: [3, 6], parents: {3, 6}, children: set(), spouse: set()
[2025-04-12 01:50:35,739] [MB metrics] precision: 0.667, recall: 1.000, acc: 0.857, f1: 0.800
[2025-04-12 01:50:38,006] sub_met2 before prunning {'fdr': 0.6667, 'tpr': 0.5, 'fpr': 2.0, 'shd': 2, 'nnz': 3, 'precision': 0.3333, 'recall': 0.5, 'F1': 0.4, 'gscore': 0.0}
[2025-04-12 01:50:38,006] sub_met after prunning {'fdr': 0.6667, 'tpr': 0.5, 'fpr': 2.0, 'shd': 2, 'nnz': 3, 'precision': 0.3333, 'recall': 0.5, 'F1': 0.4, 'gscore': 0.0}
[2025-04-12 01:50:38,006] 
===  6-th graph ===
[2025-04-12 01:50:38,006] 7 Nodes of Markov blanket: [1, 2, 3, 4, 5, 6, 8]
[2025-04-12 01:50:38,006] 7 Nodes of True MB: [1, 2, 3, 4, 5, 6, 8], parents: set(), children: {1, 2, 4, 5, 8}, spouse: {8, 3, 6}
[2025-04-12 01:50:38,012] [MB metrics] precision: 1.000, recall: 1.000, acc: 1.000, f1: 1.000
[2025-04-12 01:50:46,249] sub_met2 before prunning {'fdr': 0.5714, 'tpr': 1.0, 'fpr': 1.0, 'shd': 12, 'nnz': 21, 'precision': 0.4286, 'recall': 1.0, 'F1': 0.6, 'gscore': 0.0}
[2025-04-12 01:50:46,249] sub_met after prunning {'fdr': 0.0, 'tpr': 1.0, 'fpr': 0.0, 'shd': 0, 'nnz': 9, 'precision': 1.0, 'recall': 1.0, 'F1': 1.0, 'gscore': 1.0}
[2025-04-12 01:50:46,249] 
===  7-th graph ===
[2025-04-12 01:50:46,249] 3 Nodes of Markov blanket: [2, 7, 9]
[2025-04-12 01:50:46,249] 2 Nodes of True MB: [2, 9], parents: {9, 2}, children: set(), spouse: set()
[2025-04-12 01:50:46,249] [MB metrics] precision: 0.667, recall: 1.000, acc: 0.900, f1: 0.800
[2025-04-12 01:50:48,501] sub_met2 before prunning {'fdr': 0.3333, 'tpr': 1.0, 'fpr': 1.0, 'shd': 1, 'nnz': 3, 'precision': 0.6667, 'recall': 1.0, 'F1': 0.8, 'gscore': 0.5}
[2025-04-12 01:50:48,501] sub_met after prunning {'fdr': 0.0, 'tpr': 1.0, 'fpr': 0.0, 'shd': 0, 'nnz': 2, 'precision': 1.0, 'recall': 1.0, 'F1': 1.0, 'gscore': 1.0}
[2025-04-12 01:50:48,501] 
===  8-th graph ===
[2025-04-12 01:50:48,501] 3 Nodes of Markov blanket: [4, 6, 8]
[2025-04-12 01:50:48,501] 3 Nodes of True MB: [4, 6, 8], parents: {6}, children: {4}, spouse: {8, 6}
[2025-04-12 01:50:48,501] [MB metrics] precision: 1.000, recall: 1.000, acc: 1.000, f1: 1.000
[2025-04-12 01:50:50,669] sub_met2 before prunning {'fdr': 0.0, 'tpr': 1.0, 'fpr': 0.0, 'shd': 0, 'nnz': 3, 'precision': 1.0, 'recall': 1.0, 'F1': 1.0, 'gscore': 1.0}
[2025-04-12 01:50:50,669] sub_met after prunning {'fdr': 0.0, 'tpr': 1.0, 'fpr': 0.0, 'shd': 0, 'nnz': 3, 'precision': 1.0, 'recall': 1.0, 'F1': 1.0, 'gscore': 1.0}
[2025-04-12 01:50:50,669] 
===  9-th graph ===
[2025-04-12 01:50:50,669] 4 Nodes of Markov blanket: [0, 2, 7, 9]
[2025-04-12 01:50:50,669] 4 Nodes of True MB: [0, 2, 7, 9], parents: set(), children: {0, 7}, spouse: {9, 2}
[2025-04-12 01:50:50,674] [MB metrics] precision: 1.000, recall: 1.000, acc: 1.000, f1: 1.000
[2025-04-12 01:50:54,273] sub_met2 before prunning {'fdr': 0.5, 'tpr': 1.0, 'fpr': 1.0, 'shd': 3, 'nnz': 6, 'precision': 0.5, 'recall': 1.0, 'F1': 0.6667, 'gscore': 0.0}
[2025-04-12 01:50:54,273] sub_met after prunning {'fdr': 0.0, 'tpr': 1.0, 'fpr': 0.0, 'shd': 0, 'nnz': 3, 'precision': 1.0, 'recall': 1.0, 'F1': 1.0, 'gscore': 1.0}
[2025-04-12 01:50:54,273] 
======= Graph Summary =======
[2025-04-12 01:50:54,273] MB summary: {'precision': '0.87+-0.16', 'recall': '1.00+-0.00', 'acc': '0.95+-0.06', 'f1': '0.92+-0.10'}
[2025-04-12 01:50:54,276] merged_met_before  before prunning {'fdr': 0.6765, 'tpr': 0.8462, 'fpr': 0.7188, 'shd': 24, 'nnz': 34, 'precision': 0.3235, 'recall': 0.8462, 'F1': 0.4681, 'gscore': 0.0}
[2025-04-12 01:50:54,276] [[0 0 1 1 0 0 0 0 0 0]
 [0 0 0 0 0 0 0 0 0 0]
 [0 0 0 1 0 0 0 1 0 0]
 [0 1 0 0 0 1 0 0 0 0]
 [0 0 0 0 0 0 0 0 0 0]
 [0 0 0 0 0 0 0 0 0 0]
 [0 1 1 1 1 1 0 0 1 0]
 [0 0 0 0 0 0 0 0 0 0]
 [0 0 0 0 1 0 0 0 0 0]
 [1 0 0 0 0 0 0 1 0 0]]
[2025-04-12 01:50:54,285] merged_met_after  after prunning {'fdr': 0.1333, 'tpr': 1.0, 'fpr': 0.0625, 'shd': 2, 'nnz': 15, 'precision': 0.8667, 'recall': 1.0, 'F1': 0.9286, 'gscore': 0.8462}
[2025-04-12 01:50:54,285] 
================ repeat number 8 ====================
[2025-04-12 01:50:54,287] true_dag
[[0 0 1 0 1 1 0 0 0 1]
 [0 0 0 1 1 1 1 0 1 0]
 [0 0 0 0 0 0 0 0 0 1]
 [0 0 0 0 0 0 1 0 0 1]
 [0 0 0 0 0 0 1 0 0 0]
 [0 0 0 0 0 0 0 0 0 0]
 [0 0 0 0 0 1 0 0 0 0]
 [0 0 0 1 0 0 0 0 0 0]
 [0 0 1 1 0 1 0 0 0 1]
 [0 0 0 0 0 1 0 0 0 0]]
[2025-04-12 01:50:54,303] 
===  0-th graph ===
[2025-04-12 01:50:54,303] 8 Nodes of Markov blanket: [0, 1, 3, 4, 5, 6, 8, 9]
[2025-04-12 01:50:54,303] 9 Nodes of True MB: [0, 1, 2, 3, 4, 5, 6, 8, 9], parents: set(), children: {9, 2, 4, 5}, spouse: {0, 1, 2, 3, 6, 8, 9}
[2025-04-12 01:50:54,307] [MB metrics] precision: 1.000, recall: 0.889, acc: 0.900, f1: 0.941
[2025-04-12 01:51:04,056] sub_met2 before prunning {'fdr': 0.4643, 'tpr': 0.9375, 'fpr': 1.0833, 'shd': 13, 'nnz': 28, 'precision': 0.5357, 'recall': 0.9375, 'F1': 0.6818, 'gscore': 0.125}
[2025-04-12 01:51:04,056] sub_met after prunning {'fdr': 0.2222, 'tpr': 0.875, 'fpr': 0.3333, 'shd': 5, 'nnz': 18, 'precision': 0.7778, 'recall': 0.875, 'F1': 0.8235, 'gscore': 0.625}
[2025-04-12 01:51:04,056] 
===  1-th graph ===
[2025-04-12 01:51:04,056] 8 Nodes of Markov blanket: [0, 1, 3, 4, 5, 6, 7, 9]
[2025-04-12 01:51:04,056] 9 Nodes of True MB: [0, 1, 3, 4, 5, 6, 7, 8, 9], parents: set(), children: {3, 4, 5, 6, 8}, spouse: {0, 1, 3, 4, 6, 7, 8, 9}
[2025-04-12 01:51:04,059] [MB metrics] precision: 1.000, recall: 0.889, acc: 0.900, f1: 0.941
[2025-04-12 01:51:13,917] sub_met2 before prunning {'fdr': 0.5357, 'tpr': 1.0, 'fpr': 1.0, 'shd': 15, 'nnz': 28, 'precision': 0.4643, 'recall': 1.0, 'F1': 0.6341, 'gscore': 0.0}
[2025-04-12 01:51:13,917] sub_met after prunning {'fdr': 0.2353, 'tpr': 1.0, 'fpr': 0.2667, 'shd': 4, 'nnz': 17, 'precision': 0.7647, 'recall': 1.0, 'F1': 0.8667, 'gscore': 0.6923}
[2025-04-12 01:51:13,917] 
===  2-th graph ===
[2025-04-12 01:51:13,917] 3 Nodes of Markov blanket: [2, 3, 9]
[2025-04-12 01:51:13,917] 5 Nodes of True MB: [0, 2, 3, 8, 9], parents: {0, 8}, children: {9}, spouse: {0, 8, 2, 3}
[2025-04-12 01:51:13,922] [MB metrics] precision: 1.000, recall: 0.600, acc: 0.800, f1: 0.750
[2025-04-12 01:51:16,283] sub_met2 before prunning {'fdr': 0.6667, 'tpr': 0.5, 'fpr': 2.0, 'shd': 2, 'nnz': 3, 'precision': 0.3333, 'recall': 0.5, 'F1': 0.4, 'gscore': 0.0}
[2025-04-12 01:51:16,283] sub_met after prunning {'fdr': 0.6667, 'tpr': 0.5, 'fpr': 2.0, 'shd': 2, 'nnz': 3, 'precision': 0.3333, 'recall': 0.5, 'F1': 0.4, 'gscore': 0.0}
[2025-04-12 01:51:16,283] 
===  3-th graph ===
[2025-04-12 01:51:16,283] 9 Nodes of Markov blanket: [0, 1, 2, 3, 4, 6, 7, 8, 9]
[2025-04-12 01:51:16,283] 9 Nodes of True MB: [0, 1, 2, 3, 4, 6, 7, 8, 9], parents: {8, 1, 7}, children: {9, 6}, spouse: {0, 1, 2, 3, 4, 8}
[2025-04-12 01:51:16,287] [MB metrics] precision: 1.000, recall: 1.000, acc: 1.000, f1: 1.000
[2025-04-12 01:51:28,150] sub_met2 before prunning {'fdr': 0.5833, 'tpr': 1.0, 'fpr': 1.0, 'shd': 21, 'nnz': 36, 'precision': 0.4167, 'recall': 1.0, 'F1': 0.5882, 'gscore': 0.0}
[2025-04-12 01:51:28,150] sub_met after prunning {'fdr': 0.0625, 'tpr': 1.0, 'fpr': 0.0476, 'shd': 1, 'nnz': 16, 'precision': 0.9375, 'recall': 1.0, 'F1': 0.9677, 'gscore': 0.9333}
[2025-04-12 01:51:28,150] 
===  4-th graph ===
[2025-04-12 01:51:28,150] 5 Nodes of Markov blanket: [0, 1, 3, 4, 6]
[2025-04-12 01:51:28,150] 5 Nodes of True MB: [0, 1, 3, 4, 6], parents: {0, 1}, children: {6}, spouse: {1, 3, 4}
[2025-04-12 01:51:28,150] [MB metrics] precision: 1.000, recall: 1.000, acc: 1.000, f1: 1.000
[2025-04-12 01:51:32,967] sub_met2 before prunning {'fdr': 0.4, 'tpr': 1.0, 'fpr': 1.0, 'shd': 4, 'nnz': 10, 'precision': 0.6, 'recall': 1.0, 'F1': 0.75, 'gscore': 0.3333}
[2025-04-12 01:51:32,967] sub_met after prunning {'fdr': 0.1429, 'tpr': 1.0, 'fpr': 0.25, 'shd': 1, 'nnz': 7, 'precision': 0.8571, 'recall': 1.0, 'F1': 0.9231, 'gscore': 0.8333}
[2025-04-12 01:51:32,967] 
===  5-th graph ===
[2025-04-12 01:51:32,967] 6 Nodes of Markov blanket: [0, 1, 5, 6, 8, 9]
[2025-04-12 01:51:32,967] 5 Nodes of True MB: [0, 1, 6, 8, 9], parents: {0, 1, 6, 8, 9}, children: set(), spouse: set()
[2025-04-12 01:51:32,967] [MB metrics] precision: 0.833, recall: 1.000, acc: 0.900, f1: 0.909
[2025-04-12 01:51:39,267] sub_met2 before prunning {'fdr': 0.4667, 'tpr': 0.8889, 'fpr': 1.1667, 'shd': 7, 'nnz': 15, 'precision': 0.5333, 'recall': 0.8889, 'F1': 0.6667, 'gscore': 0.1111}
[2025-04-12 01:51:39,267] sub_met after prunning {'fdr': 0.3846, 'tpr': 0.8889, 'fpr': 0.8333, 'shd': 5, 'nnz': 13, 'precision': 0.6154, 'recall': 0.8889, 'F1': 0.7273, 'gscore': 0.3333}
[2025-04-12 01:51:39,267] 
===  6-th graph ===
[2025-04-12 01:51:39,267] 8 Nodes of Markov blanket: [0, 1, 3, 4, 5, 6, 8, 9]
[2025-04-12 01:51:39,267] 8 Nodes of True MB: [0, 1, 3, 4, 5, 6, 8, 9], parents: {1, 3, 4}, children: {5}, spouse: {0, 1, 6, 8, 9}
[2025-04-12 01:51:39,267] [MB metrics] precision: 1.000, recall: 1.000, acc: 1.000, f1: 1.000
[2025-04-12 01:51:49,052] sub_met2 before prunning {'fdr': 0.4643, 'tpr': 0.9375, 'fpr': 1.0833, 'shd': 13, 'nnz': 28, 'precision': 0.5357, 'recall': 0.9375, 'F1': 0.6818, 'gscore': 0.125}
[2025-04-12 01:51:49,052] sub_met after prunning {'fdr': 0.2222, 'tpr': 0.875, 'fpr': 0.3333, 'shd': 5, 'nnz': 18, 'precision': 0.7778, 'recall': 0.875, 'F1': 0.8235, 'gscore': 0.625}
[2025-04-12 01:51:49,052] 
===  7-th graph ===
[2025-04-12 01:51:49,052] 4 Nodes of Markov blanket: [1, 3, 7, 8]
[2025-04-12 01:51:49,052] 4 Nodes of True MB: [1, 3, 7, 8], parents: set(), children: {3}, spouse: {8, 1, 7}
[2025-04-12 01:51:49,056] [MB metrics] precision: 1.000, recall: 1.000, acc: 1.000, f1: 1.000
[2025-04-12 01:51:52,683] sub_met2 before prunning {'fdr': 0.3333, 'tpr': 1.0, 'fpr': 1.0, 'shd': 2, 'nnz': 6, 'precision': 0.6667, 'recall': 1.0, 'F1': 0.8, 'gscore': 0.5}
[2025-04-12 01:51:52,683] sub_met after prunning {'fdr': 0.0, 'tpr': 1.0, 'fpr': 0.0, 'shd': 0, 'nnz': 4, 'precision': 1.0, 'recall': 1.0, 'F1': 1.0, 'gscore': 1.0}
[2025-04-12 01:51:52,683] 
===  8-th graph ===
[2025-04-12 01:51:52,683] 7 Nodes of Markov blanket: [0, 3, 5, 6, 7, 8, 9]
[2025-04-12 01:51:52,683] 9 Nodes of True MB: [0, 1, 2, 3, 5, 6, 7, 8, 9], parents: {1}, children: {9, 2, 3, 5}, spouse: {0, 1, 2, 3, 6, 7, 8, 9}
[2025-04-12 01:51:52,688] [MB metrics] precision: 1.000, recall: 0.778, acc: 0.800, f1: 0.875
[2025-04-12 01:52:00,667] sub_met2 before prunning {'fdr': 0.5714, 'tpr': 0.9, 'fpr': 1.0909, 'shd': 12, 'nnz': 21, 'precision': 0.4286, 'recall': 0.9, 'F1': 0.5806, 'gscore': 0.0}
[2025-04-12 01:52:00,667] sub_met after prunning {'fdr': 0.4667, 'tpr': 0.8, 'fpr': 0.6364, 'shd': 8, 'nnz': 15, 'precision': 0.5333, 'recall': 0.8, 'F1': 0.64, 'gscore': 0.1}
[2025-04-12 01:52:00,667] 
===  9-th graph ===
[2025-04-12 01:52:00,667] 8 Nodes of Markov blanket: [0, 1, 2, 3, 5, 6, 8, 9]
[2025-04-12 01:52:00,677] 8 Nodes of True MB: [0, 1, 2, 3, 5, 6, 8, 9], parents: {0, 8, 2, 3}, children: {5}, spouse: {0, 1, 6, 8, 9}
[2025-04-12 01:52:00,677] [MB metrics] precision: 1.000, recall: 1.000, acc: 1.000, f1: 1.000
[2025-04-12 01:52:10,606] sub_met2 before prunning {'fdr': 0.4643, 'tpr': 0.9375, 'fpr': 1.0833, 'shd': 13, 'nnz': 28, 'precision': 0.5357, 'recall': 0.9375, 'F1': 0.6818, 'gscore': 0.125}
[2025-04-12 01:52:10,606] sub_met after prunning {'fdr': 0.2632, 'tpr': 0.875, 'fpr': 0.4167, 'shd': 6, 'nnz': 19, 'precision': 0.7368, 'recall': 0.875, 'F1': 0.8, 'gscore': 0.5625}
[2025-04-12 01:52:10,606] 
======= Graph Summary =======
[2025-04-12 01:52:10,606] MB summary: {'precision': '0.98+-0.05', 'recall': '0.92+-0.13', 'acc': '0.93+-0.08', 'f1': '0.94+-0.08'}
[2025-04-12 01:52:10,606] merged_met_before  before prunning {'fdr': 0.5778, 'tpr': 0.95, 'fpr': 1.04, 'shd': 26, 'nnz': 45, 'precision': 0.4222, 'recall': 0.95, 'F1': 0.5846, 'gscore': 0.0}
[2025-04-12 01:52:10,616] [[0 0 1 1 1 1 1 1 0 1]
 [0 0 0 1 1 1 1 0 1 1]
 [0 0 0 1 0 0 0 0 0 1]
 [0 0 0 0 0 1 1 0 0 1]
 [0 0 0 0 0 0 1 0 0 0]
 [0 0 0 0 0 0 0 0 0 1]
 [0 0 0 0 0 1 0 0 0 1]
 [0 0 0 1 0 1 0 0 0 1]
 [0 0 1 1 1 1 1 0 0 1]
 [0 0 0 0 0 0 0 0 0 0]]
[2025-04-12 01:52:10,619] merged_met_after  after prunning {'fdr': 0.3871, 'tpr': 0.95, 'fpr': 0.48, 'shd': 12, 'nnz': 31, 'precision': 0.6129, 'recall': 0.95, 'F1': 0.7451, 'gscore': 0.35}
[2025-04-12 01:52:10,619] 
================ repeat number 9 ====================
[2025-04-12 01:52:10,622] true_dag
[[0 0 0 0 0 0 0 0 0 0]
 [1 0 0 0 0 0 0 0 0 1]
 [0 0 0 0 0 0 0 1 0 0]
 [0 0 0 0 1 1 0 0 0 0]
 [0 0 0 0 0 1 0 0 0 0]
 [0 0 0 0 0 0 0 0 0 0]
 [1 1 0 0 1 0 0 0 0 0]
 [1 0 0 0 0 1 0 0 0 0]
 [0 1 0 1 0 0 0 1 0 1]
 [0 0 0 0 1 1 0 0 0 0]]
[2025-04-12 01:52:10,636] 
===  0-th graph ===
[2025-04-12 01:52:10,637] 4 Nodes of Markov blanket: [0, 1, 6, 7]
[2025-04-12 01:52:10,637] 3 Nodes of True MB: [1, 6, 7], parents: {1, 6, 7}, children: set(), spouse: set()
[2025-04-12 01:52:10,639] [MB metrics] precision: 0.750, recall: 1.000, acc: 0.875, f1: 0.857
[2025-04-12 01:52:14,108] sub_met2 before prunning {'fdr': 0.3333, 'tpr': 1.0, 'fpr': 1.0, 'shd': 2, 'nnz': 6, 'precision': 0.6667, 'recall': 1.0, 'F1': 0.8, 'gscore': 0.5}
[2025-04-12 01:52:14,108] sub_met after prunning {'fdr': 0.2, 'tpr': 1.0, 'fpr': 0.5, 'shd': 1, 'nnz': 5, 'precision': 0.8, 'recall': 1.0, 'F1': 0.8889, 'gscore': 0.75}
[2025-04-12 01:52:14,108] 
===  1-th graph ===
[2025-04-12 01:52:14,108] 6 Nodes of Markov blanket: [0, 1, 6, 7, 8, 9]
[2025-04-12 01:52:14,108] 6 Nodes of True MB: [0, 1, 6, 7, 8, 9], parents: {8, 6}, children: {0, 9}, spouse: {8, 1, 6, 7}
[2025-04-12 01:52:14,108] [MB metrics] precision: 1.000, recall: 1.000, acc: 1.000, f1: 1.000
[2025-04-12 01:52:20,581] sub_met2 before prunning {'fdr': 0.4667, 'tpr': 1.0, 'fpr': 1.0, 'shd': 7, 'nnz': 15, 'precision': 0.5333, 'recall': 1.0, 'F1': 0.6957, 'gscore': 0.125}
[2025-04-12 01:52:20,581] sub_met after prunning {'fdr': 0.1111, 'tpr': 1.0, 'fpr': 0.1429, 'shd': 1, 'nnz': 9, 'precision': 0.8889, 'recall': 1.0, 'F1': 0.9412, 'gscore': 0.875}
[2025-04-12 01:52:20,582] 
===  2-th graph ===
[2025-04-12 01:52:20,582] 3 Nodes of Markov blanket: [2, 7, 8]
[2025-04-12 01:52:20,582] 3 Nodes of True MB: [2, 7, 8], parents: set(), children: {7}, spouse: {8, 2}
[2025-04-12 01:52:20,585] [MB metrics] precision: 1.000, recall: 1.000, acc: 1.000, f1: 1.000
[2025-04-12 01:52:22,856] sub_met2 before prunning {'fdr': 0.3333, 'tpr': 1.0, 'fpr': 1.0, 'shd': 1, 'nnz': 3, 'precision': 0.6667, 'recall': 1.0, 'F1': 0.8, 'gscore': 0.5}
[2025-04-12 01:52:22,856] sub_met after prunning {'fdr': 0.0, 'tpr': 1.0, 'fpr': 0.0, 'shd': 0, 'nnz': 2, 'precision': 1.0, 'recall': 1.0, 'F1': 1.0, 'gscore': 1.0}
[2025-04-12 01:52:22,856] 
===  3-th graph ===
[2025-04-12 01:52:22,856] 7 Nodes of Markov blanket: [3, 4, 5, 6, 7, 8, 9]
[2025-04-12 01:52:22,856] 7 Nodes of True MB: [3, 4, 5, 6, 7, 8, 9], parents: {8}, children: {4, 5}, spouse: {3, 4, 6, 7, 9}
[2025-04-12 01:52:22,864] [MB metrics] precision: 1.000, recall: 1.000, acc: 1.000, f1: 1.000
[2025-04-12 01:52:30,797] sub_met2 before prunning {'fdr': 0.5238, 'tpr': 1.0, 'fpr': 1.0, 'shd': 11, 'nnz': 21, 'precision': 0.4762, 'recall': 1.0, 'F1': 0.6452, 'gscore': 0.0}
[2025-04-12 01:52:30,797] sub_met after prunning {'fdr': 0.0909, 'tpr': 1.0, 'fpr': 0.0909, 'shd': 1, 'nnz': 11, 'precision': 0.9091, 'recall': 1.0, 'F1': 0.9524, 'gscore': 0.9}
[2025-04-12 01:52:30,797] 
===  4-th graph ===
[2025-04-12 01:52:30,797] 6 Nodes of Markov blanket: [3, 4, 5, 6, 7, 9]
[2025-04-12 01:52:30,797] 6 Nodes of True MB: [3, 4, 5, 6, 7, 9], parents: {9, 3, 6}, children: {5}, spouse: {9, 3, 4, 7}
[2025-04-12 01:52:30,802] [MB metrics] precision: 1.000, recall: 1.000, acc: 1.000, f1: 1.000
[2025-04-12 01:52:37,279] sub_met2 before prunning {'fdr': 0.5333, 'tpr': 1.0, 'fpr': 1.0, 'shd': 8, 'nnz': 15, 'precision': 0.4667, 'recall': 1.0, 'F1': 0.6364, 'gscore': 0.0}
[2025-04-12 01:52:37,279] sub_met after prunning {'fdr': 0.4167, 'tpr': 1.0, 'fpr': 0.625, 'shd': 5, 'nnz': 12, 'precision': 0.5833, 'recall': 1.0, 'F1': 0.7368, 'gscore': 0.2857}
[2025-04-12 01:52:37,279] 
===  5-th graph ===
[2025-04-12 01:52:37,279] 5 Nodes of Markov blanket: [3, 4, 5, 7, 9]
[2025-04-12 01:52:37,279] 4 Nodes of True MB: [3, 4, 7, 9], parents: {9, 3, 4, 7}, children: set(), spouse: set()
[2025-04-12 01:52:37,279] [MB metrics] precision: 0.800, recall: 1.000, acc: 0.900, f1: 0.889
[2025-04-12 01:52:42,177] sub_met2 before prunning {'fdr': 0.6, 'tpr': 0.6667, 'fpr': 1.5, 'shd': 6, 'nnz': 10, 'precision': 0.4, 'recall': 0.6667, 'F1': 0.5, 'gscore': 0.0}
[2025-04-12 01:52:42,186] sub_met after prunning {'fdr': 0.625, 'tpr': 0.5, 'fpr': 1.25, 'shd': 6, 'nnz': 8, 'precision': 0.375, 'recall': 0.5, 'F1': 0.4286, 'gscore': 0.0}
[2025-04-12 01:52:42,186] 
===  6-th graph ===
[2025-04-12 01:52:42,186] 8 Nodes of Markov blanket: [0, 1, 3, 4, 6, 7, 8, 9]
[2025-04-12 01:52:42,186] 8 Nodes of True MB: [0, 1, 3, 4, 6, 7, 8, 9], parents: set(), children: {0, 1, 4}, spouse: {1, 3, 6, 7, 8, 9}
[2025-04-12 01:52:42,186] [MB metrics] precision: 1.000, recall: 1.000, acc: 1.000, f1: 1.000
[2025-04-12 01:52:52,237] sub_met2 before prunning {'fdr': 0.5714, 'tpr': 1.0, 'fpr': 1.0, 'shd': 16, 'nnz': 28, 'precision': 0.4286, 'recall': 1.0, 'F1': 0.6, 'gscore': 0.0}
[2025-04-12 01:52:52,237] sub_met after prunning {'fdr': 0.0769, 'tpr': 1.0, 'fpr': 0.0625, 'shd': 1, 'nnz': 13, 'precision': 0.9231, 'recall': 1.0, 'F1': 0.96, 'gscore': 0.9167}
[2025-04-12 01:52:52,237] 
===  7-th graph ===
[2025-04-12 01:52:52,237] 10 Nodes of Markov blanket: [0, 1, 2, 3, 4, 5, 6, 7, 8, 9]
[2025-04-12 01:52:52,237] 10 Nodes of True MB: [0, 1, 2, 3, 4, 5, 6, 7, 8, 9], parents: {8, 2}, children: {0, 5}, spouse: {1, 3, 4, 6, 7, 9}
[2025-04-12 01:52:52,237] [MB metrics] precision: 1.000, recall: 1.000, acc: 1.000, f1: 1.000
[2025-04-12 01:53:06,376] sub_met2 before prunning {'fdr': 0.6444, 'tpr': 0.9412, 'fpr': 1.0357, 'shd': 29, 'nnz': 45, 'precision': 0.3556, 'recall': 0.9412, 'F1': 0.5161, 'gscore': 0.0}
[2025-04-12 01:53:06,376] sub_met after prunning {'fdr': 0.2, 'tpr': 0.9412, 'fpr': 0.1429, 'shd': 4, 'nnz': 20, 'precision': 0.8, 'recall': 0.9412, 'F1': 0.8649, 'gscore': 0.7059}
[2025-04-12 01:53:06,376] 
===  8-th graph ===
[2025-04-12 01:53:06,376] 7 Nodes of Markov blanket: [1, 2, 3, 6, 7, 8, 9]
[2025-04-12 01:53:06,376] 7 Nodes of True MB: [1, 2, 3, 6, 7, 8, 9], parents: set(), children: {1, 3, 9, 7}, spouse: {8, 1, 2, 6}
[2025-04-12 01:53:06,381] [MB metrics] precision: 1.000, recall: 1.000, acc: 1.000, f1: 1.000
[2025-04-12 01:53:14,402] sub_met2 before prunning {'fdr': 0.6667, 'tpr': 1.0, 'fpr': 1.0, 'shd': 14, 'nnz': 21, 'precision': 0.3333, 'recall': 1.0, 'F1': 0.5, 'gscore': 0.0}
[2025-04-12 01:53:14,402] sub_met after prunning {'fdr': 0.3, 'tpr': 1.0, 'fpr': 0.2143, 'shd': 3, 'nnz': 10, 'precision': 0.7, 'recall': 1.0, 'F1': 0.8235, 'gscore': 0.5714}
[2025-04-12 01:53:14,402] 
===  9-th graph ===
[2025-04-12 01:53:14,402] 8 Nodes of Markov blanket: [1, 3, 4, 5, 6, 7, 8, 9]
[2025-04-12 01:53:14,402] 8 Nodes of True MB: [1, 3, 4, 5, 6, 7, 8, 9], parents: {8, 1}, children: {4, 5}, spouse: {3, 4, 6, 7, 9}
[2025-04-12 01:53:14,407] [MB metrics] precision: 1.000, recall: 1.000, acc: 1.000, f1: 1.000
[2025-04-12 01:53:24,326] sub_met2 before prunning {'fdr': 0.5357, 'tpr': 1.0, 'fpr': 1.0, 'shd': 15, 'nnz': 28, 'precision': 0.4643, 'recall': 1.0, 'F1': 0.6341, 'gscore': 0.0}
[2025-04-12 01:53:24,326] sub_met after prunning {'fdr': 0.0, 'tpr': 1.0, 'fpr': 0.0, 'shd': 0, 'nnz': 13, 'precision': 1.0, 'recall': 1.0, 'F1': 1.0, 'gscore': 1.0}
[2025-04-12 01:53:24,326] 
======= Graph Summary =======
[2025-04-12 01:53:24,326] MB summary: {'precision': '0.96+-0.09', 'recall': '1.00+-0.00', 'acc': '0.98+-0.05', 'f1': '0.97+-0.05'}
[2025-04-12 01:53:24,326] merged_met_before  before prunning {'fdr': 0.6444, 'tpr': 0.9412, 'fpr': 1.0357, 'shd': 29, 'nnz': 45, 'precision': 0.3556, 'recall': 0.9412, 'F1': 0.5161, 'gscore': 0.0}
[2025-04-12 01:53:24,334] [[0 0 0 0 0 0 0 0 0 0]
 [1 0 0 0 0 0 0 0 0 1]
 [0 0 0 0 0 0 1 1 0 0]
 [0 0 1 0 1 1 0 1 0 1]
 [0 0 0 0 0 1 0 0 0 0]
 [0 0 0 0 0 0 0 0 0 0]
 [1 1 0 0 1 0 0 1 0 1]
 [1 0 0 0 1 1 0 0 0 0]
 [1 1 1 1 0 0 0 1 0 1]
 [0 0 0 0 1 1 0 1 0 0]]
[2025-04-12 01:53:24,338] merged_met_after  after prunning {'fdr': 0.3704, 'tpr': 1.0, 'fpr': 0.3571, 'shd': 10, 'nnz': 27, 'precision': 0.6296, 'recall': 1.0, 'F1': 0.7727, 'gscore': 0.4118}
[2025-04-12 01:53:24,338] 
================ repeat number 10 ====================
[2025-04-12 01:53:24,340] true_dag
[[0 0 1 0 0 0 1 0 0 0]
 [0 0 0 0 0 0 0 0 0 1]
 [0 0 0 0 0 0 0 0 0 0]
 [0 0 1 0 0 0 1 0 1 0]
 [0 0 0 0 0 0 1 0 0 0]
 [0 0 0 0 0 0 1 1 1 0]
 [0 0 0 0 0 0 0 0 0 0]
 [0 0 0 0 0 0 0 0 0 0]
 [0 0 0 0 0 0 1 0 0 1]
 [0 0 0 0 0 0 0 1 0 0]]
[2025-04-12 01:53:24,353] 
===  0-th graph ===
[2025-04-12 01:53:24,353] 7 Nodes of Markov blanket: [0, 2, 3, 4, 5, 6, 8]
[2025-04-12 01:53:24,353] 7 Nodes of True MB: [0, 2, 3, 4, 5, 6, 8], parents: set(), children: {2, 6}, spouse: {0, 3, 4, 5, 8}
[2025-04-12 01:53:24,357] [MB metrics] precision: 1.000, recall: 1.000, acc: 1.000, f1: 1.000
[2025-04-12 01:53:32,249] sub_met2 before prunning {'fdr': 0.5714, 'tpr': 1.0, 'fpr': 1.0, 'shd': 12, 'nnz': 21, 'precision': 0.4286, 'recall': 1.0, 'F1': 0.6, 'gscore': 0.0}
[2025-04-12 01:53:32,249] sub_met after prunning {'fdr': 0.1, 'tpr': 1.0, 'fpr': 0.0833, 'shd': 1, 'nnz': 10, 'precision': 0.9, 'recall': 1.0, 'F1': 0.9474, 'gscore': 0.8889}
[2025-04-12 01:53:32,249] 
===  1-th graph ===
[2025-04-12 01:53:32,249] 3 Nodes of Markov blanket: [1, 8, 9]
[2025-04-12 01:53:32,249] 3 Nodes of True MB: [1, 8, 9], parents: set(), children: {9}, spouse: {8, 1}
[2025-04-12 01:53:32,249] [MB metrics] precision: 1.000, recall: 1.000, acc: 1.000, f1: 1.000
[2025-04-12 01:53:34,586] sub_met2 before prunning {'fdr': 0.6667, 'tpr': 0.5, 'fpr': 2.0, 'shd': 2, 'nnz': 3, 'precision': 0.3333, 'recall': 0.5, 'F1': 0.4, 'gscore': 0.0}
[2025-04-12 01:53:34,586] sub_met after prunning {'fdr': 0.6667, 'tpr': 0.5, 'fpr': 2.0, 'shd': 2, 'nnz': 3, 'precision': 0.3333, 'recall': 0.5, 'F1': 0.4, 'gscore': 0.0}
[2025-04-12 01:53:34,586] 
===  2-th graph ===
[2025-04-12 01:53:34,586] 3 Nodes of Markov blanket: [0, 2, 3]
[2025-04-12 01:53:34,586] 2 Nodes of True MB: [0, 3], parents: {0, 3}, children: set(), spouse: set()
[2025-04-12 01:53:34,586] [MB metrics] precision: 0.667, recall: 1.000, acc: 0.750, f1: 0.800
[2025-04-12 01:53:36,861] sub_met2 before prunning {'fdr': 0.3333, 'tpr': 1.0, 'fpr': 1.0, 'shd': 1, 'nnz': 3, 'precision': 0.6667, 'recall': 1.0, 'F1': 0.8, 'gscore': 0.5}
[2025-04-12 01:53:36,861] sub_met after prunning {'fdr': 0.0, 'tpr': 1.0, 'fpr': 0.0, 'shd': 0, 'nnz': 2, 'precision': 1.0, 'recall': 1.0, 'F1': 1.0, 'gscore': 1.0}
[2025-04-12 01:53:36,861] 
===  3-th graph ===
[2025-04-12 01:53:36,861] 7 Nodes of Markov blanket: [0, 2, 3, 4, 5, 6, 8]
[2025-04-12 01:53:36,861] 7 Nodes of True MB: [0, 2, 3, 4, 5, 6, 8], parents: set(), children: {8, 2, 6}, spouse: {0, 3, 4, 5, 8}
[2025-04-12 01:53:36,865] [MB metrics] precision: 1.000, recall: 1.000, acc: 1.000, f1: 1.000
[2025-04-12 01:53:44,903] sub_met2 before prunning {'fdr': 0.5714, 'tpr': 1.0, 'fpr': 1.0, 'shd': 12, 'nnz': 21, 'precision': 0.4286, 'recall': 1.0, 'F1': 0.6, 'gscore': 0.0}
[2025-04-12 01:53:44,903] sub_met after prunning {'fdr': 0.1, 'tpr': 1.0, 'fpr': 0.0833, 'shd': 1, 'nnz': 10, 'precision': 0.9, 'recall': 1.0, 'F1': 0.9474, 'gscore': 0.8889}
[2025-04-12 01:53:44,903] 
===  4-th graph ===
[2025-04-12 01:53:44,903] 6 Nodes of Markov blanket: [0, 3, 4, 5, 6, 8]
[2025-04-12 01:53:44,903] 6 Nodes of True MB: [0, 3, 4, 5, 6, 8], parents: set(), children: {6}, spouse: {0, 3, 4, 5, 8}
[2025-04-12 01:53:44,906] [MB metrics] precision: 1.000, recall: 1.000, acc: 1.000, f1: 1.000
[2025-04-12 01:53:51,251] sub_met2 before prunning {'fdr': 0.5333, 'tpr': 1.0, 'fpr': 1.0, 'shd': 8, 'nnz': 15, 'precision': 0.4667, 'recall': 1.0, 'F1': 0.6364, 'gscore': 0.0}
[2025-04-12 01:53:51,253] sub_met after prunning {'fdr': 0.0, 'tpr': 1.0, 'fpr': 0.0, 'shd': 0, 'nnz': 7, 'precision': 1.0, 'recall': 1.0, 'F1': 1.0, 'gscore': 1.0}
[2025-04-12 01:53:51,253] 
===  5-th graph ===
[2025-04-12 01:53:51,253] 8 Nodes of Markov blanket: [0, 3, 4, 5, 6, 7, 8, 9]
[2025-04-12 01:53:51,253] 8 Nodes of True MB: [0, 3, 4, 5, 6, 7, 8, 9], parents: set(), children: {8, 6, 7}, spouse: {0, 3, 4, 5, 8, 9}
[2025-04-12 01:53:51,257] [MB metrics] precision: 1.000, recall: 1.000, acc: 1.000, f1: 1.000
[2025-04-12 01:54:01,086] sub_met2 before prunning {'fdr': 0.6429, 'tpr': 1.0, 'fpr': 1.0, 'shd': 18, 'nnz': 28, 'precision': 0.3571, 'recall': 1.0, 'F1': 0.5263, 'gscore': 0.0}
[2025-04-12 01:54:01,086] sub_met after prunning {'fdr': 0.0909, 'tpr': 1.0, 'fpr': 0.0556, 'shd': 1, 'nnz': 11, 'precision': 0.9091, 'recall': 1.0, 'F1': 0.9524, 'gscore': 0.9}
[2025-04-12 01:54:01,086] 
===  6-th graph ===
[2025-04-12 01:54:01,086] 6 Nodes of Markov blanket: [0, 3, 4, 5, 6, 8]
[2025-04-12 01:54:01,086] 5 Nodes of True MB: [0, 3, 4, 5, 8], parents: {0, 3, 4, 5, 8}, children: set(), spouse: set()
[2025-04-12 01:54:01,086] [MB metrics] precision: 0.833, recall: 1.000, acc: 0.889, f1: 0.909
[2025-04-12 01:54:07,410] sub_met2 before prunning {'fdr': 0.5333, 'tpr': 1.0, 'fpr': 1.0, 'shd': 8, 'nnz': 15, 'precision': 0.4667, 'recall': 1.0, 'F1': 0.6364, 'gscore': 0.0}
[2025-04-12 01:54:07,410] sub_met after prunning {'fdr': 0.0, 'tpr': 1.0, 'fpr': 0.0, 'shd': 0, 'nnz': 7, 'precision': 1.0, 'recall': 1.0, 'F1': 1.0, 'gscore': 1.0}
[2025-04-12 01:54:07,410] 
===  7-th graph ===
[2025-04-12 01:54:07,410] 3 Nodes of Markov blanket: [5, 7, 9]
[2025-04-12 01:54:07,410] 2 Nodes of True MB: [5, 9], parents: {9, 5}, children: set(), spouse: set()
[2025-04-12 01:54:07,415] [MB metrics] precision: 0.667, recall: 1.000, acc: 0.900, f1: 0.800
[2025-04-12 01:54:09,767] sub_met2 before prunning {'fdr': 0.3333, 'tpr': 1.0, 'fpr': 1.0, 'shd': 1, 'nnz': 3, 'precision': 0.6667, 'recall': 1.0, 'F1': 0.8, 'gscore': 0.5}
[2025-04-12 01:54:09,767] sub_met after prunning {'fdr': 0.3333, 'tpr': 1.0, 'fpr': 1.0, 'shd': 1, 'nnz': 3, 'precision': 0.6667, 'recall': 1.0, 'F1': 0.8, 'gscore': 0.5}
[2025-04-12 01:54:09,767] 
===  8-th graph ===
[2025-04-12 01:54:09,767] 8 Nodes of Markov blanket: [0, 1, 3, 4, 5, 6, 8, 9]
[2025-04-12 01:54:09,767] 8 Nodes of True MB: [0, 1, 3, 4, 5, 6, 8, 9], parents: {3, 5}, children: {9, 6}, spouse: {0, 1, 3, 4, 5, 8}
[2025-04-12 01:54:09,777] [MB metrics] precision: 1.000, recall: 1.000, acc: 1.000, f1: 1.000
[2025-04-12 01:54:19,657] sub_met2 before prunning {'fdr': 0.6786, 'tpr': 1.0, 'fpr': 1.0, 'shd': 19, 'nnz': 28, 'precision': 0.3214, 'recall': 1.0, 'F1': 0.4865, 'gscore': 0.0}
[2025-04-12 01:54:19,657] sub_met after prunning {'fdr': 0.0, 'tpr': 1.0, 'fpr': 0.0, 'shd': 0, 'nnz': 9, 'precision': 1.0, 'recall': 1.0, 'F1': 1.0, 'gscore': 1.0}
[2025-04-12 01:54:19,657] 
===  9-th graph ===
[2025-04-12 01:54:19,657] 5 Nodes of Markov blanket: [1, 5, 7, 8, 9]
[2025-04-12 01:54:19,657] 5 Nodes of True MB: [1, 5, 7, 8, 9], parents: {8, 1}, children: {7}, spouse: {9, 5}
[2025-04-12 01:54:19,657] [MB metrics] precision: 1.000, recall: 1.000, acc: 1.000, f1: 1.000
[2025-04-12 01:54:24,599] sub_met2 before prunning {'fdr': 0.5, 'tpr': 1.0, 'fpr': 1.0, 'shd': 5, 'nnz': 10, 'precision': 0.5, 'recall': 1.0, 'F1': 0.6667, 'gscore': 0.0}
[2025-04-12 01:54:24,599] sub_met after prunning {'fdr': 0.0, 'tpr': 1.0, 'fpr': 0.0, 'shd': 0, 'nnz': 5, 'precision': 1.0, 'recall': 1.0, 'F1': 1.0, 'gscore': 1.0}
[2025-04-12 01:54:24,599] 
======= Graph Summary =======
[2025-04-12 01:54:24,599] MB summary: {'precision': '0.92+-0.13', 'recall': '1.00+-0.00', 'acc': '0.95+-0.08', 'f1': '0.95+-0.08'}
[2025-04-12 01:54:24,599] merged_met_before  before prunning {'fdr': 0.6905, 'tpr': 1.0, 'fpr': 0.9062, 'shd': 29, 'nnz': 42, 'precision': 0.3095, 'recall': 1.0, 'F1': 0.4727, 'gscore': 0.0}
[2025-04-12 01:54:24,607] [[0 0 1 0 0 0 1 0 0 0]
 [0 0 0 0 0 0 0 0 1 1]
 [0 0 0 0 0 0 0 0 0 0]
 [0 0 1 0 0 0 1 0 1 0]
 [0 0 1 0 0 0 1 0 0 0]
 [0 0 0 0 0 0 1 1 1 1]
 [0 0 0 0 0 0 0 1 0 0]
 [0 0 0 0 0 0 0 0 0 0]
 [0 0 0 0 0 0 1 0 0 1]
 [0 0 0 0 0 0 0 1 0 0]]
[2025-04-12 01:54:24,610] merged_met_after  after prunning {'fdr': 0.2353, 'tpr': 1.0, 'fpr': 0.125, 'shd': 4, 'nnz': 17, 'precision': 0.7647, 'recall': 1.0, 'F1': 0.8667, 'gscore': 0.6923}
[2025-04-12 01:54:24,611] Before pruning: {'fdr': '0.59+-0.08', 'tpr': '0.96+-0.05', 'fpr': '0.97+-0.10', 'shd': '25.50+-2.97', 'nnz': '43.20+-3.19', 'precision': '0.41+-0.08', 'recall': '0.96+-0.05', 'F1': '0.57+-0.08', 'gscore': '0.03+-0.07', 'time_mb': '0.01+-0.00', 'time_sub_avg': '7.27+-1.78', 'time_sub_max': '11.80+-1.94', 'time_sub_tot': '72.68+-17.84', 'time_FAS': '0.00+-0.00', 'time_dist_tot': '11.82+-1.94', 'time_tot': '72.69+-17.84'}
[2025-04-12 01:54:24,612] After pruning: {'fdr': '0.35+-0.12', 'tpr': '0.98+-0.03', 'fpr': '0.44+-0.25', 'shd': '10.90+-5.68', 'nnz': '29.00+-8.23', 'precision': '0.65+-0.12', 'recall': '0.98+-0.03', 'F1': '0.78+-0.09', 'gscore': '0.42+-0.27', 'time_mb': '0.01+-0.00', 'time_sub_avg': '7.27+-1.78', 'time_sub_max': '11.80+-1.94', 'time_sub_tot': '72.68+-17.84', 'time_FAS': '0.00+-0.00', 'time_dist_tot': '11.82+-1.94', 'time_tot': '72.70+-17.84'}
