[2025-04-12 00:42:55,739] 
================ repeat number 1 ====================
[2025-04-12 00:42:55,744] true_dag
[[0 0 0 0 0 1 0 1 0 0]
 [0 0 0 0 1 1 1 0 0 0]
 [0 0 0 0 0 1 0 0 0 0]
 [0 0 0 0 0 0 0 1 0 0]
 [0 0 0 0 0 1 1 1 0 0]
 [0 0 0 0 0 0 0 0 0 0]
 [1 0 1 0 0 0 0 1 0 0]
 [0 0 1 0 0 0 0 0 0 0]
 [0 0 0 1 1 1 0 0 0 0]
 [0 0 1 0 1 1 0 1 0 0]]
[2025-04-12 00:42:55,758] 
===  0-th graph ===
[2025-04-12 00:42:55,758] 9 Nodes of Markov blanket: [0, 2, 3, 4, 5, 6, 7, 8, 9]
[2025-04-12 00:42:55,758] 10 Nodes of True MB: [0, 1, 2, 3, 4, 5, 6, 7, 8, 9], parents: {6}, children: {5, 7}, spouse: {0, 1, 2, 3, 4, 6, 8, 9}
[2025-04-12 00:42:55,761] [MB metrics] precision: 1.000, recall: 0.900, acc: 0.900, f1: 0.947
[2025-04-12 00:43:08,209] sub_met2 before prunning {'fdr': 0.5833, 'tpr': 0.8333, 'fpr': 1.1667, 'shd': 21, 'nnz': 36, 'precision': 0.4167, 'recall': 0.8333, 'F1': 0.5556, 'gscore': 0.0}
[2025-04-12 00:43:08,209] sub_met after prunning {'fdr': 0.4615, 'tpr': 0.7778, 'fpr': 0.6667, 'shd': 13, 'nnz': 26, 'precision': 0.5385, 'recall': 0.7778, 'F1': 0.6364, 'gscore': 0.1111}
[2025-04-12 00:43:08,209] 
===  1-th graph ===
[2025-04-12 00:43:08,209] 6 Nodes of Markov blanket: [1, 4, 5, 6, 8, 9]
[2025-04-12 00:43:08,209] 8 Nodes of True MB: [0, 1, 2, 4, 5, 6, 8, 9], parents: set(), children: {4, 5, 6}, spouse: {0, 1, 2, 4, 8, 9}
[2025-04-12 00:43:08,216] [MB metrics] precision: 1.000, recall: 0.750, acc: 0.800, f1: 0.857
[2025-04-12 00:43:14,708] sub_met2 before prunning {'fdr': 0.4, 'tpr': 1.0, 'fpr': 1.0, 'shd': 6, 'nnz': 15, 'precision': 0.6, 'recall': 1.0, 'F1': 0.75, 'gscore': 0.3333}
[2025-04-12 00:43:14,708] sub_met after prunning {'fdr': 0.1111, 'tpr': 0.8889, 'fpr': 0.1667, 'shd': 2, 'nnz': 9, 'precision': 0.8889, 'recall': 0.8889, 'F1': 0.8889, 'gscore': 0.7778}
[2025-04-12 00:43:14,708] 
===  2-th graph ===
[2025-04-12 00:43:14,708] 8 Nodes of Markov blanket: [0, 2, 4, 5, 6, 7, 8, 9]
[2025-04-12 00:43:14,708] 9 Nodes of True MB: [0, 1, 2, 4, 5, 6, 7, 8, 9], parents: {9, 6, 7}, children: {5}, spouse: {0, 1, 2, 4, 8, 9}
[2025-04-12 00:43:14,711] [MB metrics] precision: 1.000, recall: 0.889, acc: 0.900, f1: 0.941
[2025-04-12 00:43:24,558] sub_met2 before prunning {'fdr': 0.5, 'tpr': 0.875, 'fpr': 1.1667, 'shd': 14, 'nnz': 28, 'precision': 0.5, 'recall': 0.875, 'F1': 0.6364, 'gscore': 0.0}
[2025-04-12 00:43:24,558] sub_met after prunning {'fdr': 0.3333, 'tpr': 0.875, 'fpr': 0.5833, 'shd': 7, 'nnz': 21, 'precision': 0.6667, 'recall': 0.875, 'F1': 0.7568, 'gscore': 0.4375}
[2025-04-12 00:43:24,558] 
===  3-th graph ===
[2025-04-12 00:43:24,558] 7 Nodes of Markov blanket: [0, 3, 4, 6, 7, 8, 9]
[2025-04-12 00:43:24,558] 7 Nodes of True MB: [0, 3, 4, 6, 7, 8, 9], parents: {8}, children: {7}, spouse: {0, 3, 4, 6, 9}
[2025-04-12 00:43:24,564] [MB metrics] precision: 1.000, recall: 1.000, acc: 1.000, f1: 1.000
[2025-04-12 00:43:32,668] sub_met2 before prunning {'fdr': 0.619, 'tpr': 0.8, 'fpr': 1.1818, 'shd': 13, 'nnz': 21, 'precision': 0.381, 'recall': 0.8, 'F1': 0.5161, 'gscore': 0.0}
[2025-04-12 00:43:32,668] sub_met after prunning {'fdr': 0.5333, 'tpr': 0.7, 'fpr': 0.7273, 'shd': 9, 'nnz': 15, 'precision': 0.4667, 'recall': 0.7, 'F1': 0.56, 'gscore': 0.0}
[2025-04-12 00:43:32,668] 
===  4-th graph ===
[2025-04-12 00:43:32,668] 10 Nodes of Markov blanket: [0, 1, 2, 3, 4, 5, 6, 7, 8, 9]
[2025-04-12 00:43:32,668] 10 Nodes of True MB: [0, 1, 2, 3, 4, 5, 6, 7, 8, 9], parents: {8, 1, 9}, children: {5, 6, 7}, spouse: {0, 1, 2, 3, 4, 6, 8, 9}
[2025-04-12 00:43:32,668] [MB metrics] precision: 1.000, recall: 1.000, acc: 1.000, f1: 1.000
[2025-04-12 00:43:47,179] sub_met2 before prunning {'fdr': 0.5556, 'tpr': 0.9524, 'fpr': 1.0417, 'shd': 25, 'nnz': 45, 'precision': 0.4444, 'recall': 0.9524, 'F1': 0.6061, 'gscore': 0.0}
[2025-04-12 00:43:47,179] sub_met after prunning {'fdr': 0.2308, 'tpr': 0.9524, 'fpr': 0.25, 'shd': 6, 'nnz': 26, 'precision': 0.7692, 'recall': 0.9524, 'F1': 0.8511, 'gscore': 0.6667}
[2025-04-12 00:43:47,179] 
===  5-th graph ===
[2025-04-12 00:43:47,179] 7 Nodes of Markov blanket: [0, 1, 2, 4, 5, 8, 9]
[2025-04-12 00:43:47,179] 6 Nodes of True MB: [0, 1, 2, 4, 8, 9], parents: {0, 1, 2, 4, 8, 9}, children: set(), spouse: set()
[2025-04-12 00:43:47,188] [MB metrics] precision: 0.857, recall: 1.000, acc: 0.900, f1: 0.923
[2025-04-12 00:43:55,851] sub_met2 before prunning {'fdr': 0.5714, 'tpr': 0.9, 'fpr': 1.0909, 'shd': 12, 'nnz': 21, 'precision': 0.4286, 'recall': 0.9, 'F1': 0.5806, 'gscore': 0.0}
[2025-04-12 00:43:55,851] sub_met after prunning {'fdr': 0.4667, 'tpr': 0.8, 'fpr': 0.6364, 'shd': 8, 'nnz': 15, 'precision': 0.5333, 'recall': 0.8, 'F1': 0.64, 'gscore': 0.1}
[2025-04-12 00:43:55,851] 
===  6-th graph ===
[2025-04-12 00:43:55,851] 7 Nodes of Markov blanket: [0, 1, 2, 3, 4, 6, 7]
[2025-04-12 00:43:55,851] 8 Nodes of True MB: [0, 1, 2, 3, 4, 6, 7, 9], parents: {1, 4}, children: {0, 2, 7}, spouse: {0, 3, 4, 6, 7, 9}
[2025-04-12 00:43:55,855] [MB metrics] precision: 1.000, recall: 0.875, acc: 0.900, f1: 0.933
[2025-04-12 00:44:04,280] sub_met2 before prunning {'fdr': 0.5714, 'tpr': 0.9, 'fpr': 1.0909, 'shd': 12, 'nnz': 21, 'precision': 0.4286, 'recall': 0.9, 'F1': 0.5806, 'gscore': 0.0}
[2025-04-12 00:44:04,280] sub_met after prunning {'fdr': 0.4375, 'tpr': 0.9, 'fpr': 0.6364, 'shd': 7, 'nnz': 16, 'precision': 0.5625, 'recall': 0.9, 'F1': 0.6923, 'gscore': 0.2}
[2025-04-12 00:44:04,280] 
===  7-th graph ===
[2025-04-12 00:44:04,280] 6 Nodes of Markov blanket: [0, 2, 3, 4, 6, 7]
[2025-04-12 00:44:04,280] 7 Nodes of True MB: [0, 2, 3, 4, 6, 7, 9], parents: {0, 3, 4, 6, 9}, children: {2}, spouse: {9, 6, 7}
[2025-04-12 00:44:04,280] [MB metrics] precision: 1.000, recall: 0.857, acc: 0.900, f1: 0.923
[2025-04-12 00:44:11,188] sub_met2 before prunning {'fdr': 0.7333, 'tpr': 0.5, 'fpr': 1.5714, 'shd': 11, 'nnz': 15, 'precision': 0.2667, 'recall': 0.5, 'F1': 0.3478, 'gscore': 0.0}
[2025-04-12 00:44:11,188] sub_met after prunning {'fdr': 0.7143, 'tpr': 0.5, 'fpr': 1.4286, 'shd': 10, 'nnz': 14, 'precision': 0.2857, 'recall': 0.5, 'F1': 0.3636, 'gscore': 0.0}
[2025-04-12 00:44:11,188] 
===  8-th graph ===
[2025-04-12 00:44:11,189] 8 Nodes of Markov blanket: [0, 1, 2, 3, 4, 5, 8, 9]
[2025-04-12 00:44:11,189] 8 Nodes of True MB: [0, 1, 2, 3, 4, 5, 8, 9], parents: set(), children: {3, 4, 5}, spouse: {0, 1, 2, 4, 8, 9}
[2025-04-12 00:44:11,191] [MB metrics] precision: 1.000, recall: 1.000, acc: 1.000, f1: 1.000
[2025-04-12 00:44:22,044] sub_met2 before prunning {'fdr': 0.6429, 'tpr': 0.9091, 'fpr': 1.0588, 'shd': 18, 'nnz': 28, 'precision': 0.3571, 'recall': 0.9091, 'F1': 0.5128, 'gscore': 0.0}
[2025-04-12 00:44:22,046] sub_met after prunning {'fdr': 0.5, 'tpr': 0.8182, 'fpr': 0.5294, 'shd': 10, 'nnz': 18, 'precision': 0.5, 'recall': 0.8182, 'F1': 0.6207, 'gscore': 0.0}
[2025-04-12 00:44:22,046] 
===  9-th graph ===
[2025-04-12 00:44:22,046] 8 Nodes of Markov blanket: [0, 1, 2, 3, 4, 5, 8, 9]
[2025-04-12 00:44:22,047] 10 Nodes of True MB: [0, 1, 2, 3, 4, 5, 6, 7, 8, 9], parents: set(), children: {2, 4, 5, 7}, spouse: {0, 1, 2, 3, 4, 6, 7, 8, 9}
[2025-04-12 00:44:22,049] [MB metrics] precision: 1.000, recall: 0.800, acc: 0.800, f1: 0.889
[2025-04-12 00:44:36,370] sub_met2 before prunning {'fdr': 0.6429, 'tpr': 0.9091, 'fpr': 1.0588, 'shd': 18, 'nnz': 28, 'precision': 0.3571, 'recall': 0.9091, 'F1': 0.5128, 'gscore': 0.0}
[2025-04-12 00:44:36,370] sub_met after prunning {'fdr': 0.5, 'tpr': 0.8182, 'fpr': 0.5294, 'shd': 10, 'nnz': 18, 'precision': 0.5, 'recall': 0.8182, 'F1': 0.6207, 'gscore': 0.0}
[2025-04-12 00:44:36,370] 
======= Graph Summary =======
[2025-04-12 00:44:36,370] MB summary: {'precision': '0.99+-0.04', 'recall': '0.91+-0.09', 'acc': '0.91+-0.07', 'f1': '0.94+-0.05'}
[2025-04-12 00:44:36,380] merged_met_before  before prunning {'fdr': 0.6222, 'tpr': 0.8095, 'fpr': 1.1667, 'shd': 28, 'nnz': 45, 'precision': 0.3778, 'recall': 0.8095, 'F1': 0.5152, 'gscore': 0.0}
[2025-04-12 00:44:36,381] [[0 0 1 1 1 1 0 1 0 0]
 [1 0 1 0 1 1 1 1 0 0]
 [0 0 0 0 0 0 0 0 0 0]
 [0 0 1 0 0 1 0 0 0 0]
 [0 0 1 1 0 1 0 0 0 0]
 [0 0 1 0 0 0 0 0 0 0]
 [1 0 1 1 1 1 0 1 0 0]
 [0 0 1 1 1 0 0 0 0 0]
 [0 0 1 1 1 1 1 1 0 1]
 [0 0 1 1 1 1 1 1 0 0]]
[2025-04-12 00:44:36,385] merged_met_after  after prunning {'fdr': 0.5641, 'tpr': 0.8095, 'fpr': 0.9167, 'shd': 22, 'nnz': 39, 'precision': 0.4359, 'recall': 0.8095, 'F1': 0.5667, 'gscore': 0.0}
[2025-04-12 00:44:36,386] 
================ repeat number 2 ====================
[2025-04-12 00:44:36,387] true_dag
[[0 1 0 0 0 0 1 0 0 0]
 [0 0 0 0 0 0 0 0 0 1]
 [0 1 0 0 0 0 1 1 1 0]
 [1 1 0 0 0 0 0 1 0 0]
 [0 1 0 0 0 0 0 0 0 1]
 [0 1 0 0 0 0 0 0 0 0]
 [0 1 0 0 1 1 0 0 0 0]
 [0 1 0 0 1 0 0 0 0 1]
 [0 1 0 0 0 0 0 1 0 0]
 [0 0 0 0 0 0 0 0 0 0]]
[2025-04-12 00:44:36,402] 
===  0-th graph ===
[2025-04-12 00:44:36,403] 8 Nodes of Markov blanket: [0, 1, 2, 4, 5, 6, 7, 8]
[2025-04-12 00:44:36,403] 9 Nodes of True MB: [0, 1, 2, 3, 4, 5, 6, 7, 8], parents: {3}, children: {1, 6}, spouse: {0, 2, 3, 4, 5, 6, 7, 8}
[2025-04-12 00:44:36,406] [MB metrics] precision: 1.000, recall: 0.889, acc: 0.889, f1: 0.941
[2025-04-12 00:44:47,148] sub_met2 before prunning {'fdr': 0.4643, 'tpr': 1.0, 'fpr': 1.0, 'shd': 13, 'nnz': 28, 'precision': 0.5357, 'recall': 1.0, 'F1': 0.6977, 'gscore': 0.1333}
[2025-04-12 00:44:47,148] sub_met after prunning {'fdr': 0.1176, 'tpr': 1.0, 'fpr': 0.1538, 'shd': 2, 'nnz': 17, 'precision': 0.8824, 'recall': 1.0, 'F1': 0.9375, 'gscore': 0.8667}
[2025-04-12 00:44:47,148] 
===  1-th graph ===
[2025-04-12 00:44:47,148] 9 Nodes of Markov blanket: [0, 1, 2, 4, 5, 6, 7, 8, 9]
[2025-04-12 00:44:47,148] 10 Nodes of True MB: [0, 1, 2, 3, 4, 5, 6, 7, 8, 9], parents: {0, 2, 3, 4, 5, 6, 7, 8}, children: {9}, spouse: {1, 4, 7}
[2025-04-12 00:44:47,148] [MB metrics] precision: 1.000, recall: 0.900, acc: 0.900, f1: 0.947
[2025-04-12 00:44:59,628] sub_met2 before prunning {'fdr': 0.5, 'tpr': 1.0, 'fpr': 1.0, 'shd': 18, 'nnz': 36, 'precision': 0.5, 'recall': 1.0, 'F1': 0.6667, 'gscore': 0.0}
[2025-04-12 00:44:59,628] sub_met after prunning {'fdr': 0.1, 'tpr': 1.0, 'fpr': 0.1111, 'shd': 2, 'nnz': 20, 'precision': 0.9, 'recall': 1.0, 'F1': 0.9474, 'gscore': 0.8889}
[2025-04-12 00:44:59,628] 
===  2-th graph ===
[2025-04-12 00:44:59,628] 7 Nodes of Markov blanket: [0, 1, 2, 3, 5, 6, 7]
[2025-04-12 00:44:59,628] 9 Nodes of True MB: [0, 1, 2, 3, 4, 5, 6, 7, 8], parents: set(), children: {8, 1, 6, 7}, spouse: {0, 2, 3, 4, 5, 6, 7, 8}
[2025-04-12 00:44:59,631] [MB metrics] precision: 1.000, recall: 0.778, acc: 0.778, f1: 0.875
[2025-04-12 00:45:08,100] sub_met2 before prunning {'fdr': 0.4286, 'tpr': 1.0, 'fpr': 1.0, 'shd': 9, 'nnz': 21, 'precision': 0.5714, 'recall': 1.0, 'F1': 0.7273, 'gscore': 0.25}
[2025-04-12 00:45:08,100] sub_met after prunning {'fdr': 0.0, 'tpr': 1.0, 'fpr': 0.0, 'shd': 0, 'nnz': 12, 'precision': 1.0, 'recall': 1.0, 'F1': 1.0, 'gscore': 1.0}
[2025-04-12 00:45:08,100] 
===  3-th graph ===
[2025-04-12 00:45:08,100] 5 Nodes of Markov blanket: [2, 3, 5, 6, 7]
[2025-04-12 00:45:08,100] 9 Nodes of True MB: [0, 1, 2, 3, 4, 5, 6, 7, 8], parents: set(), children: {0, 1, 7}, spouse: {0, 2, 3, 4, 5, 6, 7, 8}
[2025-04-12 00:45:08,100] [MB metrics] precision: 1.000, recall: 0.556, acc: 0.556, f1: 0.714
[2025-04-12 00:45:13,320] sub_met2 before prunning {'fdr': 0.6, 'tpr': 1.0, 'fpr': 1.0, 'shd': 6, 'nnz': 10, 'precision': 0.4, 'recall': 1.0, 'F1': 0.5714, 'gscore': 0.0}
[2025-04-12 00:45:13,320] sub_met after prunning {'fdr': 0.2, 'tpr': 1.0, 'fpr': 0.1667, 'shd': 1, 'nnz': 5, 'precision': 0.8, 'recall': 1.0, 'F1': 0.8889, 'gscore': 0.75}
[2025-04-12 00:45:13,320] 
===  4-th graph ===
[2025-04-12 00:45:13,320] 8 Nodes of Markov blanket: [0, 1, 4, 5, 6, 7, 8, 9]
[2025-04-12 00:45:13,320] 10 Nodes of True MB: [0, 1, 2, 3, 4, 5, 6, 7, 8, 9], parents: {6, 7}, children: {1, 9}, spouse: {0, 1, 2, 3, 4, 5, 6, 7, 8}
[2025-04-12 00:45:13,324] [MB metrics] precision: 1.000, recall: 0.800, acc: 0.800, f1: 0.889
[2025-04-12 00:45:23,968] sub_met2 before prunning {'fdr': 0.5714, 'tpr': 0.8571, 'fpr': 1.1429, 'shd': 16, 'nnz': 28, 'precision': 0.4286, 'recall': 0.8571, 'F1': 0.5714, 'gscore': 0.0}
[2025-04-12 00:45:23,968] sub_met after prunning {'fdr': 0.4, 'tpr': 0.8571, 'fpr': 0.5714, 'shd': 9, 'nnz': 20, 'precision': 0.6, 'recall': 0.8571, 'F1': 0.7059, 'gscore': 0.2857}
[2025-04-12 00:45:23,968] 
===  5-th graph ===
[2025-04-12 00:45:23,968] 9 Nodes of Markov blanket: [0, 1, 2, 3, 4, 5, 6, 7, 8]
[2025-04-12 00:45:23,968] 9 Nodes of True MB: [0, 1, 2, 3, 4, 5, 6, 7, 8], parents: {6}, children: {1}, spouse: {0, 2, 3, 4, 5, 6, 7, 8}
[2025-04-12 00:45:23,974] [MB metrics] precision: 1.000, recall: 1.000, acc: 1.000, f1: 1.000
[2025-04-12 00:45:36,843] sub_met2 before prunning {'fdr': 0.5, 'tpr': 1.0, 'fpr': 1.0, 'shd': 18, 'nnz': 36, 'precision': 0.5, 'recall': 1.0, 'F1': 0.6667, 'gscore': 0.0}
[2025-04-12 00:45:36,843] sub_met after prunning {'fdr': 0.0, 'tpr': 1.0, 'fpr': 0.0, 'shd': 0, 'nnz': 18, 'precision': 1.0, 'recall': 1.0, 'F1': 1.0, 'gscore': 1.0}
[2025-04-12 00:45:36,843] 
===  6-th graph ===
[2025-04-12 00:45:36,843] 8 Nodes of Markov blanket: [0, 1, 2, 3, 4, 5, 6, 8]
[2025-04-12 00:45:36,843] 9 Nodes of True MB: [0, 1, 2, 3, 4, 5, 6, 7, 8], parents: {0, 2}, children: {1, 4, 5}, spouse: {0, 2, 3, 4, 5, 6, 7, 8}
[2025-04-12 00:45:36,850] [MB metrics] precision: 1.000, recall: 0.889, acc: 0.889, f1: 0.941
[2025-04-12 00:45:47,430] sub_met2 before prunning {'fdr': 0.5357, 'tpr': 1.0, 'fpr': 1.0, 'shd': 15, 'nnz': 28, 'precision': 0.4643, 'recall': 1.0, 'F1': 0.6341, 'gscore': 0.0}
[2025-04-12 00:45:47,430] sub_met after prunning {'fdr': 0.2, 'tpr': 0.9231, 'fpr': 0.2, 'shd': 4, 'nnz': 15, 'precision': 0.8, 'recall': 0.9231, 'F1': 0.8571, 'gscore': 0.6923}
[2025-04-12 00:45:47,430] 
===  7-th graph ===
[2025-04-12 00:45:47,430] 9 Nodes of Markov blanket: [0, 1, 2, 3, 4, 5, 7, 8, 9]
[2025-04-12 00:45:47,430] 10 Nodes of True MB: [0, 1, 2, 3, 4, 5, 6, 7, 8, 9], parents: {8, 2, 3}, children: {1, 4, 9}, spouse: {0, 1, 2, 3, 4, 5, 6, 7, 8}
[2025-04-12 00:45:47,430] [MB metrics] precision: 1.000, recall: 0.900, acc: 0.900, f1: 0.947
[2025-04-12 00:46:00,188] sub_met2 before prunning {'fdr': 0.5833, 'tpr': 0.9375, 'fpr': 1.05, 'shd': 21, 'nnz': 36, 'precision': 0.4167, 'recall': 0.9375, 'F1': 0.5769, 'gscore': 0.0}
[2025-04-12 00:46:00,188] sub_met after prunning {'fdr': 0.3478, 'tpr': 0.9375, 'fpr': 0.4, 'shd': 8, 'nnz': 23, 'precision': 0.6522, 'recall': 0.9375, 'F1': 0.7692, 'gscore': 0.4375}
[2025-04-12 00:46:00,188] 
===  8-th graph ===
[2025-04-12 00:46:00,188] 7 Nodes of Markov blanket: [0, 1, 4, 5, 6, 7, 8]
[2025-04-12 00:46:00,188] 9 Nodes of True MB: [0, 1, 2, 3, 4, 5, 6, 7, 8], parents: {2}, children: {1, 7}, spouse: {0, 2, 3, 4, 5, 6, 7, 8}
[2025-04-12 00:46:00,200] [MB metrics] precision: 1.000, recall: 0.778, acc: 0.778, f1: 0.875
[2025-04-12 00:46:08,908] sub_met2 before prunning {'fdr': 0.5714, 'tpr': 0.8182, 'fpr': 1.2, 'shd': 12, 'nnz': 21, 'precision': 0.4286, 'recall': 0.8182, 'F1': 0.5625, 'gscore': 0.0}
[2025-04-12 00:46:08,911] sub_met after prunning {'fdr': 0.4706, 'tpr': 0.8182, 'fpr': 0.8, 'shd': 9, 'nnz': 17, 'precision': 0.5294, 'recall': 0.8182, 'F1': 0.6429, 'gscore': 0.0909}
[2025-04-12 00:46:08,911] 
===  9-th graph ===
[2025-04-12 00:46:08,911] 4 Nodes of Markov blanket: [1, 4, 7, 9]
[2025-04-12 00:46:08,911] 3 Nodes of True MB: [1, 4, 7], parents: {1, 4, 7}, children: set(), spouse: set()
[2025-04-12 00:46:08,911] [MB metrics] precision: 0.750, recall: 1.000, acc: 0.900, f1: 0.857
[2025-04-12 00:46:12,813] sub_met2 before prunning {'fdr': 0.0, 'tpr': 1.0, 'fpr': 0.0, 'shd': 0, 'nnz': 6, 'precision': 1.0, 'recall': 1.0, 'F1': 1.0, 'gscore': 1.0}
[2025-04-12 00:46:12,813] sub_met after prunning {'fdr': 0.0, 'tpr': 0.8333, 'fpr': 0.0, 'shd': 1, 'nnz': 5, 'precision': 1.0, 'recall': 0.8333, 'F1': 0.9091, 'gscore': 0.8333}
[2025-04-12 00:46:12,813] 
======= Graph Summary =======
[2025-04-12 00:46:12,813] MB summary: {'precision': '0.97+-0.07', 'recall': '0.85+-0.12', 'acc': '0.84+-0.11', 'f1': '0.90+-0.07'}
[2025-04-12 00:46:12,818] merged_met_before  before prunning {'fdr': 0.5333, 'tpr': 1.0, 'fpr': 1.0, 'shd': 24, 'nnz': 45, 'precision': 0.4667, 'recall': 1.0, 'F1': 0.6364, 'gscore': 0.0}
[2025-04-12 00:46:12,822] [[0 1 0 0 1 1 1 1 1 0]
 [0 0 0 0 0 0 0 0 0 1]
 [1 1 0 0 1 1 1 1 1 0]
 [1 1 0 0 1 0 1 1 0 0]
 [0 1 0 0 0 0 0 0 0 1]
 [0 1 0 0 1 0 0 1 0 0]
 [0 1 0 0 1 1 0 1 1 0]
 [0 1 0 0 1 0 0 0 0 1]
 [0 1 0 0 1 0 0 1 0 0]
 [0 0 0 0 0 0 0 0 0 0]]
[2025-04-12 00:46:12,824] merged_met_after  after prunning {'fdr': 0.4, 'tpr': 1.0, 'fpr': 0.5833, 'shd': 14, 'nnz': 35, 'precision': 0.6, 'recall': 1.0, 'F1': 0.75, 'gscore': 0.3333}
[2025-04-12 00:46:12,824] 
================ repeat number 3 ====================
[2025-04-12 00:46:12,827] true_dag
[[0 0 0 0 0 0 0 0 0 0]
 [1 0 0 0 0 0 0 0 0 0]
 [0 0 0 0 0 0 0 1 0 0]
 [1 0 1 0 0 0 1 1 0 1]
 [0 0 0 0 0 0 0 0 0 0]
 [1 1 1 1 1 0 0 1 1 1]
 [1 0 1 0 1 0 0 0 0 0]
 [0 0 0 0 0 0 0 0 0 0]
 [0 0 0 0 0 0 0 0 0 0]
 [0 1 0 0 1 0 0 0 1 0]]
[2025-04-12 00:46:12,840] 
===  0-th graph ===
[2025-04-12 00:46:12,844] 5 Nodes of Markov blanket: [0, 1, 3, 5, 6]
[2025-04-12 00:46:12,844] 4 Nodes of True MB: [1, 3, 5, 6], parents: {1, 3, 5, 6}, children: set(), spouse: set()
[2025-04-12 00:46:12,845] [MB metrics] precision: 0.800, recall: 1.000, acc: 0.857, f1: 0.889
[2025-04-12 00:46:19,000] sub_met2 before prunning {'fdr': 0.4, 'tpr': 0.8571, 'fpr': 1.3333, 'shd': 4, 'nnz': 10, 'precision': 0.6, 'recall': 0.8571, 'F1': 0.7059, 'gscore': 0.2857}
[2025-04-12 00:46:19,000] sub_met after prunning {'fdr': 0.3333, 'tpr': 0.8571, 'fpr': 1.0, 'shd': 3, 'nnz': 9, 'precision': 0.6667, 'recall': 0.8571, 'F1': 0.75, 'gscore': 0.4286}
[2025-04-12 00:46:19,000] 
===  1-th graph ===
[2025-04-12 00:46:19,000] 6 Nodes of Markov blanket: [0, 1, 3, 5, 6, 9]
[2025-04-12 00:46:19,000] 6 Nodes of True MB: [0, 1, 3, 5, 6, 9], parents: {9, 5}, children: {0}, spouse: {1, 3, 5, 6}
[2025-04-12 00:46:19,000] [MB metrics] precision: 1.000, recall: 1.000, acc: 1.000, f1: 1.000
[2025-04-12 00:46:25,558] sub_met2 before prunning {'fdr': 0.4, 'tpr': 0.9, 'fpr': 1.2, 'shd': 6, 'nnz': 15, 'precision': 0.6, 'recall': 0.9, 'F1': 0.72, 'gscore': 0.3}
[2025-04-12 00:46:25,558] sub_met after prunning {'fdr': 0.1111, 'tpr': 0.8, 'fpr': 0.2, 'shd': 2, 'nnz': 9, 'precision': 0.8889, 'recall': 0.8, 'F1': 0.8421, 'gscore': 0.7}
[2025-04-12 00:46:25,558] 
===  2-th graph ===
[2025-04-12 00:46:25,558] 5 Nodes of Markov blanket: [2, 3, 5, 6, 7]
[2025-04-12 00:46:25,558] 5 Nodes of True MB: [2, 3, 5, 6, 7], parents: {3, 5, 6}, children: {7}, spouse: {2, 3, 5}
[2025-04-12 00:46:25,568] [MB metrics] precision: 1.000, recall: 1.000, acc: 1.000, f1: 1.000
[2025-04-12 00:46:30,682] sub_met2 before prunning {'fdr': 0.2, 'tpr': 1.0, 'fpr': 1.0, 'shd': 2, 'nnz': 10, 'precision': 0.8, 'recall': 1.0, 'F1': 0.8889, 'gscore': 0.75}
[2025-04-12 00:46:30,687] sub_met after prunning {'fdr': 0.0, 'tpr': 1.0, 'fpr': 0.0, 'shd': 0, 'nnz': 8, 'precision': 1.0, 'recall': 1.0, 'F1': 1.0, 'gscore': 1.0}
[2025-04-12 00:46:30,687] 
===  3-th graph ===
[2025-04-12 00:46:30,687] 7 Nodes of Markov blanket: [0, 1, 2, 3, 5, 7, 9]
[2025-04-12 00:46:30,687] 8 Nodes of True MB: [0, 1, 2, 3, 5, 6, 7, 9], parents: {5}, children: {0, 2, 6, 7, 9}, spouse: {1, 2, 3, 5, 6}
[2025-04-12 00:46:30,688] [MB metrics] precision: 1.000, recall: 0.875, acc: 0.900, f1: 0.933
[2025-04-12 00:46:38,742] sub_met2 before prunning {'fdr': 0.4286, 'tpr': 0.9231, 'fpr': 1.125, 'shd': 9, 'nnz': 21, 'precision': 0.5714, 'recall': 0.9231, 'F1': 0.7059, 'gscore': 0.2308}
[2025-04-12 00:46:38,742] sub_met after prunning {'fdr': 0.1538, 'tpr': 0.8462, 'fpr': 0.25, 'shd': 3, 'nnz': 13, 'precision': 0.8462, 'recall': 0.8462, 'F1': 0.8462, 'gscore': 0.6923}
[2025-04-12 00:46:38,742] 
===  4-th graph ===
[2025-04-12 00:46:38,742] 4 Nodes of Markov blanket: [4, 5, 6, 9]
[2025-04-12 00:46:38,742] 3 Nodes of True MB: [5, 6, 9], parents: {9, 5, 6}, children: set(), spouse: set()
[2025-04-12 00:46:38,748] [MB metrics] precision: 0.750, recall: 1.000, acc: 0.900, f1: 0.857
[2025-04-12 00:46:42,438] sub_met2 before prunning {'fdr': 0.3333, 'tpr': 1.0, 'fpr': 1.0, 'shd': 2, 'nnz': 6, 'precision': 0.6667, 'recall': 1.0, 'F1': 0.8, 'gscore': 0.5}
[2025-04-12 00:46:42,438] sub_met after prunning {'fdr': 0.4, 'tpr': 0.75, 'fpr': 1.0, 'shd': 3, 'nnz': 5, 'precision': 0.6, 'recall': 0.75, 'F1': 0.6667, 'gscore': 0.25}
[2025-04-12 00:46:42,438] 
===  5-th graph ===
[2025-04-12 00:46:42,438] 10 Nodes of Markov blanket: [0, 1, 2, 3, 4, 5, 6, 7, 8, 9]
[2025-04-12 00:46:42,438] 10 Nodes of True MB: [0, 1, 2, 3, 4, 5, 6, 7, 8, 9], parents: set(), children: {0, 1, 2, 3, 4, 7, 8, 9}, spouse: {1, 2, 3, 5, 6, 9}
[2025-04-12 00:46:42,441] [MB metrics] precision: 1.000, recall: 1.000, acc: 1.000, f1: 1.000
[2025-04-12 00:46:56,768] sub_met2 before prunning {'fdr': 0.5556, 'tpr': 0.9524, 'fpr': 1.0417, 'shd': 25, 'nnz': 45, 'precision': 0.4444, 'recall': 0.9524, 'F1': 0.6061, 'gscore': 0.0}
[2025-04-12 00:46:56,768] sub_met after prunning {'fdr': 0.1364, 'tpr': 0.9048, 'fpr': 0.125, 'shd': 4, 'nnz': 22, 'precision': 0.8636, 'recall': 0.9048, 'F1': 0.8837, 'gscore': 0.7619}
[2025-04-12 00:46:56,768] 
===  6-th graph ===
[2025-04-12 00:46:56,768] 7 Nodes of Markov blanket: [0, 1, 2, 4, 5, 6, 9]
[2025-04-12 00:46:56,768] 8 Nodes of True MB: [0, 1, 2, 3, 4, 5, 6, 9], parents: {3}, children: {0, 2, 4}, spouse: {1, 3, 5, 6, 9}
[2025-04-12 00:46:56,768] [MB metrics] precision: 1.000, recall: 0.875, acc: 0.900, f1: 0.933
[2025-04-12 00:47:04,773] sub_met2 before prunning {'fdr': 0.4762, 'tpr': 1.0, 'fpr': 1.0, 'shd': 10, 'nnz': 21, 'precision': 0.5238, 'recall': 1.0, 'F1': 0.6875, 'gscore': 0.0909}
[2025-04-12 00:47:04,773] sub_met after prunning {'fdr': 0.375, 'tpr': 0.9091, 'fpr': 0.6, 'shd': 7, 'nnz': 16, 'precision': 0.625, 'recall': 0.9091, 'F1': 0.7407, 'gscore': 0.3636}
[2025-04-12 00:47:04,773] 
===  7-th graph ===
[2025-04-12 00:47:04,773] 4 Nodes of Markov blanket: [2, 3, 5, 7]
[2025-04-12 00:47:04,773] 3 Nodes of True MB: [2, 3, 5], parents: {2, 3, 5}, children: set(), spouse: set()
[2025-04-12 00:47:04,778] [MB metrics] precision: 0.750, recall: 1.000, acc: 0.875, f1: 0.857
[2025-04-12 00:47:08,242] sub_met2 before prunning {'fdr': 0.0, 'tpr': 1.0, 'fpr': 0.0, 'shd': 0, 'nnz': 6, 'precision': 1.0, 'recall': 1.0, 'F1': 1.0, 'gscore': 1.0}
[2025-04-12 00:47:08,242] sub_met after prunning {'fdr': 0.0, 'tpr': 1.0, 'fpr': 0.0, 'shd': 0, 'nnz': 6, 'precision': 1.0, 'recall': 1.0, 'F1': 1.0, 'gscore': 1.0}
[2025-04-12 00:47:08,242] 
===  8-th graph ===
[2025-04-12 00:47:08,242] 2 Nodes of Markov blanket: [5, 8]
[2025-04-12 00:47:08,248] 2 Nodes of True MB: [5, 9], parents: {9, 5}, children: set(), spouse: set()
[2025-04-12 00:47:08,248] [MB metrics] precision: 0.500, recall: 0.500, acc: 0.800, f1: 0.500
[2025-04-12 00:47:09,304] sub_met2 before prunning {'fdr': 0.0, 'tpr': 1.0, 'fpr': 0.0, 'shd': 0, 'nnz': 1, 'precision': 1.0, 'recall': 1.0, 'F1': 1.0, 'gscore': 1.0}
[2025-04-12 00:47:09,304] sub_met after prunning {'fdr': 0.0, 'tpr': 1.0, 'fpr': 0.0, 'shd': 0, 'nnz': 1, 'precision': 1.0, 'recall': 1.0, 'F1': 1.0, 'gscore': 1.0}
[2025-04-12 00:47:09,304] 
===  9-th graph ===
[2025-04-12 00:47:09,304] 6 Nodes of Markov blanket: [1, 3, 4, 5, 6, 9]
[2025-04-12 00:47:09,304] 7 Nodes of True MB: [1, 3, 4, 5, 6, 8, 9], parents: {3, 5}, children: {8, 1, 4}, spouse: {9, 5, 6}
[2025-04-12 00:47:09,308] [MB metrics] precision: 1.000, recall: 0.857, acc: 0.900, f1: 0.923
[2025-04-12 00:47:15,588] sub_met2 before prunning {'fdr': 0.4667, 'tpr': 0.8889, 'fpr': 1.1667, 'shd': 7, 'nnz': 15, 'precision': 0.5333, 'recall': 0.8889, 'F1': 0.6667, 'gscore': 0.1111}
[2025-04-12 00:47:15,588] sub_met after prunning {'fdr': 0.125, 'tpr': 0.7778, 'fpr': 0.1667, 'shd': 2, 'nnz': 8, 'precision': 0.875, 'recall': 0.7778, 'F1': 0.8235, 'gscore': 0.6667}
[2025-04-12 00:47:15,588] 
======= Graph Summary =======
[2025-04-12 00:47:15,588] MB summary: {'precision': '0.88+-0.16', 'recall': '0.91+-0.15', 'acc': '0.91+-0.06', 'f1': '0.89+-0.14'}
[2025-04-12 00:47:15,597] merged_met_before  before prunning {'fdr': 0.5556, 'tpr': 0.9524, 'fpr': 1.0417, 'shd': 25, 'nnz': 45, 'precision': 0.4444, 'recall': 0.9524, 'F1': 0.6061, 'gscore': 0.0}
[2025-04-12 00:47:15,599] [[0 0 1 0 0 0 0 0 0 0]
 [1 0 1 0 0 0 0 0 0 0]
 [0 0 0 0 0 0 0 1 0 0]
 [1 1 1 0 0 0 1 1 0 0]
 [0 0 0 0 0 0 0 0 0 0]
 [1 1 1 1 1 0 1 1 1 0]
 [1 1 1 0 1 0 0 0 0 0]
 [0 0 0 0 0 0 0 0 0 0]
 [0 0 0 0 0 0 0 0 0 0]
 [1 1 1 1 1 0 1 0 1 0]]
[2025-04-12 00:47:15,601] merged_met_after  after prunning {'fdr': 0.3214, 'tpr': 0.9048, 'fpr': 0.375, 'shd': 10, 'nnz': 28, 'precision': 0.6786, 'recall': 0.9048, 'F1': 0.7755, 'gscore': 0.4762}
[2025-04-12 00:47:15,601] 
================ repeat number 4 ====================
[2025-04-12 00:47:15,605] true_dag
[[0 0 0 0 1 1 1 0 0 0]
 [0 0 0 0 0 0 1 1 0 0]
 [0 1 0 0 1 0 1 1 1 0]
 [0 0 1 0 0 1 0 0 0 0]
 [0 0 0 0 0 0 0 1 0 0]
 [0 0 0 0 0 0 0 1 0 1]
 [0 0 0 0 0 1 0 1 0 1]
 [0 0 0 0 0 0 0 0 0 0]
 [0 0 0 0 1 0 1 0 0 1]
 [0 0 0 0 0 0 0 0 0 0]]
[2025-04-12 00:47:15,618] 
===  0-th graph ===
[2025-04-12 00:47:15,618] 8 Nodes of Markov blanket: [0, 1, 2, 3, 4, 5, 6, 8]
[2025-04-12 00:47:15,618] 8 Nodes of True MB: [0, 1, 2, 3, 4, 5, 6, 8], parents: set(), children: {4, 5, 6}, spouse: {0, 1, 2, 3, 6, 8}
[2025-04-12 00:47:15,622] [MB metrics] precision: 1.000, recall: 1.000, acc: 1.000, f1: 1.000
[2025-04-12 00:47:25,498] sub_met2 before prunning {'fdr': 0.6071, 'tpr': 0.8462, 'fpr': 1.1333, 'shd': 17, 'nnz': 28, 'precision': 0.3929, 'recall': 0.8462, 'F1': 0.5366, 'gscore': 0.0}
[2025-04-12 00:47:25,498] sub_met after prunning {'fdr': 0.2667, 'tpr': 0.8462, 'fpr': 0.2667, 'shd': 4, 'nnz': 15, 'precision': 0.7333, 'recall': 0.8462, 'F1': 0.7857, 'gscore': 0.5385}
[2025-04-12 00:47:25,498] 
===  1-th graph ===
[2025-04-12 00:47:25,498] 8 Nodes of Markov blanket: [0, 1, 2, 4, 5, 6, 7, 8]
[2025-04-12 00:47:25,498] 8 Nodes of True MB: [0, 1, 2, 4, 5, 6, 7, 8], parents: {2}, children: {6, 7}, spouse: {0, 1, 2, 4, 5, 6, 8}
[2025-04-12 00:47:25,498] [MB metrics] precision: 1.000, recall: 1.000, acc: 1.000, f1: 1.000
[2025-04-12 00:47:35,650] sub_met2 before prunning {'fdr': 0.4643, 'tpr': 0.9375, 'fpr': 1.0833, 'shd': 13, 'nnz': 28, 'precision': 0.5357, 'recall': 0.9375, 'F1': 0.6818, 'gscore': 0.125}
[2025-04-12 00:47:35,650] sub_met after prunning {'fdr': 0.1667, 'tpr': 0.9375, 'fpr': 0.25, 'shd': 3, 'nnz': 18, 'precision': 0.8333, 'recall': 0.9375, 'F1': 0.8824, 'gscore': 0.75}
[2025-04-12 00:47:35,650] 
===  2-th graph ===
[2025-04-12 00:47:35,650] 8 Nodes of Markov blanket: [0, 1, 2, 3, 5, 6, 7, 8]
[2025-04-12 00:47:35,650] 9 Nodes of True MB: [0, 1, 2, 3, 4, 5, 6, 7, 8], parents: {3}, children: {1, 4, 6, 7, 8}, spouse: {0, 1, 2, 4, 5, 6, 8}
[2025-04-12 00:47:35,650] [MB metrics] precision: 1.000, recall: 0.889, acc: 0.889, f1: 0.941
[2025-04-12 00:47:45,688] sub_met2 before prunning {'fdr': 0.5714, 'tpr': 0.8571, 'fpr': 1.1429, 'shd': 16, 'nnz': 28, 'precision': 0.4286, 'recall': 0.8571, 'F1': 0.5714, 'gscore': 0.0}
[2025-04-12 00:47:45,688] sub_met after prunning {'fdr': 0.3333, 'tpr': 0.8571, 'fpr': 0.4286, 'shd': 6, 'nnz': 18, 'precision': 0.6667, 'recall': 0.8571, 'F1': 0.75, 'gscore': 0.4286}
[2025-04-12 00:47:45,688] 
===  3-th graph ===
[2025-04-12 00:47:45,688] 5 Nodes of Markov blanket: [0, 2, 3, 5, 6]
[2025-04-12 00:47:45,688] 5 Nodes of True MB: [0, 2, 3, 5, 6], parents: set(), children: {2, 5}, spouse: {0, 3, 6}
[2025-04-12 00:47:45,700] [MB metrics] precision: 1.000, recall: 1.000, acc: 1.000, f1: 1.000
[2025-04-12 00:47:50,720] sub_met2 before prunning {'fdr': 0.4, 'tpr': 1.0, 'fpr': 1.0, 'shd': 4, 'nnz': 10, 'precision': 0.6, 'recall': 1.0, 'F1': 0.75, 'gscore': 0.3333}
[2025-04-12 00:47:50,720] sub_met after prunning {'fdr': 0.1429, 'tpr': 1.0, 'fpr': 0.25, 'shd': 1, 'nnz': 7, 'precision': 0.8571, 'recall': 1.0, 'F1': 0.9231, 'gscore': 0.8333}
[2025-04-12 00:47:50,720] 
===  4-th graph ===
[2025-04-12 00:47:50,720] 7 Nodes of Markov blanket: [0, 1, 4, 5, 6, 7, 8]
[2025-04-12 00:47:50,720] 8 Nodes of True MB: [0, 1, 2, 4, 5, 6, 7, 8], parents: {0, 8, 2}, children: {7}, spouse: {1, 2, 4, 5, 6}
[2025-04-12 00:47:50,728] [MB metrics] precision: 1.000, recall: 0.875, acc: 0.889, f1: 0.933
[2025-04-12 00:47:58,941] sub_met2 before prunning {'fdr': 0.4762, 'tpr': 1.0, 'fpr': 1.0, 'shd': 10, 'nnz': 21, 'precision': 0.5238, 'recall': 1.0, 'F1': 0.6875, 'gscore': 0.0909}
[2025-04-12 00:47:58,941] sub_met after prunning {'fdr': 0.3529, 'tpr': 1.0, 'fpr': 0.6, 'shd': 6, 'nnz': 17, 'precision': 0.6471, 'recall': 1.0, 'F1': 0.7857, 'gscore': 0.4545}
[2025-04-12 00:47:58,941] 
===  5-th graph ===
[2025-04-12 00:47:58,941] 9 Nodes of Markov blanket: [0, 1, 2, 3, 4, 5, 7, 8, 9]
[2025-04-12 00:47:58,941] 10 Nodes of True MB: [0, 1, 2, 3, 4, 5, 6, 7, 8, 9], parents: {0, 3, 6}, children: {9, 7}, spouse: {1, 2, 4, 5, 6, 8}
[2025-04-12 00:47:58,948] [MB metrics] precision: 1.000, recall: 0.900, acc: 0.900, f1: 0.947
[2025-04-12 00:48:10,979] sub_met2 before prunning {'fdr': 0.6389, 'tpr': 0.9286, 'fpr': 1.0455, 'shd': 23, 'nnz': 36, 'precision': 0.3611, 'recall': 0.9286, 'F1': 0.52, 'gscore': 0.0}
[2025-04-12 00:48:10,979] sub_met after prunning {'fdr': 0.5385, 'tpr': 0.8571, 'fpr': 0.6364, 'shd': 15, 'nnz': 26, 'precision': 0.4615, 'recall': 0.8571, 'F1': 0.6, 'gscore': 0.0}
[2025-04-12 00:48:10,979] 
===  6-th graph ===
[2025-04-12 00:48:10,979] 9 Nodes of Markov blanket: [0, 1, 2, 3, 4, 6, 7, 8, 9]
[2025-04-12 00:48:10,979] 10 Nodes of True MB: [0, 1, 2, 3, 4, 5, 6, 7, 8, 9], parents: {0, 1, 2, 8}, children: {9, 5, 7}, spouse: {0, 1, 2, 3, 4, 5, 6, 8}
[2025-04-12 00:48:10,988] [MB metrics] precision: 1.000, recall: 0.900, acc: 0.900, f1: 0.947
[2025-04-12 00:48:23,415] sub_met2 before prunning {'fdr': 0.6111, 'tpr': 0.875, 'fpr': 1.1, 'shd': 22, 'nnz': 36, 'precision': 0.3889, 'recall': 0.875, 'F1': 0.5385, 'gscore': 0.0}
[2025-04-12 00:48:23,417] sub_met after prunning {'fdr': 0.4615, 'tpr': 0.875, 'fpr': 0.6, 'shd': 12, 'nnz': 26, 'precision': 0.5385, 'recall': 0.875, 'F1': 0.6667, 'gscore': 0.125}
[2025-04-12 00:48:23,417] 
===  7-th graph ===
[2025-04-12 00:48:23,418] 6 Nodes of Markov blanket: [1, 2, 4, 5, 6, 7]
[2025-04-12 00:48:23,418] 5 Nodes of True MB: [1, 2, 4, 5, 6], parents: {1, 2, 4, 5, 6}, children: set(), spouse: set()
[2025-04-12 00:48:23,420] [MB metrics] precision: 0.833, recall: 1.000, acc: 0.875, f1: 0.909
[2025-04-12 00:48:29,795] sub_met2 before prunning {'fdr': 0.3333, 'tpr': 1.0, 'fpr': 1.0, 'shd': 5, 'nnz': 15, 'precision': 0.6667, 'recall': 1.0, 'F1': 0.8, 'gscore': 0.5}
[2025-04-12 00:48:29,795] sub_met after prunning {'fdr': 0.2308, 'tpr': 1.0, 'fpr': 0.6, 'shd': 3, 'nnz': 13, 'precision': 0.7692, 'recall': 1.0, 'F1': 0.8696, 'gscore': 0.7}
[2025-04-12 00:48:29,795] 
===  8-th graph ===
[2025-04-12 00:48:29,797] 8 Nodes of Markov blanket: [0, 1, 2, 4, 5, 6, 8, 9]
[2025-04-12 00:48:29,797] 8 Nodes of True MB: [0, 1, 2, 4, 5, 6, 8, 9], parents: {2}, children: {9, 4, 6}, spouse: {0, 1, 2, 5, 6, 8}
[2025-04-12 00:48:29,798] [MB metrics] precision: 1.000, recall: 1.000, acc: 1.000, f1: 1.000
[2025-04-12 00:48:39,713] sub_met2 before prunning {'fdr': 0.5357, 'tpr': 0.9286, 'fpr': 1.0714, 'shd': 15, 'nnz': 28, 'precision': 0.4643, 'recall': 0.9286, 'F1': 0.619, 'gscore': 0.0}
[2025-04-12 00:48:39,713] sub_met after prunning {'fdr': 0.1875, 'tpr': 0.9286, 'fpr': 0.2143, 'shd': 3, 'nnz': 16, 'precision': 0.8125, 'recall': 0.9286, 'F1': 0.8667, 'gscore': 0.7143}
[2025-04-12 00:48:39,713] 
===  9-th graph ===
[2025-04-12 00:48:39,713] 4 Nodes of Markov blanket: [5, 6, 8, 9]
[2025-04-12 00:48:39,713] 3 Nodes of True MB: [5, 6, 8], parents: {8, 5, 6}, children: set(), spouse: set()
[2025-04-12 00:48:39,718] [MB metrics] precision: 0.750, recall: 1.000, acc: 0.900, f1: 0.857
[2025-04-12 00:48:43,309] sub_met2 before prunning {'fdr': 0.1667, 'tpr': 1.0, 'fpr': 1.0, 'shd': 1, 'nnz': 6, 'precision': 0.8333, 'recall': 1.0, 'F1': 0.9091, 'gscore': 0.8}
[2025-04-12 00:48:43,309] sub_met after prunning {'fdr': 0.1667, 'tpr': 1.0, 'fpr': 1.0, 'shd': 1, 'nnz': 6, 'precision': 0.8333, 'recall': 1.0, 'F1': 0.9091, 'gscore': 0.8}
[2025-04-12 00:48:43,309] 
======= Graph Summary =======
[2025-04-12 00:48:43,309] MB summary: {'precision': '0.96+-0.09', 'recall': '0.96+-0.05', 'acc': '0.94+-0.05', 'f1': '0.95+-0.05'}
[2025-04-12 00:48:43,313] merged_met_before  before prunning {'fdr': 0.5778, 'tpr': 0.9048, 'fpr': 1.0833, 'shd': 26, 'nnz': 45, 'precision': 0.4222, 'recall': 0.9048, 'F1': 0.5758, 'gscore': 0.0}
[2025-04-12 00:48:43,319] [[0 1 1 1 1 1 1 1 0 1]
 [0 0 0 0 0 1 1 1 0 1]
 [0 1 0 1 1 1 1 1 0 1]
 [0 0 0 0 0 1 0 1 0 1]
 [0 1 0 0 0 1 1 1 0 1]
 [0 0 0 0 0 0 0 1 0 1]
 [0 0 0 0 0 1 0 1 0 1]
 [0 0 0 0 0 0 0 0 0 1]
 [0 1 1 0 1 1 1 1 0 1]
 [0 0 0 0 0 0 0 0 0 0]]
[2025-04-12 00:48:43,322] merged_met_after  after prunning {'fdr': 0.525, 'tpr': 0.9048, 'fpr': 0.875, 'shd': 21, 'nnz': 40, 'precision': 0.475, 'recall': 0.9048, 'F1': 0.623, 'gscore': 0.0}
[2025-04-12 00:48:43,322] 
================ repeat number 5 ====================
[2025-04-12 00:48:43,322] true_dag
[[0 0 0 0 0 0 1 0 0 1]
 [0 0 1 1 1 0 0 1 1 1]
 [0 0 0 0 0 0 0 0 0 0]
 [0 0 0 0 0 0 1 0 0 1]
 [0 0 1 0 0 0 1 0 0 0]
 [0 0 0 0 0 0 0 0 0 0]
 [0 0 1 0 0 1 0 0 0 0]
 [0 0 1 0 0 1 0 0 0 0]
 [1 0 1 0 0 0 1 0 0 0]
 [0 0 0 0 0 1 1 0 0 0]]
[2025-04-12 00:48:43,340] 
===  0-th graph ===
[2025-04-12 00:48:43,341] 7 Nodes of Markov blanket: [0, 1, 3, 4, 6, 8, 9]
[2025-04-12 00:48:43,341] 7 Nodes of True MB: [0, 1, 3, 4, 6, 8, 9], parents: {8}, children: {9, 6}, spouse: {0, 1, 3, 4, 8, 9}
[2025-04-12 00:48:43,343] [MB metrics] precision: 1.000, recall: 1.000, acc: 1.000, f1: 1.000
[2025-04-12 00:48:51,378] sub_met2 before prunning {'fdr': 0.4286, 'tpr': 1.0, 'fpr': 1.0, 'shd': 9, 'nnz': 21, 'precision': 0.5714, 'recall': 1.0, 'F1': 0.7273, 'gscore': 0.25}
[2025-04-12 00:48:51,378] sub_met after prunning {'fdr': 0.0, 'tpr': 1.0, 'fpr': 0.0, 'shd': 0, 'nnz': 12, 'precision': 1.0, 'recall': 1.0, 'F1': 1.0, 'gscore': 1.0}
[2025-04-12 00:48:51,378] 
===  1-th graph ===
[2025-04-12 00:48:51,378] 9 Nodes of Markov blanket: [0, 1, 2, 3, 4, 6, 7, 8, 9]
[2025-04-12 00:48:51,378] 9 Nodes of True MB: [0, 1, 2, 3, 4, 6, 7, 8, 9], parents: set(), children: {2, 3, 4, 7, 8, 9}, spouse: {0, 1, 3, 4, 6, 7, 8}
[2025-04-12 00:48:51,382] [MB metrics] precision: 1.000, recall: 1.000, acc: 1.000, f1: 1.000
[2025-04-12 00:49:03,352] sub_met2 before prunning {'fdr': 0.5, 'tpr': 1.0, 'fpr': 1.0, 'shd': 18, 'nnz': 36, 'precision': 0.5, 'recall': 1.0, 'F1': 0.6667, 'gscore': 0.0}
[2025-04-12 00:49:03,352] sub_met after prunning {'fdr': 0.0, 'tpr': 1.0, 'fpr': 0.0, 'shd': 0, 'nnz': 18, 'precision': 1.0, 'recall': 1.0, 'F1': 1.0, 'gscore': 1.0}
[2025-04-12 00:49:03,352] 
===  2-th graph ===
[2025-04-12 00:49:03,352] 6 Nodes of Markov blanket: [1, 2, 4, 6, 7, 8]
[2025-04-12 00:49:03,352] 5 Nodes of True MB: [1, 4, 6, 7, 8], parents: {1, 4, 6, 7, 8}, children: set(), spouse: set()
[2025-04-12 00:49:03,356] [MB metrics] precision: 0.833, recall: 1.000, acc: 0.889, f1: 0.909
[2025-04-12 00:49:09,688] sub_met2 before prunning {'fdr': 0.4, 'tpr': 0.9, 'fpr': 1.2, 'shd': 6, 'nnz': 15, 'precision': 0.6, 'recall': 0.9, 'F1': 0.72, 'gscore': 0.3}
[2025-04-12 00:49:09,692] sub_met after prunning {'fdr': 0.25, 'tpr': 0.9, 'fpr': 0.6, 'shd': 3, 'nnz': 12, 'precision': 0.75, 'recall': 0.9, 'F1': 0.8182, 'gscore': 0.6}
[2025-04-12 00:49:09,692] 
===  3-th graph ===
[2025-04-12 00:49:09,692] 7 Nodes of Markov blanket: [0, 1, 3, 4, 6, 8, 9]
[2025-04-12 00:49:09,692] 7 Nodes of True MB: [0, 1, 3, 4, 6, 8, 9], parents: {1}, children: {9, 6}, spouse: {0, 1, 3, 4, 8, 9}
[2025-04-12 00:49:09,694] [MB metrics] precision: 1.000, recall: 1.000, acc: 1.000, f1: 1.000
[2025-04-12 00:49:17,758] sub_met2 before prunning {'fdr': 0.4286, 'tpr': 1.0, 'fpr': 1.0, 'shd': 9, 'nnz': 21, 'precision': 0.5714, 'recall': 1.0, 'F1': 0.7273, 'gscore': 0.25}
[2025-04-12 00:49:17,758] sub_met after prunning {'fdr': 0.0, 'tpr': 1.0, 'fpr': 0.0, 'shd': 0, 'nnz': 12, 'precision': 1.0, 'recall': 1.0, 'F1': 1.0, 'gscore': 1.0}
[2025-04-12 00:49:17,758] 
===  4-th graph ===
[2025-04-12 00:49:17,758] 9 Nodes of Markov blanket: [0, 1, 2, 3, 4, 6, 7, 8, 9]
[2025-04-12 00:49:17,758] 9 Nodes of True MB: [0, 1, 2, 3, 4, 6, 7, 8, 9], parents: {1}, children: {2, 6}, spouse: {0, 1, 3, 4, 6, 7, 8, 9}
[2025-04-12 00:49:17,763] [MB metrics] precision: 1.000, recall: 1.000, acc: 1.000, f1: 1.000
[2025-04-12 00:49:29,696] sub_met2 before prunning {'fdr': 0.5, 'tpr': 1.0, 'fpr': 1.0, 'shd': 18, 'nnz': 36, 'precision': 0.5, 'recall': 1.0, 'F1': 0.6667, 'gscore': 0.0}
[2025-04-12 00:49:29,696] sub_met after prunning {'fdr': 0.0, 'tpr': 1.0, 'fpr': 0.0, 'shd': 0, 'nnz': 18, 'precision': 1.0, 'recall': 1.0, 'F1': 1.0, 'gscore': 1.0}
[2025-04-12 00:49:29,696] 
===  5-th graph ===
[2025-04-12 00:49:29,696] 4 Nodes of Markov blanket: [5, 6, 7, 9]
[2025-04-12 00:49:29,696] 3 Nodes of True MB: [6, 7, 9], parents: {9, 6, 7}, children: set(), spouse: set()
[2025-04-12 00:49:29,698] [MB metrics] precision: 0.750, recall: 1.000, acc: 0.900, f1: 0.857
[2025-04-12 00:49:33,228] sub_met2 before prunning {'fdr': 0.3333, 'tpr': 1.0, 'fpr': 1.0, 'shd': 2, 'nnz': 6, 'precision': 0.6667, 'recall': 1.0, 'F1': 0.8, 'gscore': 0.5}
[2025-04-12 00:49:33,228] sub_met after prunning {'fdr': 0.3333, 'tpr': 1.0, 'fpr': 1.0, 'shd': 2, 'nnz': 6, 'precision': 0.6667, 'recall': 1.0, 'F1': 0.8, 'gscore': 0.5}
[2025-04-12 00:49:33,228] 
===  6-th graph ===
[2025-04-12 00:49:33,228] 8 Nodes of Markov blanket: [0, 1, 2, 3, 4, 5, 6, 7]
[2025-04-12 00:49:33,228] 10 Nodes of True MB: [0, 1, 2, 3, 4, 5, 6, 7, 8, 9], parents: {0, 3, 4, 8, 9}, children: {2, 5}, spouse: {1, 4, 6, 7, 8, 9}
[2025-04-12 00:49:33,240] [MB metrics] precision: 1.000, recall: 0.800, acc: 0.800, f1: 0.889
[2025-04-12 00:49:42,988] sub_met2 before prunning {'fdr': 0.5714, 'tpr': 1.0, 'fpr': 1.0, 'shd': 16, 'nnz': 28, 'precision': 0.4286, 'recall': 1.0, 'F1': 0.6, 'gscore': 0.0}
[2025-04-12 00:49:42,988] sub_met after prunning {'fdr': 0.4, 'tpr': 1.0, 'fpr': 0.5, 'shd': 8, 'nnz': 20, 'precision': 0.6, 'recall': 1.0, 'F1': 0.75, 'gscore': 0.3333}
[2025-04-12 00:49:42,988] 
===  7-th graph ===
[2025-04-12 00:49:42,988] 8 Nodes of Markov blanket: [1, 2, 4, 5, 6, 7, 8, 9]
[2025-04-12 00:49:42,988] 8 Nodes of True MB: [1, 2, 4, 5, 6, 7, 8, 9], parents: {1}, children: {2, 5}, spouse: {1, 4, 6, 7, 8, 9}
[2025-04-12 00:49:42,988] [MB metrics] precision: 1.000, recall: 1.000, acc: 1.000, f1: 1.000
[2025-04-12 00:49:52,758] sub_met2 before prunning {'fdr': 0.4643, 'tpr': 1.0, 'fpr': 1.0, 'shd': 13, 'nnz': 28, 'precision': 0.5357, 'recall': 1.0, 'F1': 0.6977, 'gscore': 0.1333}
[2025-04-12 00:49:52,758] sub_met after prunning {'fdr': 0.1176, 'tpr': 1.0, 'fpr': 0.1538, 'shd': 2, 'nnz': 17, 'precision': 0.8824, 'recall': 1.0, 'F1': 0.9375, 'gscore': 0.8667}
[2025-04-12 00:49:52,758] 
===  8-th graph ===
[2025-04-12 00:49:52,758] 8 Nodes of Markov blanket: [0, 1, 2, 3, 4, 7, 8, 9]
[2025-04-12 00:49:52,758] 9 Nodes of True MB: [0, 1, 2, 3, 4, 6, 7, 8, 9], parents: {1}, children: {0, 2, 6}, spouse: {0, 1, 3, 4, 6, 7, 8, 9}
[2025-04-12 00:49:52,758] [MB metrics] precision: 1.000, recall: 0.889, acc: 0.900, f1: 0.941
[2025-04-12 00:50:02,658] sub_met2 before prunning {'fdr': 0.5714, 'tpr': 1.0, 'fpr': 1.0, 'shd': 16, 'nnz': 28, 'precision': 0.4286, 'recall': 1.0, 'F1': 0.6, 'gscore': 0.0}
[2025-04-12 00:50:02,658] sub_met after prunning {'fdr': 0.2, 'tpr': 1.0, 'fpr': 0.1875, 'shd': 3, 'nnz': 15, 'precision': 0.8, 'recall': 1.0, 'F1': 0.8889, 'gscore': 0.75}
[2025-04-12 00:50:02,658] 
===  9-th graph ===
[2025-04-12 00:50:02,658] 8 Nodes of Markov blanket: [0, 1, 3, 4, 5, 7, 8, 9]
[2025-04-12 00:50:02,658] 9 Nodes of True MB: [0, 1, 3, 4, 5, 6, 7, 8, 9], parents: {0, 1, 3}, children: {5, 6}, spouse: {0, 3, 4, 6, 7, 8, 9}
[2025-04-12 00:50:02,664] [MB metrics] precision: 1.000, recall: 0.889, acc: 0.900, f1: 0.941
[2025-04-12 00:50:12,712] sub_met2 before prunning {'fdr': 0.6429, 'tpr': 1.0, 'fpr': 1.0, 'shd': 18, 'nnz': 28, 'precision': 0.3571, 'recall': 1.0, 'F1': 0.5263, 'gscore': 0.0}
[2025-04-12 00:50:12,712] sub_met after prunning {'fdr': 0.2857, 'tpr': 1.0, 'fpr': 0.2222, 'shd': 4, 'nnz': 14, 'precision': 0.7143, 'recall': 1.0, 'F1': 0.8333, 'gscore': 0.6}
[2025-04-12 00:50:12,712] 
======= Graph Summary =======
[2025-04-12 00:50:12,712] MB summary: {'precision': '0.96+-0.09', 'recall': '0.96+-0.07', 'acc': '0.94+-0.07', 'f1': '0.95+-0.05'}
[2025-04-12 00:50:12,718] merged_met_before  before prunning {'fdr': 0.5333, 'tpr': 1.0, 'fpr': 1.0, 'shd': 24, 'nnz': 45, 'precision': 0.4667, 'recall': 1.0, 'F1': 0.6364, 'gscore': 0.0}
[2025-04-12 00:50:12,724] [[0 0 1 0 0 1 1 0 0 1]
 [1 0 1 1 1 1 1 1 1 1]
 [0 0 0 0 0 0 0 0 0 0]
 [0 0 1 0 0 1 1 0 0 1]
 [0 0 1 0 0 1 1 0 0 0]
 [0 0 1 0 0 0 0 0 0 0]
 [0 0 1 0 0 1 0 0 0 0]
 [0 0 1 0 0 1 1 0 0 1]
 [1 0 1 0 0 1 1 0 0 1]
 [0 0 1 0 0 1 1 0 0 0]]
[2025-04-12 00:50:12,728] merged_met_after  after prunning {'fdr': 0.4, 'tpr': 1.0, 'fpr': 0.5833, 'shd': 14, 'nnz': 35, 'precision': 0.6, 'recall': 1.0, 'F1': 0.75, 'gscore': 0.3333}
[2025-04-12 00:50:12,728] 
================ repeat number 6 ====================
[2025-04-12 00:50:12,731] true_dag
[[0 0 0 0 0 0 0 0 0 0]
 [0 0 1 1 0 0 1 1 0 1]
 [1 0 0 0 0 0 1 0 0 0]
 [0 0 0 0 0 0 0 0 0 0]
 [1 0 0 0 0 0 0 0 0 0]
 [0 0 1 0 0 0 1 0 0 0]
 [0 0 0 0 0 0 0 0 0 0]
 [0 0 1 0 1 0 0 0 1 0]
 [0 0 1 1 0 1 1 0 0 1]
 [1 0 0 1 1 0 0 0 0 0]]
[2025-04-12 00:50:12,747] 
===  0-th graph ===
[2025-04-12 00:50:12,747] 4 Nodes of Markov blanket: [0, 2, 4, 9]
[2025-04-12 00:50:12,747] 3 Nodes of True MB: [2, 4, 9], parents: {9, 2, 4}, children: set(), spouse: set()
[2025-04-12 00:50:12,750] [MB metrics] precision: 0.750, recall: 1.000, acc: 0.900, f1: 0.857
[2025-04-12 00:50:16,323] sub_met2 before prunning {'fdr': 0.3333, 'tpr': 1.0, 'fpr': 1.0, 'shd': 2, 'nnz': 6, 'precision': 0.6667, 'recall': 1.0, 'F1': 0.8, 'gscore': 0.5}
[2025-04-12 00:50:16,323] sub_met after prunning {'fdr': 0.3333, 'tpr': 1.0, 'fpr': 1.0, 'shd': 2, 'nnz': 6, 'precision': 0.6667, 'recall': 1.0, 'F1': 0.8, 'gscore': 0.5}
[2025-04-12 00:50:16,323] 
===  1-th graph ===
[2025-04-12 00:50:16,323] 6 Nodes of Markov blanket: [1, 3, 5, 6, 7, 8]
[2025-04-12 00:50:16,323] 8 Nodes of True MB: [1, 2, 3, 5, 6, 7, 8, 9], parents: set(), children: {2, 3, 6, 7, 9}, spouse: {1, 2, 5, 7, 8, 9}
[2025-04-12 00:50:16,328] [MB metrics] precision: 1.000, recall: 0.750, acc: 0.800, f1: 0.857
[2025-04-12 00:50:22,788] sub_met2 before prunning {'fdr': 0.5333, 'tpr': 0.875, 'fpr': 1.1429, 'shd': 8, 'nnz': 15, 'precision': 0.4667, 'recall': 0.875, 'F1': 0.6087, 'gscore': 0.0}
[2025-04-12 00:50:22,788] sub_met after prunning {'fdr': 0.3636, 'tpr': 0.875, 'fpr': 0.5714, 'shd': 4, 'nnz': 11, 'precision': 0.6364, 'recall': 0.875, 'F1': 0.7368, 'gscore': 0.375}
[2025-04-12 00:50:22,788] 
===  2-th graph ===
[2025-04-12 00:50:22,788] 8 Nodes of Markov blanket: [0, 2, 4, 5, 6, 7, 8, 9]
[2025-04-12 00:50:22,788] 9 Nodes of True MB: [0, 1, 2, 4, 5, 6, 7, 8, 9], parents: {8, 1, 5, 7}, children: {0, 6}, spouse: {1, 2, 4, 5, 8, 9}
[2025-04-12 00:50:22,788] [MB metrics] precision: 1.000, recall: 0.889, acc: 0.900, f1: 0.941
[2025-04-12 00:50:33,282] sub_met2 before prunning {'fdr': 0.5, 'tpr': 1.0, 'fpr': 1.0, 'shd': 14, 'nnz': 28, 'precision': 0.5, 'recall': 1.0, 'F1': 0.6667, 'gscore': 0.0}
[2025-04-12 00:50:33,282] sub_met after prunning {'fdr': 0.2222, 'tpr': 1.0, 'fpr': 0.2857, 'shd': 4, 'nnz': 18, 'precision': 0.7778, 'recall': 1.0, 'F1': 0.875, 'gscore': 0.7143}
[2025-04-12 00:50:33,282] 
===  3-th graph ===
[2025-04-12 00:50:33,282] 4 Nodes of Markov blanket: [1, 3, 8, 9]
[2025-04-12 00:50:33,282] 3 Nodes of True MB: [1, 8, 9], parents: {8, 1, 9}, children: set(), spouse: set()
[2025-04-12 00:50:33,288] [MB metrics] precision: 0.750, recall: 1.000, acc: 0.900, f1: 0.857
[2025-04-12 00:50:36,911] sub_met2 before prunning {'fdr': 0.1667, 'tpr': 1.0, 'fpr': 1.0, 'shd': 1, 'nnz': 6, 'precision': 0.8333, 'recall': 1.0, 'F1': 0.9091, 'gscore': 0.8}
[2025-04-12 00:50:36,911] sub_met after prunning {'fdr': 0.1667, 'tpr': 1.0, 'fpr': 1.0, 'shd': 1, 'nnz': 6, 'precision': 0.8333, 'recall': 1.0, 'F1': 0.9091, 'gscore': 0.8}
[2025-04-12 00:50:36,911] 
===  4-th graph ===
[2025-04-12 00:50:36,911] 5 Nodes of Markov blanket: [0, 2, 4, 7, 9]
[2025-04-12 00:50:36,911] 5 Nodes of True MB: [0, 2, 4, 7, 9], parents: {9, 7}, children: {0}, spouse: {9, 2, 4}
[2025-04-12 00:50:36,915] [MB metrics] precision: 1.000, recall: 1.000, acc: 1.000, f1: 1.000
[2025-04-12 00:50:41,838] sub_met2 before prunning {'fdr': 0.4, 'tpr': 1.0, 'fpr': 1.0, 'shd': 4, 'nnz': 10, 'precision': 0.6, 'recall': 1.0, 'F1': 0.75, 'gscore': 0.3333}
[2025-04-12 00:50:41,838] sub_met after prunning {'fdr': 0.25, 'tpr': 1.0, 'fpr': 0.5, 'shd': 2, 'nnz': 8, 'precision': 0.75, 'recall': 1.0, 'F1': 0.8571, 'gscore': 0.6667}
[2025-04-12 00:50:41,838] 
===  5-th graph ===
[2025-04-12 00:50:41,838] 6 Nodes of Markov blanket: [1, 2, 5, 6, 7, 8]
[2025-04-12 00:50:41,838] 6 Nodes of True MB: [1, 2, 5, 6, 7, 8], parents: {8}, children: {2, 6}, spouse: {1, 2, 5, 7, 8}
[2025-04-12 00:50:41,842] [MB metrics] precision: 1.000, recall: 1.000, acc: 1.000, f1: 1.000
[2025-04-12 00:50:48,270] sub_met2 before prunning {'fdr': 0.2667, 'tpr': 1.0, 'fpr': 1.0, 'shd': 4, 'nnz': 15, 'precision': 0.7333, 'recall': 1.0, 'F1': 0.8462, 'gscore': 0.6364}
[2025-04-12 00:50:48,270] sub_met after prunning {'fdr': 0.0833, 'tpr': 1.0, 'fpr': 0.25, 'shd': 1, 'nnz': 12, 'precision': 0.9167, 'recall': 1.0, 'F1': 0.9565, 'gscore': 0.9091}
[2025-04-12 00:50:48,270] 
===  6-th graph ===
[2025-04-12 00:50:48,270] 5 Nodes of Markov blanket: [1, 2, 5, 6, 8]
[2025-04-12 00:50:48,270] 4 Nodes of True MB: [1, 2, 5, 8], parents: {8, 1, 2, 5}, children: set(), spouse: set()
[2025-04-12 00:50:48,274] [MB metrics] precision: 0.800, recall: 1.000, acc: 0.889, f1: 0.889
[2025-04-12 00:50:53,243] sub_met2 before prunning {'fdr': 0.2, 'tpr': 1.0, 'fpr': 1.0, 'shd': 2, 'nnz': 10, 'precision': 0.8, 'recall': 1.0, 'F1': 0.8889, 'gscore': 0.75}
[2025-04-12 00:50:53,243] sub_met after prunning {'fdr': 0.1111, 'tpr': 1.0, 'fpr': 0.5, 'shd': 1, 'nnz': 9, 'precision': 0.8889, 'recall': 1.0, 'F1': 0.9412, 'gscore': 0.875}
[2025-04-12 00:50:53,243] 
===  7-th graph ===
[2025-04-12 00:50:53,243] 7 Nodes of Markov blanket: [1, 2, 4, 5, 7, 8, 9]
[2025-04-12 00:50:53,243] 7 Nodes of True MB: [1, 2, 4, 5, 7, 8, 9], parents: {1}, children: {8, 2, 4}, spouse: {1, 5, 7, 8, 9}
[2025-04-12 00:50:53,248] [MB metrics] precision: 1.000, recall: 1.000, acc: 1.000, f1: 1.000
[2025-04-12 00:51:01,174] sub_met2 before prunning {'fdr': 0.4762, 'tpr': 1.0, 'fpr': 1.0, 'shd': 10, 'nnz': 21, 'precision': 0.5238, 'recall': 1.0, 'F1': 0.6875, 'gscore': 0.0909}
[2025-04-12 00:51:01,174] sub_met after prunning {'fdr': 0.0833, 'tpr': 1.0, 'fpr': 0.1, 'shd': 1, 'nnz': 12, 'precision': 0.9167, 'recall': 1.0, 'F1': 0.9565, 'gscore': 0.9091}
[2025-04-12 00:51:01,176] 
===  8-th graph ===
[2025-04-12 00:51:01,176] 7 Nodes of Markov blanket: [1, 2, 3, 5, 6, 7, 8]
[2025-04-12 00:51:01,176] 8 Nodes of True MB: [1, 2, 3, 5, 6, 7, 8, 9], parents: {7}, children: {2, 3, 5, 6, 9}, spouse: {1, 2, 5, 7, 8, 9}
[2025-04-12 00:51:01,178] [MB metrics] precision: 1.000, recall: 0.875, acc: 0.900, f1: 0.933
[2025-04-12 00:51:09,218] sub_met2 before prunning {'fdr': 0.381, 'tpr': 1.0, 'fpr': 1.0, 'shd': 8, 'nnz': 21, 'precision': 0.619, 'recall': 1.0, 'F1': 0.7647, 'gscore': 0.3846}
[2025-04-12 00:51:09,218] sub_met after prunning {'fdr': 0.0714, 'tpr': 1.0, 'fpr': 0.125, 'shd': 1, 'nnz': 14, 'precision': 0.9286, 'recall': 1.0, 'F1': 0.963, 'gscore': 0.9231}
[2025-04-12 00:51:09,218] 
===  9-th graph ===
[2025-04-12 00:51:09,222] 6 Nodes of Markov blanket: [0, 2, 3, 4, 7, 9]
[2025-04-12 00:51:09,222] 8 Nodes of True MB: [0, 1, 2, 3, 4, 7, 8, 9], parents: {8, 1}, children: {0, 3, 4}, spouse: {1, 2, 4, 7, 8, 9}
[2025-04-12 00:51:09,222] [MB metrics] precision: 1.000, recall: 0.750, acc: 0.800, f1: 0.857
[2025-04-12 00:51:15,826] sub_met2 before prunning {'fdr': 0.5333, 'tpr': 1.0, 'fpr': 1.0, 'shd': 8, 'nnz': 15, 'precision': 0.4667, 'recall': 1.0, 'F1': 0.6364, 'gscore': 0.0}
[2025-04-12 00:51:15,826] sub_met after prunning {'fdr': 0.2222, 'tpr': 1.0, 'fpr': 0.25, 'shd': 2, 'nnz': 9, 'precision': 0.7778, 'recall': 1.0, 'F1': 0.875, 'gscore': 0.7143}
[2025-04-12 00:51:15,827] 
======= Graph Summary =======
[2025-04-12 00:51:15,827] MB summary: {'precision': '0.93+-0.11', 'recall': '0.93+-0.10', 'acc': '0.91+-0.07', 'f1': '0.92+-0.06'}
[2025-04-12 00:51:15,833] merged_met_before  before prunning {'fdr': 0.5227, 'tpr': 1.0, 'fpr': 0.9583, 'shd': 23, 'nnz': 44, 'precision': 0.4773, 'recall': 1.0, 'F1': 0.6462, 'gscore': 0.0}
[2025-04-12 00:51:15,834] [[0 0 0 0 0 0 0 0 0 0]
 [0 0 1 1 0 1 1 1 1 1]
 [1 0 0 0 0 0 1 0 0 0]
 [0 0 0 0 0 0 0 0 0 0]
 [1 0 1 0 0 0 0 0 0 0]
 [0 0 1 0 0 0 1 0 0 0]
 [0 0 0 0 0 0 0 0 0 0]
 [0 0 1 0 1 0 1 0 1 1]
 [0 0 1 1 0 1 1 0 0 1]
 [1 0 1 1 1 0 1 0 0 0]]
[2025-04-12 00:51:15,837] merged_met_after  after prunning {'fdr': 0.25, 'tpr': 1.0, 'fpr': 0.2917, 'shd': 7, 'nnz': 28, 'precision': 0.75, 'recall': 1.0, 'F1': 0.8571, 'gscore': 0.6667}
[2025-04-12 00:51:15,837] 
================ repeat number 7 ====================
[2025-04-12 00:51:15,840] true_dag
[[0 1 0 0 1 1 0 1 0 0]
 [0 0 0 0 0 0 0 0 0 0]
 [1 1 0 0 0 0 0 0 0 0]
 [0 1 0 0 1 1 0 0 0 0]
 [0 1 0 0 0 0 0 0 0 0]
 [0 1 0 0 1 0 0 0 0 0]
 [0 1 0 0 0 0 0 0 1 0]
 [0 1 0 0 0 0 0 0 0 0]
 [0 1 0 0 1 0 0 0 0 0]
 [0 1 1 0 1 1 0 0 0 0]]
[2025-04-12 00:51:15,855] 
===  0-th graph ===
[2025-04-12 00:51:15,856] 8 Nodes of Markov blanket: [0, 1, 2, 3, 4, 5, 8, 9]
[2025-04-12 00:51:15,856] 10 Nodes of True MB: [0, 1, 2, 3, 4, 5, 6, 7, 8, 9], parents: {2}, children: {1, 4, 5, 7}, spouse: {0, 2, 3, 4, 5, 6, 7, 8, 9}
[2025-04-12 00:51:15,859] [MB metrics] precision: 1.000, recall: 0.800, acc: 0.800, f1: 0.889
[2025-04-12 00:51:27,309] sub_met2 before prunning {'fdr': 0.4286, 'tpr': 0.9412, 'fpr': 1.0909, 'shd': 12, 'nnz': 28, 'precision': 0.5714, 'recall': 0.9412, 'F1': 0.7111, 'gscore': 0.2353}
[2025-04-12 00:51:27,310] sub_met after prunning {'fdr': 0.1579, 'tpr': 0.9412, 'fpr': 0.2727, 'shd': 3, 'nnz': 19, 'precision': 0.8421, 'recall': 0.9412, 'F1': 0.8889, 'gscore': 0.7647}
[2025-04-12 00:51:27,310] 
===  1-th graph ===
[2025-04-12 00:51:27,310] 8 Nodes of Markov blanket: [0, 1, 2, 4, 5, 7, 8, 9]
[2025-04-12 00:51:27,310] 9 Nodes of True MB: [0, 2, 3, 4, 5, 6, 7, 8, 9], parents: {0, 2, 3, 4, 5, 6, 7, 8, 9}, children: set(), spouse: set()
[2025-04-12 00:51:27,313] [MB metrics] precision: 0.875, recall: 0.778, acc: 0.700, f1: 0.824
[2025-04-12 00:51:37,288] sub_met2 before prunning {'fdr': 0.4643, 'tpr': 0.9375, 'fpr': 1.0833, 'shd': 13, 'nnz': 28, 'precision': 0.5357, 'recall': 0.9375, 'F1': 0.6818, 'gscore': 0.125}
[2025-04-12 00:51:37,289] sub_met after prunning {'fdr': 0.2105, 'tpr': 0.9375, 'fpr': 0.3333, 'shd': 4, 'nnz': 19, 'precision': 0.7895, 'recall': 0.9375, 'F1': 0.8571, 'gscore': 0.6875}
[2025-04-12 00:51:37,289] 
===  2-th graph ===
[2025-04-12 00:51:37,289] 10 Nodes of Markov blanket: [0, 1, 2, 3, 4, 5, 6, 7, 8, 9]
[2025-04-12 00:51:37,289] 10 Nodes of True MB: [0, 1, 2, 3, 4, 5, 6, 7, 8, 9], parents: {9}, children: {0, 1}, spouse: {0, 2, 3, 4, 5, 6, 7, 8, 9}
[2025-04-12 00:51:37,289] [MB metrics] precision: 1.000, recall: 1.000, acc: 1.000, f1: 1.000
[2025-04-12 00:51:51,960] sub_met2 before prunning {'fdr': 0.5333, 'tpr': 1.0, 'fpr': 1.0, 'shd': 24, 'nnz': 45, 'precision': 0.4667, 'recall': 1.0, 'F1': 0.6364, 'gscore': 0.0}
[2025-04-12 00:51:51,960] sub_met after prunning {'fdr': 0.125, 'tpr': 1.0, 'fpr': 0.125, 'shd': 3, 'nnz': 24, 'precision': 0.875, 'recall': 1.0, 'F1': 0.9333, 'gscore': 0.8571}
[2025-04-12 00:51:51,960] 
===  3-th graph ===
[2025-04-12 00:51:51,960] 8 Nodes of Markov blanket: [0, 2, 3, 4, 5, 7, 8, 9]
[2025-04-12 00:51:51,960] 10 Nodes of True MB: [0, 1, 2, 3, 4, 5, 6, 7, 8, 9], parents: set(), children: {1, 4, 5}, spouse: {0, 2, 3, 4, 5, 6, 7, 8, 9}
[2025-04-12 00:51:51,960] [MB metrics] precision: 1.000, recall: 0.800, acc: 0.800, f1: 0.889
[2025-04-12 00:52:04,031] sub_met2 before prunning {'fdr': 0.6429, 'tpr': 0.9091, 'fpr': 1.0588, 'shd': 18, 'nnz': 28, 'precision': 0.3571, 'recall': 0.9091, 'F1': 0.5128, 'gscore': 0.0}
[2025-04-12 00:52:04,031] sub_met after prunning {'fdr': 0.2308, 'tpr': 0.9091, 'fpr': 0.1765, 'shd': 3, 'nnz': 13, 'precision': 0.7692, 'recall': 0.9091, 'F1': 0.8333, 'gscore': 0.6364}
[2025-04-12 00:52:04,031] 
===  4-th graph ===
[2025-04-12 00:52:04,031] 9 Nodes of Markov blanket: [0, 1, 2, 3, 4, 5, 7, 8, 9]
[2025-04-12 00:52:04,031] 10 Nodes of True MB: [0, 1, 2, 3, 4, 5, 6, 7, 8, 9], parents: {0, 3, 5, 8, 9}, children: {1}, spouse: {0, 2, 3, 4, 5, 6, 7, 8, 9}
[2025-04-12 00:52:04,038] [MB metrics] precision: 1.000, recall: 0.900, acc: 0.900, f1: 0.947
[2025-04-12 00:52:16,463] sub_met2 before prunning {'fdr': 0.5, 'tpr': 0.9474, 'fpr': 1.0588, 'shd': 18, 'nnz': 36, 'precision': 0.5, 'recall': 0.9474, 'F1': 0.6545, 'gscore': 0.0}
[2025-04-12 00:52:16,463] sub_met after prunning {'fdr': 0.1429, 'tpr': 0.9474, 'fpr': 0.1765, 'shd': 3, 'nnz': 21, 'precision': 0.8571, 'recall': 0.9474, 'F1': 0.9, 'gscore': 0.7895}
[2025-04-12 00:52:16,463] 
===  5-th graph ===
[2025-04-12 00:52:16,463] 10 Nodes of Markov blanket: [0, 1, 2, 3, 4, 5, 6, 7, 8, 9]
[2025-04-12 00:52:16,463] 10 Nodes of True MB: [0, 1, 2, 3, 4, 5, 6, 7, 8, 9], parents: {0, 9, 3}, children: {1, 4}, spouse: {0, 2, 3, 4, 5, 6, 7, 8, 9}
[2025-04-12 00:52:16,468] [MB metrics] precision: 1.000, recall: 1.000, acc: 1.000, f1: 1.000
[2025-04-12 00:52:30,999] sub_met2 before prunning {'fdr': 0.5333, 'tpr': 1.0, 'fpr': 1.0, 'shd': 24, 'nnz': 45, 'precision': 0.4667, 'recall': 1.0, 'F1': 0.6364, 'gscore': 0.0}
[2025-04-12 00:52:31,000] sub_met after prunning {'fdr': 0.125, 'tpr': 1.0, 'fpr': 0.125, 'shd': 3, 'nnz': 24, 'precision': 0.875, 'recall': 1.0, 'F1': 0.9333, 'gscore': 0.8571}
[2025-04-12 00:52:31,000] 
===  6-th graph ===
[2025-04-12 00:52:31,000] 4 Nodes of Markov blanket: [2, 5, 6, 7]
[2025-04-12 00:52:31,000] 10 Nodes of True MB: [0, 1, 2, 3, 4, 5, 6, 7, 8, 9], parents: set(), children: {8, 1}, spouse: {0, 2, 3, 4, 5, 6, 7, 8, 9}
[2025-04-12 00:52:31,003] [MB metrics] precision: 1.000, recall: 0.400, acc: 0.400, f1: 0.571
[2025-04-12 00:52:34,650] [Error] met_before=None: Traceback (most recent call last):
  File "D:\nips\causual-discovery\DC_FAS.py", line 286, in infer_causal
    met_before = castle.metrics.MetricsDAG(causal_matrix_order, true_dag)
  File "C:\Users\tpc19\anaconda3\envs\py310\lib\site-packages\castle\metrics\evaluation.py", line 59, in __init__
    self.metrics = MetricsDAG._count_accuracy(self.B_est, self.B_true)
  File "C:\Users\tpc19\anaconda3\envs\py310\lib\site-packages\castle\metrics\evaluation.py", line 163, in _count_accuracy
    gscore = MetricsDAG._cal_gscore(W_p, W_true)
  File "C:\Users\tpc19\anaconda3\envs\py310\lib\site-packages\castle\metrics\evaluation.py", line 190, in _cal_gscore
    assert num_true!=0
AssertionError

[2025-04-12 00:52:34,650] [Error] sub_met=None: Traceback (most recent call last):
  File "D:\nips\causual-discovery\DC_FAS.py", line 402, in <module>
    sub_met = castle.metrics.MetricsDAG(sub_causal_matrix, sub_true_dag)
  File "C:\Users\tpc19\anaconda3\envs\py310\lib\site-packages\castle\metrics\evaluation.py", line 59, in __init__
    self.metrics = MetricsDAG._count_accuracy(self.B_est, self.B_true)
  File "C:\Users\tpc19\anaconda3\envs\py310\lib\site-packages\castle\metrics\evaluation.py", line 163, in _count_accuracy
    gscore = MetricsDAG._cal_gscore(W_p, W_true)
  File "C:\Users\tpc19\anaconda3\envs\py310\lib\site-packages\castle\metrics\evaluation.py", line 190, in _cal_gscore
    assert num_true!=0
AssertionError

[2025-04-12 00:52:34,650] sub_met2 before prunning None
[2025-04-12 00:52:34,650] sub_met after prunning None
[2025-04-12 00:52:34,650] 
===  7-th graph ===
[2025-04-12 00:52:34,650] 9 Nodes of Markov blanket: [1, 2, 3, 4, 5, 6, 7, 8, 9]
[2025-04-12 00:52:34,650] 10 Nodes of True MB: [0, 1, 2, 3, 4, 5, 6, 7, 8, 9], parents: {0}, children: {1}, spouse: {0, 2, 3, 4, 5, 6, 7, 8, 9}
[2025-04-12 00:52:34,654] [MB metrics] precision: 1.000, recall: 0.900, acc: 0.900, f1: 0.947
[2025-04-12 00:52:49,189] sub_met2 before prunning {'fdr': 0.5556, 'tpr': 1.0, 'fpr': 1.0, 'shd': 20, 'nnz': 36, 'precision': 0.4444, 'recall': 1.0, 'F1': 0.6154, 'gscore': 0.0}
[2025-04-12 00:52:49,190] sub_met after prunning {'fdr': 0.3333, 'tpr': 1.0, 'fpr': 0.4, 'shd': 8, 'nnz': 24, 'precision': 0.6667, 'recall': 1.0, 'F1': 0.8, 'gscore': 0.5}
[2025-04-12 00:52:49,190] 
===  8-th graph ===
[2025-04-12 00:52:49,190] 9 Nodes of Markov blanket: [0, 1, 2, 3, 4, 5, 7, 8, 9]
[2025-04-12 00:52:49,190] 10 Nodes of True MB: [0, 1, 2, 3, 4, 5, 6, 7, 8, 9], parents: {6}, children: {1, 4}, spouse: {0, 2, 3, 4, 5, 6, 7, 8, 9}
[2025-04-12 00:52:49,193] [MB metrics] precision: 1.000, recall: 0.900, acc: 0.900, f1: 0.947
[2025-04-12 00:53:01,960] sub_met2 before prunning {'fdr': 0.5, 'tpr': 0.9474, 'fpr': 1.0588, 'shd': 18, 'nnz': 36, 'precision': 0.5, 'recall': 0.9474, 'F1': 0.6545, 'gscore': 0.0}
[2025-04-12 00:53:01,960] sub_met after prunning {'fdr': 0.1429, 'tpr': 0.9474, 'fpr': 0.1765, 'shd': 3, 'nnz': 21, 'precision': 0.8571, 'recall': 0.9474, 'F1': 0.9, 'gscore': 0.7895}
[2025-04-12 00:53:01,960] 
===  9-th graph ===
[2025-04-12 00:53:01,960] 9 Nodes of Markov blanket: [0, 1, 2, 3, 4, 5, 7, 8, 9]
[2025-04-12 00:53:01,960] 10 Nodes of True MB: [0, 1, 2, 3, 4, 5, 6, 7, 8, 9], parents: set(), children: {1, 2, 4, 5}, spouse: {0, 2, 3, 4, 5, 6, 7, 8, 9}
[2025-04-12 00:53:01,964] [MB metrics] precision: 1.000, recall: 0.900, acc: 0.900, f1: 0.947
[2025-04-12 00:53:14,234] sub_met2 before prunning {'fdr': 0.5, 'tpr': 0.9474, 'fpr': 1.0588, 'shd': 18, 'nnz': 36, 'precision': 0.5, 'recall': 0.9474, 'F1': 0.6545, 'gscore': 0.0}
[2025-04-12 00:53:14,234] sub_met after prunning {'fdr': 0.1429, 'tpr': 0.9474, 'fpr': 0.1765, 'shd': 3, 'nnz': 21, 'precision': 0.8571, 'recall': 0.9474, 'F1': 0.9, 'gscore': 0.7895}
[2025-04-12 00:53:14,235] 
======= Graph Summary =======
[2025-04-12 00:53:14,235] MB summary: {'precision': '0.99+-0.04', 'recall': '0.84+-0.16', 'acc': '0.83+-0.17', 'f1': '0.90+-0.12'}
[2025-04-12 00:53:14,240] merged_met_before  before prunning {'fdr': 0.5556, 'tpr': 0.9524, 'fpr': 1.0417, 'shd': 25, 'nnz': 45, 'precision': 0.4444, 'recall': 0.9524, 'F1': 0.6061, 'gscore': 0.0}
[2025-04-12 00:53:14,241] [[0 1 0 1 1 1 0 1 0 0]
 [0 0 0 0 0 0 0 0 0 0]
 [1 1 0 0 1 1 0 1 0 1]
 [0 1 0 0 1 1 0 0 0 0]
 [0 1 0 0 0 0 0 1 0 0]
 [0 1 0 0 1 0 0 1 0 0]
 [0 1 1 0 0 0 0 0 1 0]
 [0 1 0 0 0 0 0 0 0 0]
 [0 1 0 0 1 1 0 1 0 0]
 [0 1 0 0 1 1 0 1 1 0]]
[2025-04-12 00:53:14,244] merged_met_after  after prunning {'fdr': 0.375, 'tpr': 0.9524, 'fpr': 0.5, 'shd': 12, 'nnz': 32, 'precision': 0.625, 'recall': 0.9524, 'F1': 0.7547, 'gscore': 0.381}
[2025-04-12 00:53:14,245] 
================ repeat number 8 ====================
[2025-04-12 00:53:14,247] true_dag
[[0 0 0 1 0 0 1 0 0 1]
 [0 0 1 1 0 1 0 0 0 0]
 [0 0 0 1 0 0 0 0 0 0]
 [0 0 0 0 0 1 1 0 0 0]
 [0 0 0 1 0 0 1 0 1 0]
 [0 0 0 0 0 0 0 0 0 0]
 [0 0 0 0 0 1 0 0 0 0]
 [0 0 1 1 1 0 1 0 0 1]
 [0 0 0 1 0 0 0 0 0 1]
 [0 0 0 0 0 1 0 0 0 0]]
[2025-04-12 00:53:14,262] 
===  0-th graph ===
[2025-04-12 00:53:14,263] 8 Nodes of Markov blanket: [0, 1, 2, 3, 4, 6, 8, 9]
[2025-04-12 00:53:14,263] 9 Nodes of True MB: [0, 1, 2, 3, 4, 6, 7, 8, 9], parents: set(), children: {9, 3, 6}, spouse: {0, 1, 2, 3, 4, 7, 8}
[2025-04-12 00:53:14,266] [MB metrics] precision: 1.000, recall: 0.889, acc: 0.900, f1: 0.941
[2025-04-12 00:53:24,381] sub_met2 before prunning {'fdr': 0.5714, 'tpr': 1.0, 'fpr': 1.0, 'shd': 16, 'nnz': 28, 'precision': 0.4286, 'recall': 1.0, 'F1': 0.6, 'gscore': 0.0}
[2025-04-12 00:53:24,381] sub_met after prunning {'fdr': 0.4286, 'tpr': 1.0, 'fpr': 0.5625, 'shd': 9, 'nnz': 21, 'precision': 0.5714, 'recall': 1.0, 'F1': 0.7273, 'gscore': 0.25}
[2025-04-12 00:53:24,381] 
===  1-th graph ===
[2025-04-12 00:53:24,381] 9 Nodes of Markov blanket: [0, 1, 2, 4, 5, 6, 7, 8, 9]
[2025-04-12 00:53:24,382] 10 Nodes of True MB: [0, 1, 2, 3, 4, 5, 6, 7, 8, 9], parents: set(), children: {2, 3, 5}, spouse: {0, 1, 2, 3, 4, 6, 7, 8, 9}
[2025-04-12 00:53:24,385] [MB metrics] precision: 1.000, recall: 0.900, acc: 0.900, f1: 0.947
[2025-04-12 00:53:36,979] sub_met2 before prunning {'fdr': 0.6389, 'tpr': 1.0, 'fpr': 1.0, 'shd': 23, 'nnz': 36, 'precision': 0.3611, 'recall': 1.0, 'F1': 0.5306, 'gscore': 0.0}
[2025-04-12 00:53:36,979] sub_met after prunning {'fdr': 0.4545, 'tpr': 0.9231, 'fpr': 0.4348, 'shd': 11, 'nnz': 22, 'precision': 0.5455, 'recall': 0.9231, 'F1': 0.6857, 'gscore': 0.1538}
[2025-04-12 00:53:36,979] 
===  2-th graph ===
[2025-04-12 00:53:36,979] 7 Nodes of Markov blanket: [0, 1, 2, 3, 4, 7, 8]
[2025-04-12 00:53:36,979] 7 Nodes of True MB: [0, 1, 2, 3, 4, 7, 8], parents: {1, 7}, children: {3}, spouse: {0, 1, 2, 4, 7, 8}
[2025-04-12 00:53:36,983] [MB metrics] precision: 1.000, recall: 1.000, acc: 1.000, f1: 1.000
[2025-04-12 00:53:45,367] sub_met2 before prunning {'fdr': 0.5238, 'tpr': 1.0, 'fpr': 1.0, 'shd': 11, 'nnz': 21, 'precision': 0.4762, 'recall': 1.0, 'F1': 0.6452, 'gscore': 0.0}
[2025-04-12 00:53:45,368] sub_met after prunning {'fdr': 0.0, 'tpr': 1.0, 'fpr': 0.0, 'shd': 0, 'nnz': 10, 'precision': 1.0, 'recall': 1.0, 'F1': 1.0, 'gscore': 1.0}
[2025-04-12 00:53:45,368] 
===  3-th graph ===
[2025-04-12 00:53:45,368] 9 Nodes of Markov blanket: [0, 2, 3, 4, 5, 6, 7, 8, 9]
[2025-04-12 00:53:45,368] 10 Nodes of True MB: [0, 1, 2, 3, 4, 5, 6, 7, 8, 9], parents: {0, 1, 2, 4, 7, 8}, children: {5, 6}, spouse: {0, 1, 3, 4, 6, 7, 9}
[2025-04-12 00:53:45,372] [MB metrics] precision: 1.000, recall: 0.900, acc: 0.900, f1: 0.947
[2025-04-12 00:53:57,798] sub_met2 before prunning {'fdr': 0.5, 'tpr': 1.0, 'fpr': 1.0, 'shd': 18, 'nnz': 36, 'precision': 0.5, 'recall': 1.0, 'F1': 0.6667, 'gscore': 0.0}
[2025-04-12 00:53:57,799] sub_met after prunning {'fdr': 0.1818, 'tpr': 1.0, 'fpr': 0.2222, 'shd': 4, 'nnz': 22, 'precision': 0.8182, 'recall': 1.0, 'F1': 0.9, 'gscore': 0.7778}
[2025-04-12 00:53:57,799] 
===  4-th graph ===
[2025-04-12 00:53:57,799] 8 Nodes of Markov blanket: [0, 1, 2, 3, 4, 6, 7, 8]
[2025-04-12 00:53:57,800] 8 Nodes of True MB: [0, 1, 2, 3, 4, 6, 7, 8], parents: {7}, children: {8, 3, 6}, spouse: {0, 1, 2, 3, 4, 7, 8}
[2025-04-12 00:53:57,803] [MB metrics] precision: 1.000, recall: 1.000, acc: 1.000, f1: 1.000
[2025-04-12 00:54:08,123] sub_met2 before prunning {'fdr': 0.5, 'tpr': 1.0, 'fpr': 1.0, 'shd': 14, 'nnz': 28, 'precision': 0.5, 'recall': 1.0, 'F1': 0.6667, 'gscore': 0.0}
[2025-04-12 00:54:08,124] sub_met after prunning {'fdr': 0.0, 'tpr': 1.0, 'fpr': 0.0, 'shd': 0, 'nnz': 14, 'precision': 1.0, 'recall': 1.0, 'F1': 1.0, 'gscore': 1.0}
[2025-04-12 00:54:08,124] 
===  5-th graph ===
[2025-04-12 00:54:08,124] 5 Nodes of Markov blanket: [1, 3, 5, 6, 9]
[2025-04-12 00:54:08,124] 4 Nodes of True MB: [1, 3, 6, 9], parents: {1, 3, 6, 9}, children: set(), spouse: set()
[2025-04-12 00:54:08,128] [MB metrics] precision: 0.800, recall: 1.000, acc: 0.900, f1: 0.889
[2025-04-12 00:54:13,205] sub_met2 before prunning {'fdr': 0.5, 'tpr': 0.8333, 'fpr': 1.25, 'shd': 5, 'nnz': 10, 'precision': 0.5, 'recall': 0.8333, 'F1': 0.625, 'gscore': 0.0}
[2025-04-12 00:54:13,205] sub_met after prunning {'fdr': 0.4444, 'tpr': 0.8333, 'fpr': 1.0, 'shd': 4, 'nnz': 9, 'precision': 0.5556, 'recall': 0.8333, 'F1': 0.6667, 'gscore': 0.1667}
[2025-04-12 00:54:13,205] 
===  6-th graph ===
[2025-04-12 00:54:13,205] 8 Nodes of Markov blanket: [0, 1, 3, 4, 5, 6, 7, 9]
[2025-04-12 00:54:13,205] 8 Nodes of True MB: [0, 1, 3, 4, 5, 6, 7, 9], parents: {0, 3, 4, 7}, children: {5}, spouse: {1, 3, 6, 9}
[2025-04-12 00:54:13,209] [MB metrics] precision: 1.000, recall: 1.000, acc: 1.000, f1: 1.000
[2025-04-12 00:54:23,484] sub_met2 before prunning {'fdr': 0.4643, 'tpr': 1.0, 'fpr': 1.0, 'shd': 13, 'nnz': 28, 'precision': 0.5357, 'recall': 1.0, 'F1': 0.6977, 'gscore': 0.1333}
[2025-04-12 00:54:23,484] sub_met after prunning {'fdr': 0.2105, 'tpr': 1.0, 'fpr': 0.3077, 'shd': 4, 'nnz': 19, 'precision': 0.7895, 'recall': 1.0, 'F1': 0.8824, 'gscore': 0.7333}
[2025-04-12 00:54:23,484] 
===  7-th graph ===
[2025-04-12 00:54:23,484] 8 Nodes of Markov blanket: [1, 2, 3, 4, 6, 7, 8, 9]
[2025-04-12 00:54:23,484] 9 Nodes of True MB: [0, 1, 2, 3, 4, 6, 7, 8, 9], parents: set(), children: {2, 3, 4, 6, 9}, spouse: {0, 1, 2, 3, 4, 7, 8}
[2025-04-12 00:54:23,488] [MB metrics] precision: 1.000, recall: 0.889, acc: 0.900, f1: 0.941
[2025-04-12 00:54:33,665] sub_met2 before prunning {'fdr': 0.5, 'tpr': 1.0, 'fpr': 1.0, 'shd': 14, 'nnz': 28, 'precision': 0.5, 'recall': 1.0, 'F1': 0.6667, 'gscore': 0.0}
[2025-04-12 00:54:33,665] sub_met after prunning {'fdr': 0.2778, 'tpr': 0.9286, 'fpr': 0.3571, 'shd': 6, 'nnz': 18, 'precision': 0.7222, 'recall': 0.9286, 'F1': 0.8125, 'gscore': 0.5714}
[2025-04-12 00:54:33,665] 
===  8-th graph ===
[2025-04-12 00:54:33,665] 8 Nodes of Markov blanket: [0, 1, 2, 3, 4, 7, 8, 9]
[2025-04-12 00:54:33,666] 8 Nodes of True MB: [0, 1, 2, 3, 4, 7, 8, 9], parents: {4}, children: {9, 3}, spouse: {0, 1, 2, 4, 7, 8}
[2025-04-12 00:54:33,668] [MB metrics] precision: 1.000, recall: 1.000, acc: 1.000, f1: 1.000
[2025-04-12 00:54:43,879] sub_met2 before prunning {'fdr': 0.5357, 'tpr': 1.0, 'fpr': 1.0, 'shd': 15, 'nnz': 28, 'precision': 0.4643, 'recall': 1.0, 'F1': 0.6341, 'gscore': 0.0}
[2025-04-12 00:54:43,879] sub_met after prunning {'fdr': 0.0, 'tpr': 1.0, 'fpr': 0.0, 'shd': 0, 'nnz': 13, 'precision': 1.0, 'recall': 1.0, 'F1': 1.0, 'gscore': 1.0}
[2025-04-12 00:54:43,879] 
===  9-th graph ===
[2025-04-12 00:54:43,879] 8 Nodes of Markov blanket: [0, 1, 3, 5, 6, 7, 8, 9]
[2025-04-12 00:54:43,879] 8 Nodes of True MB: [0, 1, 3, 5, 6, 7, 8, 9], parents: {0, 8, 7}, children: {5}, spouse: {1, 3, 6, 9}
[2025-04-12 00:54:43,882] [MB metrics] precision: 1.000, recall: 1.000, acc: 1.000, f1: 1.000
[2025-04-12 00:54:54,221] sub_met2 before prunning {'fdr': 0.5714, 'tpr': 0.8571, 'fpr': 1.1429, 'shd': 16, 'nnz': 28, 'precision': 0.4286, 'recall': 0.8571, 'F1': 0.5714, 'gscore': 0.0}
[2025-04-12 00:54:54,221] sub_met after prunning {'fdr': 0.4, 'tpr': 0.8571, 'fpr': 0.5714, 'shd': 9, 'nnz': 20, 'precision': 0.6, 'recall': 0.8571, 'F1': 0.7059, 'gscore': 0.2857}
[2025-04-12 00:54:54,222] 
======= Graph Summary =======
[2025-04-12 00:54:54,222] MB summary: {'precision': '0.98+-0.06', 'recall': '0.96+-0.05', 'acc': '0.95+-0.05', 'f1': '0.97+-0.04'}
[2025-04-12 00:54:54,228] merged_met_before  before prunning {'fdr': 0.5333, 'tpr': 1.0, 'fpr': 1.0, 'shd': 24, 'nnz': 45, 'precision': 0.4667, 'recall': 1.0, 'F1': 0.6364, 'gscore': 0.0}
[2025-04-12 00:54:54,229] [[0 0 0 1 1 1 1 1 1 1]
 [0 0 1 1 0 1 1 0 1 1]
 [0 0 0 1 0 1 1 0 0 1]
 [0 0 0 0 0 1 1 0 0 1]
 [0 0 1 1 0 1 1 0 1 1]
 [0 0 0 0 0 0 0 0 0 0]
 [0 0 0 0 0 1 0 0 0 0]
 [0 0 1 1 1 1 1 0 1 1]
 [0 0 0 1 0 1 1 0 0 1]
 [0 0 0 0 0 1 1 0 0 0]]
[2025-04-12 00:54:54,233] merged_met_after  after prunning {'fdr': 0.475, 'tpr': 1.0, 'fpr': 0.7917, 'shd': 19, 'nnz': 40, 'precision': 0.525, 'recall': 1.0, 'F1': 0.6885, 'gscore': 0.0952}
[2025-04-12 00:54:54,234] 
================ repeat number 9 ====================
[2025-04-12 00:54:54,237] true_dag
[[0 0 0 0 0 0 0 0 0 0]
 [1 0 0 0 0 1 0 0 0 1]
 [1 0 0 0 0 1 0 0 0 0]
 [1 0 0 0 0 0 0 0 0 0]
 [0 0 0 0 0 1 0 0 0 0]
 [0 0 0 0 0 0 0 0 0 0]
 [1 0 0 0 0 0 0 0 0 1]
 [0 0 0 0 1 1 0 0 0 0]
 [1 1 1 1 1 1 1 1 0 1]
 [0 0 0 0 0 1 0 0 0 0]]
[2025-04-12 00:54:54,251] 
===  0-th graph ===
[2025-04-12 00:54:54,251] 6 Nodes of Markov blanket: [0, 1, 2, 3, 6, 8]
[2025-04-12 00:54:54,251] 5 Nodes of True MB: [1, 2, 3, 6, 8], parents: {1, 2, 3, 6, 8}, children: set(), spouse: set()
[2025-04-12 00:54:54,254] [MB metrics] precision: 0.833, recall: 1.000, acc: 0.889, f1: 0.909
[2025-04-12 00:55:00,833] sub_met2 before prunning {'fdr': 0.4, 'tpr': 1.0, 'fpr': 1.0, 'shd': 6, 'nnz': 15, 'precision': 0.6, 'recall': 1.0, 'F1': 0.75, 'gscore': 0.3333}
[2025-04-12 00:55:00,834] sub_met after prunning {'fdr': 0.0, 'tpr': 1.0, 'fpr': 0.0, 'shd': 0, 'nnz': 9, 'precision': 1.0, 'recall': 1.0, 'F1': 1.0, 'gscore': 1.0}
[2025-04-12 00:55:00,834] 
===  1-th graph ===
[2025-04-12 00:55:00,834] 9 Nodes of Markov blanket: [0, 1, 2, 3, 4, 5, 6, 7, 8]
[2025-04-12 00:55:00,834] 10 Nodes of True MB: [0, 1, 2, 3, 4, 5, 6, 7, 8, 9], parents: {8}, children: {0, 9, 5}, spouse: {1, 2, 3, 4, 6, 7, 8, 9}
[2025-04-12 00:55:00,837] [MB metrics] precision: 1.000, recall: 0.900, acc: 0.900, f1: 0.947
[2025-04-12 00:55:13,293] sub_met2 before prunning {'fdr': 0.5278, 'tpr': 1.0, 'fpr': 1.0, 'shd': 19, 'nnz': 36, 'precision': 0.4722, 'recall': 1.0, 'F1': 0.6415, 'gscore': 0.0}
[2025-04-12 00:55:13,293] sub_met after prunning {'fdr': 0.0556, 'tpr': 1.0, 'fpr': 0.0526, 'shd': 1, 'nnz': 18, 'precision': 0.9444, 'recall': 1.0, 'F1': 0.9714, 'gscore': 0.9412}
[2025-04-12 00:55:13,293] 
===  2-th graph ===
[2025-04-12 00:55:13,294] 10 Nodes of Markov blanket: [0, 1, 2, 3, 4, 5, 6, 7, 8, 9]
[2025-04-12 00:55:13,294] 10 Nodes of True MB: [0, 1, 2, 3, 4, 5, 6, 7, 8, 9], parents: {8}, children: {0, 5}, spouse: {1, 2, 3, 4, 6, 7, 8, 9}
[2025-04-12 00:55:13,297] [MB metrics] precision: 1.000, recall: 1.000, acc: 1.000, f1: 1.000
[2025-04-12 00:55:27,918] sub_met2 before prunning {'fdr': 0.5333, 'tpr': 1.0, 'fpr': 1.0, 'shd': 24, 'nnz': 45, 'precision': 0.4667, 'recall': 1.0, 'F1': 0.6364, 'gscore': 0.0}
[2025-04-12 00:55:27,918] sub_met after prunning {'fdr': 0.0, 'tpr': 1.0, 'fpr': 0.0, 'shd': 0, 'nnz': 21, 'precision': 1.0, 'recall': 1.0, 'F1': 1.0, 'gscore': 1.0}
[2025-04-12 00:55:27,918] 
===  3-th graph ===
[2025-04-12 00:55:27,918] 6 Nodes of Markov blanket: [0, 1, 2, 3, 6, 8]
[2025-04-12 00:55:27,919] 6 Nodes of True MB: [0, 1, 2, 3, 6, 8], parents: {8}, children: {0}, spouse: {1, 2, 3, 6, 8}
[2025-04-12 00:55:27,922] [MB metrics] precision: 1.000, recall: 1.000, acc: 1.000, f1: 1.000
[2025-04-12 00:55:34,512] sub_met2 before prunning {'fdr': 0.4, 'tpr': 1.0, 'fpr': 1.0, 'shd': 6, 'nnz': 15, 'precision': 0.6, 'recall': 1.0, 'F1': 0.75, 'gscore': 0.3333}
[2025-04-12 00:55:34,512] sub_met after prunning {'fdr': 0.0, 'tpr': 1.0, 'fpr': 0.0, 'shd': 0, 'nnz': 9, 'precision': 1.0, 'recall': 1.0, 'F1': 1.0, 'gscore': 1.0}
[2025-04-12 00:55:34,512] 
===  4-th graph ===
[2025-04-12 00:55:34,513] 6 Nodes of Markov blanket: [1, 2, 4, 5, 8, 9]
[2025-04-12 00:55:34,513] 7 Nodes of True MB: [1, 2, 4, 5, 7, 8, 9], parents: {8, 7}, children: {5}, spouse: {1, 2, 4, 7, 8, 9}
[2025-04-12 00:55:34,516] [MB metrics] precision: 1.000, recall: 0.857, acc: 0.900, f1: 0.923
[2025-04-12 00:55:41,432] sub_met2 before prunning {'fdr': 0.3333, 'tpr': 1.0, 'fpr': 1.0, 'shd': 5, 'nnz': 15, 'precision': 0.6667, 'recall': 1.0, 'F1': 0.8, 'gscore': 0.5}
[2025-04-12 00:55:41,432] sub_met after prunning {'fdr': 0.0, 'tpr': 0.9, 'fpr': 0.0, 'shd': 1, 'nnz': 9, 'precision': 1.0, 'recall': 0.9, 'F1': 0.9474, 'gscore': 0.9}
[2025-04-12 00:55:41,433] 
===  5-th graph ===
[2025-04-12 00:55:41,433] 7 Nodes of Markov blanket: [1, 2, 4, 5, 7, 8, 9]
[2025-04-12 00:55:41,433] 6 Nodes of True MB: [1, 2, 4, 7, 8, 9], parents: {1, 2, 4, 7, 8, 9}, children: set(), spouse: set()
[2025-04-12 00:55:41,436] [MB metrics] precision: 0.857, recall: 1.000, acc: 0.900, f1: 0.923
[2025-04-12 00:55:50,202] sub_met2 before prunning {'fdr': 0.4286, 'tpr': 0.9231, 'fpr': 1.125, 'shd': 9, 'nnz': 21, 'precision': 0.5714, 'recall': 0.9231, 'F1': 0.7059, 'gscore': 0.2308}
[2025-04-12 00:55:50,203] sub_met after prunning {'fdr': 0.25, 'tpr': 0.9231, 'fpr': 0.5, 'shd': 4, 'nnz': 16, 'precision': 0.75, 'recall': 0.9231, 'F1': 0.8276, 'gscore': 0.6154}
[2025-04-12 00:55:50,203] 
===  6-th graph ===
[2025-04-12 00:55:50,203] 7 Nodes of Markov blanket: [0, 1, 2, 3, 6, 8, 9]
[2025-04-12 00:55:50,203] 7 Nodes of True MB: [0, 1, 2, 3, 6, 8, 9], parents: {8}, children: {0, 9}, spouse: {1, 2, 3, 6, 8}
[2025-04-12 00:55:50,207] [MB metrics] precision: 1.000, recall: 1.000, acc: 1.000, f1: 1.000
[2025-04-12 00:55:58,491] sub_met2 before prunning {'fdr': 0.4286, 'tpr': 1.0, 'fpr': 1.0, 'shd': 9, 'nnz': 21, 'precision': 0.5714, 'recall': 1.0, 'F1': 0.7273, 'gscore': 0.25}
[2025-04-12 00:55:58,492] sub_met after prunning {'fdr': 0.0, 'tpr': 1.0, 'fpr': 0.0, 'shd': 0, 'nnz': 12, 'precision': 1.0, 'recall': 1.0, 'F1': 1.0, 'gscore': 1.0}
[2025-04-12 00:55:58,492] 
===  7-th graph ===
[2025-04-12 00:55:58,492] 6 Nodes of Markov blanket: [1, 2, 5, 7, 8, 9]
[2025-04-12 00:55:58,492] 7 Nodes of True MB: [1, 2, 4, 5, 7, 8, 9], parents: {8}, children: {4, 5}, spouse: {1, 2, 4, 7, 8, 9}
[2025-04-12 00:55:58,495] [MB metrics] precision: 1.000, recall: 0.857, acc: 0.900, f1: 0.923
[2025-04-12 00:56:05,093] sub_met2 before prunning {'fdr': 0.3333, 'tpr': 1.0, 'fpr': 1.0, 'shd': 5, 'nnz': 15, 'precision': 0.6667, 'recall': 1.0, 'F1': 0.8, 'gscore': 0.5}
[2025-04-12 00:56:05,093] sub_met after prunning {'fdr': 0.0, 'tpr': 0.9, 'fpr': 0.0, 'shd': 1, 'nnz': 9, 'precision': 1.0, 'recall': 0.9, 'F1': 0.9474, 'gscore': 0.9}
[2025-04-12 00:56:05,093] 
===  8-th graph ===
[2025-04-12 00:56:05,093] 10 Nodes of Markov blanket: [0, 1, 2, 3, 4, 5, 6, 7, 8, 9]
[2025-04-12 00:56:05,093] 10 Nodes of True MB: [0, 1, 2, 3, 4, 5, 6, 7, 8, 9], parents: set(), children: {0, 1, 2, 3, 4, 5, 6, 7, 9}, spouse: {1, 2, 3, 4, 6, 7, 8, 9}
[2025-04-12 00:56:05,096] [MB metrics] precision: 1.000, recall: 1.000, acc: 1.000, f1: 1.000
[2025-04-12 00:56:19,730] sub_met2 before prunning {'fdr': 0.5333, 'tpr': 1.0, 'fpr': 1.0, 'shd': 24, 'nnz': 45, 'precision': 0.4667, 'recall': 1.0, 'F1': 0.6364, 'gscore': 0.0}
[2025-04-12 00:56:19,730] sub_met after prunning {'fdr': 0.0, 'tpr': 1.0, 'fpr': 0.0, 'shd': 0, 'nnz': 21, 'precision': 1.0, 'recall': 1.0, 'F1': 1.0, 'gscore': 1.0}
[2025-04-12 00:56:19,731] 
===  9-th graph ===
[2025-04-12 00:56:19,731] 7 Nodes of Markov blanket: [2, 4, 5, 6, 7, 8, 9]
[2025-04-12 00:56:19,731] 8 Nodes of True MB: [1, 2, 4, 5, 6, 7, 8, 9], parents: {8, 1, 6}, children: {5}, spouse: {1, 2, 4, 7, 8, 9}
[2025-04-12 00:56:19,734] [MB metrics] precision: 1.000, recall: 0.875, acc: 0.900, f1: 0.933
[2025-04-12 00:56:28,076] sub_met2 before prunning {'fdr': 0.4762, 'tpr': 0.9167, 'fpr': 1.1111, 'shd': 10, 'nnz': 21, 'precision': 0.5238, 'recall': 0.9167, 'F1': 0.6667, 'gscore': 0.0833}
[2025-04-12 00:56:28,076] sub_met after prunning {'fdr': 0.1538, 'tpr': 0.9167, 'fpr': 0.2222, 'shd': 2, 'nnz': 13, 'precision': 0.8462, 'recall': 0.9167, 'F1': 0.88, 'gscore': 0.75}
[2025-04-12 00:56:28,076] 
======= Graph Summary =======
[2025-04-12 00:56:28,076] MB summary: {'precision': '0.97+-0.06', 'recall': '0.95+-0.06', 'acc': '0.94+-0.05', 'f1': '0.96+-0.04'}
[2025-04-12 00:56:28,082] merged_met_before  before prunning {'fdr': 0.5333, 'tpr': 1.0, 'fpr': 1.0, 'shd': 24, 'nnz': 45, 'precision': 0.4667, 'recall': 1.0, 'F1': 0.6364, 'gscore': 0.0}
[2025-04-12 00:56:28,083] [[0 0 0 0 0 0 0 0 0 0]
 [1 0 0 0 0 1 0 0 0 1]
 [1 0 0 0 0 1 0 0 0 1]
 [1 0 0 0 0 0 0 0 0 0]
 [0 0 0 0 0 1 0 0 0 1]
 [0 0 0 0 0 0 0 0 0 0]
 [1 0 0 0 0 1 0 0 0 1]
 [0 0 0 0 1 1 0 0 0 1]
 [1 1 1 1 1 1 1 1 0 1]
 [0 0 0 0 0 1 0 0 0 0]]
[2025-04-12 00:56:28,087] merged_met_after  after prunning {'fdr': 0.16, 'tpr': 1.0, 'fpr': 0.1667, 'shd': 4, 'nnz': 25, 'precision': 0.84, 'recall': 1.0, 'F1': 0.913, 'gscore': 0.8095}
[2025-04-12 00:56:28,087] 
================ repeat number 10 ====================
[2025-04-12 00:56:28,090] true_dag
[[0 0 0 0 1 0 1 1 0 0]
 [0 0 0 0 0 0 1 1 1 1]
 [0 0 0 0 1 0 1 1 0 1]
 [0 0 0 0 0 0 0 0 1 0]
 [0 0 0 0 0 0 0 1 0 0]
 [1 0 1 0 0 0 0 1 1 0]
 [0 0 0 0 0 0 0 0 0 0]
 [0 0 0 0 0 0 1 0 0 0]
 [0 0 0 0 0 0 1 1 0 1]
 [0 0 0 0 0 0 0 0 0 0]]
[2025-04-12 00:56:28,104] 
===  0-th graph ===
[2025-04-12 00:56:28,104] 6 Nodes of Markov blanket: [0, 1, 2, 4, 6, 8]
[2025-04-12 00:56:28,104] 8 Nodes of True MB: [0, 1, 2, 4, 5, 6, 7, 8], parents: {5}, children: {4, 6, 7}, spouse: {0, 1, 2, 4, 5, 7, 8}
[2025-04-12 00:56:28,108] [MB metrics] precision: 1.000, recall: 0.750, acc: 0.778, f1: 0.857
[2025-04-12 00:56:34,646] sub_met2 before prunning {'fdr': 0.5333, 'tpr': 1.0, 'fpr': 1.0, 'shd': 8, 'nnz': 15, 'precision': 0.4667, 'recall': 1.0, 'F1': 0.6364, 'gscore': 0.0}
[2025-04-12 00:56:34,648] sub_met after prunning {'fdr': 0.3636, 'tpr': 1.0, 'fpr': 0.5, 'shd': 4, 'nnz': 11, 'precision': 0.6364, 'recall': 1.0, 'F1': 0.7778, 'gscore': 0.4286}
[2025-04-12 00:56:34,648] 
===  1-th graph ===
[2025-04-12 00:56:34,648] 10 Nodes of Markov blanket: [0, 1, 2, 3, 4, 5, 6, 7, 8, 9]
[2025-04-12 00:56:34,648] 10 Nodes of True MB: [0, 1, 2, 3, 4, 5, 6, 7, 8, 9], parents: set(), children: {8, 9, 6, 7}, spouse: {0, 1, 2, 3, 4, 5, 7, 8}
[2025-04-12 00:56:34,651] [MB metrics] precision: 1.000, recall: 1.000, acc: 1.000, f1: 1.000
[2025-04-12 00:56:49,488] sub_met2 before prunning {'fdr': 0.5556, 'tpr': 0.9524, 'fpr': 1.0417, 'shd': 25, 'nnz': 45, 'precision': 0.4444, 'recall': 0.9524, 'F1': 0.6061, 'gscore': 0.0}
[2025-04-12 00:56:49,489] sub_met after prunning {'fdr': 0.1667, 'tpr': 0.9524, 'fpr': 0.1667, 'shd': 4, 'nnz': 24, 'precision': 0.8333, 'recall': 0.9524, 'F1': 0.8889, 'gscore': 0.7619}
[2025-04-12 00:56:49,489] 
===  2-th graph ===
[2025-04-12 00:56:49,489] 8 Nodes of Markov blanket: [0, 1, 2, 4, 6, 7, 8, 9]
[2025-04-12 00:56:49,489] 9 Nodes of True MB: [0, 1, 2, 4, 5, 6, 7, 8, 9], parents: {5}, children: {9, 4, 6, 7}, spouse: {0, 1, 2, 4, 5, 7, 8}
[2025-04-12 00:56:49,493] [MB metrics] precision: 1.000, recall: 0.889, acc: 0.900, f1: 0.941
[2025-04-12 00:56:59,625] sub_met2 before prunning {'fdr': 0.4286, 'tpr': 1.0, 'fpr': 1.0, 'shd': 12, 'nnz': 28, 'precision': 0.5714, 'recall': 1.0, 'F1': 0.7273, 'gscore': 0.25}
[2025-04-12 00:56:59,625] sub_met after prunning {'fdr': 0.1579, 'tpr': 1.0, 'fpr': 0.25, 'shd': 3, 'nnz': 19, 'precision': 0.8421, 'recall': 1.0, 'F1': 0.9143, 'gscore': 0.8125}
[2025-04-12 00:56:59,625] 
===  3-th graph ===
[2025-04-12 00:56:59,625] 4 Nodes of Markov blanket: [1, 3, 5, 8]
[2025-04-12 00:56:59,625] 4 Nodes of True MB: [1, 3, 5, 8], parents: set(), children: {8}, spouse: {1, 3, 5}
[2025-04-12 00:56:59,628] [MB metrics] precision: 1.000, recall: 1.000, acc: 1.000, f1: 1.000
[2025-04-12 00:57:03,224] sub_met2 before prunning {'fdr': 0.5, 'tpr': 1.0, 'fpr': 1.0, 'shd': 3, 'nnz': 6, 'precision': 0.5, 'recall': 1.0, 'F1': 0.6667, 'gscore': 0.0}
[2025-04-12 00:57:03,224] sub_met after prunning {'fdr': 0.0, 'tpr': 1.0, 'fpr': 0.0, 'shd': 0, 'nnz': 3, 'precision': 1.0, 'recall': 1.0, 'F1': 1.0, 'gscore': 1.0}
[2025-04-12 00:57:03,224] 
===  4-th graph ===
[2025-04-12 00:57:03,224] 7 Nodes of Markov blanket: [0, 1, 2, 4, 5, 7, 8]
[2025-04-12 00:57:03,225] 7 Nodes of True MB: [0, 1, 2, 4, 5, 7, 8], parents: {0, 2}, children: {7}, spouse: {0, 1, 2, 4, 5, 8}
[2025-04-12 00:57:03,228] [MB metrics] precision: 1.000, recall: 1.000, acc: 1.000, f1: 1.000
[2025-04-12 00:57:11,889] sub_met2 before prunning {'fdr': 0.4286, 'tpr': 1.0, 'fpr': 1.0, 'shd': 9, 'nnz': 21, 'precision': 0.5714, 'recall': 1.0, 'F1': 0.7273, 'gscore': 0.25}
[2025-04-12 00:57:11,890] sub_met after prunning {'fdr': 0.0, 'tpr': 1.0, 'fpr': 0.0, 'shd': 0, 'nnz': 12, 'precision': 1.0, 'recall': 1.0, 'F1': 1.0, 'gscore': 1.0}
[2025-04-12 00:57:11,890] 
===  5-th graph ===
[2025-04-12 00:57:11,890] 5 Nodes of Markov blanket: [1, 3, 4, 5, 7]
[2025-04-12 00:57:11,890] 8 Nodes of True MB: [0, 1, 2, 3, 4, 5, 7, 8], parents: set(), children: {0, 8, 2, 7}, spouse: {0, 1, 2, 3, 4, 5, 8}
[2025-04-12 00:57:11,893] [MB metrics] precision: 1.000, recall: 0.625, acc: 0.667, f1: 0.769
[2025-04-12 00:57:16,919] sub_met2 before prunning {'fdr': 0.8, 'tpr': 0.6667, 'fpr': 1.1429, 'shd': 8, 'nnz': 10, 'precision': 0.2, 'recall': 0.6667, 'F1': 0.3077, 'gscore': 0.0}
[2025-04-12 00:57:16,919] sub_met after prunning {'fdr': 0.6667, 'tpr': 0.6667, 'fpr': 0.5714, 'shd': 4, 'nnz': 6, 'precision': 0.3333, 'recall': 0.6667, 'F1': 0.4444, 'gscore': 0.0}
[2025-04-12 00:57:16,919] 
===  6-th graph ===
[2025-04-12 00:57:16,919] 6 Nodes of Markov blanket: [0, 1, 2, 6, 7, 8]
[2025-04-12 00:57:16,919] 5 Nodes of True MB: [0, 1, 2, 7, 8], parents: {0, 1, 2, 7, 8}, children: set(), spouse: set()
[2025-04-12 00:57:16,923] [MB metrics] precision: 0.833, recall: 1.000, acc: 0.889, f1: 0.909
[2025-04-12 00:57:23,546] sub_met2 before prunning {'fdr': 0.4667, 'tpr': 0.8, 'fpr': 1.4, 'shd': 7, 'nnz': 15, 'precision': 0.5333, 'recall': 0.8, 'F1': 0.64, 'gscore': 0.1}
[2025-04-12 00:57:23,546] sub_met after prunning {'fdr': 0.4286, 'tpr': 0.8, 'fpr': 1.2, 'shd': 6, 'nnz': 14, 'precision': 0.5714, 'recall': 0.8, 'F1': 0.6667, 'gscore': 0.2}
[2025-04-12 00:57:23,546] 
===  7-th graph ===
[2025-04-12 00:57:23,546] 7 Nodes of Markov blanket: [1, 2, 4, 5, 6, 7, 8]
[2025-04-12 00:57:23,546] 8 Nodes of True MB: [0, 1, 2, 4, 5, 6, 7, 8], parents: {0, 1, 2, 4, 5, 8}, children: {6}, spouse: {0, 1, 2, 7, 8}
[2025-04-12 00:57:23,550] [MB metrics] precision: 1.000, recall: 0.875, acc: 0.889, f1: 0.933
[2025-04-12 00:57:31,928] sub_met2 before prunning {'fdr': 0.4286, 'tpr': 0.9231, 'fpr': 1.125, 'shd': 9, 'nnz': 21, 'precision': 0.5714, 'recall': 0.9231, 'F1': 0.7059, 'gscore': 0.2308}
[2025-04-12 00:57:31,928] sub_met after prunning {'fdr': 0.2941, 'tpr': 0.9231, 'fpr': 0.625, 'shd': 5, 'nnz': 17, 'precision': 0.7059, 'recall': 0.9231, 'F1': 0.8, 'gscore': 0.5385}
[2025-04-12 00:57:31,928] 
===  8-th graph ===
[2025-04-12 00:57:31,928] 9 Nodes of Markov blanket: [0, 1, 2, 3, 4, 6, 7, 8, 9]
[2025-04-12 00:57:31,929] 10 Nodes of True MB: [0, 1, 2, 3, 4, 5, 6, 7, 8, 9], parents: {1, 3, 5}, children: {9, 6, 7}, spouse: {0, 1, 2, 4, 5, 7, 8}
[2025-04-12 00:57:31,932] [MB metrics] precision: 1.000, recall: 0.900, acc: 0.900, f1: 0.947
[2025-04-12 00:57:44,060] sub_met2 before prunning {'fdr': 0.5556, 'tpr': 0.9412, 'fpr': 1.0526, 'shd': 20, 'nnz': 36, 'precision': 0.4444, 'recall': 0.9412, 'F1': 0.6038, 'gscore': 0.0}
[2025-04-12 00:57:44,060] sub_met after prunning {'fdr': 0.3043, 'tpr': 0.9412, 'fpr': 0.3684, 'shd': 7, 'nnz': 23, 'precision': 0.6957, 'recall': 0.9412, 'F1': 0.8, 'gscore': 0.5294}
[2025-04-12 00:57:44,060] 
===  9-th graph ===
[2025-04-12 00:57:44,060] 4 Nodes of Markov blanket: [1, 2, 8, 9]
[2025-04-12 00:57:44,061] 3 Nodes of True MB: [1, 2, 8], parents: {8, 1, 2}, children: set(), spouse: set()
[2025-04-12 00:57:44,064] [MB metrics] precision: 0.750, recall: 1.000, acc: 0.900, f1: 0.857
[2025-04-12 00:57:47,659] sub_met2 before prunning {'fdr': 0.5, 'tpr': 0.75, 'fpr': 1.5, 'shd': 3, 'nnz': 6, 'precision': 0.5, 'recall': 0.75, 'F1': 0.6, 'gscore': 0.0}
[2025-04-12 00:57:47,659] sub_met after prunning {'fdr': 0.5, 'tpr': 0.5, 'fpr': 1.0, 'shd': 3, 'nnz': 4, 'precision': 0.5, 'recall': 0.5, 'F1': 0.5, 'gscore': 0.0}
[2025-04-12 00:57:47,660] 
======= Graph Summary =======
[2025-04-12 00:57:47,660] MB summary: {'precision': '0.96+-0.09', 'recall': '0.90+-0.12', 'acc': '0.89+-0.10', 'f1': '0.92+-0.07'}
[2025-04-12 00:57:47,665] merged_met_before  before prunning {'fdr': 0.5556, 'tpr': 0.9524, 'fpr': 1.0417, 'shd': 25, 'nnz': 45, 'precision': 0.4444, 'recall': 0.9524, 'F1': 0.6061, 'gscore': 0.0}
[2025-04-12 00:57:47,666] [[0 0 0 0 1 0 1 1 1 0]
 [1 0 0 1 0 0 1 1 1 1]
 [1 0 0 0 1 0 1 1 1 1]
 [0 0 0 0 1 0 0 1 0 0]
 [0 0 0 0 0 0 1 1 0 0]
 [1 0 1 1 1 0 1 1 1 0]
 [0 0 0 0 0 0 0 0 0 0]
 [0 0 0 0 0 0 1 0 0 0]
 [0 0 0 1 1 0 1 1 0 1]
 [0 0 0 1 0 0 0 0 0 0]]
[2025-04-12 00:57:47,670] merged_met_after  after prunning {'fdr': 0.4118, 'tpr': 0.9524, 'fpr': 0.5833, 'shd': 14, 'nnz': 34, 'precision': 0.5882, 'recall': 0.9524, 'F1': 0.7273, 'gscore': 0.2857}
[2025-04-12 00:57:47,671] Before pruning: {'fdr': '0.55+-0.03', 'tpr': '0.96+-0.06', 'fpr': '1.03+-0.06', 'shd': '24.80+-1.33', 'nnz': '44.90+-0.30', 'precision': '0.45+-0.03', 'recall': '0.96+-0.06', 'F1': '0.61+-0.04', 'gscore': '0.00+-0.00', 'time_mb': '0.01+-0.00', 'time_sub_avg': '8.91+-1.63', 'time_sub_max': '13.33+-1.40', 'time_sub_tot': '89.10+-16.27', 'time_FAS': '0.00+-0.00', 'time_dist_tot': '13.35+-1.40', 'time_tot': '89.12+-16.27'}
[2025-04-12 00:57:47,672] After pruning: {'fdr': '0.39+-0.12', 'tpr': '0.95+-0.06', 'fpr': '0.57+-0.23', 'shd': '13.70+-5.53', 'nnz': '33.60+-5.04', 'precision': '0.61+-0.12', 'recall': '0.95+-0.06', 'F1': '0.74+-0.10', 'gscore': '0.34+-0.25', 'time_mb': '0.01+-0.00', 'time_sub_avg': '8.91+-1.63', 'time_sub_max': '13.33+-1.40', 'time_sub_tot': '89.10+-16.27', 'time_FAS': '0.00+-0.00', 'time_dist_tot': '13.35+-1.40', 'time_tot': '89.12+-16.27'}
