[2025-04-12 01:54:25,738] 
================ repeat number 1 ====================
[2025-04-12 01:54:25,747] true_dag
[[0 0 0 0 0 1 0 0 0 0]
 [0 0 1 1 1 1 1 1 0 0]
 [0 0 0 0 0 0 0 0 0 0]
 [0 0 1 0 0 1 1 0 0 0]
 [0 0 1 1 0 1 1 0 0 0]
 [0 0 0 0 0 0 0 0 0 0]
 [1 0 1 0 0 1 0 1 0 0]
 [0 0 1 0 0 1 0 0 0 0]
 [1 0 0 0 1 1 1 0 0 0]
 [1 0 0 0 0 0 1 1 1 0]]
[2025-04-12 01:54:25,763] 
===  0-th graph ===
[2025-04-12 01:54:25,763] 6 Nodes of Markov blanket: [0, 3, 4, 6, 7, 8]
[2025-04-12 01:54:25,764] 9 Nodes of True MB: [0, 1, 3, 4, 5, 6, 7, 8, 9], parents: {8, 9, 6}, children: {5}, spouse: {0, 1, 3, 4, 6, 7, 8}
[2025-04-12 01:54:25,768] [MB metrics] precision: 1.000, recall: 0.667, acc: 0.700, f1: 0.800
[2025-04-12 01:54:32,078] sub_met2 before prunning {'fdr': 0.6, 'tpr': 0.75, 'fpr': 1.2857, 'shd': 9, 'nnz': 15, 'precision': 0.4, 'recall': 0.75, 'F1': 0.5217, 'gscore': 0.0}
[2025-04-12 01:54:32,079] sub_met after prunning {'fdr': 0.5385, 'tpr': 0.75, 'fpr': 1.0, 'shd': 7, 'nnz': 13, 'precision': 0.4615, 'recall': 0.75, 'F1': 0.5714, 'gscore': 0.0}
[2025-04-12 01:54:32,079] 
===  1-th graph ===
[2025-04-12 01:54:32,079] 7 Nodes of Markov blanket: [1, 2, 3, 4, 6, 7, 9]
[2025-04-12 01:54:32,079] 10 Nodes of True MB: [0, 1, 2, 3, 4, 5, 6, 7, 8, 9], parents: set(), children: {2, 3, 4, 5, 6, 7}, spouse: {0, 1, 3, 4, 6, 7, 8, 9}
[2025-04-12 01:54:32,082] [MB metrics] precision: 1.000, recall: 0.700, acc: 0.700, f1: 0.824
[2025-04-12 01:54:40,097] sub_met2 before prunning {'fdr': 0.3333, 'tpr': 0.9333, 'fpr': 1.1667, 'shd': 7, 'nnz': 21, 'precision': 0.6667, 'recall': 0.9333, 'F1': 0.7778, 'gscore': 0.4667}
[2025-04-12 01:54:40,097] sub_met after prunning {'fdr': 0.1765, 'tpr': 0.9333, 'fpr': 0.5, 'shd': 3, 'nnz': 17, 'precision': 0.8235, 'recall': 0.9333, 'F1': 0.875, 'gscore': 0.7333}
[2025-04-12 01:54:40,097] 
===  2-th graph ===
[2025-04-12 01:54:40,097] 6 Nodes of Markov blanket: [1, 2, 3, 4, 6, 7]
[2025-04-12 01:54:40,097] 5 Nodes of True MB: [1, 3, 4, 6, 7], parents: {1, 3, 4, 6, 7}, children: set(), spouse: set()
[2025-04-12 01:54:40,106] [MB metrics] precision: 0.833, recall: 1.000, acc: 0.875, f1: 0.909
[2025-04-12 01:54:46,542] sub_met2 before prunning {'fdr': 0.2, 'tpr': 0.9231, 'fpr': 1.5, 'shd': 3, 'nnz': 15, 'precision': 0.8, 'recall': 0.9231, 'F1': 0.8571, 'gscore': 0.6923}
[2025-04-12 01:54:46,542] sub_met after prunning {'fdr': 0.2, 'tpr': 0.9231, 'fpr': 1.5, 'shd': 3, 'nnz': 15, 'precision': 0.8, 'recall': 0.9231, 'F1': 0.8571, 'gscore': 0.6923}
[2025-04-12 01:54:46,542] 
===  3-th graph ===
[2025-04-12 01:54:46,542] 9 Nodes of Markov blanket: [0, 1, 2, 3, 4, 5, 6, 8, 9]
[2025-04-12 01:54:46,542] 10 Nodes of True MB: [0, 1, 2, 3, 4, 5, 6, 7, 8, 9], parents: {1, 4}, children: {2, 5, 6}, spouse: {0, 1, 3, 4, 6, 7, 8, 9}
[2025-04-12 01:54:46,547] [MB metrics] precision: 1.000, recall: 0.900, acc: 0.900, f1: 0.947
[2025-04-12 01:54:58,596] sub_met2 before prunning {'fdr': 0.3611, 'tpr': 1.0, 'fpr': 1.0, 'shd': 13, 'nnz': 36, 'precision': 0.6389, 'recall': 1.0, 'F1': 0.7797, 'gscore': 0.4348}
[2025-04-12 01:54:58,596] sub_met after prunning {'fdr': 0.1154, 'tpr': 1.0, 'fpr': 0.2308, 'shd': 3, 'nnz': 26, 'precision': 0.8846, 'recall': 1.0, 'F1': 0.9388, 'gscore': 0.8696}
[2025-04-12 01:54:58,597] 
===  4-th graph ===
[2025-04-12 01:54:58,597] 9 Nodes of Markov blanket: [0, 1, 2, 3, 4, 5, 6, 8, 9]
[2025-04-12 01:54:58,597] 10 Nodes of True MB: [0, 1, 2, 3, 4, 5, 6, 7, 8, 9], parents: {8, 1}, children: {2, 3, 5, 6}, spouse: {0, 1, 3, 4, 6, 7, 8, 9}
[2025-04-12 01:54:58,599] [MB metrics] precision: 1.000, recall: 0.900, acc: 0.900, f1: 0.947
[2025-04-12 01:55:10,396] sub_met2 before prunning {'fdr': 0.3611, 'tpr': 1.0, 'fpr': 1.0, 'shd': 13, 'nnz': 36, 'precision': 0.6389, 'recall': 1.0, 'F1': 0.7797, 'gscore': 0.4348}
[2025-04-12 01:55:10,402] sub_met after prunning {'fdr': 0.1154, 'tpr': 1.0, 'fpr': 0.2308, 'shd': 3, 'nnz': 26, 'precision': 0.8846, 'recall': 1.0, 'F1': 0.9388, 'gscore': 0.8696}
[2025-04-12 01:55:10,402] 
===  5-th graph ===
[2025-04-12 01:55:10,402] 6 Nodes of Markov blanket: [3, 4, 5, 6, 7, 8]
[2025-04-12 01:55:10,402] 7 Nodes of True MB: [0, 1, 3, 4, 6, 7, 8], parents: {0, 1, 3, 4, 6, 7, 8}, children: set(), spouse: set()
[2025-04-12 01:55:10,402] [MB metrics] precision: 0.833, recall: 0.714, acc: 0.667, f1: 0.769
[2025-04-12 01:55:16,820] sub_met2 before prunning {'fdr': 0.4, 'tpr': 0.8182, 'fpr': 1.5, 'shd': 6, 'nnz': 15, 'precision': 0.6, 'recall': 0.8182, 'F1': 0.6923, 'gscore': 0.2727}
[2025-04-12 01:55:16,820] sub_met after prunning {'fdr': 0.4, 'tpr': 0.8182, 'fpr': 1.5, 'shd': 6, 'nnz': 15, 'precision': 0.6, 'recall': 0.8182, 'F1': 0.6923, 'gscore': 0.2727}
[2025-04-12 01:55:16,820] 
===  6-th graph ===
[2025-04-12 01:55:16,820] 10 Nodes of Markov blanket: [0, 1, 2, 3, 4, 5, 6, 7, 8, 9]
[2025-04-12 01:55:16,820] 10 Nodes of True MB: [0, 1, 2, 3, 4, 5, 6, 7, 8, 9], parents: {1, 3, 4, 8, 9}, children: {0, 2, 5, 7}, spouse: {0, 1, 3, 4, 6, 7, 8, 9}
[2025-04-12 01:55:16,820] [MB metrics] precision: 1.000, recall: 1.000, acc: 1.000, f1: 1.000
[2025-04-12 01:55:31,116] sub_met2 before prunning {'fdr': 0.3778, 'tpr': 1.0, 'fpr': 1.0, 'shd': 17, 'nnz': 45, 'precision': 0.6222, 'recall': 1.0, 'F1': 0.7671, 'gscore': 0.3929}
[2025-04-12 01:55:31,122] sub_met after prunning {'fdr': 0.0, 'tpr': 1.0, 'fpr': 0.0, 'shd': 0, 'nnz': 28, 'precision': 1.0, 'recall': 1.0, 'F1': 1.0, 'gscore': 1.0}
[2025-04-12 01:55:31,122] 
===  7-th graph ===
[2025-04-12 01:55:31,122] 7 Nodes of Markov blanket: [0, 1, 2, 5, 6, 7, 8]
[2025-04-12 01:55:31,122] 10 Nodes of True MB: [0, 1, 2, 3, 4, 5, 6, 7, 8, 9], parents: {1, 6, 9}, children: {2, 5}, spouse: {0, 1, 3, 4, 6, 7, 8}
[2025-04-12 01:55:31,123] [MB metrics] precision: 1.000, recall: 0.700, acc: 0.700, f1: 0.824
[2025-04-12 01:55:39,047] sub_met2 before prunning {'fdr': 0.381, 'tpr': 0.9286, 'fpr': 1.1429, 'shd': 8, 'nnz': 21, 'precision': 0.619, 'recall': 0.9286, 'F1': 0.7429, 'gscore': 0.3571}
[2025-04-12 01:55:39,047] sub_met after prunning {'fdr': 0.3125, 'tpr': 0.7857, 'fpr': 0.7143, 'shd': 7, 'nnz': 16, 'precision': 0.6875, 'recall': 0.7857, 'F1': 0.7333, 'gscore': 0.4286}
[2025-04-12 01:55:39,047] 
===  8-th graph ===
[2025-04-12 01:55:39,047] 8 Nodes of Markov blanket: [0, 3, 4, 5, 6, 7, 8, 9]
[2025-04-12 01:55:39,047] 9 Nodes of True MB: [0, 1, 3, 4, 5, 6, 7, 8, 9], parents: {9}, children: {0, 4, 5, 6}, spouse: {0, 1, 3, 4, 6, 7, 8, 9}
[2025-04-12 01:55:39,050] [MB metrics] precision: 1.000, recall: 0.889, acc: 0.900, f1: 0.941
[2025-04-12 01:55:49,014] sub_met2 before prunning {'fdr': 0.4286, 'tpr': 0.8889, 'fpr': 1.2, 'shd': 12, 'nnz': 28, 'precision': 0.5714, 'recall': 0.8889, 'F1': 0.6957, 'gscore': 0.2222}
[2025-04-12 01:55:49,014] sub_met after prunning {'fdr': 0.3182, 'tpr': 0.8333, 'fpr': 0.7, 'shd': 8, 'nnz': 22, 'precision': 0.6818, 'recall': 0.8333, 'F1': 0.75, 'gscore': 0.4444}
[2025-04-12 01:55:49,014] 
===  9-th graph ===
[2025-04-12 01:55:49,014] 6 Nodes of Markov blanket: [1, 3, 4, 6, 8, 9]
[2025-04-12 01:55:49,016] 8 Nodes of True MB: [0, 1, 3, 4, 6, 7, 8, 9], parents: set(), children: {0, 8, 6, 7}, spouse: {1, 3, 4, 6, 8, 9}
[2025-04-12 01:55:49,016] [MB metrics] precision: 1.000, recall: 0.750, acc: 0.800, f1: 0.857
[2025-04-12 01:55:55,402] sub_met2 before prunning {'fdr': 0.3333, 'tpr': 1.0, 'fpr': 1.0, 'shd': 5, 'nnz': 15, 'precision': 0.6667, 'recall': 1.0, 'F1': 0.8, 'gscore': 0.5}
[2025-04-12 01:55:55,402] sub_met after prunning {'fdr': 0.0, 'tpr': 1.0, 'fpr': 0.0, 'shd': 0, 'nnz': 10, 'precision': 1.0, 'recall': 1.0, 'F1': 1.0, 'gscore': 1.0}
[2025-04-12 01:55:55,402] 
======= Graph Summary =======
[2025-04-12 01:55:55,402] MB summary: {'precision': '0.97+-0.07', 'recall': '0.82+-0.12', 'acc': '0.81+-0.11', 'f1': '0.88+-0.07'}
[2025-04-12 01:55:55,409] merged_met_before  before prunning {'fdr': 0.4, 'tpr': 0.9643, 'fpr': 1.0588, 'shd': 18, 'nnz': 45, 'precision': 0.6, 'recall': 0.9643, 'F1': 0.7397, 'gscore': 0.3214}
[2025-04-12 01:55:55,411] [[0 0 1 0 0 1 0 0 0 0]
 [0 0 1 1 1 1 1 1 0 0]
 [0 0 0 0 0 1 0 0 0 0]
 [1 0 1 0 1 1 1 1 0 0]
 [0 0 1 0 0 1 1 1 0 0]
 [0 0 0 0 0 0 0 0 0 0]
 [1 0 1 0 0 1 0 1 0 0]
 [0 0 1 0 0 1 0 0 0 0]
 [1 0 1 1 1 1 1 1 0 0]
 [1 0 1 1 1 1 1 1 1 0]]
[2025-04-12 01:55:55,415] merged_met_after  after prunning {'fdr': 0.325, 'tpr': 0.9643, 'fpr': 0.7647, 'shd': 13, 'nnz': 40, 'precision': 0.675, 'recall': 0.9643, 'F1': 0.7941, 'gscore': 0.5}
[2025-04-12 01:55:55,415] 
================ repeat number 2 ====================
[2025-04-12 01:55:55,417] true_dag
[[0 1 1 0 0 1 0 1 1 1]
 [0 0 0 0 0 0 0 0 0 1]
 [0 1 0 0 0 1 0 0 0 1]
 [0 0 0 0 1 0 1 1 1 1]
 [0 0 0 0 0 1 0 0 0 1]
 [0 0 0 0 0 0 0 0 0 1]
 [0 0 0 0 1 0 0 0 0 0]
 [0 1 0 0 1 0 1 0 0 0]
 [0 1 0 0 0 1 1 1 0 0]
 [0 0 0 0 0 0 0 0 0 0]]
[2025-04-12 01:55:55,431] 
===  0-th graph ===
[2025-04-12 01:55:55,431] 8 Nodes of Markov blanket: [0, 1, 2, 4, 5, 7, 8, 9]
[2025-04-12 01:55:55,431] 9 Nodes of True MB: [0, 1, 2, 3, 4, 5, 7, 8, 9], parents: set(), children: {1, 2, 5, 7, 8, 9}, spouse: {0, 1, 2, 3, 4, 5, 7, 8}
[2025-04-12 01:55:55,434] [MB metrics] precision: 1.000, recall: 0.889, acc: 0.900, f1: 0.941
[2025-04-12 01:56:05,207] sub_met2 before prunning {'fdr': 0.3571, 'tpr': 1.0, 'fpr': 1.0, 'shd': 10, 'nnz': 28, 'precision': 0.6429, 'recall': 1.0, 'F1': 0.7826, 'gscore': 0.4444}
[2025-04-12 01:56:05,207] sub_met after prunning {'fdr': 0.1818, 'tpr': 1.0, 'fpr': 0.4, 'shd': 4, 'nnz': 22, 'precision': 0.8182, 'recall': 1.0, 'F1': 0.9, 'gscore': 0.7778}
[2025-04-12 01:56:05,207] 
===  1-th graph ===
[2025-04-12 01:56:05,207] 8 Nodes of Markov blanket: [0, 1, 3, 4, 5, 7, 8, 9]
[2025-04-12 01:56:05,207] 9 Nodes of True MB: [0, 1, 2, 3, 4, 5, 7, 8, 9], parents: {0, 8, 2, 7}, children: {9}, spouse: {0, 1, 2, 3, 4, 5}
[2025-04-12 01:56:05,207] [MB metrics] precision: 1.000, recall: 0.889, acc: 0.900, f1: 0.941
[2025-04-12 01:56:15,068] sub_met2 before prunning {'fdr': 0.3571, 'tpr': 1.0, 'fpr': 1.0, 'shd': 10, 'nnz': 28, 'precision': 0.6429, 'recall': 1.0, 'F1': 0.7826, 'gscore': 0.4444}
[2025-04-12 01:56:15,068] sub_met after prunning {'fdr': 0.1905, 'tpr': 0.9444, 'fpr': 0.4, 'shd': 5, 'nnz': 21, 'precision': 0.8095, 'recall': 0.9444, 'F1': 0.8718, 'gscore': 0.7222}
[2025-04-12 01:56:15,068] 
===  2-th graph ===
[2025-04-12 01:56:15,068] 5 Nodes of Markov blanket: [0, 2, 3, 7, 9]
[2025-04-12 01:56:15,068] 9 Nodes of True MB: [0, 1, 2, 3, 4, 5, 7, 8, 9], parents: {0}, children: {1, 5, 9}, spouse: {0, 1, 2, 3, 4, 5, 7, 8}
[2025-04-12 01:56:15,068] [MB metrics] precision: 1.000, recall: 0.556, acc: 0.600, f1: 0.714
[2025-04-12 01:56:20,032] sub_met2 before prunning {'fdr': 0.4, 'tpr': 1.0, 'fpr': 1.0, 'shd': 4, 'nnz': 10, 'precision': 0.6, 'recall': 1.0, 'F1': 0.75, 'gscore': 0.3333}
[2025-04-12 01:56:20,032] sub_met after prunning {'fdr': 0.1667, 'tpr': 0.8333, 'fpr': 0.25, 'shd': 2, 'nnz': 6, 'precision': 0.8333, 'recall': 0.8333, 'F1': 0.8333, 'gscore': 0.6667}
[2025-04-12 01:56:20,032] 
===  3-th graph ===
[2025-04-12 01:56:20,032] 8 Nodes of Markov blanket: [1, 2, 3, 4, 5, 7, 8, 9]
[2025-04-12 01:56:20,032] 10 Nodes of True MB: [0, 1, 2, 3, 4, 5, 6, 7, 8, 9], parents: set(), children: {4, 6, 7, 8, 9}, spouse: {0, 1, 2, 3, 4, 5, 6, 7, 8}
[2025-04-12 01:56:20,037] [MB metrics] precision: 1.000, recall: 0.800, acc: 0.800, f1: 0.889
[2025-04-12 01:56:29,973] sub_met2 before prunning {'fdr': 0.4643, 'tpr': 0.9375, 'fpr': 1.0833, 'shd': 13, 'nnz': 28, 'precision': 0.5357, 'recall': 0.9375, 'F1': 0.6818, 'gscore': 0.125}
[2025-04-12 01:56:29,973] sub_met after prunning {'fdr': 0.4, 'tpr': 0.9375, 'fpr': 0.8333, 'shd': 10, 'nnz': 25, 'precision': 0.6, 'recall': 0.9375, 'F1': 0.7317, 'gscore': 0.3125}
[2025-04-12 01:56:29,974] 
===  4-th graph ===
[2025-04-12 01:56:29,974] 8 Nodes of Markov blanket: [0, 1, 3, 4, 5, 6, 8, 9]
[2025-04-12 01:56:29,974] 10 Nodes of True MB: [0, 1, 2, 3, 4, 5, 6, 7, 8, 9], parents: {3, 6, 7}, children: {9, 5}, spouse: {0, 1, 2, 3, 4, 5, 8}
[2025-04-12 01:56:29,977] [MB metrics] precision: 1.000, recall: 0.800, acc: 0.800, f1: 0.889
[2025-04-12 01:56:39,718] sub_met2 before prunning {'fdr': 0.4286, 'tpr': 1.0, 'fpr': 1.0, 'shd': 12, 'nnz': 28, 'precision': 0.5714, 'recall': 1.0, 'F1': 0.7273, 'gscore': 0.25}
[2025-04-12 01:56:39,718] sub_met after prunning {'fdr': 0.4, 'tpr': 0.9375, 'fpr': 0.8333, 'shd': 11, 'nnz': 25, 'precision': 0.6, 'recall': 0.9375, 'F1': 0.7317, 'gscore': 0.3125}
[2025-04-12 01:56:39,718] 
===  5-th graph ===
[2025-04-12 01:56:39,718] 7 Nodes of Markov blanket: [0, 1, 3, 4, 5, 8, 9]
[2025-04-12 01:56:39,718] 8 Nodes of True MB: [0, 1, 2, 3, 4, 5, 8, 9], parents: {0, 8, 2, 4}, children: {9}, spouse: {0, 1, 2, 3, 4, 5}
[2025-04-12 01:56:39,718] [MB metrics] precision: 1.000, recall: 0.875, acc: 0.900, f1: 0.933
[2025-04-12 01:56:47,696] sub_met2 before prunning {'fdr': 0.381, 'tpr': 1.0, 'fpr': 1.0, 'shd': 8, 'nnz': 21, 'precision': 0.619, 'recall': 1.0, 'F1': 0.7647, 'gscore': 0.3846}
[2025-04-12 01:56:47,696] sub_met after prunning {'fdr': 0.3158, 'tpr': 1.0, 'fpr': 0.75, 'shd': 6, 'nnz': 19, 'precision': 0.6842, 'recall': 1.0, 'F1': 0.8125, 'gscore': 0.5385}
[2025-04-12 01:56:47,696] 
===  6-th graph ===
[2025-04-12 01:56:47,696] 4 Nodes of Markov blanket: [4, 6, 7, 8]
[2025-04-12 01:56:47,696] 5 Nodes of True MB: [3, 4, 6, 7, 8], parents: {8, 3, 7}, children: {4}, spouse: {3, 6, 7}
[2025-04-12 01:56:47,707] [MB metrics] precision: 1.000, recall: 0.800, acc: 0.889, f1: 0.889
[2025-04-12 01:56:51,256] sub_met2 before prunning {'fdr': 0.3333, 'tpr': 0.8, 'fpr': 2.0, 'shd': 2, 'nnz': 6, 'precision': 0.6667, 'recall': 0.8, 'F1': 0.7273, 'gscore': 0.4}
[2025-04-12 01:56:51,256] sub_met after prunning {'fdr': 0.3333, 'tpr': 0.8, 'fpr': 2.0, 'shd': 2, 'nnz': 6, 'precision': 0.6667, 'recall': 0.8, 'F1': 0.7273, 'gscore': 0.4}
[2025-04-12 01:56:51,256] 
===  7-th graph ===
[2025-04-12 01:56:51,256] 7 Nodes of Markov blanket: [0, 1, 2, 3, 6, 7, 8]
[2025-04-12 01:56:51,256] 8 Nodes of True MB: [0, 1, 2, 3, 4, 6, 7, 8], parents: {0, 8, 3}, children: {1, 4, 6}, spouse: {0, 2, 3, 6, 7, 8}
[2025-04-12 01:56:51,258] [MB metrics] precision: 1.000, recall: 0.875, acc: 0.889, f1: 0.933
[2025-04-12 01:56:59,332] sub_met2 before prunning {'fdr': 0.381, 'tpr': 1.0, 'fpr': 1.0, 'shd': 8, 'nnz': 21, 'precision': 0.619, 'recall': 1.0, 'F1': 0.7647, 'gscore': 0.3846}
[2025-04-12 01:56:59,332] sub_met after prunning {'fdr': 0.0, 'tpr': 1.0, 'fpr': 0.0, 'shd': 0, 'nnz': 13, 'precision': 1.0, 'recall': 1.0, 'F1': 1.0, 'gscore': 1.0}
[2025-04-12 01:56:59,332] 
===  8-th graph ===
[2025-04-12 01:56:59,332] 8 Nodes of Markov blanket: [0, 1, 3, 4, 5, 6, 7, 8]
[2025-04-12 01:56:59,332] 9 Nodes of True MB: [0, 1, 2, 3, 4, 5, 6, 7, 8], parents: {0, 3}, children: {1, 5, 6, 7}, spouse: {0, 2, 3, 4, 7, 8}
[2025-04-12 01:56:59,334] [MB metrics] precision: 1.000, recall: 0.889, acc: 0.889, f1: 0.941
[2025-04-12 01:57:09,178] sub_met2 before prunning {'fdr': 0.3929, 'tpr': 1.0, 'fpr': 1.0, 'shd': 11, 'nnz': 28, 'precision': 0.6071, 'recall': 1.0, 'F1': 0.7556, 'gscore': 0.3529}
[2025-04-12 01:57:09,178] sub_met after prunning {'fdr': 0.1111, 'tpr': 0.9412, 'fpr': 0.1818, 'shd': 3, 'nnz': 18, 'precision': 0.8889, 'recall': 0.9412, 'F1': 0.9143, 'gscore': 0.8235}
[2025-04-12 01:57:09,178] 
===  9-th graph ===
[2025-04-12 01:57:09,178] 7 Nodes of Markov blanket: [0, 1, 2, 3, 4, 5, 9]
[2025-04-12 01:57:09,178] 6 Nodes of True MB: [0, 1, 2, 3, 4, 5], parents: {0, 1, 2, 3, 4, 5}, children: set(), spouse: set()
[2025-04-12 01:57:09,178] [MB metrics] precision: 0.857, recall: 1.000, acc: 0.900, f1: 0.923
[2025-04-12 01:57:17,146] sub_met2 before prunning {'fdr': 0.381, 'tpr': 1.0, 'fpr': 1.0, 'shd': 8, 'nnz': 21, 'precision': 0.619, 'recall': 1.0, 'F1': 0.7647, 'gscore': 0.3846}
[2025-04-12 01:57:17,146] sub_met after prunning {'fdr': 0.25, 'tpr': 0.9231, 'fpr': 0.5, 'shd': 5, 'nnz': 16, 'precision': 0.75, 'recall': 0.9231, 'F1': 0.8276, 'gscore': 0.6154}
[2025-04-12 01:57:17,146] 
======= Graph Summary =======
[2025-04-12 01:57:17,146] MB summary: {'precision': '0.99+-0.04', 'recall': '0.84+-0.11', 'acc': '0.85+-0.09', 'f1': '0.90+-0.07'}
[2025-04-12 01:57:17,158] merged_met_before  before prunning {'fdr': 0.4222, 'tpr': 1.0, 'fpr': 1.0, 'shd': 19, 'nnz': 45, 'precision': 0.5778, 'recall': 1.0, 'F1': 0.7324, 'gscore': 0.2692}
[2025-04-12 01:57:17,160] [[0 1 1 0 1 1 1 1 1 1]
 [0 0 0 0 0 1 0 0 0 1]
 [0 1 0 0 0 1 0 0 0 1]
 [0 1 1 0 1 1 1 1 1 1]
 [0 1 0 0 0 1 0 0 0 1]
 [0 0 0 0 0 0 0 0 0 1]
 [0 1 0 0 1 1 0 0 0 1]
 [0 1 1 0 1 1 1 0 0 1]
 [0 1 1 0 1 1 1 1 0 1]
 [0 0 0 0 0 0 0 0 0 0]]
[2025-04-12 01:57:17,163] merged_met_after  after prunning {'fdr': 0.381, 'tpr': 1.0, 'fpr': 0.8421, 'shd': 16, 'nnz': 42, 'precision': 0.619, 'recall': 1.0, 'F1': 0.7647, 'gscore': 0.3846}
[2025-04-12 01:57:17,163] 
================ repeat number 3 ====================
[2025-04-12 01:57:17,166] true_dag
[[0 0 0 0 0 0 0 1 0 0]
 [1 0 0 0 0 0 0 0 0 0]
 [1 1 0 0 1 0 0 0 1 1]
 [1 0 1 0 0 0 1 1 1 1]
 [0 1 0 0 0 0 0 1 0 0]
 [1 1 0 0 0 0 0 1 0 0]
 [1 1 1 0 0 0 0 0 1 0]
 [0 0 0 0 0 0 0 0 0 0]
 [1 1 0 0 0 0 0 1 0 0]
 [0 1 0 0 1 0 0 0 0 0]]
[2025-04-12 01:57:17,179] 
===  0-th graph ===
[2025-04-12 01:57:17,180] 6 Nodes of Markov blanket: [0, 2, 4, 6, 7, 8]
[2025-04-12 01:57:17,180] 9 Nodes of True MB: [0, 1, 2, 3, 4, 5, 6, 7, 8], parents: {1, 2, 3, 5, 6, 8}, children: {7}, spouse: {0, 3, 4, 5, 8}
[2025-04-12 01:57:17,181] [MB metrics] precision: 1.000, recall: 0.667, acc: 0.667, f1: 0.800
[2025-04-12 01:57:23,367] sub_met2 before prunning {'fdr': 0.3333, 'tpr': 1.0, 'fpr': 1.0, 'shd': 5, 'nnz': 15, 'precision': 0.6667, 'recall': 1.0, 'F1': 0.8, 'gscore': 0.5}
[2025-04-12 01:57:23,367] sub_met after prunning {'fdr': 0.3077, 'tpr': 0.9, 'fpr': 0.8, 'shd': 5, 'nnz': 13, 'precision': 0.6923, 'recall': 0.9, 'F1': 0.7826, 'gscore': 0.5}
[2025-04-12 01:57:23,367] 
===  1-th graph ===
[2025-04-12 01:57:23,367] 8 Nodes of Markov blanket: [1, 2, 3, 4, 5, 6, 8, 9]
[2025-04-12 01:57:23,367] 9 Nodes of True MB: [0, 1, 2, 3, 4, 5, 6, 8, 9], parents: {2, 4, 5, 6, 8, 9}, children: {0}, spouse: {1, 2, 3, 5, 6, 8}
[2025-04-12 01:57:23,373] [MB metrics] precision: 1.000, recall: 0.889, acc: 0.900, f1: 0.941
[2025-04-12 01:57:33,246] sub_met2 before prunning {'fdr': 0.4643, 'tpr': 0.9375, 'fpr': 1.0833, 'shd': 13, 'nnz': 28, 'precision': 0.5357, 'recall': 0.9375, 'F1': 0.6818, 'gscore': 0.125}
[2025-04-12 01:57:33,246] sub_met after prunning {'fdr': 0.2857, 'tpr': 0.9375, 'fpr': 0.5, 'shd': 6, 'nnz': 21, 'precision': 0.7143, 'recall': 0.9375, 'F1': 0.8108, 'gscore': 0.5625}
[2025-04-12 01:57:33,246] 
===  2-th graph ===
[2025-04-12 01:57:33,246] 9 Nodes of Markov blanket: [0, 1, 2, 3, 4, 5, 6, 8, 9]
[2025-04-12 01:57:33,246] 9 Nodes of True MB: [0, 1, 2, 3, 4, 5, 6, 8, 9], parents: {3, 6}, children: {0, 1, 4, 8, 9}, spouse: {1, 2, 3, 4, 5, 6, 8, 9}
[2025-04-12 01:57:33,256] [MB metrics] precision: 1.000, recall: 1.000, acc: 1.000, f1: 1.000
[2025-04-12 01:57:45,051] sub_met2 before prunning {'fdr': 0.4167, 'tpr': 0.9545, 'fpr': 1.0714, 'shd': 15, 'nnz': 36, 'precision': 0.5833, 'recall': 0.9545, 'F1': 0.7241, 'gscore': 0.2727}
[2025-04-12 01:57:45,051] sub_met after prunning {'fdr': 0.2222, 'tpr': 0.9545, 'fpr': 0.4286, 'shd': 6, 'nnz': 27, 'precision': 0.7778, 'recall': 0.9545, 'F1': 0.8571, 'gscore': 0.6818}
[2025-04-12 01:57:45,051] 
===  3-th graph ===
[2025-04-12 01:57:45,051] 9 Nodes of Markov blanket: [1, 2, 3, 4, 5, 6, 7, 8, 9]
[2025-04-12 01:57:45,051] 10 Nodes of True MB: [0, 1, 2, 3, 4, 5, 6, 7, 8, 9], parents: set(), children: {0, 2, 6, 7, 8, 9}, spouse: {0, 1, 2, 3, 4, 5, 6, 8}
[2025-04-12 01:57:45,056] [MB metrics] precision: 1.000, recall: 0.900, acc: 0.900, f1: 0.947
[2025-04-12 01:57:56,872] sub_met2 before prunning {'fdr': 0.4722, 'tpr': 0.95, 'fpr': 1.0625, 'shd': 17, 'nnz': 36, 'precision': 0.5278, 'recall': 0.95, 'F1': 0.6786, 'gscore': 0.1}
[2025-04-12 01:57:56,872] sub_met after prunning {'fdr': 0.3214, 'tpr': 0.95, 'fpr': 0.5625, 'shd': 9, 'nnz': 28, 'precision': 0.6786, 'recall': 0.95, 'F1': 0.7917, 'gscore': 0.5}
[2025-04-12 01:57:56,872] 
===  4-th graph ===
[2025-04-12 01:57:56,872] 9 Nodes of Markov blanket: [0, 1, 2, 3, 4, 6, 7, 8, 9]
[2025-04-12 01:57:56,872] 10 Nodes of True MB: [0, 1, 2, 3, 4, 5, 6, 7, 8, 9], parents: {9, 2}, children: {1, 7}, spouse: {0, 2, 3, 4, 5, 6, 8, 9}
[2025-04-12 01:57:56,874] [MB metrics] precision: 1.000, recall: 0.900, acc: 0.900, f1: 0.947
[2025-04-12 01:58:08,706] sub_met2 before prunning {'fdr': 0.3611, 'tpr': 0.9583, 'fpr': 1.0833, 'shd': 13, 'nnz': 36, 'precision': 0.6389, 'recall': 0.9583, 'F1': 0.7667, 'gscore': 0.4167}
[2025-04-12 01:58:08,706] sub_met after prunning {'fdr': 0.2143, 'tpr': 0.9167, 'fpr': 0.5, 'shd': 7, 'nnz': 28, 'precision': 0.7857, 'recall': 0.9167, 'F1': 0.8462, 'gscore': 0.6667}
[2025-04-12 01:58:08,706] 
===  5-th graph ===
[2025-04-12 01:58:08,706] 8 Nodes of Markov blanket: [1, 2, 3, 5, 6, 7, 8, 9]
[2025-04-12 01:58:08,706] 10 Nodes of True MB: [0, 1, 2, 3, 4, 5, 6, 7, 8, 9], parents: set(), children: {0, 1, 7}, spouse: {0, 1, 2, 3, 4, 5, 6, 8, 9}
[2025-04-12 01:58:08,716] [MB metrics] precision: 1.000, recall: 0.800, acc: 0.800, f1: 0.889
[2025-04-12 01:58:18,579] sub_met2 before prunning {'fdr': 0.4286, 'tpr': 1.0, 'fpr': 1.0, 'shd': 12, 'nnz': 28, 'precision': 0.5714, 'recall': 1.0, 'F1': 0.7273, 'gscore': 0.25}
[2025-04-12 01:58:18,586] sub_met after prunning {'fdr': 0.2, 'tpr': 1.0, 'fpr': 0.3333, 'shd': 4, 'nnz': 20, 'precision': 0.8, 'recall': 1.0, 'F1': 0.8889, 'gscore': 0.75}
[2025-04-12 01:58:18,586] 
===  6-th graph ===
[2025-04-12 01:58:18,586] 9 Nodes of Markov blanket: [0, 1, 2, 3, 4, 5, 6, 8, 9]
[2025-04-12 01:58:18,586] 9 Nodes of True MB: [0, 1, 2, 3, 4, 5, 6, 8, 9], parents: {3}, children: {0, 1, 2, 8}, spouse: {1, 2, 3, 4, 5, 6, 8, 9}
[2025-04-12 01:58:18,586] [MB metrics] precision: 1.000, recall: 1.000, acc: 1.000, f1: 1.000
[2025-04-12 01:58:30,319] sub_met2 before prunning {'fdr': 0.4167, 'tpr': 0.9545, 'fpr': 1.0714, 'shd': 15, 'nnz': 36, 'precision': 0.5833, 'recall': 0.9545, 'F1': 0.7241, 'gscore': 0.2727}
[2025-04-12 01:58:30,319] sub_met after prunning {'fdr': 0.2222, 'tpr': 0.9545, 'fpr': 0.4286, 'shd': 6, 'nnz': 27, 'precision': 0.7778, 'recall': 0.9545, 'F1': 0.8571, 'gscore': 0.6818}
[2025-04-12 01:58:30,319] 
===  7-th graph ===
[2025-04-12 01:58:30,319] 6 Nodes of Markov blanket: [0, 3, 4, 5, 7, 8]
[2025-04-12 01:58:30,319] 5 Nodes of True MB: [0, 3, 4, 5, 8], parents: {0, 3, 4, 5, 8}, children: set(), spouse: set()
[2025-04-12 01:58:30,325] [MB metrics] precision: 0.833, recall: 1.000, acc: 0.889, f1: 0.909
[2025-04-12 01:58:36,656] sub_met2 before prunning {'fdr': 0.4667, 'tpr': 0.8889, 'fpr': 1.1667, 'shd': 7, 'nnz': 15, 'precision': 0.5333, 'recall': 0.8889, 'F1': 0.6667, 'gscore': 0.1111}
[2025-04-12 01:58:36,656] sub_met after prunning {'fdr': 0.3846, 'tpr': 0.8889, 'fpr': 0.8333, 'shd': 5, 'nnz': 13, 'precision': 0.6154, 'recall': 0.8889, 'F1': 0.7273, 'gscore': 0.3333}
[2025-04-12 01:58:36,656] 
===  8-th graph ===
[2025-04-12 01:58:36,656] 10 Nodes of Markov blanket: [0, 1, 2, 3, 4, 5, 6, 7, 8, 9]
[2025-04-12 01:58:36,656] 10 Nodes of True MB: [0, 1, 2, 3, 4, 5, 6, 7, 8, 9], parents: {2, 3, 6}, children: {0, 1, 7}, spouse: {0, 1, 2, 3, 4, 5, 6, 8, 9}
[2025-04-12 01:58:36,659] [MB metrics] precision: 1.000, recall: 1.000, acc: 1.000, f1: 1.000
[2025-04-12 01:58:51,006] sub_met2 before prunning {'fdr': 0.4222, 'tpr': 0.963, 'fpr': 1.0556, 'shd': 19, 'nnz': 45, 'precision': 0.5778, 'recall': 0.963, 'F1': 0.7222, 'gscore': 0.2593}
[2025-04-12 01:58:51,006] sub_met after prunning {'fdr': 0.1875, 'tpr': 0.963, 'fpr': 0.3333, 'shd': 6, 'nnz': 32, 'precision': 0.8125, 'recall': 0.963, 'F1': 0.8814, 'gscore': 0.7407}
[2025-04-12 01:58:51,006] 
===  9-th graph ===
[2025-04-12 01:58:51,006] 8 Nodes of Markov blanket: [1, 2, 3, 4, 5, 6, 8, 9]
[2025-04-12 01:58:51,006] 8 Nodes of True MB: [1, 2, 3, 4, 5, 6, 8, 9], parents: {2, 3}, children: {1, 4}, spouse: {2, 4, 5, 6, 8, 9}
[2025-04-12 01:58:51,006] [MB metrics] precision: 1.000, recall: 1.000, acc: 1.000, f1: 1.000
[2025-04-12 01:59:00,761] sub_met2 before prunning {'fdr': 0.4643, 'tpr': 0.9375, 'fpr': 1.0833, 'shd': 13, 'nnz': 28, 'precision': 0.5357, 'recall': 0.9375, 'F1': 0.6818, 'gscore': 0.125}
[2025-04-12 01:59:00,761] sub_met after prunning {'fdr': 0.2857, 'tpr': 0.9375, 'fpr': 0.5, 'shd': 6, 'nnz': 21, 'precision': 0.7143, 'recall': 0.9375, 'F1': 0.8108, 'gscore': 0.5625}
[2025-04-12 01:59:00,761] 
======= Graph Summary =======
[2025-04-12 01:59:00,761] MB summary: {'precision': '0.98+-0.05', 'recall': '0.92+-0.11', 'acc': '0.91+-0.10', 'f1': '0.94+-0.06'}
[2025-04-12 01:59:00,767] merged_met_before  before prunning {'fdr': 0.4222, 'tpr': 0.963, 'fpr': 1.0556, 'shd': 19, 'nnz': 45, 'precision': 0.5778, 'recall': 0.963, 'F1': 0.7222, 'gscore': 0.2593}
[2025-04-12 01:59:00,771] [[0 0 0 0 0 0 0 1 0 0]
 [1 0 0 0 0 1 0 1 0 0]
 [1 1 0 0 1 1 0 1 1 1]
 [1 0 1 0 1 0 1 1 1 1]
 [1 1 0 0 0 1 0 1 0 0]
 [1 0 0 0 0 0 0 1 0 0]
 [1 1 1 0 0 1 0 1 1 0]
 [0 0 0 0 0 0 0 0 0 0]
 [1 1 0 0 1 1 0 1 0 0]
 [1 1 0 0 1 1 0 1 0 0]]
[2025-04-12 01:59:00,774] merged_met_after  after prunning {'fdr': 0.35, 'tpr': 0.963, 'fpr': 0.7778, 'shd': 14, 'nnz': 40, 'precision': 0.65, 'recall': 0.963, 'F1': 0.7761, 'gscore': 0.4444}
[2025-04-12 01:59:00,774] 
================ repeat number 4 ====================
[2025-04-12 01:59:00,777] true_dag
[[0 0 1 1 1 0 0 1 1 1]
 [0 0 0 0 0 1 1 1 0 1]
 [0 0 0 0 1 1 1 1 1 0]
 [0 1 1 0 1 1 1 1 1 0]
 [0 0 0 0 0 1 0 0 0 0]
 [0 0 0 0 0 0 0 1 0 0]
 [0 0 0 0 0 1 0 0 0 1]
 [0 0 0 0 0 0 0 0 0 0]
 [0 0 0 0 1 0 1 1 0 0]
 [0 0 0 0 0 0 0 1 0 0]]
[2025-04-12 01:59:00,791] 
===  0-th graph ===
[2025-04-12 01:59:00,791] 9 Nodes of Markov blanket: [0, 2, 3, 4, 5, 6, 7, 8, 9]
[2025-04-12 01:59:00,791] 10 Nodes of True MB: [0, 1, 2, 3, 4, 5, 6, 7, 8, 9], parents: set(), children: {2, 3, 4, 7, 8, 9}, spouse: {0, 1, 2, 3, 5, 6, 8, 9}
[2025-04-12 01:59:00,795] [MB metrics] precision: 1.000, recall: 0.900, acc: 0.900, f1: 0.947
[2025-04-12 01:59:13,022] sub_met2 before prunning {'fdr': 0.3056, 'tpr': 1.0, 'fpr': 1.0, 'shd': 11, 'nnz': 36, 'precision': 0.6944, 'recall': 1.0, 'F1': 0.8197, 'gscore': 0.56}
[2025-04-12 01:59:13,022] sub_met after prunning {'fdr': 0.2424, 'tpr': 1.0, 'fpr': 0.7273, 'shd': 8, 'nnz': 33, 'precision': 0.7576, 'recall': 1.0, 'F1': 0.8621, 'gscore': 0.68}
[2025-04-12 01:59:13,022] 
===  1-th graph ===
[2025-04-12 01:59:13,022] 8 Nodes of Markov blanket: [1, 2, 3, 4, 5, 6, 7, 8]
[2025-04-12 01:59:13,022] 10 Nodes of True MB: [0, 1, 2, 3, 4, 5, 6, 7, 8, 9], parents: {3}, children: {9, 5, 6, 7}, spouse: {0, 1, 2, 3, 4, 5, 6, 8, 9}
[2025-04-12 01:59:13,026] [MB metrics] precision: 1.000, recall: 0.800, acc: 0.800, f1: 0.889
[2025-04-12 01:59:22,927] sub_met2 before prunning {'fdr': 0.25, 'tpr': 1.0, 'fpr': 1.0, 'shd': 7, 'nnz': 28, 'precision': 0.75, 'recall': 1.0, 'F1': 0.8571, 'gscore': 0.6667}
[2025-04-12 01:59:22,927] sub_met after prunning {'fdr': 0.0476, 'tpr': 0.9524, 'fpr': 0.1429, 'shd': 2, 'nnz': 21, 'precision': 0.9524, 'recall': 0.9524, 'F1': 0.9524, 'gscore': 0.9048}
[2025-04-12 01:59:22,927] 
===  2-th graph ===
[2025-04-12 01:59:22,927] 10 Nodes of Markov blanket: [0, 1, 2, 3, 4, 5, 6, 7, 8, 9]
[2025-04-12 01:59:22,927] 10 Nodes of True MB: [0, 1, 2, 3, 4, 5, 6, 7, 8, 9], parents: {0, 3}, children: {4, 5, 6, 7, 8}, spouse: {0, 1, 2, 3, 4, 5, 6, 8, 9}
[2025-04-12 01:59:22,931] [MB metrics] precision: 1.000, recall: 1.000, acc: 1.000, f1: 1.000
[2025-04-12 01:59:37,096] sub_met2 before prunning {'fdr': 0.3333, 'tpr': 1.0, 'fpr': 1.0, 'shd': 15, 'nnz': 45, 'precision': 0.6667, 'recall': 1.0, 'F1': 0.8, 'gscore': 0.5}
[2025-04-12 01:59:37,096] sub_met after prunning {'fdr': 0.0, 'tpr': 1.0, 'fpr': 0.0, 'shd': 0, 'nnz': 30, 'precision': 1.0, 'recall': 1.0, 'F1': 1.0, 'gscore': 1.0}
[2025-04-12 01:59:37,096] 
===  3-th graph ===
[2025-04-12 01:59:37,096] 8 Nodes of Markov blanket: [0, 1, 2, 3, 5, 7, 8, 9]
[2025-04-12 01:59:37,096] 10 Nodes of True MB: [0, 1, 2, 3, 4, 5, 6, 7, 8, 9], parents: {0}, children: {1, 2, 4, 5, 6, 7, 8}, spouse: {0, 1, 2, 3, 4, 5, 6, 8, 9}
[2025-04-12 01:59:37,102] [MB metrics] precision: 1.000, recall: 0.800, acc: 0.800, f1: 0.889
[2025-04-12 01:59:46,982] sub_met2 before prunning {'fdr': 0.3214, 'tpr': 1.0, 'fpr': 1.0, 'shd': 9, 'nnz': 28, 'precision': 0.6786, 'recall': 1.0, 'F1': 0.8085, 'gscore': 0.5263}
[2025-04-12 01:59:46,982] sub_met after prunning {'fdr': 0.24, 'tpr': 1.0, 'fpr': 0.6667, 'shd': 6, 'nnz': 25, 'precision': 0.76, 'recall': 1.0, 'F1': 0.8636, 'gscore': 0.6842}
[2025-04-12 01:59:46,982] 
===  4-th graph ===
[2025-04-12 01:59:46,982] 7 Nodes of Markov blanket: [0, 1, 2, 4, 5, 6, 8]
[2025-04-12 01:59:46,982] 8 Nodes of True MB: [0, 1, 2, 3, 4, 5, 6, 8], parents: {0, 8, 2, 3}, children: {5}, spouse: {1, 2, 3, 4, 6}
[2025-04-12 01:59:46,986] [MB metrics] precision: 1.000, recall: 0.875, acc: 0.889, f1: 0.933
[2025-04-12 01:59:54,977] sub_met2 before prunning {'fdr': 0.381, 'tpr': 1.0, 'fpr': 1.0, 'shd': 8, 'nnz': 21, 'precision': 0.619, 'recall': 1.0, 'F1': 0.7647, 'gscore': 0.3846}
[2025-04-12 01:59:54,977] sub_met after prunning {'fdr': 0.3158, 'tpr': 1.0, 'fpr': 0.75, 'shd': 6, 'nnz': 19, 'precision': 0.6842, 'recall': 1.0, 'F1': 0.8125, 'gscore': 0.5385}
[2025-04-12 01:59:54,977] 
===  5-th graph ===
[2025-04-12 01:59:54,977] 10 Nodes of Markov blanket: [0, 1, 2, 3, 4, 5, 6, 7, 8, 9]
[2025-04-12 01:59:54,977] 10 Nodes of True MB: [0, 1, 2, 3, 4, 5, 6, 7, 8, 9], parents: {1, 2, 3, 4, 6}, children: {7}, spouse: {0, 1, 2, 3, 5, 8, 9}
[2025-04-12 01:59:54,977] [MB metrics] precision: 1.000, recall: 1.000, acc: 1.000, f1: 1.000
[2025-04-12 02:00:09,316] sub_met2 before prunning {'fdr': 0.3333, 'tpr': 1.0, 'fpr': 1.0, 'shd': 15, 'nnz': 45, 'precision': 0.6667, 'recall': 1.0, 'F1': 0.8, 'gscore': 0.5}
[2025-04-12 02:00:09,316] sub_met after prunning {'fdr': 0.0, 'tpr': 1.0, 'fpr': 0.0, 'shd': 0, 'nnz': 30, 'precision': 1.0, 'recall': 1.0, 'F1': 1.0, 'gscore': 1.0}
[2025-04-12 02:00:09,316] 
===  6-th graph ===
[2025-04-12 02:00:09,316] 8 Nodes of Markov blanket: [0, 1, 2, 4, 5, 6, 8, 9]
[2025-04-12 02:00:09,316] 9 Nodes of True MB: [0, 1, 2, 3, 4, 5, 6, 8, 9], parents: {8, 1, 2, 3}, children: {9, 5}, spouse: {0, 1, 2, 3, 4, 6}
[2025-04-12 02:00:09,321] [MB metrics] precision: 1.000, recall: 0.889, acc: 0.900, f1: 0.941
[2025-04-12 02:00:19,116] sub_met2 before prunning {'fdr': 0.4286, 'tpr': 1.0, 'fpr': 1.0, 'shd': 12, 'nnz': 28, 'precision': 0.5714, 'recall': 1.0, 'F1': 0.7273, 'gscore': 0.25}
[2025-04-12 02:00:19,116] sub_met after prunning {'fdr': 0.2727, 'tpr': 1.0, 'fpr': 0.5, 'shd': 6, 'nnz': 22, 'precision': 0.7273, 'recall': 1.0, 'F1': 0.8421, 'gscore': 0.625}
[2025-04-12 02:00:19,116] 
===  7-th graph ===
[2025-04-12 02:00:19,116] 8 Nodes of Markov blanket: [0, 1, 2, 3, 5, 7, 8, 9]
[2025-04-12 02:00:19,116] 7 Nodes of True MB: [0, 1, 2, 3, 5, 8, 9], parents: {0, 1, 2, 3, 5, 8, 9}, children: set(), spouse: set()
[2025-04-12 02:00:19,116] [MB metrics] precision: 0.875, recall: 1.000, acc: 0.900, f1: 0.933
[2025-04-12 02:00:29,046] sub_met2 before prunning {'fdr': 0.3214, 'tpr': 1.0, 'fpr': 1.0, 'shd': 9, 'nnz': 28, 'precision': 0.6786, 'recall': 1.0, 'F1': 0.8085, 'gscore': 0.5263}
[2025-04-12 02:00:29,046] sub_met after prunning {'fdr': 0.24, 'tpr': 1.0, 'fpr': 0.6667, 'shd': 6, 'nnz': 25, 'precision': 0.76, 'recall': 1.0, 'F1': 0.8636, 'gscore': 0.6842}
[2025-04-12 02:00:29,046] 
===  8-th graph ===
[2025-04-12 02:00:29,046] 10 Nodes of Markov blanket: [0, 1, 2, 3, 4, 5, 6, 7, 8, 9]
[2025-04-12 02:00:29,046] 10 Nodes of True MB: [0, 1, 2, 3, 4, 5, 6, 7, 8, 9], parents: {0, 2, 3}, children: {4, 6, 7}, spouse: {0, 1, 2, 3, 5, 8, 9}
[2025-04-12 02:00:29,056] [MB metrics] precision: 1.000, recall: 1.000, acc: 1.000, f1: 1.000
[2025-04-12 02:00:43,196] sub_met2 before prunning {'fdr': 0.3333, 'tpr': 1.0, 'fpr': 1.0, 'shd': 15, 'nnz': 45, 'precision': 0.6667, 'recall': 1.0, 'F1': 0.8, 'gscore': 0.5}
[2025-04-12 02:00:43,196] sub_met after prunning {'fdr': 0.0, 'tpr': 1.0, 'fpr': 0.0, 'shd': 0, 'nnz': 30, 'precision': 1.0, 'recall': 1.0, 'F1': 1.0, 'gscore': 1.0}
[2025-04-12 02:00:43,196] 
===  9-th graph ===
[2025-04-12 02:00:43,196] 8 Nodes of Markov blanket: [0, 2, 3, 5, 6, 7, 8, 9]
[2025-04-12 02:00:43,196] 9 Nodes of True MB: [0, 1, 2, 3, 5, 6, 7, 8, 9], parents: {0, 1, 6}, children: {7}, spouse: {0, 1, 2, 3, 5, 8, 9}
[2025-04-12 02:00:43,196] [MB metrics] precision: 1.000, recall: 0.889, acc: 0.900, f1: 0.941
[2025-04-12 02:00:53,156] sub_met2 before prunning {'fdr': 0.2857, 'tpr': 1.0, 'fpr': 1.0, 'shd': 8, 'nnz': 28, 'precision': 0.7143, 'recall': 1.0, 'F1': 0.8333, 'gscore': 0.6}
[2025-04-12 02:00:53,156] sub_met after prunning {'fdr': 0.24, 'tpr': 0.95, 'fpr': 0.75, 'shd': 7, 'nnz': 25, 'precision': 0.76, 'recall': 0.95, 'F1': 0.8444, 'gscore': 0.65}
[2025-04-12 02:00:53,156] 
======= Graph Summary =======
[2025-04-12 02:00:53,156] MB summary: {'precision': '0.99+-0.04', 'recall': '0.92+-0.08', 'acc': '0.91+-0.07', 'f1': '0.95+-0.04'}
[2025-04-12 02:00:53,160] merged_met_before  before prunning {'fdr': 0.3333, 'tpr': 1.0, 'fpr': 1.0, 'shd': 15, 'nnz': 45, 'precision': 0.6667, 'recall': 1.0, 'F1': 0.8, 'gscore': 0.5}
[2025-04-12 02:00:53,160] [[0 1 1 1 1 1 1 1 1 1]
 [0 0 0 0 0 1 1 1 0 1]
 [0 0 0 0 1 1 1 1 1 1]
 [0 1 1 0 1 1 1 1 1 1]
 [0 1 0 0 0 1 1 1 0 0]
 [0 0 0 0 0 0 0 1 0 0]
 [0 0 0 0 0 1 0 1 0 1]
 [0 0 0 0 0 0 0 0 0 0]
 [0 1 0 0 1 1 1 1 0 1]
 [0 0 0 0 0 1 0 1 0 0]]
[2025-04-12 02:00:53,168] merged_met_after  after prunning {'fdr': 0.3023, 'tpr': 1.0, 'fpr': 0.8667, 'shd': 13, 'nnz': 43, 'precision': 0.6977, 'recall': 1.0, 'F1': 0.8219, 'gscore': 0.5667}
[2025-04-12 02:00:53,168] 
================ repeat number 5 ====================
[2025-04-12 02:00:53,169] true_dag
[[0 0 1 0 1 0 0 0 0 1]
 [0 0 0 0 1 1 1 1 0 1]
 [0 0 0 0 0 0 0 0 0 0]
 [1 0 1 0 1 0 1 0 0 1]
 [0 0 1 0 0 0 1 1 0 1]
 [0 0 1 0 0 0 0 0 0 0]
 [0 0 0 0 0 1 0 1 0 0]
 [0 0 0 0 0 1 0 0 0 0]
 [1 0 0 0 0 1 1 1 0 1]
 [0 0 0 0 0 1 1 0 0 0]]
[2025-04-12 02:00:53,184] 
===  0-th graph ===
[2025-04-12 02:00:53,184] 8 Nodes of Markov blanket: [0, 1, 2, 3, 4, 5, 8, 9]
[2025-04-12 02:00:53,184] 8 Nodes of True MB: [0, 1, 2, 3, 4, 5, 8, 9], parents: {8, 3}, children: {9, 2, 4}, spouse: {0, 1, 3, 4, 5, 8}
[2025-04-12 02:00:53,187] [MB metrics] precision: 1.000, recall: 1.000, acc: 1.000, f1: 1.000
[2025-04-12 02:01:03,048] sub_met2 before prunning {'fdr': 0.4286, 'tpr': 0.9412, 'fpr': 1.0909, 'shd': 12, 'nnz': 28, 'precision': 0.5714, 'recall': 0.9412, 'F1': 0.7111, 'gscore': 0.2353}
[2025-04-12 02:01:03,048] sub_met after prunning {'fdr': 0.2105, 'tpr': 0.8824, 'fpr': 0.3636, 'shd': 5, 'nnz': 19, 'precision': 0.7895, 'recall': 0.8824, 'F1': 0.8333, 'gscore': 0.6471}
[2025-04-12 02:01:03,048] 
===  1-th graph ===
[2025-04-12 02:01:03,048] 8 Nodes of Markov blanket: [0, 1, 3, 4, 5, 6, 8, 9]
[2025-04-12 02:01:03,048] 9 Nodes of True MB: [0, 1, 3, 4, 5, 6, 7, 8, 9], parents: set(), children: {4, 5, 6, 7, 9}, spouse: {0, 1, 3, 4, 6, 7, 8, 9}
[2025-04-12 02:01:03,048] [MB metrics] precision: 1.000, recall: 0.889, acc: 0.900, f1: 0.941
[2025-04-12 02:01:13,195] sub_met2 before prunning {'fdr': 0.3571, 'tpr': 0.9474, 'fpr': 1.1111, 'shd': 10, 'nnz': 28, 'precision': 0.6429, 'recall': 0.9474, 'F1': 0.766, 'gscore': 0.4211}
[2025-04-12 02:01:13,195] sub_met after prunning {'fdr': 0.1579, 'tpr': 0.8421, 'fpr': 0.3333, 'shd': 5, 'nnz': 19, 'precision': 0.8421, 'recall': 0.8421, 'F1': 0.8421, 'gscore': 0.6842}
[2025-04-12 02:01:13,196] 
===  2-th graph ===
[2025-04-12 02:01:13,196] 5 Nodes of Markov blanket: [0, 2, 3, 4, 5]
[2025-04-12 02:01:13,196] 4 Nodes of True MB: [0, 3, 4, 5], parents: {0, 3, 4, 5}, children: set(), spouse: set()
[2025-04-12 02:01:13,196] [MB metrics] precision: 0.800, recall: 1.000, acc: 0.833, f1: 0.889
[2025-04-12 02:01:18,156] sub_met2 before prunning {'fdr': 0.3, 'tpr': 1.0, 'fpr': 1.0, 'shd': 3, 'nnz': 10, 'precision': 0.7, 'recall': 1.0, 'F1': 0.8235, 'gscore': 0.5714}
[2025-04-12 02:01:18,156] sub_met after prunning {'fdr': 0.3, 'tpr': 1.0, 'fpr': 1.0, 'shd': 3, 'nnz': 10, 'precision': 0.7, 'recall': 1.0, 'F1': 0.8235, 'gscore': 0.5714}
[2025-04-12 02:01:18,156] 
===  3-th graph ===
[2025-04-12 02:01:18,156] 9 Nodes of Markov blanket: [0, 1, 2, 3, 4, 5, 6, 8, 9]
[2025-04-12 02:01:18,156] 9 Nodes of True MB: [0, 1, 2, 3, 4, 5, 6, 8, 9], parents: set(), children: {0, 2, 4, 6, 9}, spouse: {0, 1, 3, 4, 5, 8, 9}
[2025-04-12 02:01:18,156] [MB metrics] precision: 1.000, recall: 1.000, acc: 1.000, f1: 1.000
[2025-04-12 02:01:29,936] sub_met2 before prunning {'fdr': 0.4167, 'tpr': 0.913, 'fpr': 1.1538, 'shd': 15, 'nnz': 36, 'precision': 0.5833, 'recall': 0.913, 'F1': 0.7119, 'gscore': 0.2609}
[2025-04-12 02:01:29,936] sub_met after prunning {'fdr': 0.1667, 'tpr': 0.8696, 'fpr': 0.3077, 'shd': 6, 'nnz': 24, 'precision': 0.8333, 'recall': 0.8696, 'F1': 0.8511, 'gscore': 0.6957}
[2025-04-12 02:01:29,936] 
===  4-th graph ===
[2025-04-12 02:01:29,936] 9 Nodes of Markov blanket: [0, 1, 2, 3, 4, 5, 7, 8, 9]
[2025-04-12 02:01:29,936] 10 Nodes of True MB: [0, 1, 2, 3, 4, 5, 6, 7, 8, 9], parents: {0, 1, 3}, children: {9, 2, 6, 7}, spouse: {0, 1, 3, 4, 5, 6, 8, 9}
[2025-04-12 02:01:29,944] [MB metrics] precision: 1.000, recall: 0.900, acc: 0.900, f1: 0.947
[2025-04-12 02:01:41,773] sub_met2 before prunning {'fdr': 0.4722, 'tpr': 0.9048, 'fpr': 1.1333, 'shd': 17, 'nnz': 36, 'precision': 0.5278, 'recall': 0.9048, 'F1': 0.6667, 'gscore': 0.0952}
[2025-04-12 02:01:41,773] sub_met after prunning {'fdr': 0.28, 'tpr': 0.8571, 'fpr': 0.4667, 'shd': 8, 'nnz': 25, 'precision': 0.72, 'recall': 0.8571, 'F1': 0.7826, 'gscore': 0.5238}
[2025-04-12 02:01:41,773] 
===  5-th graph ===
[2025-04-12 02:01:41,773] 10 Nodes of Markov blanket: [0, 1, 2, 3, 4, 5, 6, 7, 8, 9]
[2025-04-12 02:01:41,773] 10 Nodes of True MB: [0, 1, 2, 3, 4, 5, 6, 7, 8, 9], parents: {1, 6, 7, 8, 9}, children: {2}, spouse: {0, 3, 4, 5}
[2025-04-12 02:01:41,776] [MB metrics] precision: 1.000, recall: 1.000, acc: 1.000, f1: 1.000
[2025-04-12 02:01:55,906] sub_met2 before prunning {'fdr': 0.4, 'tpr': 0.9643, 'fpr': 1.0588, 'shd': 18, 'nnz': 45, 'precision': 0.6, 'recall': 0.9643, 'F1': 0.7397, 'gscore': 0.3214}
[2025-04-12 02:01:55,906] sub_met after prunning {'fdr': 0.0714, 'tpr': 0.9286, 'fpr': 0.1176, 'shd': 3, 'nnz': 28, 'precision': 0.9286, 'recall': 0.9286, 'F1': 0.9286, 'gscore': 0.8571}
[2025-04-12 02:01:55,906] 
===  6-th graph ===
[2025-04-12 02:01:55,906] 5 Nodes of Markov blanket: [1, 3, 5, 6, 7]
[2025-04-12 02:01:55,906] 8 Nodes of True MB: [1, 3, 4, 5, 6, 7, 8, 9], parents: {1, 3, 4, 8, 9}, children: {5, 7}, spouse: {1, 4, 6, 7, 8, 9}
[2025-04-12 02:01:55,906] [MB metrics] precision: 1.000, recall: 0.625, acc: 0.700, f1: 0.769
[2025-04-12 02:02:00,856] sub_met2 before prunning {'fdr': 0.3, 'tpr': 1.0, 'fpr': 1.0, 'shd': 3, 'nnz': 10, 'precision': 0.7, 'recall': 1.0, 'F1': 0.8235, 'gscore': 0.5714}
[2025-04-12 02:02:00,856] sub_met after prunning {'fdr': 0.125, 'tpr': 1.0, 'fpr': 0.3333, 'shd': 1, 'nnz': 8, 'precision': 0.875, 'recall': 1.0, 'F1': 0.9333, 'gscore': 0.8571}
[2025-04-12 02:02:00,856] 
===  7-th graph ===
[2025-04-12 02:02:00,856] 6 Nodes of Markov blanket: [4, 5, 6, 7, 8, 9]
[2025-04-12 02:02:00,856] 7 Nodes of True MB: [1, 4, 5, 6, 7, 8, 9], parents: {8, 1, 4, 6}, children: {5}, spouse: {1, 6, 7, 8, 9}
[2025-04-12 02:02:00,861] [MB metrics] precision: 1.000, recall: 0.857, acc: 0.900, f1: 0.923
[2025-04-12 02:02:07,229] sub_met2 before prunning {'fdr': 0.2, 'tpr': 1.0, 'fpr': 1.0, 'shd': 3, 'nnz': 15, 'precision': 0.8, 'recall': 1.0, 'F1': 0.8889, 'gscore': 0.75}
[2025-04-12 02:02:07,229] sub_met after prunning {'fdr': 0.2, 'tpr': 1.0, 'fpr': 1.0, 'shd': 3, 'nnz': 15, 'precision': 0.8, 'recall': 1.0, 'F1': 0.8889, 'gscore': 0.75}
[2025-04-12 02:02:07,229] 
===  8-th graph ===
[2025-04-12 02:02:07,229] 8 Nodes of Markov blanket: [0, 1, 3, 4, 5, 7, 8, 9]
[2025-04-12 02:02:07,229] 9 Nodes of True MB: [0, 1, 3, 4, 5, 6, 7, 8, 9], parents: set(), children: {0, 5, 6, 7, 9}, spouse: {0, 1, 3, 4, 6, 7, 8, 9}
[2025-04-12 02:02:07,229] [MB metrics] precision: 1.000, recall: 0.889, acc: 0.900, f1: 0.941
[2025-04-12 02:02:17,106] sub_met2 before prunning {'fdr': 0.4643, 'tpr': 0.8824, 'fpr': 1.1818, 'shd': 13, 'nnz': 28, 'precision': 0.5357, 'recall': 0.8824, 'F1': 0.6667, 'gscore': 0.1176}
[2025-04-12 02:02:17,106] sub_met after prunning {'fdr': 0.3, 'tpr': 0.8235, 'fpr': 0.5455, 'shd': 7, 'nnz': 20, 'precision': 0.7, 'recall': 0.8235, 'F1': 0.7568, 'gscore': 0.4706}
[2025-04-12 02:02:17,106] 
===  9-th graph ===
[2025-04-12 02:02:17,106] 8 Nodes of Markov blanket: [0, 1, 3, 4, 5, 7, 8, 9]
[2025-04-12 02:02:17,106] 9 Nodes of True MB: [0, 1, 3, 4, 5, 6, 7, 8, 9], parents: {0, 1, 3, 4, 8}, children: {5, 6}, spouse: {1, 3, 4, 6, 7, 8, 9}
[2025-04-12 02:02:17,106] [MB metrics] precision: 1.000, recall: 0.889, acc: 0.900, f1: 0.941
[2025-04-12 02:02:26,921] sub_met2 before prunning {'fdr': 0.4643, 'tpr': 0.8824, 'fpr': 1.1818, 'shd': 13, 'nnz': 28, 'precision': 0.5357, 'recall': 0.8824, 'F1': 0.6667, 'gscore': 0.1176}
[2025-04-12 02:02:26,921] sub_met after prunning {'fdr': 0.3, 'tpr': 0.8235, 'fpr': 0.5455, 'shd': 7, 'nnz': 20, 'precision': 0.7, 'recall': 0.8235, 'F1': 0.7568, 'gscore': 0.4706}
[2025-04-12 02:02:26,921] 
======= Graph Summary =======
[2025-04-12 02:02:26,921] MB summary: {'precision': '0.98+-0.06', 'recall': '0.90+-0.11', 'acc': '0.90+-0.09', 'f1': '0.94+-0.07'}
[2025-04-12 02:02:26,926] merged_met_before  before prunning {'fdr': 0.4222, 'tpr': 0.9286, 'fpr': 1.1176, 'shd': 19, 'nnz': 45, 'precision': 0.5778, 'recall': 0.9286, 'F1': 0.7123, 'gscore': 0.25}
[2025-04-12 02:02:26,929] [[0 0 1 0 1 1 0 0 0 1]
 [0 0 1 0 0 1 1 1 0 1]
 [0 0 0 0 0 0 0 0 0 0]
 [1 0 1 0 1 1 1 1 0 1]
 [0 0 1 0 0 1 1 1 0 0]
 [0 0 1 0 0 0 0 1 0 0]
 [0 0 0 0 0 1 0 1 0 0]
 [0 0 0 0 0 0 0 0 0 0]
 [1 0 0 0 1 1 1 1 0 1]
 [0 0 0 0 1 1 1 1 0 0]]
[2025-04-12 02:02:26,933] merged_met_after  after prunning {'fdr': 0.2647, 'tpr': 0.8929, 'fpr': 0.5294, 'shd': 10, 'nnz': 34, 'precision': 0.7353, 'recall': 0.8929, 'F1': 0.8065, 'gscore': 0.5714}
[2025-04-12 02:02:26,933] 
================ repeat number 6 ====================
[2025-04-12 02:02:26,935] true_dag
[[0 0 0 0 0 0 0 0 0 0]
 [0 0 1 1 1 1 1 0 1 1]
 [0 0 0 0 0 0 0 0 0 0]
 [1 0 0 0 0 0 0 0 0 0]
 [1 0 0 1 0 0 1 0 0 0]
 [1 0 0 1 1 0 1 0 0 0]
 [1 0 0 1 0 0 0 0 0 0]
 [0 0 1 1 0 1 1 0 1 1]
 [0 0 1 1 1 1 1 0 0 1]
 [0 0 0 0 0 0 1 0 0 0]]
[2025-04-12 02:02:26,948] 
===  0-th graph ===
[2025-04-12 02:02:26,948] 5 Nodes of Markov blanket: [0, 3, 4, 5, 6]
[2025-04-12 02:02:26,948] 4 Nodes of True MB: [3, 4, 5, 6], parents: {3, 4, 5, 6}, children: set(), spouse: set()
[2025-04-12 02:02:26,952] [MB metrics] precision: 0.800, recall: 1.000, acc: 0.857, f1: 0.889
[2025-04-12 02:02:31,967] sub_met2 before prunning {'fdr': 0.0, 'tpr': 1.0, 'fpr': 0.0, 'shd': 0, 'nnz': 10, 'precision': 1.0, 'recall': 1.0, 'F1': 1.0, 'gscore': 1.0}
[2025-04-12 02:02:31,967] sub_met after prunning {'fdr': 0.0, 'tpr': 1.0, 'fpr': 0.0, 'shd': 0, 'nnz': 10, 'precision': 1.0, 'recall': 1.0, 'F1': 1.0, 'gscore': 1.0}
[2025-04-12 02:02:31,967] 
===  1-th graph ===
[2025-04-12 02:02:31,967] 6 Nodes of Markov blanket: [1, 2, 5, 6, 8, 9]
[2025-04-12 02:02:31,967] 9 Nodes of True MB: [1, 2, 3, 4, 5, 6, 7, 8, 9], parents: set(), children: {2, 3, 4, 5, 6, 8, 9}, spouse: {1, 4, 5, 6, 7, 8, 9}
[2025-04-12 02:02:31,967] [MB metrics] precision: 1.000, recall: 0.667, acc: 0.700, f1: 0.800
[2025-04-12 02:02:38,306] sub_met2 before prunning {'fdr': 0.2667, 'tpr': 1.0, 'fpr': 1.0, 'shd': 4, 'nnz': 15, 'precision': 0.7333, 'recall': 1.0, 'F1': 0.8462, 'gscore': 0.6364}
[2025-04-12 02:02:38,306] sub_met after prunning {'fdr': 0.2857, 'tpr': 0.9091, 'fpr': 1.0, 'shd': 5, 'nnz': 14, 'precision': 0.7143, 'recall': 0.9091, 'F1': 0.8, 'gscore': 0.5455}
[2025-04-12 02:02:38,306] 
===  2-th graph ===
[2025-04-12 02:02:38,306] 4 Nodes of Markov blanket: [1, 2, 7, 8]
[2025-04-12 02:02:38,306] 3 Nodes of True MB: [1, 7, 8], parents: {8, 1, 7}, children: set(), spouse: set()
[2025-04-12 02:02:38,306] [MB metrics] precision: 0.750, recall: 1.000, acc: 0.889, f1: 0.857
[2025-04-12 02:02:41,821] sub_met2 before prunning {'fdr': 0.1667, 'tpr': 1.0, 'fpr': 1.0, 'shd': 1, 'nnz': 6, 'precision': 0.8333, 'recall': 1.0, 'F1': 0.9091, 'gscore': 0.8}
[2025-04-12 02:02:41,821] sub_met after prunning {'fdr': 0.1667, 'tpr': 1.0, 'fpr': 1.0, 'shd': 1, 'nnz': 6, 'precision': 0.8333, 'recall': 1.0, 'F1': 0.9091, 'gscore': 0.8}
[2025-04-12 02:02:41,822] 
===  3-th graph ===
[2025-04-12 02:02:41,822] 7 Nodes of Markov blanket: [0, 3, 4, 5, 6, 7, 8]
[2025-04-12 02:02:41,822] 8 Nodes of True MB: [0, 1, 3, 4, 5, 6, 7, 8], parents: {1, 4, 5, 6, 7, 8}, children: {0}, spouse: {3, 4, 5, 6}
[2025-04-12 02:02:41,826] [MB metrics] precision: 1.000, recall: 0.875, acc: 0.889, f1: 0.933
[2025-04-12 02:02:49,806] sub_met2 before prunning {'fdr': 0.1905, 'tpr': 0.9444, 'fpr': 1.3333, 'shd': 4, 'nnz': 21, 'precision': 0.8095, 'recall': 0.9444, 'F1': 0.8718, 'gscore': 0.7222}
[2025-04-12 02:02:49,806] sub_met after prunning {'fdr': 0.15, 'tpr': 0.9444, 'fpr': 1.0, 'shd': 3, 'nnz': 20, 'precision': 0.85, 'recall': 0.9444, 'F1': 0.8947, 'gscore': 0.7778}
[2025-04-12 02:02:49,806] 
===  4-th graph ===
[2025-04-12 02:02:49,806] 7 Nodes of Markov blanket: [0, 3, 4, 5, 6, 8, 9]
[2025-04-12 02:02:49,806] 9 Nodes of True MB: [0, 1, 3, 4, 5, 6, 7, 8, 9], parents: {8, 1, 5}, children: {0, 3, 6}, spouse: {1, 3, 4, 5, 6, 7, 8, 9}
[2025-04-12 02:02:49,806] [MB metrics] precision: 1.000, recall: 0.778, acc: 0.800, f1: 0.875
[2025-04-12 02:02:57,866] sub_met2 before prunning {'fdr': 0.381, 'tpr': 0.8125, 'fpr': 1.6, 'shd': 8, 'nnz': 21, 'precision': 0.619, 'recall': 0.8125, 'F1': 0.7027, 'gscore': 0.3125}
[2025-04-12 02:02:57,866] sub_met after prunning {'fdr': 0.2778, 'tpr': 0.8125, 'fpr': 1.0, 'shd': 5, 'nnz': 18, 'precision': 0.7222, 'recall': 0.8125, 'F1': 0.7647, 'gscore': 0.5}
[2025-04-12 02:02:57,866] 
===  5-th graph ===
[2025-04-12 02:02:57,866] 7 Nodes of Markov blanket: [0, 1, 3, 4, 5, 6, 9]
[2025-04-12 02:02:57,866] 9 Nodes of True MB: [0, 1, 3, 4, 5, 6, 7, 8, 9], parents: {8, 1, 7}, children: {0, 3, 4, 6}, spouse: {1, 3, 4, 5, 6, 7, 8, 9}
[2025-04-12 02:02:57,866] [MB metrics] precision: 1.000, recall: 0.778, acc: 0.800, f1: 0.875
[2025-04-12 02:03:05,966] sub_met2 before prunning {'fdr': 0.2381, 'tpr': 1.0, 'fpr': 1.0, 'shd': 5, 'nnz': 21, 'precision': 0.7619, 'recall': 1.0, 'F1': 0.8649, 'gscore': 0.6875}
[2025-04-12 02:03:05,966] sub_met after prunning {'fdr': 0.1579, 'tpr': 1.0, 'fpr': 0.6, 'shd': 3, 'nnz': 19, 'precision': 0.8421, 'recall': 1.0, 'F1': 0.9143, 'gscore': 0.8125}
[2025-04-12 02:03:05,966] 
===  6-th graph ===
[2025-04-12 02:03:05,966] 9 Nodes of Markov blanket: [0, 1, 3, 4, 5, 6, 7, 8, 9]
[2025-04-12 02:03:05,966] 9 Nodes of True MB: [0, 1, 3, 4, 5, 6, 7, 8, 9], parents: {1, 4, 5, 7, 8, 9}, children: {0, 3}, spouse: {1, 3, 4, 5, 6, 7, 8}
[2025-04-12 02:03:05,973] [MB metrics] precision: 1.000, recall: 1.000, acc: 1.000, f1: 1.000
[2025-04-12 02:03:17,946] sub_met2 before prunning {'fdr': 0.25, 'tpr': 1.0, 'fpr': 1.0, 'shd': 9, 'nnz': 36, 'precision': 0.75, 'recall': 1.0, 'F1': 0.8571, 'gscore': 0.6667}
[2025-04-12 02:03:17,946] sub_met after prunning {'fdr': 0.0357, 'tpr': 1.0, 'fpr': 0.1111, 'shd': 1, 'nnz': 28, 'precision': 0.9643, 'recall': 1.0, 'F1': 0.9818, 'gscore': 0.963}
[2025-04-12 02:03:17,946] 
===  7-th graph ===
[2025-04-12 02:03:17,946] 4 Nodes of Markov blanket: [2, 3, 6, 7]
[2025-04-12 02:03:17,946] 9 Nodes of True MB: [1, 2, 3, 4, 5, 6, 7, 8, 9], parents: set(), children: {2, 3, 5, 6, 8, 9}, spouse: {1, 4, 5, 6, 7, 8, 9}
[2025-04-12 02:03:17,959] [MB metrics] precision: 1.000, recall: 0.444, acc: 0.500, f1: 0.615
[2025-04-12 02:03:21,537] sub_met2 before prunning {'fdr': 0.3333, 'tpr': 1.0, 'fpr': 1.0, 'shd': 2, 'nnz': 6, 'precision': 0.6667, 'recall': 1.0, 'F1': 0.8, 'gscore': 0.5}
[2025-04-12 02:03:21,537] sub_met after prunning {'fdr': 0.3333, 'tpr': 1.0, 'fpr': 1.0, 'shd': 2, 'nnz': 6, 'precision': 0.6667, 'recall': 1.0, 'F1': 0.8, 'gscore': 0.5}
[2025-04-12 02:03:21,537] 
===  8-th graph ===
[2025-04-12 02:03:21,537] 7 Nodes of Markov blanket: [1, 2, 3, 4, 6, 8, 9]
[2025-04-12 02:03:21,547] 9 Nodes of True MB: [1, 2, 3, 4, 5, 6, 7, 8, 9], parents: {1, 7}, children: {2, 3, 4, 5, 6, 9}, spouse: {1, 4, 5, 6, 7, 8, 9}
[2025-04-12 02:03:21,547] [MB metrics] precision: 1.000, recall: 0.778, acc: 0.800, f1: 0.875
[2025-04-12 02:03:29,701] sub_met2 before prunning {'fdr': 0.2857, 'tpr': 1.0, 'fpr': 1.0, 'shd': 6, 'nnz': 21, 'precision': 0.7143, 'recall': 1.0, 'F1': 0.8333, 'gscore': 0.6}
[2025-04-12 02:03:29,705] sub_met after prunning {'fdr': 0.2105, 'tpr': 1.0, 'fpr': 0.6667, 'shd': 4, 'nnz': 19, 'precision': 0.7895, 'recall': 1.0, 'F1': 0.8824, 'gscore': 0.7333}
[2025-04-12 02:03:29,705] 
===  9-th graph ===
[2025-04-12 02:03:29,705] 6 Nodes of Markov blanket: [1, 4, 5, 6, 8, 9]
[2025-04-12 02:03:29,705] 7 Nodes of True MB: [1, 4, 5, 6, 7, 8, 9], parents: {8, 1, 7}, children: {6}, spouse: {1, 4, 5, 7, 8, 9}
[2025-04-12 02:03:29,706] [MB metrics] precision: 1.000, recall: 0.857, acc: 0.900, f1: 0.923
[2025-04-12 02:03:36,248] sub_met2 before prunning {'fdr': 0.1333, 'tpr': 1.0, 'fpr': 1.0, 'shd': 2, 'nnz': 15, 'precision': 0.8667, 'recall': 1.0, 'F1': 0.9286, 'gscore': 0.8462}
[2025-04-12 02:03:36,248] sub_met after prunning {'fdr': 0.0714, 'tpr': 1.0, 'fpr': 0.5, 'shd': 1, 'nnz': 14, 'precision': 0.9286, 'recall': 1.0, 'F1': 0.963, 'gscore': 0.9231}
[2025-04-12 02:03:36,248] 
======= Graph Summary =======
[2025-04-12 02:03:36,248] MB summary: {'precision': '0.96+-0.09', 'recall': '0.82+-0.16', 'acc': '0.81+-0.13', 'f1': '0.86+-0.10'}
[2025-04-12 02:03:36,254] merged_met_before  before prunning {'fdr': 0.3409, 'tpr': 0.9667, 'fpr': 1.0, 'shd': 15, 'nnz': 44, 'precision': 0.6591, 'recall': 0.9667, 'F1': 0.7838, 'gscore': 0.4667}
[2025-04-12 02:03:36,256] [[0 0 0 0 0 0 0 0 0 0]
 [0 0 1 1 1 1 1 1 1 1]
 [0 0 0 1 0 0 1 0 0 1]
 [1 0 0 0 0 0 0 0 0 0]
 [1 0 1 1 0 0 1 0 0 1]
 [1 0 0 1 1 0 1 0 0 1]
 [1 0 0 1 0 0 0 0 0 0]
 [0 0 1 1 1 1 1 0 1 1]
 [1 0 1 1 1 1 1 0 0 1]
 [0 0 0 1 0 0 1 0 0 0]]
[2025-04-12 02:03:36,259] merged_met_after  after prunning {'fdr': 0.25, 'tpr': 1.0, 'fpr': 0.6667, 'shd': 10, 'nnz': 40, 'precision': 0.75, 'recall': 1.0, 'F1': 0.8571, 'gscore': 0.6667}
[2025-04-12 02:03:36,259] 
================ repeat number 7 ====================
[2025-04-12 02:03:36,260] true_dag
[[0 0 0 1 0 0 0 0 0 0]
 [0 0 0 0 0 0 0 0 0 0]
 [1 1 0 1 0 0 0 1 0 0]
 [0 1 0 0 0 1 0 1 0 0]
 [0 0 0 0 0 0 0 1 0 0]
 [0 1 0 0 1 0 0 0 0 0]
 [0 1 1 0 1 1 0 1 1 0]
 [0 1 0 0 0 0 0 0 0 0]
 [1 0 0 0 1 0 0 0 0 0]
 [1 1 0 1 0 1 0 1 0 0]]
[2025-04-12 02:03:36,275] 
===  0-th graph ===
[2025-04-12 02:03:36,275] 4 Nodes of Markov blanket: [0, 2, 8, 9]
[2025-04-12 02:03:36,275] 5 Nodes of True MB: [0, 2, 3, 8, 9], parents: {8, 9, 2}, children: {3}, spouse: {0, 9, 2}
[2025-04-12 02:03:36,278] [MB metrics] precision: 1.000, recall: 0.800, acc: 0.900, f1: 0.889
[2025-04-12 02:03:39,836] sub_met2 before prunning {'fdr': 0.6667, 'tpr': 0.6667, 'fpr': 1.3333, 'shd': 4, 'nnz': 6, 'precision': 0.3333, 'recall': 0.6667, 'F1': 0.4444, 'gscore': 0.0}
[2025-04-12 02:03:39,836] sub_met after prunning {'fdr': 0.6, 'tpr': 0.6667, 'fpr': 1.0, 'shd': 3, 'nnz': 5, 'precision': 0.4, 'recall': 0.6667, 'F1': 0.5, 'gscore': 0.0}
[2025-04-12 02:03:39,836] 
===  1-th graph ===
[2025-04-12 02:03:39,836] 6 Nodes of Markov blanket: [1, 2, 3, 5, 7, 9]
[2025-04-12 02:03:39,836] 6 Nodes of True MB: [2, 3, 5, 6, 7, 9], parents: {2, 3, 5, 6, 7, 9}, children: set(), spouse: set()
[2025-04-12 02:03:39,836] [MB metrics] precision: 0.833, recall: 0.833, acc: 0.800, f1: 0.833
[2025-04-12 02:03:46,256] sub_met2 before prunning {'fdr': 0.2667, 'tpr': 0.9167, 'fpr': 1.3333, 'shd': 4, 'nnz': 15, 'precision': 0.7333, 'recall': 0.9167, 'F1': 0.8148, 'gscore': 0.5833}
[2025-04-12 02:03:46,256] sub_met after prunning {'fdr': 0.2143, 'tpr': 0.9167, 'fpr': 1.0, 'shd': 4, 'nnz': 14, 'precision': 0.7857, 'recall': 0.9167, 'F1': 0.8462, 'gscore': 0.6667}
[2025-04-12 02:03:46,256] 
===  2-th graph ===
[2025-04-12 02:03:46,256] 10 Nodes of Markov blanket: [0, 1, 2, 3, 4, 5, 6, 7, 8, 9]
[2025-04-12 02:03:46,256] 10 Nodes of True MB: [0, 1, 2, 3, 4, 5, 6, 7, 8, 9], parents: {6}, children: {0, 1, 3, 7}, spouse: {0, 2, 3, 4, 5, 6, 7, 8, 9}
[2025-04-12 02:03:46,256] [MB metrics] precision: 1.000, recall: 1.000, acc: 1.000, f1: 1.000
[2025-04-12 02:04:00,550] sub_met2 before prunning {'fdr': 0.4667, 'tpr': 0.96, 'fpr': 1.05, 'shd': 21, 'nnz': 45, 'precision': 0.5333, 'recall': 0.96, 'F1': 0.6857, 'gscore': 0.12}
[2025-04-12 02:04:00,550] sub_met after prunning {'fdr': 0.1111, 'tpr': 0.96, 'fpr': 0.15, 'shd': 3, 'nnz': 27, 'precision': 0.8889, 'recall': 0.96, 'F1': 0.9231, 'gscore': 0.84}
[2025-04-12 02:04:00,550] 
===  3-th graph ===
[2025-04-12 02:04:00,550] 8 Nodes of Markov blanket: [1, 2, 3, 4, 5, 6, 7, 9]
[2025-04-12 02:04:00,550] 9 Nodes of True MB: [0, 1, 2, 3, 4, 5, 6, 7, 9], parents: {0, 9, 2}, children: {1, 5, 7}, spouse: {2, 3, 4, 5, 6, 7, 9}
[2025-04-12 02:04:00,552] [MB metrics] precision: 1.000, recall: 0.889, acc: 0.900, f1: 0.941
[2025-04-12 02:04:10,422] sub_met2 before prunning {'fdr': 0.3571, 'tpr': 0.9474, 'fpr': 1.1111, 'shd': 10, 'nnz': 28, 'precision': 0.6429, 'recall': 0.9474, 'F1': 0.766, 'gscore': 0.4211}
[2025-04-12 02:04:10,422] sub_met after prunning {'fdr': 0.2174, 'tpr': 0.9474, 'fpr': 0.5556, 'shd': 5, 'nnz': 23, 'precision': 0.7826, 'recall': 0.9474, 'F1': 0.8571, 'gscore': 0.6842}
[2025-04-12 02:04:10,422] 
===  4-th graph ===
[2025-04-12 02:04:10,422] 8 Nodes of Markov blanket: [2, 3, 4, 5, 6, 7, 8, 9]
[2025-04-12 02:04:10,422] 8 Nodes of True MB: [2, 3, 4, 5, 6, 7, 8, 9], parents: {8, 5, 6}, children: {7}, spouse: {2, 3, 4, 6, 9}
[2025-04-12 02:04:10,427] [MB metrics] precision: 1.000, recall: 1.000, acc: 1.000, f1: 1.000
[2025-04-12 02:04:20,276] sub_met2 before prunning {'fdr': 0.4643, 'tpr': 1.0, 'fpr': 1.0, 'shd': 13, 'nnz': 28, 'precision': 0.5357, 'recall': 1.0, 'F1': 0.6977, 'gscore': 0.1333}
[2025-04-12 02:04:20,276] sub_met after prunning {'fdr': 0.1176, 'tpr': 1.0, 'fpr': 0.1538, 'shd': 2, 'nnz': 17, 'precision': 0.8824, 'recall': 1.0, 'F1': 0.9375, 'gscore': 0.8667}
[2025-04-12 02:04:20,276] 
===  5-th graph ===
[2025-04-12 02:04:20,276] 9 Nodes of Markov blanket: [1, 2, 3, 4, 5, 6, 7, 8, 9]
[2025-04-12 02:04:20,276] 9 Nodes of True MB: [1, 2, 3, 4, 5, 6, 7, 8, 9], parents: {9, 3, 6}, children: {1, 4}, spouse: {2, 3, 5, 6, 7, 8, 9}
[2025-04-12 02:04:20,279] [MB metrics] precision: 1.000, recall: 1.000, acc: 1.000, f1: 1.000
[2025-04-12 02:04:32,286] sub_met2 before prunning {'fdr': 0.4167, 'tpr': 1.0, 'fpr': 1.0, 'shd': 15, 'nnz': 36, 'precision': 0.5833, 'recall': 1.0, 'F1': 0.7368, 'gscore': 0.2857}
[2025-04-12 02:04:32,286] sub_met after prunning {'fdr': 0.087, 'tpr': 1.0, 'fpr': 0.1333, 'shd': 2, 'nnz': 23, 'precision': 0.913, 'recall': 1.0, 'F1': 0.9545, 'gscore': 0.9048}
[2025-04-12 02:04:32,286] 
===  6-th graph ===
[2025-04-12 02:04:32,286] 8 Nodes of Markov blanket: [2, 3, 4, 5, 6, 7, 8, 9]
[2025-04-12 02:04:32,286] 9 Nodes of True MB: [1, 2, 3, 4, 5, 6, 7, 8, 9], parents: set(), children: {1, 2, 4, 5, 7, 8}, spouse: {2, 3, 4, 5, 6, 7, 8, 9}
[2025-04-12 02:04:32,286] [MB metrics] precision: 1.000, recall: 0.889, acc: 0.900, f1: 0.941
[2025-04-12 02:04:42,166] sub_met2 before prunning {'fdr': 0.4643, 'tpr': 1.0, 'fpr': 1.0, 'shd': 13, 'nnz': 28, 'precision': 0.5357, 'recall': 1.0, 'F1': 0.6977, 'gscore': 0.1333}
[2025-04-12 02:04:42,166] sub_met after prunning {'fdr': 0.1176, 'tpr': 1.0, 'fpr': 0.1538, 'shd': 2, 'nnz': 17, 'precision': 0.8824, 'recall': 1.0, 'F1': 0.9375, 'gscore': 0.8667}
[2025-04-12 02:04:42,166] 
===  7-th graph ===
[2025-04-12 02:04:42,166] 8 Nodes of Markov blanket: [1, 2, 3, 4, 5, 6, 7, 9]
[2025-04-12 02:04:42,166] 8 Nodes of True MB: [1, 2, 3, 4, 5, 6, 7, 9], parents: {2, 3, 4, 6, 9}, children: {1}, spouse: {2, 3, 5, 6, 7, 9}
[2025-04-12 02:04:42,166] [MB metrics] precision: 1.000, recall: 1.000, acc: 1.000, f1: 1.000
[2025-04-12 02:04:52,043] sub_met2 before prunning {'fdr': 0.3571, 'tpr': 0.9474, 'fpr': 1.1111, 'shd': 10, 'nnz': 28, 'precision': 0.6429, 'recall': 0.9474, 'F1': 0.766, 'gscore': 0.4211}
[2025-04-12 02:04:52,045] sub_met after prunning {'fdr': 0.2174, 'tpr': 0.9474, 'fpr': 0.5556, 'shd': 5, 'nnz': 23, 'precision': 0.7826, 'recall': 0.9474, 'F1': 0.8571, 'gscore': 0.6842}
[2025-04-12 02:04:52,045] 
===  8-th graph ===
[2025-04-12 02:04:52,045] 7 Nodes of Markov blanket: [0, 2, 4, 5, 6, 8, 9]
[2025-04-12 02:04:52,045] 7 Nodes of True MB: [0, 2, 4, 5, 6, 8, 9], parents: {6}, children: {0, 4}, spouse: {2, 5, 6, 8, 9}
[2025-04-12 02:04:52,046] [MB metrics] precision: 1.000, recall: 1.000, acc: 1.000, f1: 1.000
[2025-04-12 02:05:00,219] sub_met2 before prunning {'fdr': 0.5714, 'tpr': 0.9, 'fpr': 1.0909, 'shd': 12, 'nnz': 21, 'precision': 0.4286, 'recall': 0.9, 'F1': 0.5806, 'gscore': 0.0}
[2025-04-12 02:05:00,219] sub_met after prunning {'fdr': 0.4, 'tpr': 0.9, 'fpr': 0.5455, 'shd': 6, 'nnz': 15, 'precision': 0.6, 'recall': 0.9, 'F1': 0.72, 'gscore': 0.3}
[2025-04-12 02:05:00,219] 
===  9-th graph ===
[2025-04-12 02:05:00,219] 10 Nodes of Markov blanket: [0, 1, 2, 3, 4, 5, 6, 7, 8, 9]
[2025-04-12 02:05:00,219] 10 Nodes of True MB: [0, 1, 2, 3, 4, 5, 6, 7, 8, 9], parents: set(), children: {0, 1, 3, 5, 7}, spouse: {0, 2, 3, 4, 5, 6, 7, 8, 9}
[2025-04-12 02:05:00,226] [MB metrics] precision: 1.000, recall: 1.000, acc: 1.000, f1: 1.000
[2025-04-12 02:05:14,465] sub_met2 before prunning {'fdr': 0.4667, 'tpr': 0.96, 'fpr': 1.05, 'shd': 21, 'nnz': 45, 'precision': 0.5333, 'recall': 0.96, 'F1': 0.6857, 'gscore': 0.12}
[2025-04-12 02:05:14,465] sub_met after prunning {'fdr': 0.1111, 'tpr': 0.96, 'fpr': 0.15, 'shd': 3, 'nnz': 27, 'precision': 0.8889, 'recall': 0.96, 'F1': 0.9231, 'gscore': 0.84}
[2025-04-12 02:05:14,465] 
======= Graph Summary =======
[2025-04-12 02:05:14,465] MB summary: {'precision': '0.98+-0.05', 'recall': '0.94+-0.08', 'acc': '0.95+-0.07', 'f1': '0.96+-0.06'}
[2025-04-12 02:05:14,466] merged_met_before  before prunning {'fdr': 0.4667, 'tpr': 0.96, 'fpr': 1.05, 'shd': 21, 'nnz': 45, 'precision': 0.5333, 'recall': 0.96, 'F1': 0.6857, 'gscore': 0.12}
[2025-04-12 02:05:14,472] [[0 0 0 0 0 1 0 0 0 0]
 [0 0 0 0 0 0 0 0 0 0]
 [1 1 0 1 1 1 0 1 0 0]
 [1 1 0 0 1 1 0 1 0 0]
 [0 0 0 0 0 0 0 1 0 0]
 [0 1 0 0 1 0 0 1 0 0]
 [1 1 1 1 1 1 0 1 1 0]
 [0 1 0 0 0 0 0 0 0 0]
 [1 0 1 1 1 0 0 1 0 0]
 [1 1 1 1 1 1 0 1 0 0]]
[2025-04-12 02:05:14,475] merged_met_after  after prunning {'fdr': 0.3514, 'tpr': 0.96, 'fpr': 0.65, 'shd': 13, 'nnz': 37, 'precision': 0.6486, 'recall': 0.96, 'F1': 0.7742, 'gscore': 0.44}
[2025-04-12 02:05:14,475] 
================ repeat number 8 ====================
[2025-04-12 02:05:14,476] true_dag
[[0 1 1 0 1 1 0 0 0 1]
 [0 0 0 1 1 1 1 0 1 0]
 [0 0 0 1 0 0 1 0 0 1]
 [0 0 0 0 0 1 1 0 0 1]
 [0 0 0 0 0 1 1 0 0 0]
 [0 0 0 0 0 0 0 0 0 0]
 [0 0 0 0 0 1 0 0 0 1]
 [1 0 1 1 1 0 0 0 0 1]
 [0 0 1 1 0 1 0 0 0 1]
 [0 0 0 0 0 1 0 0 0 0]]
[2025-04-12 02:05:14,490] 
===  0-th graph ===
[2025-04-12 02:05:14,490] 8 Nodes of Markov blanket: [0, 1, 3, 4, 5, 7, 8, 9]
[2025-04-12 02:05:14,490] 10 Nodes of True MB: [0, 1, 2, 3, 4, 5, 6, 7, 8, 9], parents: {7}, children: {1, 2, 4, 5, 9}, spouse: {0, 1, 2, 3, 4, 6, 7, 8, 9}
[2025-04-12 02:05:14,494] [MB metrics] precision: 1.000, recall: 0.800, acc: 0.800, f1: 0.889
[2025-04-12 02:05:24,322] sub_met2 before prunning {'fdr': 0.3214, 'tpr': 1.0, 'fpr': 1.0, 'shd': 9, 'nnz': 28, 'precision': 0.6786, 'recall': 1.0, 'F1': 0.8085, 'gscore': 0.5263}
[2025-04-12 02:05:24,322] sub_met after prunning {'fdr': 0.2174, 'tpr': 0.9474, 'fpr': 0.5556, 'shd': 6, 'nnz': 23, 'precision': 0.7826, 'recall': 0.9474, 'F1': 0.8571, 'gscore': 0.6842}
[2025-04-12 02:05:24,323] 
===  1-th graph ===
[2025-04-12 02:05:24,323] 9 Nodes of Markov blanket: [0, 1, 2, 3, 4, 5, 6, 7, 9]
[2025-04-12 02:05:24,323] 10 Nodes of True MB: [0, 1, 2, 3, 4, 5, 6, 7, 8, 9], parents: {0}, children: {3, 4, 5, 6, 8}, spouse: {0, 1, 2, 3, 4, 6, 7, 8, 9}
[2025-04-12 02:05:24,326] [MB metrics] precision: 1.000, recall: 0.900, acc: 0.900, f1: 0.947
[2025-04-12 02:05:36,300] sub_met2 before prunning {'fdr': 0.3056, 'tpr': 1.0, 'fpr': 1.0, 'shd': 11, 'nnz': 36, 'precision': 0.6944, 'recall': 1.0, 'F1': 0.8197, 'gscore': 0.56}
[2025-04-12 02:05:36,300] sub_met after prunning {'fdr': 0.1071, 'tpr': 1.0, 'fpr': 0.2727, 'shd': 3, 'nnz': 28, 'precision': 0.8929, 'recall': 1.0, 'F1': 0.9434, 'gscore': 0.88}
[2025-04-12 02:05:36,300] 
===  2-th graph ===
[2025-04-12 02:05:36,300] 8 Nodes of Markov blanket: [1, 2, 3, 4, 6, 7, 8, 9]
[2025-04-12 02:05:36,300] 9 Nodes of True MB: [0, 1, 2, 3, 4, 6, 7, 8, 9], parents: {0, 8, 7}, children: {9, 3, 6}, spouse: {0, 1, 2, 3, 4, 6, 7, 8}
[2025-04-12 02:05:36,306] [MB metrics] precision: 1.000, recall: 0.889, acc: 0.900, f1: 0.941
[2025-04-12 02:05:46,186] sub_met2 before prunning {'fdr': 0.3571, 'tpr': 1.0, 'fpr': 1.0, 'shd': 10, 'nnz': 28, 'precision': 0.6429, 'recall': 1.0, 'F1': 0.7826, 'gscore': 0.4444}
[2025-04-12 02:05:46,189] sub_met after prunning {'fdr': 0.2174, 'tpr': 1.0, 'fpr': 0.5, 'shd': 5, 'nnz': 23, 'precision': 0.7826, 'recall': 1.0, 'F1': 0.878, 'gscore': 0.7222}
[2025-04-12 02:05:46,189] 
===  3-th graph ===
[2025-04-12 02:05:46,189] 10 Nodes of Markov blanket: [0, 1, 2, 3, 4, 5, 6, 7, 8, 9]
[2025-04-12 02:05:46,189] 10 Nodes of True MB: [0, 1, 2, 3, 4, 5, 6, 7, 8, 9], parents: {8, 1, 2, 7}, children: {9, 5, 6}, spouse: {0, 1, 2, 3, 4, 6, 7, 8, 9}
[2025-04-12 02:05:46,189] [MB metrics] precision: 1.000, recall: 1.000, acc: 1.000, f1: 1.000
[2025-04-12 02:06:00,366] sub_met2 before prunning {'fdr': 0.3333, 'tpr': 1.0, 'fpr': 1.0, 'shd': 15, 'nnz': 45, 'precision': 0.6667, 'recall': 1.0, 'F1': 0.8, 'gscore': 0.5}
[2025-04-12 02:06:00,366] sub_met after prunning {'fdr': 0.0323, 'tpr': 1.0, 'fpr': 0.0667, 'shd': 1, 'nnz': 31, 'precision': 0.9677, 'recall': 1.0, 'F1': 0.9836, 'gscore': 0.9667}
[2025-04-12 02:06:00,367] 
===  4-th graph ===
[2025-04-12 02:06:00,367] 9 Nodes of Markov blanket: [0, 1, 2, 3, 4, 5, 6, 7, 8]
[2025-04-12 02:06:00,367] 10 Nodes of True MB: [0, 1, 2, 3, 4, 5, 6, 7, 8, 9], parents: {0, 1, 7}, children: {5, 6}, spouse: {0, 1, 2, 3, 4, 6, 8, 9}
[2025-04-12 02:06:00,368] [MB metrics] precision: 1.000, recall: 0.900, acc: 0.900, f1: 0.947
[2025-04-12 02:06:12,451] sub_met2 before prunning {'fdr': 0.3611, 'tpr': 1.0, 'fpr': 1.0, 'shd': 13, 'nnz': 36, 'precision': 0.6389, 'recall': 1.0, 'F1': 0.7797, 'gscore': 0.4348}
[2025-04-12 02:06:12,451] sub_met after prunning {'fdr': 0.1154, 'tpr': 1.0, 'fpr': 0.2308, 'shd': 3, 'nnz': 26, 'precision': 0.8846, 'recall': 1.0, 'F1': 0.9388, 'gscore': 0.8696}
[2025-04-12 02:06:12,451] 
===  5-th graph ===
[2025-04-12 02:06:12,451] 8 Nodes of Markov blanket: [0, 1, 3, 4, 5, 6, 8, 9]
[2025-04-12 02:06:12,451] 7 Nodes of True MB: [0, 1, 3, 4, 6, 8, 9], parents: {0, 1, 3, 4, 6, 8, 9}, children: set(), spouse: set()
[2025-04-12 02:06:12,456] [MB metrics] precision: 0.875, recall: 1.000, acc: 0.900, f1: 0.933
[2025-04-12 02:06:22,276] sub_met2 before prunning {'fdr': 0.2857, 'tpr': 1.0, 'fpr': 1.0, 'shd': 8, 'nnz': 28, 'precision': 0.7143, 'recall': 1.0, 'F1': 0.8333, 'gscore': 0.6}
[2025-04-12 02:06:22,276] sub_met after prunning {'fdr': 0.24, 'tpr': 0.95, 'fpr': 0.75, 'shd': 7, 'nnz': 25, 'precision': 0.76, 'recall': 0.95, 'F1': 0.8444, 'gscore': 0.65}
[2025-04-12 02:06:22,276] 
===  6-th graph ===
[2025-04-12 02:06:22,276] 9 Nodes of Markov blanket: [1, 2, 3, 4, 5, 6, 7, 8, 9]
[2025-04-12 02:06:22,276] 10 Nodes of True MB: [0, 1, 2, 3, 4, 5, 6, 7, 8, 9], parents: {1, 2, 3, 4}, children: {9, 5}, spouse: {0, 1, 2, 3, 4, 6, 7, 8, 9}
[2025-04-12 02:06:22,276] [MB metrics] precision: 1.000, recall: 0.900, acc: 0.900, f1: 0.947
[2025-04-12 02:06:34,036] sub_met2 before prunning {'fdr': 0.3333, 'tpr': 1.0, 'fpr': 1.0, 'shd': 12, 'nnz': 36, 'precision': 0.6667, 'recall': 1.0, 'F1': 0.8, 'gscore': 0.5}
[2025-04-12 02:06:34,036] sub_met after prunning {'fdr': 0.2069, 'tpr': 0.9583, 'fpr': 0.5, 'shd': 7, 'nnz': 29, 'precision': 0.7931, 'recall': 0.9583, 'F1': 0.8679, 'gscore': 0.7083}
[2025-04-12 02:06:34,036] 
===  7-th graph ===
[2025-04-12 02:06:34,036] 9 Nodes of Markov blanket: [0, 1, 2, 3, 4, 6, 7, 8, 9]
[2025-04-12 02:06:34,036] 9 Nodes of True MB: [0, 1, 2, 3, 4, 6, 7, 8, 9], parents: set(), children: {0, 2, 3, 4, 9}, spouse: {0, 1, 2, 3, 6, 7, 8}
[2025-04-12 02:06:34,036] [MB metrics] precision: 1.000, recall: 1.000, acc: 1.000, f1: 1.000
[2025-04-12 02:06:46,001] sub_met2 before prunning {'fdr': 0.3611, 'tpr': 1.0, 'fpr': 1.0, 'shd': 13, 'nnz': 36, 'precision': 0.6389, 'recall': 1.0, 'F1': 0.7797, 'gscore': 0.4348}
[2025-04-12 02:06:46,001] sub_met after prunning {'fdr': 0.0417, 'tpr': 1.0, 'fpr': 0.0769, 'shd': 1, 'nnz': 24, 'precision': 0.9583, 'recall': 1.0, 'F1': 0.9787, 'gscore': 0.9565}
[2025-04-12 02:06:46,001] 
===  8-th graph ===
[2025-04-12 02:06:46,001] 9 Nodes of Markov blanket: [0, 2, 3, 4, 5, 6, 7, 8, 9]
[2025-04-12 02:06:46,001] 10 Nodes of True MB: [0, 1, 2, 3, 4, 5, 6, 7, 8, 9], parents: {1}, children: {9, 2, 3, 5}, spouse: {0, 1, 2, 3, 4, 6, 7, 8, 9}
[2025-04-12 02:06:46,006] [MB metrics] precision: 1.000, recall: 0.900, acc: 0.900, f1: 0.947
[2025-04-12 02:06:57,798] sub_met2 before prunning {'fdr': 0.3611, 'tpr': 0.9583, 'fpr': 1.0833, 'shd': 13, 'nnz': 36, 'precision': 0.6389, 'recall': 0.9583, 'F1': 0.7667, 'gscore': 0.4167}
[2025-04-12 02:06:57,798] sub_met after prunning {'fdr': 0.3125, 'tpr': 0.9167, 'fpr': 0.8333, 'shd': 11, 'nnz': 32, 'precision': 0.6875, 'recall': 0.9167, 'F1': 0.7857, 'gscore': 0.5}
[2025-04-12 02:06:57,798] 
===  9-th graph ===
[2025-04-12 02:06:57,798] 9 Nodes of Markov blanket: [0, 1, 2, 3, 5, 6, 7, 8, 9]
[2025-04-12 02:06:57,798] 10 Nodes of True MB: [0, 1, 2, 3, 4, 5, 6, 7, 8, 9], parents: {0, 2, 3, 6, 7, 8}, children: {5}, spouse: {0, 1, 3, 4, 6, 8, 9}
[2025-04-12 02:06:57,798] [MB metrics] precision: 1.000, recall: 0.900, acc: 0.900, f1: 0.947
[2025-04-12 02:07:09,587] sub_met2 before prunning {'fdr': 0.3056, 'tpr': 1.0, 'fpr': 1.0, 'shd': 11, 'nnz': 36, 'precision': 0.6944, 'recall': 1.0, 'F1': 0.8197, 'gscore': 0.56}
[2025-04-12 02:07:09,587] sub_met after prunning {'fdr': 0.1786, 'tpr': 0.92, 'fpr': 0.4545, 'shd': 7, 'nnz': 28, 'precision': 0.8214, 'recall': 0.92, 'F1': 0.8679, 'gscore': 0.72}
[2025-04-12 02:07:09,587] 
======= Graph Summary =======
[2025-04-12 02:07:09,587] MB summary: {'precision': '0.99+-0.04', 'recall': '0.92+-0.06', 'acc': '0.91+-0.05', 'f1': '0.95+-0.03'}
[2025-04-12 02:07:09,587] merged_met_before  before prunning {'fdr': 0.3333, 'tpr': 1.0, 'fpr': 1.0, 'shd': 15, 'nnz': 45, 'precision': 0.6667, 'recall': 1.0, 'F1': 0.8, 'gscore': 0.5}
[2025-04-12 02:07:09,595] [[0 1 1 1 1 1 1 0 1 1]
 [0 0 1 1 1 1 1 0 1 1]
 [0 0 0 1 1 1 1 0 0 1]
 [0 0 0 0 1 1 1 0 0 1]
 [0 0 0 0 0 1 1 0 0 1]
 [0 0 0 0 0 0 0 0 0 0]
 [0 0 0 0 0 1 0 0 0 1]
 [1 1 1 1 1 1 1 0 1 1]
 [0 0 1 1 0 1 1 0 0 1]
 [0 0 0 0 0 1 0 0 0 0]]
[2025-04-12 02:07:09,599] merged_met_after  after prunning {'fdr': 0.3182, 'tpr': 1.0, 'fpr': 0.9333, 'shd': 14, 'nnz': 44, 'precision': 0.6818, 'recall': 1.0, 'F1': 0.8108, 'gscore': 0.5333}
[2025-04-12 02:07:09,599] 
================ repeat number 9 ====================
[2025-04-12 02:07:09,599] true_dag
[[0 0 0 0 0 1 0 0 0 0]
 [1 0 0 0 0 1 0 1 0 1]
 [1 0 0 0 1 1 0 1 0 1]
 [0 0 1 0 1 1 0 0 0 0]
 [0 0 0 0 0 1 0 0 0 0]
 [0 0 0 0 0 0 0 0 0 0]
 [1 1 0 0 1 1 0 0 0 1]
 [1 0 0 0 0 1 0 0 0 0]
 [0 1 0 1 1 0 1 1 0 1]
 [1 0 0 0 1 1 0 0 0 0]]
[2025-04-12 02:07:09,614] 
===  0-th graph ===
[2025-04-12 02:07:09,616] 7 Nodes of Markov blanket: [0, 1, 3, 4, 5, 6, 9]
[2025-04-12 02:07:09,616] 9 Nodes of True MB: [0, 1, 2, 3, 4, 5, 6, 7, 9], parents: {1, 2, 6, 7, 9}, children: {5}, spouse: {0, 1, 2, 3, 4, 6, 7, 9}
[2025-04-12 02:07:09,619] [MB metrics] precision: 1.000, recall: 0.778, acc: 0.800, f1: 0.875
[2025-04-12 02:07:17,624] sub_met2 before prunning {'fdr': 0.2857, 'tpr': 1.0, 'fpr': 1.0, 'shd': 6, 'nnz': 21, 'precision': 0.7143, 'recall': 1.0, 'F1': 0.8333, 'gscore': 0.6}
[2025-04-12 02:07:17,624] sub_met after prunning {'fdr': 0.25, 'tpr': 1.0, 'fpr': 0.8333, 'shd': 5, 'nnz': 20, 'precision': 0.75, 'recall': 1.0, 'F1': 0.8571, 'gscore': 0.6667}
[2025-04-12 02:07:17,624] 
===  1-th graph ===
[2025-04-12 02:07:17,624] 10 Nodes of Markov blanket: [0, 1, 2, 3, 4, 5, 6, 7, 8, 9]
[2025-04-12 02:07:17,624] 10 Nodes of True MB: [0, 1, 2, 3, 4, 5, 6, 7, 8, 9], parents: {8, 6}, children: {0, 9, 5, 7}, spouse: {0, 1, 2, 3, 4, 6, 7, 8, 9}
[2025-04-12 02:07:17,626] [MB metrics] precision: 1.000, recall: 1.000, acc: 1.000, f1: 1.000
[2025-04-12 02:07:31,730] sub_met2 before prunning {'fdr': 0.3556, 'tpr': 0.9667, 'fpr': 1.0667, 'shd': 16, 'nnz': 45, 'precision': 0.6444, 'recall': 0.9667, 'F1': 0.7733, 'gscore': 0.4333}
[2025-04-12 02:07:31,730] sub_met after prunning {'fdr': 0.0938, 'tpr': 0.9667, 'fpr': 0.2, 'shd': 3, 'nnz': 32, 'precision': 0.9062, 'recall': 0.9667, 'F1': 0.9355, 'gscore': 0.8667}
[2025-04-12 02:07:31,730] 
===  2-th graph ===
[2025-04-12 02:07:31,730] 8 Nodes of Markov blanket: [1, 2, 4, 5, 6, 7, 8, 9]
[2025-04-12 02:07:31,730] 10 Nodes of True MB: [0, 1, 2, 3, 4, 5, 6, 7, 8, 9], parents: {3}, children: {0, 4, 5, 7, 9}, spouse: {0, 1, 2, 3, 4, 6, 7, 8, 9}
[2025-04-12 02:07:31,736] [MB metrics] precision: 1.000, recall: 0.800, acc: 0.800, f1: 0.889
[2025-04-12 02:07:41,456] sub_met2 before prunning {'fdr': 0.2857, 'tpr': 1.0, 'fpr': 1.0, 'shd': 8, 'nnz': 28, 'precision': 0.7143, 'recall': 1.0, 'F1': 0.8333, 'gscore': 0.6}
[2025-04-12 02:07:41,456] sub_met after prunning {'fdr': 0.0909, 'tpr': 1.0, 'fpr': 0.25, 'shd': 2, 'nnz': 22, 'precision': 0.9091, 'recall': 1.0, 'F1': 0.9524, 'gscore': 0.9}
[2025-04-12 02:07:41,456] 
===  3-th graph ===
[2025-04-12 02:07:41,456] 9 Nodes of Markov blanket: [0, 1, 3, 4, 5, 6, 7, 8, 9]
[2025-04-12 02:07:41,456] 10 Nodes of True MB: [0, 1, 2, 3, 4, 5, 6, 7, 8, 9], parents: {8}, children: {2, 4, 5}, spouse: {0, 1, 2, 3, 4, 6, 7, 8, 9}
[2025-04-12 02:07:41,456] [MB metrics] precision: 1.000, recall: 0.900, acc: 0.900, f1: 0.947
[2025-04-12 02:07:53,296] sub_met2 before prunning {'fdr': 0.3611, 'tpr': 0.9583, 'fpr': 1.0833, 'shd': 13, 'nnz': 36, 'precision': 0.6389, 'recall': 0.9583, 'F1': 0.7667, 'gscore': 0.4167}
[2025-04-12 02:07:53,296] sub_met after prunning {'fdr': 0.2812, 'tpr': 0.9583, 'fpr': 0.75, 'shd': 9, 'nnz': 32, 'precision': 0.7188, 'recall': 0.9583, 'F1': 0.8214, 'gscore': 0.5833}
[2025-04-12 02:07:53,296] 
===  4-th graph ===
[2025-04-12 02:07:53,296] 9 Nodes of Markov blanket: [0, 1, 2, 3, 4, 5, 7, 8, 9]
[2025-04-12 02:07:53,296] 10 Nodes of True MB: [0, 1, 2, 3, 4, 5, 6, 7, 8, 9], parents: {2, 3, 6, 8, 9}, children: {5}, spouse: {0, 1, 2, 3, 4, 6, 7, 9}
[2025-04-12 02:07:53,296] [MB metrics] precision: 1.000, recall: 0.900, acc: 0.900, f1: 0.947
[2025-04-12 02:08:05,146] sub_met2 before prunning {'fdr': 0.3333, 'tpr': 1.0, 'fpr': 1.0, 'shd': 12, 'nnz': 36, 'precision': 0.6667, 'recall': 1.0, 'F1': 0.8, 'gscore': 0.5}
[2025-04-12 02:08:05,146] sub_met after prunning {'fdr': 0.1786, 'tpr': 0.9583, 'fpr': 0.4167, 'shd': 6, 'nnz': 28, 'precision': 0.8214, 'recall': 0.9583, 'F1': 0.8846, 'gscore': 0.75}
[2025-04-12 02:08:05,146] 
===  5-th graph ===
[2025-04-12 02:08:05,146] 9 Nodes of Markov blanket: [0, 1, 2, 3, 4, 5, 6, 7, 9]
[2025-04-12 02:08:05,146] 8 Nodes of True MB: [0, 1, 2, 3, 4, 6, 7, 9], parents: {0, 1, 2, 3, 4, 6, 7, 9}, children: set(), spouse: set()
[2025-04-12 02:08:05,146] [MB metrics] precision: 0.889, recall: 1.000, acc: 0.900, f1: 0.941
[2025-04-12 02:08:17,007] sub_met2 before prunning {'fdr': 0.4167, 'tpr': 0.875, 'fpr': 1.25, 'shd': 15, 'nnz': 36, 'precision': 0.5833, 'recall': 0.875, 'F1': 0.7, 'gscore': 0.25}
[2025-04-12 02:08:17,007] sub_met after prunning {'fdr': 0.3, 'tpr': 0.875, 'fpr': 0.75, 'shd': 10, 'nnz': 30, 'precision': 0.7, 'recall': 0.875, 'F1': 0.7778, 'gscore': 0.5}
[2025-04-12 02:08:17,007] 
===  6-th graph ===
[2025-04-12 02:08:17,007] 9 Nodes of Markov blanket: [0, 1, 2, 3, 5, 6, 7, 8, 9]
[2025-04-12 02:08:17,007] 10 Nodes of True MB: [0, 1, 2, 3, 4, 5, 6, 7, 8, 9], parents: {8}, children: {0, 1, 4, 5, 9}, spouse: {0, 1, 2, 3, 4, 6, 7, 8, 9}
[2025-04-12 02:08:17,011] [MB metrics] precision: 1.000, recall: 0.900, acc: 0.900, f1: 0.947
[2025-04-12 02:08:28,991] sub_met2 before prunning {'fdr': 0.3611, 'tpr': 0.9583, 'fpr': 1.0833, 'shd': 13, 'nnz': 36, 'precision': 0.6389, 'recall': 0.9583, 'F1': 0.7667, 'gscore': 0.4167}
[2025-04-12 02:08:28,991] sub_met after prunning {'fdr': 0.125, 'tpr': 0.875, 'fpr': 0.25, 'shd': 5, 'nnz': 24, 'precision': 0.875, 'recall': 0.875, 'F1': 0.875, 'gscore': 0.75}
[2025-04-12 02:08:28,991] 
===  7-th graph ===
[2025-04-12 02:08:28,991] 9 Nodes of Markov blanket: [1, 2, 3, 4, 5, 6, 7, 8, 9]
[2025-04-12 02:08:28,991] 10 Nodes of True MB: [0, 1, 2, 3, 4, 5, 6, 7, 8, 9], parents: {8, 1, 2}, children: {0, 5}, spouse: {0, 1, 2, 3, 4, 6, 7, 9}
[2025-04-12 02:08:28,996] [MB metrics] precision: 1.000, recall: 0.900, acc: 0.900, f1: 0.947
[2025-04-12 02:08:40,916] sub_met2 before prunning {'fdr': 0.3611, 'tpr': 0.9583, 'fpr': 1.0833, 'shd': 13, 'nnz': 36, 'precision': 0.6389, 'recall': 0.9583, 'F1': 0.7667, 'gscore': 0.4167}
[2025-04-12 02:08:40,918] sub_met after prunning {'fdr': 0.08, 'tpr': 0.9583, 'fpr': 0.1667, 'shd': 2, 'nnz': 25, 'precision': 0.92, 'recall': 0.9583, 'F1': 0.9388, 'gscore': 0.875}
[2025-04-12 02:08:40,918] 
===  8-th graph ===
[2025-04-12 02:08:40,918] 7 Nodes of Markov blanket: [1, 2, 3, 4, 6, 7, 8]
[2025-04-12 02:08:40,918] 8 Nodes of True MB: [1, 2, 3, 4, 6, 7, 8, 9], parents: set(), children: {1, 3, 4, 6, 7, 9}, spouse: {1, 2, 3, 6, 8, 9}
[2025-04-12 02:08:40,918] [MB metrics] precision: 1.000, recall: 0.875, acc: 0.900, f1: 0.933
[2025-04-12 02:08:48,951] sub_met2 before prunning {'fdr': 0.4286, 'tpr': 1.0, 'fpr': 1.0, 'shd': 9, 'nnz': 21, 'precision': 0.5714, 'recall': 1.0, 'F1': 0.7273, 'gscore': 0.25}
[2025-04-12 02:08:48,951] sub_met after prunning {'fdr': 0.0769, 'tpr': 1.0, 'fpr': 0.1111, 'shd': 1, 'nnz': 13, 'precision': 0.9231, 'recall': 1.0, 'F1': 0.96, 'gscore': 0.9167}
[2025-04-12 02:08:48,951] 
===  9-th graph ===
[2025-04-12 02:08:48,951] 9 Nodes of Markov blanket: [0, 1, 2, 3, 4, 5, 6, 7, 9]
[2025-04-12 02:08:48,951] 10 Nodes of True MB: [0, 1, 2, 3, 4, 5, 6, 7, 8, 9], parents: {8, 1, 2, 6}, children: {0, 4, 5}, spouse: {0, 1, 2, 3, 4, 6, 7, 8, 9}
[2025-04-12 02:08:48,958] [MB metrics] precision: 1.000, recall: 0.900, acc: 0.900, f1: 0.947
[2025-04-12 02:09:00,826] sub_met2 before prunning {'fdr': 0.4167, 'tpr': 0.875, 'fpr': 1.25, 'shd': 15, 'nnz': 36, 'precision': 0.5833, 'recall': 0.875, 'F1': 0.7, 'gscore': 0.25}
[2025-04-12 02:09:00,826] sub_met after prunning {'fdr': 0.3, 'tpr': 0.875, 'fpr': 0.75, 'shd': 10, 'nnz': 30, 'precision': 0.7, 'recall': 0.875, 'F1': 0.7778, 'gscore': 0.5}
[2025-04-12 02:09:00,826] 
======= Graph Summary =======
[2025-04-12 02:09:00,826] MB summary: {'precision': '0.99+-0.03', 'recall': '0.90+-0.07', 'acc': '0.89+-0.05', 'f1': '0.94+-0.03'}
[2025-04-12 02:09:00,836] merged_met_before  before prunning {'fdr': 0.3333, 'tpr': 1.0, 'fpr': 1.0, 'shd': 15, 'nnz': 45, 'precision': 0.6667, 'recall': 1.0, 'F1': 0.8, 'gscore': 0.5}
[2025-04-12 02:09:00,838] [[0 0 0 0 0 1 0 0 0 0]
 [1 0 0 1 1 1 0 1 0 1]
 [1 1 0 1 1 1 1 1 0 1]
 [1 0 0 0 1 1 0 1 0 1]
 [1 0 0 0 0 1 0 0 0 0]
 [0 0 0 0 0 0 0 0 0 0]
 [1 1 0 1 1 1 0 1 0 1]
 [1 0 0 0 0 1 0 0 0 0]
 [1 1 1 1 1 1 1 1 0 1]
 [1 0 0 0 1 1 0 1 0 0]]
[2025-04-12 02:09:00,841] merged_met_after  after prunning {'fdr': 0.3409, 'tpr': 0.9667, 'fpr': 1.0, 'shd': 15, 'nnz': 44, 'precision': 0.6591, 'recall': 0.9667, 'F1': 0.7838, 'gscore': 0.4667}
[2025-04-12 02:09:00,841] 
================ repeat number 10 ====================
[2025-04-12 02:09:00,843] true_dag
[[0 0 1 0 0 0 1 0 0 0]
 [1 0 0 1 0 0 0 1 0 1]
 [0 0 0 0 0 0 1 1 0 0]
 [0 0 1 0 0 0 1 0 1 1]
 [0 0 0 0 0 0 1 0 0 0]
 [1 0 0 0 0 0 1 1 1 0]
 [0 0 0 0 0 0 0 0 0 0]
 [0 0 0 0 0 0 0 0 0 0]
 [1 0 0 0 0 0 1 0 0 1]
 [0 0 0 0 0 0 0 1 0 0]]
[2025-04-12 02:09:00,856] 
===  0-th graph ===
[2025-04-12 02:09:00,856] 8 Nodes of Markov blanket: [0, 1, 2, 3, 4, 5, 6, 8]
[2025-04-12 02:09:00,856] 8 Nodes of True MB: [0, 1, 2, 3, 4, 5, 6, 8], parents: {8, 1, 5}, children: {2, 6}, spouse: {0, 2, 3, 4, 5, 8}
[2025-04-12 02:09:00,860] [MB metrics] precision: 1.000, recall: 1.000, acc: 1.000, f1: 1.000
[2025-04-12 02:09:10,836] sub_met2 before prunning {'fdr': 0.5, 'tpr': 1.0, 'fpr': 1.0, 'shd': 14, 'nnz': 28, 'precision': 0.5, 'recall': 1.0, 'F1': 0.6667, 'gscore': 0.0}
[2025-04-12 02:09:10,836] sub_met after prunning {'fdr': 0.0, 'tpr': 1.0, 'fpr': 0.0, 'shd': 0, 'nnz': 14, 'precision': 1.0, 'recall': 1.0, 'F1': 1.0, 'gscore': 1.0}
[2025-04-12 02:09:10,836] 
===  1-th graph ===
[2025-04-12 02:09:10,836] 8 Nodes of Markov blanket: [0, 1, 2, 3, 5, 7, 8, 9]
[2025-04-12 02:09:10,836] 8 Nodes of True MB: [0, 1, 2, 3, 5, 7, 8, 9], parents: set(), children: {0, 9, 3, 7}, spouse: {1, 2, 3, 5, 8, 9}
[2025-04-12 02:09:10,846] [MB metrics] precision: 1.000, recall: 1.000, acc: 1.000, f1: 1.000
[2025-04-12 02:09:20,671] sub_met2 before prunning {'fdr': 0.4643, 'tpr': 1.0, 'fpr': 1.0, 'shd': 13, 'nnz': 28, 'precision': 0.5357, 'recall': 1.0, 'F1': 0.6977, 'gscore': 0.1333}
[2025-04-12 02:09:20,675] sub_met after prunning {'fdr': 0.0, 'tpr': 1.0, 'fpr': 0.0, 'shd': 0, 'nnz': 15, 'precision': 1.0, 'recall': 1.0, 'F1': 1.0, 'gscore': 1.0}
[2025-04-12 02:09:20,675] 
===  2-th graph ===
[2025-04-12 02:09:20,675] 10 Nodes of Markov blanket: [0, 1, 2, 3, 4, 5, 6, 7, 8, 9]
[2025-04-12 02:09:20,676] 10 Nodes of True MB: [0, 1, 2, 3, 4, 5, 6, 7, 8, 9], parents: {0, 3}, children: {6, 7}, spouse: {0, 1, 2, 3, 4, 5, 8, 9}
[2025-04-12 02:09:20,676] [MB metrics] precision: 1.000, recall: 1.000, acc: 1.000, f1: 1.000
[2025-04-12 02:09:34,916] sub_met2 before prunning {'fdr': 0.5333, 'tpr': 1.0, 'fpr': 1.0, 'shd': 24, 'nnz': 45, 'precision': 0.4667, 'recall': 1.0, 'F1': 0.6364, 'gscore': 0.0}
[2025-04-12 02:09:34,916] sub_met after prunning {'fdr': 0.0, 'tpr': 1.0, 'fpr': 0.0, 'shd': 0, 'nnz': 21, 'precision': 1.0, 'recall': 1.0, 'F1': 1.0, 'gscore': 1.0}
[2025-04-12 02:09:34,916] 
===  3-th graph ===
[2025-04-12 02:09:34,916] 8 Nodes of Markov blanket: [0, 1, 2, 3, 4, 6, 8, 9]
[2025-04-12 02:09:34,916] 9 Nodes of True MB: [0, 1, 2, 3, 4, 5, 6, 8, 9], parents: {1}, children: {8, 9, 2, 6}, spouse: {0, 1, 2, 3, 4, 5, 8}
[2025-04-12 02:09:34,916] [MB metrics] precision: 1.000, recall: 0.889, acc: 0.900, f1: 0.941
[2025-04-12 02:09:44,747] sub_met2 before prunning {'fdr': 0.5357, 'tpr': 0.9286, 'fpr': 1.0714, 'shd': 15, 'nnz': 28, 'precision': 0.4643, 'recall': 0.9286, 'F1': 0.619, 'gscore': 0.0}
[2025-04-12 02:09:44,756] sub_met after prunning {'fdr': 0.25, 'tpr': 0.8571, 'fpr': 0.2857, 'shd': 5, 'nnz': 16, 'precision': 0.75, 'recall': 0.8571, 'F1': 0.8, 'gscore': 0.5714}
[2025-04-12 02:09:44,756] 
===  4-th graph ===
[2025-04-12 02:09:44,756] 7 Nodes of Markov blanket: [0, 2, 3, 4, 5, 6, 8]
[2025-04-12 02:09:44,756] 7 Nodes of True MB: [0, 2, 3, 4, 5, 6, 8], parents: set(), children: {6}, spouse: {0, 2, 3, 4, 5, 8}
[2025-04-12 02:09:44,756] [MB metrics] precision: 1.000, recall: 1.000, acc: 1.000, f1: 1.000
[2025-04-12 02:09:52,746] sub_met2 before prunning {'fdr': 0.5238, 'tpr': 0.8333, 'fpr': 1.2222, 'shd': 11, 'nnz': 21, 'precision': 0.4762, 'recall': 0.8333, 'F1': 0.6061, 'gscore': 0.0}
[2025-04-12 02:09:52,746] sub_met after prunning {'fdr': 0.2857, 'tpr': 0.8333, 'fpr': 0.4444, 'shd': 5, 'nnz': 14, 'precision': 0.7143, 'recall': 0.8333, 'F1': 0.7692, 'gscore': 0.5}
[2025-04-12 02:09:52,746] 
===  5-th graph ===
[2025-04-12 02:09:52,746] 9 Nodes of Markov blanket: [0, 1, 2, 4, 5, 6, 7, 8, 9]
[2025-04-12 02:09:52,746] 10 Nodes of True MB: [0, 1, 2, 3, 4, 5, 6, 7, 8, 9], parents: set(), children: {0, 8, 6, 7}, spouse: {0, 1, 2, 3, 4, 5, 8, 9}
[2025-04-12 02:09:52,746] [MB metrics] precision: 1.000, recall: 0.900, acc: 0.900, f1: 0.947
[2025-04-12 02:10:04,581] sub_met2 before prunning {'fdr': 0.5556, 'tpr': 1.0, 'fpr': 1.0, 'shd': 20, 'nnz': 36, 'precision': 0.4444, 'recall': 1.0, 'F1': 0.6154, 'gscore': 0.0}
[2025-04-12 02:10:04,581] sub_met after prunning {'fdr': 0.375, 'tpr': 0.9375, 'fpr': 0.45, 'shd': 10, 'nnz': 24, 'precision': 0.625, 'recall': 0.9375, 'F1': 0.75, 'gscore': 0.375}
[2025-04-12 02:10:04,581] 
===  6-th graph ===
[2025-04-12 02:10:04,581] 7 Nodes of Markov blanket: [0, 2, 3, 4, 5, 6, 8]
[2025-04-12 02:10:04,581] 6 Nodes of True MB: [0, 2, 3, 4, 5, 8], parents: {0, 2, 3, 4, 5, 8}, children: set(), spouse: set()
[2025-04-12 02:10:04,586] [MB metrics] precision: 0.857, recall: 1.000, acc: 0.889, f1: 0.923
[2025-04-12 02:10:12,647] sub_met2 before prunning {'fdr': 0.5238, 'tpr': 0.8333, 'fpr': 1.2222, 'shd': 11, 'nnz': 21, 'precision': 0.4762, 'recall': 0.8333, 'F1': 0.6061, 'gscore': 0.0}
[2025-04-12 02:10:12,647] sub_met after prunning {'fdr': 0.2857, 'tpr': 0.8333, 'fpr': 0.4444, 'shd': 5, 'nnz': 14, 'precision': 0.7143, 'recall': 0.8333, 'F1': 0.7692, 'gscore': 0.5}
[2025-04-12 02:10:12,647] 
===  7-th graph ===
[2025-04-12 02:10:12,647] 5 Nodes of Markov blanket: [1, 2, 5, 7, 9]
[2025-04-12 02:10:12,647] 4 Nodes of True MB: [1, 2, 5, 9], parents: {1, 2, 5, 9}, children: set(), spouse: set()
[2025-04-12 02:10:12,647] [MB metrics] precision: 0.800, recall: 1.000, acc: 0.900, f1: 0.889
[2025-04-12 02:10:17,504] sub_met2 before prunning {'fdr': 0.7, 'tpr': 0.6, 'fpr': 1.4, 'shd': 7, 'nnz': 10, 'precision': 0.3, 'recall': 0.6, 'F1': 0.4, 'gscore': 0.0}
[2025-04-12 02:10:17,506] sub_met after prunning {'fdr': 0.7, 'tpr': 0.6, 'fpr': 1.4, 'shd': 7, 'nnz': 10, 'precision': 0.3, 'recall': 0.6, 'F1': 0.4, 'gscore': 0.0}
[2025-04-12 02:10:17,506] 
===  8-th graph ===
[2025-04-12 02:10:17,506] 9 Nodes of Markov blanket: [0, 1, 2, 3, 4, 5, 6, 8, 9]
[2025-04-12 02:10:17,506] 9 Nodes of True MB: [0, 1, 2, 3, 4, 5, 6, 8, 9], parents: {3, 5}, children: {0, 9, 6}, spouse: {0, 1, 2, 3, 4, 5, 8}
[2025-04-12 02:10:17,506] [MB metrics] precision: 1.000, recall: 1.000, acc: 1.000, f1: 1.000
[2025-04-12 02:10:29,426] sub_met2 before prunning {'fdr': 0.5278, 'tpr': 1.0, 'fpr': 1.0, 'shd': 19, 'nnz': 36, 'precision': 0.4722, 'recall': 1.0, 'F1': 0.6415, 'gscore': 0.0}
[2025-04-12 02:10:29,426] sub_met after prunning {'fdr': 0.0, 'tpr': 1.0, 'fpr': 0.0, 'shd': 0, 'nnz': 17, 'precision': 1.0, 'recall': 1.0, 'F1': 1.0, 'gscore': 1.0}
[2025-04-12 02:10:29,426] 
===  9-th graph ===
[2025-04-12 02:10:29,426] 7 Nodes of Markov blanket: [1, 2, 3, 5, 7, 8, 9]
[2025-04-12 02:10:29,426] 7 Nodes of True MB: [1, 2, 3, 5, 7, 8, 9], parents: {8, 1, 3}, children: {7}, spouse: {1, 2, 5, 9}
[2025-04-12 02:10:29,433] [MB metrics] precision: 1.000, recall: 1.000, acc: 1.000, f1: 1.000
[2025-04-12 02:10:37,516] sub_met2 before prunning {'fdr': 0.5238, 'tpr': 0.9091, 'fpr': 1.1, 'shd': 11, 'nnz': 21, 'precision': 0.4762, 'recall': 0.9091, 'F1': 0.625, 'gscore': 0.0}
[2025-04-12 02:10:37,516] sub_met after prunning {'fdr': 0.4118, 'tpr': 0.9091, 'fpr': 0.7, 'shd': 7, 'nnz': 17, 'precision': 0.5882, 'recall': 0.9091, 'F1': 0.7143, 'gscore': 0.2727}
[2025-04-12 02:10:37,516] 
======= Graph Summary =======
[2025-04-12 02:10:37,516] MB summary: {'precision': '0.97+-0.07', 'recall': '0.98+-0.04', 'acc': '0.96+-0.05', 'f1': '0.97+-0.04'}
[2025-04-12 02:10:37,526] merged_met_before  before prunning {'fdr': 0.5333, 'tpr': 1.0, 'fpr': 1.0, 'shd': 24, 'nnz': 45, 'precision': 0.4667, 'recall': 1.0, 'F1': 0.6364, 'gscore': 0.0}
[2025-04-12 02:10:37,529] [[0 0 1 0 0 0 1 0 0 1]
 [1 0 1 1 0 0 1 1 1 1]
 [0 0 0 0 0 0 1 1 0 0]
 [1 0 1 0 0 0 1 1 1 1]
 [0 0 0 0 0 0 1 0 0 0]
 [1 1 1 1 0 0 1 1 1 1]
 [0 0 0 0 0 0 0 0 0 0]
 [0 0 0 0 0 0 0 0 0 0]
 [1 0 1 0 0 0 1 1 0 1]
 [0 0 1 0 0 0 1 1 0 0]]
[2025-04-12 02:10:37,532] merged_met_after  after prunning {'fdr': 0.4, 'tpr': 1.0, 'fpr': 0.5833, 'shd': 14, 'nnz': 35, 'precision': 0.6, 'recall': 1.0, 'F1': 0.75, 'gscore': 0.3333}
[2025-04-12 02:10:37,533] Before pruning: {'fdr': '0.40+-0.06', 'tpr': '0.98+-0.02', 'fpr': '1.03+-0.04', 'shd': '18.00+-2.90', 'nnz': '44.90+-0.30', 'precision': '0.60+-0.06', 'recall': '0.98+-0.02', 'F1': '0.74+-0.05', 'gscore': '0.32+-0.17', 'time_mb': '0.01+-0.00', 'time_sub_avg': '9.71+-1.37', 'time_sub_max': '13.58+-1.39', 'time_sub_tot': '97.09+-13.69', 'time_FAS': '0.00+-0.00', 'time_dist_tot': '13.60+-1.39', 'time_tot': '97.11+-13.70'}
[2025-04-12 02:10:37,533] After pruning: {'fdr': '0.33+-0.04', 'tpr': '0.97+-0.03', 'fpr': '0.76+-0.15', 'shd': '13.20+-1.83', 'nnz': '39.90+-3.39', 'precision': '0.67+-0.04', 'recall': '0.97+-0.03', 'F1': '0.79+-0.03', 'gscore': '0.49+-0.09', 'time_mb': '0.01+-0.00', 'time_sub_avg': '9.71+-1.37', 'time_sub_max': '13.58+-1.39', 'time_sub_tot': '97.09+-13.69', 'time_FAS': '0.00+-0.00', 'time_dist_tot': '13.60+-1.39', 'time_tot': '97.11+-13.70'}
