[2025-04-12 00:37:44,699] 
================ repeat number 1 ====================
[2025-04-12 00:37:44,702] true_dag
[[0 0 0 0 0]
 [0 0 1 0 0]
 [0 0 0 0 0]
 [1 0 1 0 0]
 [0 1 1 1 0]]
[2025-04-12 00:37:44,709] 
===  0-th graph ===
[2025-04-12 00:37:44,709] 2 Nodes of Markov blanket: [0, 3]
[2025-04-12 00:37:44,709] 1 Nodes of True MB: [3], parents: {3}, children: set(), spouse: set()
[2025-04-12 00:37:44,713] [MB metrics] precision: 0.500, recall: 1.000, acc: 0.750, f1: 0.667
[2025-04-12 00:37:45,800] sub_met2 before prunning {'fdr': 1.0, 'tpr': 0.0, 'fpr': 1.0, 'shd': 1, 'nnz': 1, 'precision': 0.0, 'recall': 0.0, 'F1': nan, 'gscore': 0.0}
[2025-04-12 00:37:45,800] sub_met after prunning {'fdr': 1.0, 'tpr': 0.0, 'fpr': 1.0, 'shd': 1, 'nnz': 1, 'precision': 0.0, 'recall': 0.0, 'F1': nan, 'gscore': 0.0}
[2025-04-12 00:37:45,800] 
===  1-th graph ===
[2025-04-12 00:37:45,800] 4 Nodes of Markov blanket: [1, 2, 3, 4]
[2025-04-12 00:37:45,800] 4 Nodes of True MB: [1, 2, 3, 4], parents: {4}, children: {2}, spouse: {1, 3, 4}
[2025-04-12 00:37:45,805] [MB metrics] precision: 1.000, recall: 1.000, acc: 1.000, f1: 1.000
[2025-04-12 00:37:49,209] sub_met2 before prunning {'fdr': 0.1667, 'tpr': 1.0, 'fpr': 1.0, 'shd': 1, 'nnz': 6, 'precision': 0.8333, 'recall': 1.0, 'F1': 0.9091, 'gscore': 0.8}
[2025-04-12 00:37:49,209] sub_met after prunning {'fdr': 0.0, 'tpr': 1.0, 'fpr': 0.0, 'shd': 0, 'nnz': 5, 'precision': 1.0, 'recall': 1.0, 'F1': 1.0, 'gscore': 1.0}
[2025-04-12 00:37:49,209] 
===  2-th graph ===
[2025-04-12 00:37:49,209] 4 Nodes of Markov blanket: [1, 2, 3, 4]
[2025-04-12 00:37:49,209] 3 Nodes of True MB: [1, 3, 4], parents: {1, 3, 4}, children: set(), spouse: set()
[2025-04-12 00:37:49,214] [MB metrics] precision: 0.750, recall: 1.000, acc: 0.800, f1: 0.857
[2025-04-12 00:37:52,659] sub_met2 before prunning {'fdr': 0.1667, 'tpr': 1.0, 'fpr': 1.0, 'shd': 1, 'nnz': 6, 'precision': 0.8333, 'recall': 1.0, 'F1': 0.9091, 'gscore': 0.8}
[2025-04-12 00:37:52,659] sub_met after prunning {'fdr': 0.0, 'tpr': 1.0, 'fpr': 0.0, 'shd': 0, 'nnz': 5, 'precision': 1.0, 'recall': 1.0, 'F1': 1.0, 'gscore': 1.0}
[2025-04-12 00:37:52,659] 
===  3-th graph ===
[2025-04-12 00:37:52,659] 4 Nodes of Markov blanket: [0, 1, 2, 3]
[2025-04-12 00:37:52,659] 5 Nodes of True MB: [0, 1, 2, 3, 4], parents: {4}, children: {0, 2}, spouse: {1, 3, 4}
[2025-04-12 00:37:52,659] [MB metrics] precision: 1.000, recall: 0.800, acc: 0.800, f1: 0.889
[2025-04-12 00:37:56,221] sub_met2 before prunning {'fdr': 0.6667, 'tpr': 0.6667, 'fpr': 1.3333, 'shd': 4, 'nnz': 6, 'precision': 0.3333, 'recall': 0.6667, 'F1': 0.4444, 'gscore': 0.0}
[2025-04-12 00:37:56,221] sub_met after prunning {'fdr': 0.5, 'tpr': 0.6667, 'fpr': 0.6667, 'shd': 2, 'nnz': 4, 'precision': 0.5, 'recall': 0.6667, 'F1': 0.5714, 'gscore': 0.0}
[2025-04-12 00:37:56,221] 
===  4-th graph ===
[2025-04-12 00:37:56,221] 3 Nodes of Markov blanket: [1, 2, 4]
[2025-04-12 00:37:56,221] 4 Nodes of True MB: [1, 2, 3, 4], parents: set(), children: {1, 2, 3}, spouse: {1, 3, 4}
[2025-04-12 00:37:56,224] [MB metrics] precision: 1.000, recall: 0.750, acc: 0.800, f1: 0.857
[2025-04-12 00:37:58,579] sub_met2 before prunning {'fdr': 0.0, 'tpr': 1.0, 'fpr': 0.0, 'shd': 0, 'nnz': 3, 'precision': 1.0, 'recall': 1.0, 'F1': 1.0, 'gscore': 1.0}
[2025-04-12 00:37:58,579] sub_met after prunning {'fdr': 0.0, 'tpr': 1.0, 'fpr': 0.0, 'shd': 0, 'nnz': 3, 'precision': 1.0, 'recall': 1.0, 'F1': 1.0, 'gscore': 1.0}
[2025-04-12 00:37:58,579] 
======= Graph Summary =======
[2025-04-12 00:37:58,579] MB summary: {'precision': '0.85+-0.20', 'recall': '0.91+-0.11', 'acc': '0.83+-0.09', 'f1': '0.85+-0.11'}
[2025-04-12 00:37:58,579] [[0. 1. 1. 1. 0.]
 [0. 0. 1. 0. 0.]
 [0. 0. 0. 0. 0.]
 [0. 1. 1. 0. 0.]
 [0. 1. 1. 1. 0.]]
[2025-04-12 00:37:58,579] [[0 1 1 1 0]
 [0 0 1 0 0]
 [0 0 0 0 0]
 [0 1 1 0 0]
 [0 1 1 1 0]]
[2025-04-12 00:37:58,579] merged_met_before  before prunning {'fdr': 0.4444, 'tpr': 0.8333, 'fpr': 1.0, 'shd': 4, 'nnz': 9, 'precision': 0.5556, 'recall': 0.8333, 'F1': 0.6667, 'gscore': 0.1667}
[2025-04-12 00:37:58,579] [[0.         0.39346934 0.39346934 0.63212056 0.        ]
 [0.         0.         0.86466472 0.         0.        ]
 [0.         0.         0.         0.         0.        ]
 [0.         0.77686984 0.77686984 0.         0.        ]
 [0.         0.77686984 0.77686984 0.63212056 0.        ]]
[2025-04-12 00:37:58,579] [[0.         0.39346934 0.39346934 0.63212056 0.        ]
 [0.         0.         0.86466472 0.         0.        ]
 [0.         0.         0.         0.         0.        ]
 [0.         0.77686984 0.77686984 0.         0.        ]
 [0.         0.77686984 0.77686984 0.63212056 0.        ]]
[2025-04-12 00:37:58,586] [[0 1 1 1 0]
 [0 0 1 0 0]
 [0 0 0 0 0]
 [0 1 1 0 0]
 [0 1 1 1 0]]
[2025-04-12 00:37:58,589] merged_met_after  after prunning {'fdr': 0.4444, 'tpr': 0.8333, 'fpr': 1.0, 'shd': 4, 'nnz': 9, 'precision': 0.5556, 'recall': 0.8333, 'F1': 0.6667, 'gscore': 0.1667}
[2025-04-12 00:37:58,589] 
================ repeat number 2 ====================
[2025-04-12 00:37:58,591] true_dag
[[0 0 1 0 0]
 [0 0 0 0 0]
 [0 0 0 0 0]
 [0 1 1 0 0]
 [1 1 1 0 0]]
[2025-04-12 00:37:58,601] 
===  0-th graph ===
[2025-04-12 00:37:58,601] 4 Nodes of Markov blanket: [0, 2, 3, 4]
[2025-04-12 00:37:58,601] 4 Nodes of True MB: [0, 2, 3, 4], parents: {4}, children: {2}, spouse: {0, 3, 4}
[2025-04-12 00:37:58,603] [MB metrics] precision: 1.000, recall: 1.000, acc: 1.000, f1: 1.000
[2025-04-12 00:38:02,118] sub_met2 before prunning {'fdr': 0.3333, 'tpr': 1.0, 'fpr': 1.0, 'shd': 2, 'nnz': 6, 'precision': 0.6667, 'recall': 1.0, 'F1': 0.8, 'gscore': 0.5}
[2025-04-12 00:38:02,118] sub_met after prunning {'fdr': 0.0, 'tpr': 1.0, 'fpr': 0.0, 'shd': 0, 'nnz': 4, 'precision': 1.0, 'recall': 1.0, 'F1': 1.0, 'gscore': 1.0}
[2025-04-12 00:38:02,118] 
===  1-th graph ===
[2025-04-12 00:38:02,118] 3 Nodes of Markov blanket: [1, 3, 4]
[2025-04-12 00:38:02,118] 2 Nodes of True MB: [3, 4], parents: {3, 4}, children: set(), spouse: set()
[2025-04-12 00:38:02,118] [MB metrics] precision: 0.667, recall: 1.000, acc: 0.800, f1: 0.800
[2025-04-12 00:38:04,257] sub_met2 before prunning {'fdr': 0.3333, 'tpr': 1.0, 'fpr': 1.0, 'shd': 1, 'nnz': 3, 'precision': 0.6667, 'recall': 1.0, 'F1': 0.8, 'gscore': 0.5}
[2025-04-12 00:38:04,257] sub_met after prunning {'fdr': 0.0, 'tpr': 1.0, 'fpr': 0.0, 'shd': 0, 'nnz': 2, 'precision': 1.0, 'recall': 1.0, 'F1': 1.0, 'gscore': 1.0}
[2025-04-12 00:38:04,259] 
===  2-th graph ===
[2025-04-12 00:38:04,259] 3 Nodes of Markov blanket: [0, 2, 3]
[2025-04-12 00:38:04,259] 3 Nodes of True MB: [0, 3, 4], parents: {0, 3, 4}, children: set(), spouse: set()
[2025-04-12 00:38:04,259] [MB metrics] precision: 0.667, recall: 0.667, acc: 0.600, f1: 0.667
[2025-04-12 00:38:06,522] sub_met2 before prunning {'fdr': 0.3333, 'tpr': 1.0, 'fpr': 1.0, 'shd': 1, 'nnz': 3, 'precision': 0.6667, 'recall': 1.0, 'F1': 0.8, 'gscore': 0.5}
[2025-04-12 00:38:06,522] sub_met after prunning {'fdr': 0.0, 'tpr': 1.0, 'fpr': 0.0, 'shd': 0, 'nnz': 2, 'precision': 1.0, 'recall': 1.0, 'F1': 1.0, 'gscore': 1.0}
[2025-04-12 00:38:06,522] 
===  3-th graph ===
[2025-04-12 00:38:06,522] 5 Nodes of Markov blanket: [0, 1, 2, 3, 4]
[2025-04-12 00:38:06,522] 5 Nodes of True MB: [0, 1, 2, 3, 4], parents: set(), children: {1, 2}, spouse: {0, 3, 4}
[2025-04-12 00:38:06,529] [MB metrics] precision: 1.000, recall: 1.000, acc: 1.000, f1: 1.000
[2025-04-12 00:38:11,359] sub_met2 before prunning {'fdr': 0.4, 'tpr': 1.0, 'fpr': 1.0, 'shd': 4, 'nnz': 10, 'precision': 0.6, 'recall': 1.0, 'F1': 0.75, 'gscore': 0.3333}
[2025-04-12 00:38:11,363] sub_met after prunning {'fdr': 0.0, 'tpr': 1.0, 'fpr': 0.0, 'shd': 0, 'nnz': 6, 'precision': 1.0, 'recall': 1.0, 'F1': 1.0, 'gscore': 1.0}
[2025-04-12 00:38:11,363] 
===  4-th graph ===
[2025-04-12 00:38:11,363] 4 Nodes of Markov blanket: [0, 1, 3, 4]
[2025-04-12 00:38:11,363] 5 Nodes of True MB: [0, 1, 2, 3, 4], parents: set(), children: {0, 1, 2}, spouse: {0, 3, 4}
[2025-04-12 00:38:11,364] [MB metrics] precision: 1.000, recall: 0.800, acc: 0.800, f1: 0.889
[2025-04-12 00:38:14,934] sub_met2 before prunning {'fdr': 0.5, 'tpr': 1.0, 'fpr': 1.0, 'shd': 3, 'nnz': 6, 'precision': 0.5, 'recall': 1.0, 'F1': 0.6667, 'gscore': 0.0}
[2025-04-12 00:38:14,934] sub_met after prunning {'fdr': 0.0, 'tpr': 1.0, 'fpr': 0.0, 'shd': 0, 'nnz': 3, 'precision': 1.0, 'recall': 1.0, 'F1': 1.0, 'gscore': 1.0}
[2025-04-12 00:38:14,939] 
======= Graph Summary =======
[2025-04-12 00:38:14,939] MB summary: {'precision': '0.87+-0.16', 'recall': '0.89+-0.14', 'acc': '0.84+-0.15', 'f1': '0.87+-0.13'}
[2025-04-12 00:38:14,939] [[0. 1. 1. 0. 0.]
 [0. 0. 0. 0. 0.]
 [0. 1. 0. 0. 0.]
 [1. 1. 1. 0. 0.]
 [1. 1. 1. 1. 0.]]
[2025-04-12 00:38:14,940] [[0 1 1 0 0]
 [0 0 0 0 0]
 [0 1 0 0 0]
 [1 1 1 0 0]
 [1 1 1 1 0]]
[2025-04-12 00:38:14,944] merged_met_before  before prunning {'fdr': 0.4, 'tpr': 1.0, 'fpr': 1.0, 'shd': 4, 'nnz': 10, 'precision': 0.6, 'recall': 1.0, 'F1': 0.75, 'gscore': 0.3333}
[2025-04-12 00:38:14,944] [[0.         0.63212056 0.77686984 0.         0.        ]
 [0.         0.         0.         0.         0.        ]
 [0.         0.39346934 0.         0.         0.        ]
 [0.86466472 0.77686984 0.77686984 0.         0.        ]
 [0.77686984 0.77686984 0.63212056 0.86466472 0.        ]]
[2025-04-12 00:38:14,945] [[0.         0.63212056 0.77686984 0.         0.        ]
 [0.         0.         0.         0.         0.        ]
 [0.         0.39346934 0.         0.         0.        ]
 [0.86466472 0.77686984 0.77686984 0.         0.        ]
 [0.77686984 0.77686984 0.63212056 0.86466472 0.        ]]
[2025-04-12 00:38:14,945] [[0 1 1 0 0]
 [0 0 0 0 0]
 [0 1 0 0 0]
 [1 1 1 0 0]
 [1 1 1 1 0]]
[2025-04-12 00:38:14,947] merged_met_after  after prunning {'fdr': 0.4, 'tpr': 1.0, 'fpr': 1.0, 'shd': 4, 'nnz': 10, 'precision': 0.6, 'recall': 1.0, 'F1': 0.75, 'gscore': 0.3333}
[2025-04-12 00:38:14,948] 
================ repeat number 3 ====================
[2025-04-12 00:38:14,950] true_dag
[[0 1 1 1 1]
 [0 0 0 1 0]
 [0 0 0 0 1]
 [0 0 0 0 0]
 [0 0 0 0 0]]
[2025-04-12 00:38:14,959] 
===  0-th graph ===
[2025-04-12 00:38:14,959] 5 Nodes of Markov blanket: [0, 1, 2, 3, 4]
[2025-04-12 00:38:14,959] 5 Nodes of True MB: [0, 1, 2, 3, 4], parents: set(), children: {1, 2, 3, 4}, spouse: {0, 1, 2}
[2025-04-12 00:38:14,963] [MB metrics] precision: 1.000, recall: 1.000, acc: 1.000, f1: 1.000
[2025-04-12 00:38:20,009] sub_met2 before prunning {'fdr': 0.4, 'tpr': 1.0, 'fpr': 1.0, 'shd': 4, 'nnz': 10, 'precision': 0.6, 'recall': 1.0, 'F1': 0.75, 'gscore': 0.3333}
[2025-04-12 00:38:20,011] sub_met after prunning {'fdr': 0.0, 'tpr': 1.0, 'fpr': 0.0, 'shd': 0, 'nnz': 6, 'precision': 1.0, 'recall': 1.0, 'F1': 1.0, 'gscore': 1.0}
[2025-04-12 00:38:20,012] 
===  1-th graph ===
[2025-04-12 00:38:20,012] 3 Nodes of Markov blanket: [0, 1, 3]
[2025-04-12 00:38:20,012] 3 Nodes of True MB: [0, 1, 3], parents: {0}, children: {3}, spouse: {0, 1}
[2025-04-12 00:38:20,015] [MB metrics] precision: 1.000, recall: 1.000, acc: 1.000, f1: 1.000
[2025-04-12 00:38:22,424] sub_met2 before prunning {'fdr': 0.0, 'tpr': 1.0, 'fpr': 0.0, 'shd': 0, 'nnz': 3, 'precision': 1.0, 'recall': 1.0, 'F1': 1.0, 'gscore': 1.0}
[2025-04-12 00:38:22,425] sub_met after prunning {'fdr': 0.0, 'tpr': 1.0, 'fpr': 0.0, 'shd': 0, 'nnz': 3, 'precision': 1.0, 'recall': 1.0, 'F1': 1.0, 'gscore': 1.0}
[2025-04-12 00:38:22,425] 
===  2-th graph ===
[2025-04-12 00:38:22,425] 3 Nodes of Markov blanket: [0, 2, 4]
[2025-04-12 00:38:22,425] 3 Nodes of True MB: [0, 2, 4], parents: {0}, children: {4}, spouse: {0, 2}
[2025-04-12 00:38:22,428] [MB metrics] precision: 1.000, recall: 1.000, acc: 1.000, f1: 1.000
[2025-04-12 00:38:24,498] sub_met2 before prunning {'fdr': 0.0, 'tpr': 1.0, 'fpr': 0.0, 'shd': 0, 'nnz': 3, 'precision': 1.0, 'recall': 1.0, 'F1': 1.0, 'gscore': 1.0}
[2025-04-12 00:38:24,498] sub_met after prunning {'fdr': 0.0, 'tpr': 1.0, 'fpr': 0.0, 'shd': 0, 'nnz': 3, 'precision': 1.0, 'recall': 1.0, 'F1': 1.0, 'gscore': 1.0}
[2025-04-12 00:38:24,498] 
===  3-th graph ===
[2025-04-12 00:38:24,498] 3 Nodes of Markov blanket: [0, 1, 3]
[2025-04-12 00:38:24,498] 2 Nodes of True MB: [0, 1], parents: {0, 1}, children: set(), spouse: set()
[2025-04-12 00:38:24,509] [MB metrics] precision: 0.667, recall: 1.000, acc: 0.750, f1: 0.800
[2025-04-12 00:38:26,822] sub_met2 before prunning {'fdr': 0.0, 'tpr': 1.0, 'fpr': 0.0, 'shd': 0, 'nnz': 3, 'precision': 1.0, 'recall': 1.0, 'F1': 1.0, 'gscore': 1.0}
[2025-04-12 00:38:26,822] sub_met after prunning {'fdr': 0.0, 'tpr': 1.0, 'fpr': 0.0, 'shd': 0, 'nnz': 3, 'precision': 1.0, 'recall': 1.0, 'F1': 1.0, 'gscore': 1.0}
[2025-04-12 00:38:26,822] 
===  4-th graph ===
[2025-04-12 00:38:26,822] 3 Nodes of Markov blanket: [0, 2, 4]
[2025-04-12 00:38:26,822] 2 Nodes of True MB: [0, 2], parents: {0, 2}, children: set(), spouse: set()
[2025-04-12 00:38:26,822] [MB metrics] precision: 0.667, recall: 1.000, acc: 0.800, f1: 0.800
[2025-04-12 00:38:29,070] sub_met2 before prunning {'fdr': 0.0, 'tpr': 1.0, 'fpr': 0.0, 'shd': 0, 'nnz': 3, 'precision': 1.0, 'recall': 1.0, 'F1': 1.0, 'gscore': 1.0}
[2025-04-12 00:38:29,072] sub_met after prunning {'fdr': 0.0, 'tpr': 1.0, 'fpr': 0.0, 'shd': 0, 'nnz': 3, 'precision': 1.0, 'recall': 1.0, 'F1': 1.0, 'gscore': 1.0}
[2025-04-12 00:38:29,072] 
======= Graph Summary =======
[2025-04-12 00:38:29,072] MB summary: {'precision': '0.87+-0.16', 'recall': '1.00+-0.00', 'acc': '0.91+-0.11', 'f1': '0.92+-0.10'}
[2025-04-12 00:38:29,072] [[0. 1. 1. 1. 1.]
 [0. 0. 1. 1. 1.]
 [0. 0. 0. 1. 1.]
 [0. 0. 0. 0. 0.]
 [0. 0. 0. 1. 0.]]
[2025-04-12 00:38:29,072] [[0 1 1 1 1]
 [0 0 1 1 1]
 [0 0 0 1 1]
 [0 0 0 0 0]
 [0 0 0 1 0]]
[2025-04-12 00:38:29,075] merged_met_before  before prunning {'fdr': 0.4, 'tpr': 1.0, 'fpr': 1.0, 'shd': 4, 'nnz': 10, 'precision': 0.6, 'recall': 1.0, 'F1': 0.75, 'gscore': 0.3333}
[2025-04-12 00:38:29,075] [[0.         0.77686984 0.77686984 0.77686984 0.77686984]
 [0.         0.         0.39346934 0.77686984 0.39346934]
 [0.         0.         0.         0.39346934 0.77686984]
 [0.         0.         0.         0.         0.        ]
 [0.         0.         0.         0.39346934 0.        ]]
[2025-04-12 00:38:29,076] [[0.         0.77686984 0.77686984 0.77686984 0.77686984]
 [0.         0.         0.39346934 0.77686984 0.39346934]
 [0.         0.         0.         0.39346934 0.77686984]
 [0.         0.         0.         0.         0.        ]
 [0.         0.         0.         0.39346934 0.        ]]
[2025-04-12 00:38:29,076] [[0 1 1 1 1]
 [0 0 1 1 1]
 [0 0 0 1 1]
 [0 0 0 0 0]
 [0 0 0 1 0]]
[2025-04-12 00:38:29,079] merged_met_after  after prunning {'fdr': 0.4, 'tpr': 1.0, 'fpr': 1.0, 'shd': 4, 'nnz': 10, 'precision': 0.6, 'recall': 1.0, 'F1': 0.75, 'gscore': 0.3333}
[2025-04-12 00:38:29,080] 
================ repeat number 4 ====================
[2025-04-12 00:38:29,081] true_dag
[[0 0 0 0 0]
 [0 0 0 0 0]
 [1 1 0 0 0]
 [1 1 0 0 1]
 [0 1 0 0 0]]
[2025-04-12 00:38:29,088] 
===  0-th graph ===
[2025-04-12 00:38:29,088] 3 Nodes of Markov blanket: [0, 2, 3]
[2025-04-12 00:38:29,088] 2 Nodes of True MB: [2, 3], parents: {2, 3}, children: set(), spouse: set()
[2025-04-12 00:38:29,089] [MB metrics] precision: 0.667, recall: 1.000, acc: 0.750, f1: 0.800
[2025-04-12 00:38:31,659] sub_met2 before prunning {'fdr': 0.3333, 'tpr': 1.0, 'fpr': 1.0, 'shd': 1, 'nnz': 3, 'precision': 0.6667, 'recall': 1.0, 'F1': 0.8, 'gscore': 0.5}
[2025-04-12 00:38:31,659] sub_met after prunning {'fdr': 0.0, 'tpr': 1.0, 'fpr': 0.0, 'shd': 0, 'nnz': 2, 'precision': 1.0, 'recall': 1.0, 'F1': 1.0, 'gscore': 1.0}
[2025-04-12 00:38:31,659] 
===  1-th graph ===
[2025-04-12 00:38:31,668] 4 Nodes of Markov blanket: [1, 2, 3, 4]
[2025-04-12 00:38:31,668] 3 Nodes of True MB: [2, 3, 4], parents: {2, 3, 4}, children: set(), spouse: set()
[2025-04-12 00:38:31,668] [MB metrics] precision: 0.750, recall: 1.000, acc: 0.800, f1: 0.857
[2025-04-12 00:38:35,931] sub_met2 before prunning {'fdr': 0.3333, 'tpr': 1.0, 'fpr': 1.0, 'shd': 2, 'nnz': 6, 'precision': 0.6667, 'recall': 1.0, 'F1': 0.8, 'gscore': 0.5}
[2025-04-12 00:38:35,933] sub_met after prunning {'fdr': 0.0, 'tpr': 1.0, 'fpr': 0.0, 'shd': 0, 'nnz': 4, 'precision': 1.0, 'recall': 1.0, 'F1': 1.0, 'gscore': 1.0}
[2025-04-12 00:38:35,933] 
===  2-th graph ===
[2025-04-12 00:38:35,933] 5 Nodes of Markov blanket: [0, 1, 2, 3, 4]
[2025-04-12 00:38:35,933] 5 Nodes of True MB: [0, 1, 2, 3, 4], parents: set(), children: {0, 1}, spouse: {2, 3, 4}
[2025-04-12 00:38:35,934] [MB metrics] precision: 1.000, recall: 1.000, acc: 1.000, f1: 1.000
[2025-04-12 00:38:41,524] sub_met2 before prunning {'fdr': 0.4, 'tpr': 1.0, 'fpr': 1.0, 'shd': 4, 'nnz': 10, 'precision': 0.6, 'recall': 1.0, 'F1': 0.75, 'gscore': 0.3333}
[2025-04-12 00:38:41,524] sub_met after prunning {'fdr': 0.0, 'tpr': 1.0, 'fpr': 0.0, 'shd': 0, 'nnz': 6, 'precision': 1.0, 'recall': 1.0, 'F1': 1.0, 'gscore': 1.0}
[2025-04-12 00:38:41,524] 
===  3-th graph ===
[2025-04-12 00:38:41,524] 5 Nodes of Markov blanket: [0, 1, 2, 3, 4]
[2025-04-12 00:38:41,524] 5 Nodes of True MB: [0, 1, 2, 3, 4], parents: set(), children: {0, 1, 4}, spouse: {2, 3, 4}
[2025-04-12 00:38:41,524] [MB metrics] precision: 1.000, recall: 1.000, acc: 1.000, f1: 1.000
[2025-04-12 00:38:46,569] sub_met2 before prunning {'fdr': 0.4, 'tpr': 1.0, 'fpr': 1.0, 'shd': 4, 'nnz': 10, 'precision': 0.6, 'recall': 1.0, 'F1': 0.75, 'gscore': 0.3333}
[2025-04-12 00:38:46,569] sub_met after prunning {'fdr': 0.0, 'tpr': 1.0, 'fpr': 0.0, 'shd': 0, 'nnz': 6, 'precision': 1.0, 'recall': 1.0, 'F1': 1.0, 'gscore': 1.0}
[2025-04-12 00:38:46,569] 
===  4-th graph ===
[2025-04-12 00:38:46,569] 4 Nodes of Markov blanket: [1, 2, 3, 4]
[2025-04-12 00:38:46,569] 4 Nodes of True MB: [1, 2, 3, 4], parents: {3}, children: {1}, spouse: {2, 3, 4}
[2025-04-12 00:38:46,580] [MB metrics] precision: 1.000, recall: 1.000, acc: 1.000, f1: 1.000
[2025-04-12 00:38:50,139] sub_met2 before prunning {'fdr': 0.3333, 'tpr': 1.0, 'fpr': 1.0, 'shd': 2, 'nnz': 6, 'precision': 0.6667, 'recall': 1.0, 'F1': 0.8, 'gscore': 0.5}
[2025-04-12 00:38:50,139] sub_met after prunning {'fdr': 0.0, 'tpr': 1.0, 'fpr': 0.0, 'shd': 0, 'nnz': 4, 'precision': 1.0, 'recall': 1.0, 'F1': 1.0, 'gscore': 1.0}
[2025-04-12 00:38:50,140] 
======= Graph Summary =======
[2025-04-12 00:38:50,140] MB summary: {'precision': '0.88+-0.15', 'recall': '1.00+-0.00', 'acc': '0.91+-0.11', 'f1': '0.93+-0.09'}
[2025-04-12 00:38:50,140] [[0. 0. 0. 0. 0.]
 [1. 0. 0. 0. 0.]
 [1. 1. 0. 1. 1.]
 [1. 1. 0. 0. 1.]
 [1. 1. 0. 0. 0.]]
[2025-04-12 00:38:50,140] [[0 0 0 0 0]
 [1 0 0 0 0]
 [1 1 0 1 1]
 [1 1 0 0 1]
 [1 1 0 0 0]]
[2025-04-12 00:38:50,143] merged_met_before  before prunning {'fdr': 0.4, 'tpr': 1.0, 'fpr': 1.0, 'shd': 4, 'nnz': 10, 'precision': 0.6, 'recall': 1.0, 'F1': 0.75, 'gscore': 0.3333}
[2025-04-12 00:38:50,143] [[0.         0.         0.         0.         0.        ]
 [0.63212056 0.         0.         0.         0.        ]
 [0.77686984 0.86466472 0.         0.917915   0.86466472]
 [0.77686984 0.86466472 0.         0.         0.86466472]
 [0.63212056 0.86466472 0.         0.         0.        ]]
[2025-04-12 00:38:50,144] [[0.         0.         0.         0.         0.        ]
 [0.63212056 0.         0.         0.         0.        ]
 [0.77686984 0.86466472 0.         0.917915   0.86466472]
 [0.77686984 0.86466472 0.         0.         0.86466472]
 [0.63212056 0.86466472 0.         0.         0.        ]]
[2025-04-12 00:38:50,144] [[0 0 0 0 0]
 [1 0 0 0 0]
 [1 1 0 1 1]
 [1 1 0 0 1]
 [1 1 0 0 0]]
[2025-04-12 00:38:50,146] merged_met_after  after prunning {'fdr': 0.4, 'tpr': 1.0, 'fpr': 1.0, 'shd': 4, 'nnz': 10, 'precision': 0.6, 'recall': 1.0, 'F1': 0.75, 'gscore': 0.3333}
[2025-04-12 00:38:50,146] 
================ repeat number 5 ====================
[2025-04-12 00:38:50,148] true_dag
[[0 1 0 0 0]
 [0 0 0 0 0]
 [1 1 0 0 0]
 [0 1 0 0 1]
 [0 0 1 0 0]]
[2025-04-12 00:38:50,154] 
===  0-th graph ===
[2025-04-12 00:38:50,154] 4 Nodes of Markov blanket: [0, 1, 2, 3]
[2025-04-12 00:38:50,154] 4 Nodes of True MB: [0, 1, 2, 3], parents: {2}, children: {1}, spouse: {0, 2, 3}
[2025-04-12 00:38:50,158] [MB metrics] precision: 1.000, recall: 1.000, acc: 1.000, f1: 1.000
[2025-04-12 00:38:54,471] sub_met2 before prunning {'fdr': 0.3333, 'tpr': 1.0, 'fpr': 1.0, 'shd': 2, 'nnz': 6, 'precision': 0.6667, 'recall': 1.0, 'F1': 0.8, 'gscore': 0.5}
[2025-04-12 00:38:54,471] sub_met after prunning {'fdr': 0.2, 'tpr': 1.0, 'fpr': 0.5, 'shd': 1, 'nnz': 5, 'precision': 0.8, 'recall': 1.0, 'F1': 0.8889, 'gscore': 0.75}
[2025-04-12 00:38:54,471] 
===  1-th graph ===
[2025-04-12 00:38:54,471] 4 Nodes of Markov blanket: [0, 1, 2, 3]
[2025-04-12 00:38:54,471] 3 Nodes of True MB: [0, 2, 3], parents: {0, 2, 3}, children: set(), spouse: set()
[2025-04-12 00:38:54,476] [MB metrics] precision: 0.750, recall: 1.000, acc: 0.750, f1: 0.857
[2025-04-12 00:38:59,184] sub_met2 before prunning {'fdr': 0.3333, 'tpr': 1.0, 'fpr': 1.0, 'shd': 2, 'nnz': 6, 'precision': 0.6667, 'recall': 1.0, 'F1': 0.8, 'gscore': 0.5}
[2025-04-12 00:38:59,184] sub_met after prunning {'fdr': 0.2, 'tpr': 1.0, 'fpr': 0.5, 'shd': 1, 'nnz': 5, 'precision': 0.8, 'recall': 1.0, 'F1': 0.8889, 'gscore': 0.75}
[2025-04-12 00:38:59,184] 
===  2-th graph ===
[2025-04-12 00:38:59,184] 5 Nodes of Markov blanket: [0, 1, 2, 3, 4]
[2025-04-12 00:38:59,184] 5 Nodes of True MB: [0, 1, 2, 3, 4], parents: {4}, children: {0, 1}, spouse: {0, 2, 3}
[2025-04-12 00:38:59,188] [MB metrics] precision: 1.000, recall: 1.000, acc: 1.000, f1: 1.000
[2025-04-12 00:39:05,100] sub_met2 before prunning {'fdr': 0.4, 'tpr': 1.0, 'fpr': 1.0, 'shd': 4, 'nnz': 10, 'precision': 0.6, 'recall': 1.0, 'F1': 0.75, 'gscore': 0.3333}
[2025-04-12 00:39:05,100] sub_met after prunning {'fdr': 0.0, 'tpr': 1.0, 'fpr': 0.0, 'shd': 0, 'nnz': 6, 'precision': 1.0, 'recall': 1.0, 'F1': 1.0, 'gscore': 1.0}
[2025-04-12 00:39:05,100] 
===  3-th graph ===
[2025-04-12 00:39:05,100] 5 Nodes of Markov blanket: [0, 1, 2, 3, 4]
[2025-04-12 00:39:05,100] 5 Nodes of True MB: [0, 1, 2, 3, 4], parents: set(), children: {1, 4}, spouse: {0, 2, 3}
[2025-04-12 00:39:05,106] [MB metrics] precision: 1.000, recall: 1.000, acc: 1.000, f1: 1.000
[2025-04-12 00:39:10,388] sub_met2 before prunning {'fdr': 0.4, 'tpr': 1.0, 'fpr': 1.0, 'shd': 4, 'nnz': 10, 'precision': 0.6, 'recall': 1.0, 'F1': 0.75, 'gscore': 0.3333}
[2025-04-12 00:39:10,388] sub_met after prunning {'fdr': 0.0, 'tpr': 1.0, 'fpr': 0.0, 'shd': 0, 'nnz': 6, 'precision': 1.0, 'recall': 1.0, 'F1': 1.0, 'gscore': 1.0}
[2025-04-12 00:39:10,388] 
===  4-th graph ===
[2025-04-12 00:39:10,388] 3 Nodes of Markov blanket: [2, 3, 4]
[2025-04-12 00:39:10,388] 3 Nodes of True MB: [2, 3, 4], parents: {3}, children: {2}, spouse: {4}
[2025-04-12 00:39:10,400] [MB metrics] precision: 1.000, recall: 1.000, acc: 1.000, f1: 1.000
