[2025-04-12 02:45:23,069] 
================ repeat number 1 ====================
[2025-04-12 02:45:23,077] true_dag
[[0 0 0 0 0 0 0 0 0 1 0 0 0 0 0 0 0 0 0 0]
 [0 0 0 0 0 0 0 0 0 0 0 0 0 0 0 0 0 0 0 0]
 [0 0 0 0 0 0 0 0 0 0 0 0 0 0 0 0 0 0 0 0]
 [0 0 0 0 0 0 0 0 0 0 0 0 0 0 0 0 0 0 0 0]
 [1 1 0 0 0 0 0 0 0 0 0 0 0 0 0 0 0 0 0 0]
 [0 0 0 0 0 0 1 0 1 0 0 0 0 0 0 0 0 0 0 0]
 [0 0 0 0 0 0 0 0 0 0 0 0 0 0 0 0 0 0 0 0]
 [0 0 0 0 0 0 0 0 0 0 0 0 0 0 0 0 0 0 0 0]
 [0 0 0 1 0 0 0 0 0 1 0 0 0 0 0 0 0 0 0 0]
 [0 1 0 0 0 0 0 0 0 0 0 0 0 0 0 0 0 0 0 0]
 [0 0 1 1 0 0 0 0 0 0 0 0 1 0 0 0 0 1 0 0]
 [0 0 0 0 1 0 0 0 0 0 0 0 0 0 0 0 1 0 0 0]
 [1 1 0 0 0 0 0 0 0 0 0 0 0 0 0 0 0 0 0 0]
 [0 0 0 0 0 0 0 1 0 0 0 0 0 0 0 0 0 0 0 0]
 [0 1 0 0 0 0 1 1 0 0 0 0 0 0 0 0 0 0 0 1]
 [0 1 0 0 0 0 0 0 0 0 0 0 0 0 0 0 0 0 0 0]
 [0 0 0 0 0 0 0 0 0 0 0 0 0 0 0 0 0 0 0 0]
 [0 0 0 1 0 0 0 0 0 0 0 0 0 0 0 0 0 0 0 0]
 [0 0 0 0 0 0 1 0 0 0 1 0 1 0 1 1 0 0 0 1]
 [0 0 1 0 0 0 0 0 0 0 0 0 1 0 0 0 0 1 0 0]]
[2025-04-12 02:45:23,116] 
===  0-th graph ===
[2025-04-12 02:45:23,116] 4 Nodes of Markov blanket: [0, 4, 9, 12]
[2025-04-12 02:45:23,116] 5 Nodes of True MB: [0, 4, 8, 9, 12], parents: {4, 12}, children: {9}, spouse: {0, 8}
[2025-04-12 02:45:23,120] [MB metrics] precision: 1.000, recall: 0.800, acc: 0.923, f1: 0.889
[2025-04-12 02:45:26,672] sub_met2 before prunning {'fdr': 0.5, 'tpr': 1.0, 'fpr': 1.0, 'shd': 3, 'nnz': 6, 'precision': 0.5, 'recall': 1.0, 'F1': 0.6667, 'gscore': 0.0}
[2025-04-12 02:45:26,672] sub_met after prunning {'fdr': 0.0, 'tpr': 1.0, 'fpr': 0.0, 'shd': 0, 'nnz': 3, 'precision': 1.0, 'recall': 1.0, 'F1': 1.0, 'gscore': 1.0}
[2025-04-12 02:45:26,672] 
===  1-th graph ===
[2025-04-12 02:45:26,672] 6 Nodes of Markov blanket: [1, 4, 9, 12, 14, 15]
[2025-04-12 02:45:26,674] 5 Nodes of True MB: [4, 9, 12, 14, 15], parents: {4, 9, 12, 14, 15}, children: set(), spouse: set()
[2025-04-12 02:45:26,676] [MB metrics] precision: 0.833, recall: 1.000, acc: 0.938, f1: 0.909
[2025-04-12 02:45:33,015] sub_met2 before prunning {'fdr': 0.8, 'tpr': 0.6, 'fpr': 1.2, 'shd': 12, 'nnz': 15, 'precision': 0.2, 'recall': 0.6, 'F1': 0.3, 'gscore': 0.0}
[2025-04-12 02:45:33,015] sub_met after prunning {'fdr': 0.8, 'tpr': 0.6, 'fpr': 1.2, 'shd': 12, 'nnz': 15, 'precision': 0.2, 'recall': 0.6, 'F1': 0.3, 'gscore': 0.0}
[2025-04-12 02:45:33,015] 
===  2-th graph ===
[2025-04-12 02:45:33,015] 2 Nodes of Markov blanket: [2, 19]
[2025-04-12 02:45:33,015] 2 Nodes of True MB: [10, 19], parents: {10, 19}, children: set(), spouse: set()
[2025-04-12 02:45:33,025] [MB metrics] precision: 0.500, recall: 0.500, acc: 0.900, f1: 0.500
[2025-04-12 02:45:34,125] sub_met2 before prunning {'fdr': 0.0, 'tpr': 1.0, 'fpr': 0.0, 'shd': 0, 'nnz': 1, 'precision': 1.0, 'recall': 1.0, 'F1': 1.0, 'gscore': 1.0}
[2025-04-12 02:45:34,125] sub_met after prunning {'fdr': 0.0, 'tpr': 1.0, 'fpr': 0.0, 'shd': 0, 'nnz': 1, 'precision': 1.0, 'recall': 1.0, 'F1': 1.0, 'gscore': 1.0}
[2025-04-12 02:45:34,125] 
===  3-th graph ===
[2025-04-12 02:45:34,125] 4 Nodes of Markov blanket: [3, 8, 10, 17]
[2025-04-12 02:45:34,125] 3 Nodes of True MB: [8, 10, 17], parents: {8, 17, 10}, children: set(), spouse: set()
[2025-04-12 02:45:34,132] [MB metrics] precision: 0.750, recall: 1.000, acc: 0.944, f1: 0.857
[2025-04-12 02:45:37,625] sub_met2 before prunning {'fdr': 0.3333, 'tpr': 1.0, 'fpr': 1.0, 'shd': 2, 'nnz': 6, 'precision': 0.6667, 'recall': 1.0, 'F1': 0.8, 'gscore': 0.5}
[2025-04-12 02:45:37,625] sub_met after prunning {'fdr': 0.2, 'tpr': 1.0, 'fpr': 0.5, 'shd': 1, 'nnz': 5, 'precision': 0.8, 'recall': 1.0, 'F1': 0.8889, 'gscore': 0.75}
[2025-04-12 02:45:37,627] 
===  4-th graph ===
[2025-04-12 02:45:37,627] 7 Nodes of Markov blanket: [0, 1, 4, 9, 11, 14, 15]
[2025-04-12 02:45:37,627] 8 Nodes of True MB: [0, 1, 4, 9, 11, 12, 14, 15], parents: {11}, children: {0, 1}, spouse: {4, 9, 12, 14, 15}
[2025-04-12 02:45:37,627] [MB metrics] precision: 1.000, recall: 0.875, acc: 0.938, f1: 0.933
[2025-04-12 02:45:45,735] sub_met2 before prunning {'fdr': 0.7143, 'tpr': 0.8571, 'fpr': 1.0714, 'shd': 15, 'nnz': 21, 'precision': 0.2857, 'recall': 0.8571, 'F1': 0.4286, 'gscore': 0.0}
[2025-04-12 02:45:45,735] sub_met after prunning {'fdr': 0.5714, 'tpr': 0.8571, 'fpr': 0.5714, 'shd': 8, 'nnz': 14, 'precision': 0.4286, 'recall': 0.8571, 'F1': 0.5714, 'gscore': 0.0}
[2025-04-12 02:45:45,735] 
===  5-th graph ===
[2025-04-12 02:45:45,735] 5 Nodes of Markov blanket: [5, 6, 8, 14, 18]
[2025-04-12 02:45:45,735] 5 Nodes of True MB: [5, 6, 8, 14, 18], parents: set(), children: {8, 6}, spouse: {18, 5, 14}
[2025-04-12 02:45:45,745] [MB metrics] precision: 1.000, recall: 1.000, acc: 1.000, f1: 1.000
[2025-04-12 02:45:50,595] sub_met2 before prunning {'fdr': 0.5, 'tpr': 1.0, 'fpr': 1.0, 'shd': 5, 'nnz': 10, 'precision': 0.5, 'recall': 1.0, 'F1': 0.6667, 'gscore': 0.0}
[2025-04-12 02:45:50,595] sub_met after prunning {'fdr': 0.0, 'tpr': 1.0, 'fpr': 0.0, 'shd': 0, 'nnz': 5, 'precision': 1.0, 'recall': 1.0, 'F1': 1.0, 'gscore': 1.0}
[2025-04-12 02:45:50,595] 
===  6-th graph ===
[2025-04-12 02:45:50,595] 4 Nodes of Markov blanket: [5, 6, 14, 18]
[2025-04-12 02:45:50,595] 3 Nodes of True MB: [5, 14, 18], parents: {18, 5, 14}, children: set(), spouse: set()
[2025-04-12 02:45:50,595] [MB metrics] precision: 0.750, recall: 1.000, acc: 0.947, f1: 0.857
[2025-04-12 02:45:54,237] sub_met2 before prunning {'fdr': 0.3333, 'tpr': 1.0, 'fpr': 1.0, 'shd': 2, 'nnz': 6, 'precision': 0.6667, 'recall': 1.0, 'F1': 0.8, 'gscore': 0.5}
[2025-04-12 02:45:54,237] sub_met after prunning {'fdr': 0.0, 'tpr': 1.0, 'fpr': 0.0, 'shd': 0, 'nnz': 4, 'precision': 1.0, 'recall': 1.0, 'F1': 1.0, 'gscore': 1.0}
[2025-04-12 02:45:54,237] 
===  7-th graph ===
[2025-04-12 02:45:54,237] 3 Nodes of Markov blanket: [7, 13, 14]
[2025-04-12 02:45:54,237] 2 Nodes of True MB: [13, 14], parents: {13, 14}, children: set(), spouse: set()
[2025-04-12 02:45:54,237] [MB metrics] precision: 0.667, recall: 1.000, acc: 0.933, f1: 0.800
[2025-04-12 02:45:56,415] sub_met2 before prunning {'fdr': 0.3333, 'tpr': 1.0, 'fpr': 1.0, 'shd': 1, 'nnz': 3, 'precision': 0.6667, 'recall': 1.0, 'F1': 0.8, 'gscore': 0.5}
[2025-04-12 02:45:56,415] sub_met after prunning {'fdr': 0.0, 'tpr': 1.0, 'fpr': 0.0, 'shd': 0, 'nnz': 2, 'precision': 1.0, 'recall': 1.0, 'F1': 1.0, 'gscore': 1.0}
[2025-04-12 02:45:56,415] 
===  8-th graph ===
[2025-04-12 02:45:56,415] 6 Nodes of Markov blanket: [3, 5, 8, 9, 10, 17]
[2025-04-12 02:45:56,415] 7 Nodes of True MB: [0, 3, 5, 8, 9, 10, 17], parents: {5}, children: {9, 3}, spouse: {0, 8, 10, 17}
[2025-04-12 02:45:56,425] [MB metrics] precision: 1.000, recall: 0.857, acc: 0.944, f1: 0.923
[2025-04-12 02:46:02,785] sub_met2 before prunning {'fdr': 0.6, 'tpr': 1.0, 'fpr': 1.0, 'shd': 9, 'nnz': 15, 'precision': 0.4, 'recall': 1.0, 'F1': 0.5714, 'gscore': 0.0}
[2025-04-12 02:46:02,785] sub_met after prunning {'fdr': 0.25, 'tpr': 1.0, 'fpr': 0.2222, 'shd': 2, 'nnz': 8, 'precision': 0.75, 'recall': 1.0, 'F1': 0.8571, 'gscore': 0.6667}
[2025-04-12 02:46:02,785] 
===  9-th graph ===
[2025-04-12 02:46:02,785] 8 Nodes of Markov blanket: [0, 1, 4, 8, 9, 12, 14, 15]
[2025-04-12 02:46:02,785] 8 Nodes of True MB: [0, 1, 4, 8, 9, 12, 14, 15], parents: {0, 8}, children: {1}, spouse: {4, 9, 12, 14, 15}
[2025-04-12 02:46:02,785] [MB metrics] precision: 1.000, recall: 1.000, acc: 1.000, f1: 1.000
[2025-04-12 02:46:12,627] sub_met2 before prunning {'fdr': 0.75, 'tpr': 0.7778, 'fpr': 1.1053, 'shd': 21, 'nnz': 28, 'precision': 0.25, 'recall': 0.7778, 'F1': 0.3784, 'gscore': 0.0}
[2025-04-12 02:46:12,627] sub_met after prunning {'fdr': 0.5882, 'tpr': 0.7778, 'fpr': 0.5263, 'shd': 10, 'nnz': 17, 'precision': 0.4118, 'recall': 0.7778, 'F1': 0.5385, 'gscore': 0.0}
[2025-04-12 02:46:12,627] 
===  10-th graph ===
[2025-04-12 02:46:12,627] 6 Nodes of Markov blanket: [3, 8, 10, 12, 17, 19]
[2025-04-12 02:46:12,627] 8 Nodes of True MB: [2, 3, 8, 10, 12, 17, 18, 19], parents: {18}, children: {17, 2, 3, 12}, spouse: {8, 10, 17, 18, 19}
[2025-04-12 02:46:12,630] [MB metrics] precision: 1.000, recall: 0.750, acc: 0.900, f1: 0.857
[2025-04-12 02:46:19,165] sub_met2 before prunning {'fdr': 0.5333, 'tpr': 1.0, 'fpr': 1.0, 'shd': 8, 'nnz': 15, 'precision': 0.4667, 'recall': 1.0, 'F1': 0.6364, 'gscore': 0.0}
[2025-04-12 02:46:19,165] sub_met after prunning {'fdr': 0.2222, 'tpr': 1.0, 'fpr': 0.25, 'shd': 2, 'nnz': 9, 'precision': 0.7778, 'recall': 1.0, 'F1': 0.875, 'gscore': 0.7143}
[2025-04-12 02:46:19,165] 
===  11-th graph ===
[2025-04-12 02:46:19,165] 3 Nodes of Markov blanket: [4, 11, 16]
[2025-04-12 02:46:19,165] 3 Nodes of True MB: [4, 11, 16], parents: set(), children: {16, 4}, spouse: {11}
[2025-04-12 02:46:19,165] [MB metrics] precision: 1.000, recall: 1.000, acc: 1.000, f1: 1.000
[2025-04-12 02:46:21,472] sub_met2 before prunning {'fdr': 0.3333, 'tpr': 1.0, 'fpr': 1.0, 'shd': 1, 'nnz': 3, 'precision': 0.6667, 'recall': 1.0, 'F1': 0.8, 'gscore': 0.5}
[2025-04-12 02:46:21,472] sub_met after prunning {'fdr': 0.0, 'tpr': 1.0, 'fpr': 0.0, 'shd': 0, 'nnz': 2, 'precision': 1.0, 'recall': 1.0, 'F1': 1.0, 'gscore': 1.0}
[2025-04-12 02:46:21,472] 
===  12-th graph ===
[2025-04-12 02:46:21,475] 8 Nodes of Markov blanket: [0, 1, 9, 10, 12, 14, 15, 19]
[2025-04-12 02:46:21,475] 10 Nodes of True MB: [0, 1, 4, 9, 10, 12, 14, 15, 18, 19], parents: {19, 10, 18}, children: {0, 1}, spouse: {4, 9, 12, 14, 15}
[2025-04-12 02:46:21,475] [MB metrics] precision: 1.000, recall: 0.800, acc: 0.900, f1: 0.889
[2025-04-12 02:46:31,276] sub_met2 before prunning {'fdr': 0.7143, 'tpr': 0.8889, 'fpr': 1.0526, 'shd': 20, 'nnz': 28, 'precision': 0.2857, 'recall': 0.8889, 'F1': 0.4324, 'gscore': 0.0}
[2025-04-12 02:46:31,276] sub_met after prunning {'fdr': 0.6364, 'tpr': 0.8889, 'fpr': 0.7368, 'shd': 14, 'nnz': 22, 'precision': 0.3636, 'recall': 0.8889, 'F1': 0.5161, 'gscore': 0.0}
[2025-04-12 02:46:31,276] 
===  13-th graph ===
[2025-04-12 02:46:31,276] 3 Nodes of Markov blanket: [7, 13, 14]
[2025-04-12 02:46:31,276] 3 Nodes of True MB: [7, 13, 14], parents: set(), children: {7}, spouse: {13, 14}
[2025-04-12 02:46:31,276] [MB metrics] precision: 1.000, recall: 1.000, acc: 1.000, f1: 1.000
[2025-04-12 02:46:33,497] sub_met2 before prunning {'fdr': 0.3333, 'tpr': 1.0, 'fpr': 1.0, 'shd': 1, 'nnz': 3, 'precision': 0.6667, 'recall': 1.0, 'F1': 0.8, 'gscore': 0.5}
[2025-04-12 02:46:33,497] sub_met after prunning {'fdr': 0.0, 'tpr': 1.0, 'fpr': 0.0, 'shd': 0, 'nnz': 2, 'precision': 1.0, 'recall': 1.0, 'F1': 1.0, 'gscore': 1.0}
[2025-04-12 02:46:33,497] 
===  14-th graph ===
[2025-04-12 02:46:33,497] 12 Nodes of Markov blanket: [1, 4, 5, 6, 7, 9, 12, 13, 14, 15, 18, 19]
[2025-04-12 02:46:33,497] 12 Nodes of True MB: [1, 4, 5, 6, 7, 9, 12, 13, 14, 15, 18, 19], parents: {18}, children: {1, 19, 6, 7}, spouse: {4, 5, 9, 12, 13, 14, 15, 18}
[2025-04-12 02:46:33,505] [MB metrics] precision: 1.000, recall: 1.000, acc: 1.000, f1: 1.000
[2025-04-12 02:46:53,215] sub_met2 before prunning {'fdr': 0.7879, 'tpr': 0.875, 'fpr': 1.04, 'shd': 52, 'nnz': 66, 'precision': 0.2121, 'recall': 0.875, 'F1': 0.3415, 'gscore': 0.0}
[2025-04-12 02:46:53,215] sub_met after prunning {'fdr': 0.4815, 'tpr': 0.875, 'fpr': 0.26, 'shd': 13, 'nnz': 27, 'precision': 0.5185, 'recall': 0.875, 'F1': 0.6512, 'gscore': 0.0625}
[2025-04-12 02:46:53,215] 
===  15-th graph ===
[2025-04-12 02:46:53,215] 7 Nodes of Markov blanket: [1, 4, 9, 12, 14, 15, 18]
[2025-04-12 02:46:53,215] 7 Nodes of True MB: [1, 4, 9, 12, 14, 15, 18], parents: {18}, children: {1}, spouse: {4, 9, 12, 14, 15}
[2025-04-12 02:46:53,220] [MB metrics] precision: 1.000, recall: 1.000, acc: 1.000, f1: 1.000
[2025-04-12 02:47:01,377] sub_met2 before prunning {'fdr': 0.7143, 'tpr': 0.75, 'fpr': 1.1538, 'shd': 15, 'nnz': 21, 'precision': 0.2857, 'recall': 0.75, 'F1': 0.4138, 'gscore': 0.0}
[2025-04-12 02:47:01,377] sub_met after prunning {'fdr': 0.625, 'tpr': 0.75, 'fpr': 0.7692, 'shd': 10, 'nnz': 16, 'precision': 0.375, 'recall': 0.75, 'F1': 0.5, 'gscore': 0.0}
[2025-04-12 02:47:01,377] 
===  16-th graph ===
[2025-04-12 02:47:01,377] 2 Nodes of Markov blanket: [11, 16]
[2025-04-12 02:47:01,377] 1 Nodes of True MB: [11], parents: {11}, children: set(), spouse: set()
[2025-04-12 02:47:01,380] [MB metrics] precision: 0.500, recall: 1.000, acc: 0.941, f1: 0.667
[2025-04-12 02:47:02,475] sub_met2 before prunning {'fdr': 0.0, 'tpr': 1.0, 'fpr': 0.0, 'shd': 0, 'nnz': 1, 'precision': 1.0, 'recall': 1.0, 'F1': 1.0, 'gscore': 1.0}
[2025-04-12 02:47:02,475] sub_met after prunning {'fdr': 0.0, 'tpr': 1.0, 'fpr': 0.0, 'shd': 0, 'nnz': 1, 'precision': 1.0, 'recall': 1.0, 'F1': 1.0, 'gscore': 1.0}
[2025-04-12 02:47:02,475] 
===  17-th graph ===
[2025-04-12 02:47:02,475] 5 Nodes of Markov blanket: [3, 8, 10, 17, 19]
[2025-04-12 02:47:02,475] 5 Nodes of True MB: [3, 8, 10, 17, 19], parents: {10, 19}, children: {3}, spouse: {8, 17, 10}
[2025-04-12 02:47:02,485] [MB metrics] precision: 1.000, recall: 1.000, acc: 1.000, f1: 1.000
[2025-04-12 02:47:07,355] sub_met2 before prunning {'fdr': 0.5, 'tpr': 1.0, 'fpr': 1.0, 'shd': 5, 'nnz': 10, 'precision': 0.5, 'recall': 1.0, 'F1': 0.6667, 'gscore': 0.0}
[2025-04-12 02:47:07,355] sub_met after prunning {'fdr': 0.2857, 'tpr': 1.0, 'fpr': 0.4, 'shd': 2, 'nnz': 7, 'precision': 0.7143, 'recall': 1.0, 'F1': 0.8333, 'gscore': 0.6}
[2025-04-12 02:47:07,355] 
===  18-th graph ===
[2025-04-12 02:47:07,355] 6 Nodes of Markov blanket: [5, 6, 14, 15, 18, 19]
[2025-04-12 02:47:07,355] 8 Nodes of True MB: [5, 6, 10, 12, 14, 15, 18, 19], parents: set(), children: {6, 10, 12, 14, 15, 19}, spouse: {5, 10, 14, 18, 19}
[2025-04-12 02:47:07,360] [MB metrics] precision: 1.000, recall: 0.750, acc: 0.900, f1: 0.857
[2025-04-12 02:47:13,830] sub_met2 before prunning {'fdr': 0.5333, 'tpr': 1.0, 'fpr': 1.0, 'shd': 8, 'nnz': 15, 'precision': 0.4667, 'recall': 1.0, 'F1': 0.6364, 'gscore': 0.0}
[2025-04-12 02:47:13,830] sub_met after prunning {'fdr': 0.0, 'tpr': 1.0, 'fpr': 0.0, 'shd': 0, 'nnz': 7, 'precision': 1.0, 'recall': 1.0, 'F1': 1.0, 'gscore': 1.0}
[2025-04-12 02:47:13,830] 
===  19-th graph ===
[2025-04-12 02:47:13,830] 7 Nodes of Markov blanket: [2, 10, 12, 14, 17, 18, 19]
[2025-04-12 02:47:13,830] 7 Nodes of True MB: [2, 10, 12, 14, 17, 18, 19], parents: {18, 14}, children: {17, 2, 12}, spouse: {18, 10, 19}
[2025-04-12 02:47:13,835] [MB metrics] precision: 1.000, recall: 1.000, acc: 1.000, f1: 1.000
[2025-04-12 02:47:21,635] sub_met2 before prunning {'fdr': 0.4762, 'tpr': 1.0, 'fpr': 1.0, 'shd': 10, 'nnz': 21, 'precision': 0.5238, 'recall': 1.0, 'F1': 0.6875, 'gscore': 0.0909}
[2025-04-12 02:47:21,635] sub_met after prunning {'fdr': 0.0, 'tpr': 1.0, 'fpr': 0.0, 'shd': 0, 'nnz': 11, 'precision': 1.0, 'recall': 1.0, 'F1': 1.0, 'gscore': 1.0}
[2025-04-12 02:47:21,635] 
======= Graph Summary =======
[2025-04-12 02:47:21,635] MB summary: {'precision': '0.90+-0.17', 'recall': '0.92+-0.13', 'acc': '0.96+-0.04', 'f1': '0.90+-0.13'}
[2025-04-12 02:47:21,652] merged_met_before  before prunning {'fdr': 0.7417, 'tpr': 0.9688, 'fpr': 0.5633, 'shd': 89, 'nnz': 120, 'precision': 0.2583, 'recall': 0.9688, 'F1': 0.4079, 'gscore': 0.0}
[2025-04-12 02:47:21,653] [[0 1 0 0 0 0 0 0 1 1 0 0 0 0 0 0 0 0 0 0]
 [0 0 0 0 0 0 0 0 0 1 0 0 0 0 0 0 0 0 0 0]
 [0 0 0 0 0 0 0 0 0 0 0 0 0 0 0 0 0 0 0 0]
 [0 0 0 0 0 0 0 0 0 0 0 0 0 0 0 0 0 0 0 0]
 [1 1 0 0 0 0 0 0 0 1 0 0 0 0 0 0 0 0 0 0]
 [0 1 0 0 1 0 1 0 1 1 0 0 0 0 0 0 0 0 0 0]
 [0 0 0 0 0 0 0 0 0 0 0 0 0 0 0 0 0 0 0 0]
 [0 0 0 0 0 0 0 0 0 1 0 0 0 0 0 0 0 0 0 0]
 [0 0 0 1 0 0 0 0 0 0 0 0 0 0 0 0 0 0 0 0]
 [0 0 0 0 0 0 0 0 1 0 0 0 0 0 0 0 0 0 0 0]
 [0 0 1 1 0 0 0 0 1 1 0 0 1 0 0 0 0 1 0 1]
 [0 0 0 0 1 0 0 0 0 0 0 0 0 0 0 0 1 0 0 0]
 [1 1 0 0 1 0 0 0 0 1 0 0 0 0 0 1 0 0 0 0]
 [0 0 0 0 0 0 0 1 0 0 0 0 0 0 0 0 0 0 0 0]
 [1 1 0 0 1 0 1 1 0 1 1 0 1 0 0 1 0 0 0 1]
 [1 1 0 0 1 0 0 0 0 1 0 0 0 0 0 0 0 0 0 0]
 [0 0 0 0 0 0 0 0 0 0 0 0 0 0 0 0 0 0 0 0]
 [0 0 0 1 0 0 0 0 0 1 0 0 0 0 0 0 0 0 0 0]
 [0 0 0 0 0 0 1 0 0 0 1 0 1 0 1 1 0 0 0 1]
 [0 0 1 0 0 0 0 0 0 0 0 0 1 0 0 1 0 1 0 0]]
[2025-04-12 02:47:21,659] merged_met_after  after prunning {'fdr': 0.4643, 'tpr': 0.9375, 'fpr': 0.1646, 'shd': 26, 'nnz': 56, 'precision': 0.5357, 'recall': 0.9375, 'F1': 0.6818, 'gscore': 0.125}
[2025-04-12 02:47:21,660] 
================ repeat number 2 ====================
[2025-04-12 02:47:21,662] true_dag
[[0 0 0 0 0 0 0 0 0 0 0 0 0 0 0 0 0 0 0 0]
 [0 0 0 0 0 0 0 0 0 0 1 0 0 0 0 1 0 0 0 0]
 [0 0 0 0 0 0 0 0 0 0 0 0 0 0 1 0 0 0 0 0]
 [0 0 0 0 0 0 0 0 0 0 0 0 0 0 0 0 1 1 0 0]
 [1 0 0 0 0 0 0 0 0 0 0 0 0 0 0 0 0 1 0 0]
 [0 0 0 0 1 0 0 0 0 0 0 1 0 0 1 0 0 0 0 0]
 [0 0 1 1 1 0 0 0 0 0 1 1 0 0 0 0 0 0 0 0]
 [0 0 0 1 1 1 0 0 0 1 0 1 1 0 0 0 0 0 0 0]
 [0 0 0 0 1 1 1 0 0 0 0 1 0 0 0 0 0 0 1 0]
 [0 0 1 0 0 0 0 0 0 0 0 0 0 0 0 0 0 1 0 0]
 [0 0 0 0 0 0 0 0 0 0 0 0 0 1 0 0 0 0 0 0]
 [0 0 1 0 0 0 0 0 0 0 1 0 0 0 1 0 0 0 0 0]
 [0 0 0 0 0 0 0 0 0 0 0 0 0 0 0 0 0 0 0 0]
 [0 0 0 0 0 0 0 0 0 0 0 0 0 0 0 0 0 0 0 0]
 [0 0 0 0 0 0 0 0 0 0 0 0 0 0 0 0 0 0 0 0]
 [0 0 0 0 0 0 0 0 0 0 0 0 0 1 0 0 0 0 0 0]
 [0 0 0 0 0 0 0 0 0 0 0 0 0 1 0 0 0 0 0 0]
 [0 0 0 0 0 0 0 0 0 0 0 0 0 0 0 0 0 0 0 0]
 [0 0 0 0 0 0 0 0 0 0 0 0 0 0 0 1 0 1 0 0]
 [0 0 1 0 0 0 0 0 0 0 0 0 1 1 0 1 1 0 0 0]]
[2025-04-12 02:47:21,705] 
===  0-th graph ===
[2025-04-12 02:47:21,705] 2 Nodes of Markov blanket: [0, 4]
[2025-04-12 02:47:21,705] 1 Nodes of True MB: [4], parents: {4}, children: set(), spouse: set()
[2025-04-12 02:47:21,705] [MB metrics] precision: 0.500, recall: 1.000, acc: 0.800, f1: 0.667
[2025-04-12 02:47:22,789] sub_met2 before prunning {'fdr': 1.0, 'tpr': 0.0, 'fpr': 1.0, 'shd': 1, 'nnz': 1, 'precision': 0.0, 'recall': 0.0, 'F1': nan, 'gscore': 0.0}
[2025-04-12 02:47:22,789] sub_met after prunning {'fdr': 1.0, 'tpr': 0.0, 'fpr': 1.0, 'shd': 1, 'nnz': 1, 'precision': 0.0, 'recall': 0.0, 'F1': nan, 'gscore': 0.0}
[2025-04-12 02:47:22,789] 
===  1-th graph ===
[2025-04-12 02:47:22,789] 7 Nodes of Markov blanket: [1, 6, 10, 11, 15, 18, 19]
[2025-04-12 02:47:22,789] 7 Nodes of True MB: [1, 6, 10, 11, 15, 18, 19], parents: set(), children: {10, 15}, spouse: {1, 6, 11, 18, 19}
[2025-04-12 02:47:22,795] [MB metrics] precision: 1.000, recall: 1.000, acc: 1.000, f1: 1.000
[2025-04-12 02:47:30,867] sub_met2 before prunning {'fdr': 0.6667, 'tpr': 1.0, 'fpr': 1.0, 'shd': 14, 'nnz': 21, 'precision': 0.3333, 'recall': 1.0, 'F1': 0.5, 'gscore': 0.0}
[2025-04-12 02:47:30,867] sub_met after prunning {'fdr': 0.2222, 'tpr': 1.0, 'fpr': 0.1429, 'shd': 2, 'nnz': 9, 'precision': 0.7778, 'recall': 1.0, 'F1': 0.875, 'gscore': 0.7143}
[2025-04-12 02:47:30,869] 
===  2-th graph ===
[2025-04-12 02:47:30,869] 6 Nodes of Markov blanket: [2, 6, 9, 11, 14, 19]
[2025-04-12 02:47:30,869] 7 Nodes of True MB: [2, 5, 6, 9, 11, 14, 19], parents: {19, 9, 11, 6}, children: {14}, spouse: {2, 11, 5}
[2025-04-12 02:47:30,871] [MB metrics] precision: 1.000, recall: 0.857, acc: 0.950, f1: 0.923
[2025-04-12 02:47:37,175] sub_met2 before prunning {'fdr': 0.5333, 'tpr': 1.0, 'fpr': 1.0, 'shd': 8, 'nnz': 15, 'precision': 0.4667, 'recall': 1.0, 'F1': 0.6364, 'gscore': 0.0}
[2025-04-12 02:47:37,175] sub_met after prunning {'fdr': 0.3, 'tpr': 1.0, 'fpr': 0.375, 'shd': 3, 'nnz': 10, 'precision': 0.7, 'recall': 1.0, 'F1': 0.8235, 'gscore': 0.5714}
[2025-04-12 02:47:37,175] 
===  3-th graph ===
[2025-04-12 02:47:37,175] 9 Nodes of Markov blanket: [3, 4, 6, 7, 9, 16, 17, 18, 19]
[2025-04-12 02:47:37,175] 9 Nodes of True MB: [3, 4, 6, 7, 9, 16, 17, 18, 19], parents: {6, 7}, children: {16, 17}, spouse: {3, 4, 9, 18, 19}
[2025-04-12 02:47:37,185] [MB metrics] precision: 1.000, recall: 1.000, acc: 1.000, f1: 1.000
[2025-04-12 02:47:49,018] sub_met2 before prunning {'fdr': 0.75, 'tpr': 0.8182, 'fpr': 1.08, 'shd': 27, 'nnz': 36, 'precision': 0.25, 'recall': 0.8182, 'F1': 0.383, 'gscore': 0.0}
[2025-04-12 02:47:49,018] sub_met after prunning {'fdr': 0.5789, 'tpr': 0.7273, 'fpr': 0.44, 'shd': 12, 'nnz': 19, 'precision': 0.4211, 'recall': 0.7273, 'F1': 0.5333, 'gscore': 0.0}
[2025-04-12 02:47:49,018] 
===  4-th graph ===
[2025-04-12 02:47:49,018] 10 Nodes of Markov blanket: [0, 3, 4, 5, 6, 7, 8, 9, 17, 18]
[2025-04-12 02:47:49,018] 10 Nodes of True MB: [0, 3, 4, 5, 6, 7, 8, 9, 17, 18], parents: {8, 5, 6, 7}, children: {0, 17}, spouse: {9, 18, 3, 4}
[2025-04-12 02:47:49,021] [MB metrics] precision: 1.000, recall: 1.000, acc: 1.000, f1: 1.000
[2025-04-12 02:48:03,385] sub_met2 before prunning {'fdr': 0.6444, 'tpr': 1.0, 'fpr': 1.0, 'shd': 29, 'nnz': 45, 'precision': 0.3556, 'recall': 1.0, 'F1': 0.5246, 'gscore': 0.0}
[2025-04-12 02:48:03,385] sub_met after prunning {'fdr': 0.1111, 'tpr': 1.0, 'fpr': 0.069, 'shd': 2, 'nnz': 18, 'precision': 0.8889, 'recall': 1.0, 'F1': 0.9412, 'gscore': 0.875}
[2025-04-12 02:48:03,385] 
===  5-th graph ===
[2025-04-12 02:48:03,385] 6 Nodes of Markov blanket: [4, 5, 6, 7, 8, 14]
[2025-04-12 02:48:03,385] 8 Nodes of True MB: [2, 4, 5, 6, 7, 8, 11, 14], parents: {8, 7}, children: {11, 4, 14}, spouse: {2, 5, 6, 7, 8, 11}
[2025-04-12 02:48:03,395] [MB metrics] precision: 1.000, recall: 0.750, acc: 0.867, f1: 0.857
[2025-04-12 02:48:09,747] sub_met2 before prunning {'fdr': 0.4667, 'tpr': 1.0, 'fpr': 1.0, 'shd': 7, 'nnz': 15, 'precision': 0.5333, 'recall': 1.0, 'F1': 0.6957, 'gscore': 0.125}
[2025-04-12 02:48:09,747] sub_met after prunning {'fdr': 0.3846, 'tpr': 1.0, 'fpr': 0.7143, 'shd': 5, 'nnz': 13, 'precision': 0.6154, 'recall': 1.0, 'F1': 0.7619, 'gscore': 0.375}
[2025-04-12 02:48:09,747] 
===  6-th graph ===
[2025-04-12 02:48:09,747] 12 Nodes of Markov blanket: [1, 2, 3, 4, 5, 6, 7, 8, 9, 10, 11, 19]
[2025-04-12 02:48:09,747] 12 Nodes of True MB: [1, 2, 3, 4, 5, 6, 7, 8, 9, 10, 11, 19], parents: {8}, children: {2, 3, 4, 10, 11}, spouse: {1, 5, 6, 7, 8, 9, 11, 19}
[2025-04-12 02:48:09,747] [MB metrics] precision: 1.000, recall: 1.000, acc: 1.000, f1: 1.000
[2025-04-12 02:48:29,415] sub_met2 before prunning {'fdr': 0.6818, 'tpr': 1.0, 'fpr': 1.0, 'shd': 45, 'nnz': 66, 'precision': 0.3182, 'recall': 1.0, 'F1': 0.4828, 'gscore': 0.0}
[2025-04-12 02:48:29,415] sub_met after prunning {'fdr': 0.087, 'tpr': 1.0, 'fpr': 0.0444, 'shd': 2, 'nnz': 23, 'precision': 0.913, 'recall': 1.0, 'F1': 0.9545, 'gscore': 0.9048}
[2025-04-12 02:48:29,415] 
===  7-th graph ===
[2025-04-12 02:48:29,415] 10 Nodes of Markov blanket: [3, 4, 5, 6, 7, 8, 9, 11, 12, 19]
[2025-04-12 02:48:29,415] 10 Nodes of True MB: [3, 4, 5, 6, 7, 8, 9, 11, 12, 19], parents: set(), children: {3, 4, 5, 9, 11, 12}, spouse: {5, 6, 7, 8, 19}
[2025-04-12 02:48:29,418] [MB metrics] precision: 1.000, recall: 1.000, acc: 1.000, f1: 1.000
[2025-04-12 02:48:43,735] sub_met2 before prunning {'fdr': 0.6444, 'tpr': 1.0, 'fpr': 1.0, 'shd': 29, 'nnz': 45, 'precision': 0.3556, 'recall': 1.0, 'F1': 0.5246, 'gscore': 0.0}
[2025-04-12 02:48:43,735] sub_met after prunning {'fdr': 0.1111, 'tpr': 1.0, 'fpr': 0.069, 'shd': 2, 'nnz': 18, 'precision': 0.8889, 'recall': 1.0, 'F1': 0.9412, 'gscore': 0.875}
[2025-04-12 02:48:43,740] 
===  8-th graph ===
[2025-04-12 02:48:43,740] 7 Nodes of Markov blanket: [4, 5, 6, 7, 8, 11, 18]
[2025-04-12 02:48:43,740] 7 Nodes of True MB: [4, 5, 6, 7, 8, 11, 18], parents: set(), children: {4, 5, 6, 11, 18}, spouse: {8, 5, 6, 7}
[2025-04-12 02:48:43,740] [MB metrics] precision: 1.000, recall: 1.000, acc: 1.000, f1: 1.000
[2025-04-12 02:48:51,845] sub_met2 before prunning {'fdr': 0.4286, 'tpr': 1.0, 'fpr': 1.0, 'shd': 9, 'nnz': 21, 'precision': 0.5714, 'recall': 1.0, 'F1': 0.7273, 'gscore': 0.25}
[2025-04-12 02:48:51,845] sub_met after prunning {'fdr': 0.0769, 'tpr': 1.0, 'fpr': 0.1111, 'shd': 1, 'nnz': 13, 'precision': 0.9231, 'recall': 1.0, 'F1': 0.96, 'gscore': 0.9167}
[2025-04-12 02:48:51,845] 
===  9-th graph ===
[2025-04-12 02:48:51,845] 10 Nodes of Markov blanket: [2, 3, 4, 6, 7, 9, 11, 17, 18, 19]
[2025-04-12 02:48:51,845] 10 Nodes of True MB: [2, 3, 4, 6, 7, 9, 11, 17, 18, 19], parents: {7}, children: {17, 2}, spouse: {3, 4, 6, 9, 11, 18, 19}
[2025-04-12 02:48:51,845] [MB metrics] precision: 1.000, recall: 1.000, acc: 1.000, f1: 1.000
[2025-04-12 02:49:06,240] sub_met2 before prunning {'fdr': 0.6667, 'tpr': 1.0, 'fpr': 1.0, 'shd': 30, 'nnz': 45, 'precision': 0.3333, 'recall': 1.0, 'F1': 0.5, 'gscore': 0.0}
[2025-04-12 02:49:06,240] sub_met after prunning {'fdr': 0.2222, 'tpr': 0.9333, 'fpr': 0.1333, 'shd': 5, 'nnz': 18, 'precision': 0.7778, 'recall': 0.9333, 'F1': 0.8485, 'gscore': 0.6667}
[2025-04-12 02:49:06,240] 
===  10-th graph ===
[2025-04-12 02:49:06,240] 8 Nodes of Markov blanket: [1, 6, 10, 11, 13, 15, 16, 19]
[2025-04-12 02:49:06,240] 8 Nodes of True MB: [1, 6, 10, 11, 13, 15, 16, 19], parents: {1, 11, 6}, children: {13}, spouse: {16, 10, 19, 15}
[2025-04-12 02:49:06,245] [MB metrics] precision: 1.000, recall: 1.000, acc: 1.000, f1: 1.000
[2025-04-12 02:49:16,222] sub_met2 before prunning {'fdr': 0.75, 'tpr': 0.6364, 'fpr': 1.2353, 'shd': 21, 'nnz': 28, 'precision': 0.25, 'recall': 0.6364, 'F1': 0.359, 'gscore': 0.0}
[2025-04-12 02:49:16,222] sub_met after prunning {'fdr': 0.6667, 'tpr': 0.6364, 'fpr': 0.8235, 'shd': 14, 'nnz': 21, 'precision': 0.3333, 'recall': 0.6364, 'F1': 0.4375, 'gscore': 0.0}
[2025-04-12 02:49:16,222] 
===  11-th graph ===
[2025-04-12 02:49:16,222] 10 Nodes of Markov blanket: [1, 2, 6, 7, 8, 9, 10, 11, 14, 19]
[2025-04-12 02:49:16,222] 11 Nodes of True MB: [1, 2, 5, 6, 7, 8, 9, 10, 11, 14, 19], parents: {8, 5, 6, 7}, children: {2, 10, 14}, spouse: {1, 2, 5, 6, 9, 11, 19}
[2025-04-12 02:49:16,225] [MB metrics] precision: 1.000, recall: 0.909, acc: 0.950, f1: 0.952
[2025-04-12 02:49:30,369] sub_met2 before prunning {'fdr': 0.6889, 'tpr': 1.0, 'fpr': 1.0, 'shd': 31, 'nnz': 45, 'precision': 0.3111, 'recall': 1.0, 'F1': 0.4746, 'gscore': 0.0}
[2025-04-12 02:49:30,369] sub_met after prunning {'fdr': 0.2353, 'tpr': 0.9286, 'fpr': 0.129, 'shd': 5, 'nnz': 17, 'precision': 0.7647, 'recall': 0.9286, 'F1': 0.8387, 'gscore': 0.6429}
[2025-04-12 02:49:30,369] 
===  12-th graph ===
[2025-04-12 02:49:30,369] 3 Nodes of Markov blanket: [7, 12, 19]
[2025-04-12 02:49:30,369] 2 Nodes of True MB: [7, 19], parents: {19, 7}, children: set(), spouse: set()
[2025-04-12 02:49:30,375] [MB metrics] precision: 0.667, recall: 1.000, acc: 0.950, f1: 0.800
[2025-04-12 02:49:32,635] sub_met2 before prunning {'fdr': 0.3333, 'tpr': 1.0, 'fpr': 1.0, 'shd': 1, 'nnz': 3, 'precision': 0.6667, 'recall': 1.0, 'F1': 0.8, 'gscore': 0.5}
[2025-04-12 02:49:32,635] sub_met after prunning {'fdr': 0.0, 'tpr': 1.0, 'fpr': 0.0, 'shd': 0, 'nnz': 2, 'precision': 1.0, 'recall': 1.0, 'F1': 1.0, 'gscore': 1.0}
[2025-04-12 02:49:32,635] 
===  13-th graph ===
[2025-04-12 02:49:32,635] 5 Nodes of Markov blanket: [10, 13, 15, 16, 19]
[2025-04-12 02:49:32,635] 4 Nodes of True MB: [10, 15, 16, 19], parents: {16, 10, 19, 15}, children: set(), spouse: set()
[2025-04-12 02:49:32,635] [MB metrics] precision: 0.800, recall: 1.000, acc: 0.950, f1: 0.889
[2025-04-12 02:49:37,555] sub_met2 before prunning {'fdr': 0.4, 'tpr': 1.0, 'fpr': 1.0, 'shd': 4, 'nnz': 10, 'precision': 0.6, 'recall': 1.0, 'F1': 0.75, 'gscore': 0.3333}
[2025-04-12 02:49:37,555] sub_met after prunning {'fdr': 0.3333, 'tpr': 1.0, 'fpr': 0.75, 'shd': 3, 'nnz': 9, 'precision': 0.6667, 'recall': 1.0, 'F1': 0.8, 'gscore': 0.5}
[2025-04-12 02:49:37,555] 
===  14-th graph ===
[2025-04-12 02:49:37,555] 4 Nodes of Markov blanket: [2, 5, 11, 14]
[2025-04-12 02:49:37,555] 3 Nodes of True MB: [2, 5, 11], parents: {2, 11, 5}, children: set(), spouse: set()
[2025-04-12 02:49:37,555] [MB metrics] precision: 0.750, recall: 1.000, acc: 0.933, f1: 0.857
[2025-04-12 02:49:41,120] sub_met2 before prunning {'fdr': 0.3333, 'tpr': 0.8, 'fpr': 2.0, 'shd': 2, 'nnz': 6, 'precision': 0.6667, 'recall': 0.8, 'F1': 0.7273, 'gscore': 0.4}
[2025-04-12 02:49:41,120] sub_met after prunning {'fdr': 0.3333, 'tpr': 0.8, 'fpr': 2.0, 'shd': 2, 'nnz': 6, 'precision': 0.6667, 'recall': 0.8, 'F1': 0.7273, 'gscore': 0.4}
[2025-04-12 02:49:41,120] 
===  15-th graph ===
[2025-04-12 02:49:41,120] 6 Nodes of Markov blanket: [1, 10, 13, 15, 16, 18]
[2025-04-12 02:49:41,120] 7 Nodes of True MB: [1, 10, 13, 15, 16, 18, 19], parents: {1, 18, 19}, children: {13}, spouse: {16, 10, 19, 15}
[2025-04-12 02:49:41,125] [MB metrics] precision: 1.000, recall: 0.857, acc: 0.950, f1: 0.923
[2025-04-12 02:49:47,573] sub_met2 before prunning {'fdr': 0.6667, 'tpr': 0.8333, 'fpr': 1.1111, 'shd': 10, 'nnz': 15, 'precision': 0.3333, 'recall': 0.8333, 'F1': 0.4762, 'gscore': 0.0}
[2025-04-12 02:49:47,573] sub_met after prunning {'fdr': 0.5455, 'tpr': 0.8333, 'fpr': 0.6667, 'shd': 6, 'nnz': 11, 'precision': 0.4545, 'recall': 0.8333, 'F1': 0.5882, 'gscore': 0.0}
[2025-04-12 02:49:47,574] 
===  16-th graph ===
[2025-04-12 02:49:47,574] 6 Nodes of Markov blanket: [3, 10, 13, 15, 16, 19]
[2025-04-12 02:49:47,574] 6 Nodes of True MB: [3, 10, 13, 15, 16, 19], parents: {19, 3}, children: {13}, spouse: {16, 10, 19, 15}
[2025-04-12 02:49:47,577] [MB metrics] precision: 1.000, recall: 1.000, acc: 1.000, f1: 1.000
[2025-04-12 02:49:53,995] sub_met2 before prunning {'fdr': 0.5333, 'tpr': 1.0, 'fpr': 1.0, 'shd': 8, 'nnz': 15, 'precision': 0.4667, 'recall': 1.0, 'F1': 0.6364, 'gscore': 0.0}
[2025-04-12 02:49:53,995] sub_met after prunning {'fdr': 0.125, 'tpr': 1.0, 'fpr': 0.125, 'shd': 1, 'nnz': 8, 'precision': 0.875, 'recall': 1.0, 'F1': 0.9333, 'gscore': 0.8571}
[2025-04-12 02:49:53,995] 
===  17-th graph ===
[2025-04-12 02:49:53,995] 5 Nodes of Markov blanket: [3, 4, 9, 17, 18]
[2025-04-12 02:49:53,995] 4 Nodes of True MB: [3, 4, 9, 18], parents: {9, 18, 3, 4}, children: set(), spouse: set()
[2025-04-12 02:49:53,995] [MB metrics] precision: 0.800, recall: 1.000, acc: 0.947, f1: 0.889
[2025-04-12 02:49:58,905] sub_met2 before prunning {'fdr': 0.6, 'tpr': 1.0, 'fpr': 1.0, 'shd': 6, 'nnz': 10, 'precision': 0.4, 'recall': 1.0, 'F1': 0.5714, 'gscore': 0.0}
[2025-04-12 02:49:58,905] sub_met after prunning {'fdr': 0.6, 'tpr': 1.0, 'fpr': 1.0, 'shd': 6, 'nnz': 10, 'precision': 0.4, 'recall': 1.0, 'F1': 0.5714, 'gscore': 0.0}
[2025-04-12 02:49:58,905] 
===  18-th graph ===
[2025-04-12 02:49:58,905] 9 Nodes of Markov blanket: [1, 3, 4, 8, 9, 15, 17, 18, 19]
[2025-04-12 02:49:58,905] 9 Nodes of True MB: [1, 3, 4, 8, 9, 15, 17, 18, 19], parents: {8}, children: {17, 15}, spouse: {1, 3, 4, 9, 18, 19}
[2025-04-12 02:49:58,905] [MB metrics] precision: 1.000, recall: 1.000, acc: 1.000, f1: 1.000
[2025-04-12 02:50:10,700] sub_met2 before prunning {'fdr': 0.75, 'tpr': 1.0, 'fpr': 1.0, 'shd': 27, 'nnz': 36, 'precision': 0.25, 'recall': 1.0, 'F1': 0.4, 'gscore': 0.0}
[2025-04-12 02:50:10,700] sub_met after prunning {'fdr': 0.3571, 'tpr': 1.0, 'fpr': 0.1852, 'shd': 5, 'nnz': 14, 'precision': 0.6429, 'recall': 1.0, 'F1': 0.7826, 'gscore': 0.4444}
[2025-04-12 02:50:10,700] 
===  19-th graph ===
[2025-04-12 02:50:10,700] 13 Nodes of Markov blanket: [1, 2, 3, 6, 7, 9, 10, 11, 12, 13, 16, 18, 19]
[2025-04-12 02:50:10,700] 14 Nodes of True MB: [1, 2, 3, 6, 7, 9, 10, 11, 12, 13, 15, 16, 18, 19], parents: set(), children: {2, 12, 13, 15, 16}, spouse: {1, 3, 6, 7, 9, 10, 11, 15, 16, 18, 19}
[2025-04-12 02:50:10,705] [MB metrics] precision: 1.000, recall: 0.929, acc: 0.950, f1: 0.963
[2025-04-12 02:50:33,449] sub_met2 before prunning {'fdr': 0.7564, 'tpr': 1.0, 'fpr': 1.0, 'shd': 59, 'nnz': 78, 'precision': 0.2436, 'recall': 1.0, 'F1': 0.3918, 'gscore': 0.0}
[2025-04-12 02:50:33,449] sub_met after prunning {'fdr': 0.28, 'tpr': 0.9474, 'fpr': 0.1186, 'shd': 8, 'nnz': 25, 'precision': 0.72, 'recall': 0.9474, 'F1': 0.8182, 'gscore': 0.5789}
[2025-04-12 02:50:33,449] 
======= Graph Summary =======
[2025-04-12 02:50:33,449] MB summary: {'precision': '0.93+-0.14', 'recall': '0.97+-0.07', 'acc': '0.96+-0.05', 'f1': '0.94+-0.09'}
[2025-04-12 02:50:33,458] merged_met_before  before prunning {'fdr': 0.7548, 'tpr': 0.9268, 'fpr': 0.7852, 'shd': 119, 'nnz': 155, 'precision': 0.2452, 'recall': 0.9268, 'F1': 0.3878, 'gscore': 0.0}
[2025-04-12 02:50:33,460] [[0 0 0 0 1 0 0 0 0 0 0 0 0 0 0 0 0 0 0 0]
 [0 0 0 0 0 0 0 0 0 0 1 1 1 1 0 1 1 0 0 0]
 [0 0 0 0 0 0 0 0 0 0 0 0 0 0 1 0 0 0 0 0]
 [0 0 0 0 1 0 0 0 0 1 1 0 0 0 0 0 1 1 0 0]
 [0 0 0 0 0 0 0 0 0 0 0 0 0 0 1 0 0 1 0 0]
 [0 0 1 0 1 0 0 0 0 0 0 1 0 0 1 0 0 0 0 0]
 [0 1 1 1 1 0 0 0 0 0 1 1 0 0 1 0 0 0 0 0]
 [0 0 0 1 1 1 1 0 1 1 0 1 1 0 1 0 1 0 1 0]
 [0 0 0 1 1 1 1 0 0 1 0 1 0 0 1 0 0 0 1 0]
 [0 0 1 0 1 0 0 0 0 0 0 0 0 0 1 0 0 1 0 0]
 [0 0 0 0 0 0 0 0 0 0 0 0 0 1 0 0 0 0 0 0]
 [0 0 1 0 1 0 0 0 0 0 1 0 0 1 1 0 0 0 0 0]
 [0 0 0 0 0 0 0 0 0 0 0 0 0 0 0 0 0 0 0 0]
 [0 0 0 0 0 0 0 0 0 0 0 0 0 0 0 0 0 0 0 0]
 [0 0 0 0 0 0 0 0 0 0 0 0 0 0 0 0 0 0 0 0]
 [0 0 0 0 0 0 0 0 0 0 0 0 0 1 0 0 1 0 0 0]
 [0 0 0 0 0 0 0 0 0 0 1 0 0 1 0 0 0 0 0 0]
 [0 0 0 0 0 0 0 0 0 0 0 0 0 0 0 0 1 0 0 0]
 [0 0 0 0 1 0 1 0 0 0 1 1 0 1 0 1 1 1 0 0]
 [0 1 1 0 0 0 1 0 0 0 1 1 1 1 0 1 1 0 0 0]]
[2025-04-12 02:50:33,464] merged_met_after  after prunning {'fdr': 0.4805, 'tpr': 0.9756, 'fpr': 0.2483, 'shd': 37, 'nnz': 77, 'precision': 0.5195, 'recall': 0.9756, 'F1': 0.678, 'gscore': 0.0732}
[2025-04-12 02:50:33,465] 
================ repeat number 3 ====================
[2025-04-12 02:50:33,469] true_dag
[[0 0 0 0 0 0 0 0 1 0 0 0 0 0 1 1 0 0 0 0]
 [0 0 0 0 0 0 0 0 0 0 0 0 0 0 0 0 1 0 1 1]
 [0 0 0 0 0 0 1 0 0 0 0 0 0 0 0 0 0 0 0 0]
 [0 0 0 0 0 0 0 0 1 0 0 0 0 0 0 1 0 0 1 0]
 [0 0 0 0 0 0 0 0 0 0 0 0 1 0 0 0 0 0 1 0]
 [0 0 0 0 0 0 0 1 0 0 0 0 0 0 0 0 0 0 0 0]
 [0 0 0 0 0 0 0 0 1 0 0 0 0 0 0 0 0 0 0 0]
 [0 0 0 1 0 0 0 0 0 1 0 0 0 0 0 0 0 1 1 1]
 [0 0 0 0 0 0 0 0 0 0 0 0 0 0 0 0 0 0 0 0]
 [0 0 1 0 0 0 0 0 0 0 0 0 0 0 0 0 0 1 0 0]
 [1 0 0 0 0 0 0 0 0 0 0 0 0 0 0 0 0 0 0 0]
 [0 0 0 0 0 0 0 0 0 0 0 0 0 0 0 0 0 0 0 0]
 [1 0 0 0 0 0 0 0 1 0 0 0 0 0 1 1 0 0 0 1]
 [0 0 0 1 0 0 1 0 0 0 0 0 0 0 0 0 0 0 0 0]
 [0 0 0 0 0 0 0 0 0 1 0 0 0 0 0 0 0 0 0 0]
 [0 0 0 0 0 0 0 0 0 0 0 0 0 0 0 0 0 0 0 0]
 [0 0 0 0 0 0 0 0 0 0 0 0 0 0 1 0 0 1 1 0]
 [0 0 0 0 0 0 0 0 0 0 0 0 0 0 0 0 0 0 0 0]
 [0 0 0 0 0 0 0 0 0 0 0 0 0 0 1 0 0 1 0 0]
 [0 0 1 0 0 0 0 0 0 1 0 0 0 0 1 0 0 0 1 0]]
[2025-04-12 02:50:33,503] 
===  0-th graph ===
[2025-04-12 02:50:33,503] 8 Nodes of Markov blanket: [0, 3, 6, 8, 10, 12, 15, 16]
[2025-04-12 02:50:33,503] 11 Nodes of True MB: [0, 3, 6, 8, 10, 12, 14, 15, 16, 18, 19], parents: {10, 12}, children: {8, 14, 15}, spouse: {0, 3, 6, 12, 16, 18, 19}
[2025-04-12 02:50:33,507] [MB metrics] precision: 1.000, recall: 0.727, acc: 0.850, f1: 0.842
[2025-04-12 02:50:43,295] sub_met2 before prunning {'fdr': 0.6786, 'tpr': 1.0, 'fpr': 1.0, 'shd': 19, 'nnz': 28, 'precision': 0.3214, 'recall': 1.0, 'F1': 0.4865, 'gscore': 0.0}
[2025-04-12 02:50:43,295] sub_met after prunning {'fdr': 0.25, 'tpr': 1.0, 'fpr': 0.1579, 'shd': 3, 'nnz': 12, 'precision': 0.75, 'recall': 1.0, 'F1': 0.8571, 'gscore': 0.6667}
[2025-04-12 02:50:43,295] 
===  1-th graph ===
[2025-04-12 02:50:43,295] 8 Nodes of Markov blanket: [1, 3, 4, 7, 12, 16, 18, 19]
[2025-04-12 02:50:43,295] 8 Nodes of True MB: [1, 3, 4, 7, 12, 16, 18, 19], parents: set(), children: {16, 18, 19}, spouse: {1, 3, 4, 7, 12, 16, 19}
[2025-04-12 02:50:43,303] [MB metrics] precision: 1.000, recall: 1.000, acc: 1.000, f1: 1.000
[2025-04-12 02:50:53,135] sub_met2 before prunning {'fdr': 0.6071, 'tpr': 0.9167, 'fpr': 1.0625, 'shd': 17, 'nnz': 28, 'precision': 0.3929, 'recall': 0.9167, 'F1': 0.55, 'gscore': 0.0}
[2025-04-12 02:50:53,137] sub_met after prunning {'fdr': 0.2667, 'tpr': 0.9167, 'fpr': 0.25, 'shd': 4, 'nnz': 15, 'precision': 0.7333, 'recall': 0.9167, 'F1': 0.8148, 'gscore': 0.5833}
[2025-04-12 02:50:53,137] 
===  2-th graph ===
[2025-04-12 02:50:53,137] 5 Nodes of Markov blanket: [2, 6, 9, 13, 19]
[2025-04-12 02:50:53,137] 5 Nodes of True MB: [2, 6, 9, 13, 19], parents: {9, 19}, children: {6}, spouse: {2, 13}
[2025-04-12 02:50:53,139] [MB metrics] precision: 1.000, recall: 1.000, acc: 1.000, f1: 1.000
[2025-04-12 02:50:58,199] sub_met2 before prunning {'fdr': 0.7, 'tpr': 0.6, 'fpr': 1.4, 'shd': 7, 'nnz': 10, 'precision': 0.3, 'recall': 0.6, 'F1': 0.4, 'gscore': 0.0}
[2025-04-12 02:50:58,200] sub_met after prunning {'fdr': 0.5, 'tpr': 0.6, 'fpr': 0.6, 'shd': 4, 'nnz': 6, 'precision': 0.5, 'recall': 0.6, 'F1': 0.5455, 'gscore': 0.0}
[2025-04-12 02:50:58,200] 
===  3-th graph ===
[2025-04-12 02:50:58,200] 13 Nodes of Markov blanket: [0, 1, 3, 4, 6, 7, 8, 12, 13, 15, 16, 18, 19]
[2025-04-12 02:50:58,200] 13 Nodes of True MB: [0, 1, 3, 4, 6, 7, 8, 12, 13, 15, 16, 18, 19], parents: {13, 7}, children: {8, 18, 15}, spouse: {0, 1, 3, 4, 6, 7, 12, 16, 19}
[2025-04-12 02:50:58,200] [MB metrics] precision: 1.000, recall: 1.000, acc: 1.000, f1: 1.000
[2025-04-12 02:51:20,880] sub_met2 before prunning {'fdr': 0.7179, 'tpr': 1.0, 'fpr': 1.0, 'shd': 56, 'nnz': 78, 'precision': 0.2821, 'recall': 1.0, 'F1': 0.44, 'gscore': 0.0}
[2025-04-12 02:51:20,880] sub_met after prunning {'fdr': 0.2414, 'tpr': 1.0, 'fpr': 0.125, 'shd': 7, 'nnz': 29, 'precision': 0.7586, 'recall': 1.0, 'F1': 0.8627, 'gscore': 0.6818}
[2025-04-12 02:51:20,880] 
===  4-th graph ===
[2025-04-12 02:51:20,880] 8 Nodes of Markov blanket: [1, 3, 4, 7, 12, 16, 18, 19]
[2025-04-12 02:51:20,880] 8 Nodes of True MB: [1, 3, 4, 7, 12, 16, 18, 19], parents: set(), children: {18, 12}, spouse: {1, 3, 4, 7, 16, 19}
[2025-04-12 02:51:20,885] [MB metrics] precision: 1.000, recall: 1.000, acc: 1.000, f1: 1.000
[2025-04-12 02:51:30,795] sub_met2 before prunning {'fdr': 0.6071, 'tpr': 0.9167, 'fpr': 1.0625, 'shd': 17, 'nnz': 28, 'precision': 0.3929, 'recall': 0.9167, 'F1': 0.55, 'gscore': 0.0}
[2025-04-12 02:51:30,795] sub_met after prunning {'fdr': 0.2667, 'tpr': 0.9167, 'fpr': 0.25, 'shd': 4, 'nnz': 15, 'precision': 0.7333, 'recall': 0.9167, 'F1': 0.8148, 'gscore': 0.5833}
[2025-04-12 02:51:30,795] 
===  5-th graph ===
[2025-04-12 02:51:30,795] 2 Nodes of Markov blanket: [5, 7]
[2025-04-12 02:51:30,795] 2 Nodes of True MB: [5, 7], parents: set(), children: {7}, spouse: {5}
[2025-04-12 02:51:30,801] [MB metrics] precision: 1.000, recall: 1.000, acc: 1.000, f1: 1.000
[2025-04-12 02:51:31,861] sub_met2 before prunning {'fdr': 0.0, 'tpr': 1.0, 'fpr': 0.0, 'shd': 0, 'nnz': 1, 'precision': 1.0, 'recall': 1.0, 'F1': 1.0, 'gscore': 1.0}
[2025-04-12 02:51:31,861] sub_met after prunning {'fdr': 0.0, 'tpr': 1.0, 'fpr': 0.0, 'shd': 0, 'nnz': 1, 'precision': 1.0, 'recall': 1.0, 'F1': 1.0, 'gscore': 1.0}
[2025-04-12 02:51:31,861] 
===  6-th graph ===
[2025-04-12 02:51:31,861] 7 Nodes of Markov blanket: [0, 2, 3, 6, 8, 12, 13]
[2025-04-12 02:51:31,861] 7 Nodes of True MB: [0, 2, 3, 6, 8, 12, 13], parents: {2, 13}, children: {8}, spouse: {0, 3, 12, 6}
[2025-04-12 02:51:31,865] [MB metrics] precision: 1.000, recall: 1.000, acc: 1.000, f1: 1.000
[2025-04-12 02:51:39,895] sub_met2 before prunning {'fdr': 0.619, 'tpr': 1.0, 'fpr': 1.0, 'shd': 13, 'nnz': 21, 'precision': 0.381, 'recall': 1.0, 'F1': 0.5517, 'gscore': 0.0}
[2025-04-12 02:51:39,902] sub_met after prunning {'fdr': 0.4286, 'tpr': 1.0, 'fpr': 0.4615, 'shd': 6, 'nnz': 14, 'precision': 0.5714, 'recall': 1.0, 'F1': 0.7273, 'gscore': 0.25}
[2025-04-12 02:51:39,902] 
===  7-th graph ===
[2025-04-12 02:51:39,902] 12 Nodes of Markov blanket: [1, 3, 4, 5, 7, 9, 12, 13, 14, 16, 17, 19]
[2025-04-12 02:51:39,902] 13 Nodes of True MB: [1, 3, 4, 5, 7, 9, 12, 13, 14, 16, 17, 18, 19], parents: {5}, children: {3, 9, 17, 18, 19}, spouse: {1, 3, 4, 7, 9, 12, 13, 14, 16, 18, 19}
[2025-04-12 02:51:39,905] [MB metrics] precision: 1.000, recall: 0.923, acc: 0.950, f1: 0.960
[2025-04-12 02:51:59,431] sub_met2 before prunning {'fdr': 0.7424, 'tpr': 1.0, 'fpr': 1.0, 'shd': 49, 'nnz': 66, 'precision': 0.2576, 'recall': 1.0, 'F1': 0.4096, 'gscore': 0.0}
[2025-04-12 02:51:59,431] sub_met after prunning {'fdr': 0.3846, 'tpr': 0.9412, 'fpr': 0.2041, 'shd': 11, 'nnz': 26, 'precision': 0.6154, 'recall': 0.9412, 'F1': 0.7442, 'gscore': 0.3529}
[2025-04-12 02:51:59,431] 
===  8-th graph ===
[2025-04-12 02:51:59,431] 5 Nodes of Markov blanket: [0, 3, 6, 8, 12]
[2025-04-12 02:51:59,431] 4 Nodes of True MB: [0, 3, 6, 12], parents: {0, 3, 12, 6}, children: set(), spouse: set()
[2025-04-12 02:51:59,435] [MB metrics] precision: 0.800, recall: 1.000, acc: 0.923, f1: 0.889
[2025-04-12 02:52:04,234] sub_met2 before prunning {'fdr': 0.5, 'tpr': 1.0, 'fpr': 1.0, 'shd': 5, 'nnz': 10, 'precision': 0.5, 'recall': 1.0, 'F1': 0.6667, 'gscore': 0.0}
[2025-04-12 02:52:04,234] sub_met after prunning {'fdr': 0.375, 'tpr': 1.0, 'fpr': 0.6, 'shd': 3, 'nnz': 8, 'precision': 0.625, 'recall': 1.0, 'F1': 0.7692, 'gscore': 0.4}
[2025-04-12 02:52:04,234] 
===  9-th graph ===
[2025-04-12 02:52:04,234] 8 Nodes of Markov blanket: [2, 7, 9, 14, 16, 17, 18, 19]
[2025-04-12 02:52:04,234] 8 Nodes of True MB: [2, 7, 9, 14, 16, 17, 18, 19], parents: {19, 14, 7}, children: {17, 2}, spouse: {7, 9, 16, 18, 19}
[2025-04-12 02:52:04,235] [MB metrics] precision: 1.000, recall: 1.000, acc: 1.000, f1: 1.000
[2025-04-12 02:52:14,315] sub_met2 before prunning {'fdr': 0.5, 'tpr': 0.875, 'fpr': 1.1667, 'shd': 14, 'nnz': 28, 'precision': 0.5, 'recall': 0.875, 'F1': 0.6364, 'gscore': 0.0}
[2025-04-12 02:52:14,315] sub_met after prunning {'fdr': 0.2778, 'tpr': 0.8125, 'fpr': 0.4167, 'shd': 7, 'nnz': 18, 'precision': 0.7222, 'recall': 0.8125, 'F1': 0.7647, 'gscore': 0.5}
[2025-04-12 02:52:14,315] 
===  10-th graph ===
[2025-04-12 02:52:14,315] 3 Nodes of Markov blanket: [0, 10, 12]
[2025-04-12 02:52:14,315] 3 Nodes of True MB: [0, 10, 12], parents: set(), children: {0}, spouse: {10, 12}
[2025-04-12 02:52:14,315] [MB metrics] precision: 1.000, recall: 1.000, acc: 1.000, f1: 1.000
[2025-04-12 02:52:16,505] sub_met2 before prunning {'fdr': 0.3333, 'tpr': 1.0, 'fpr': 1.0, 'shd': 1, 'nnz': 3, 'precision': 0.6667, 'recall': 1.0, 'F1': 0.8, 'gscore': 0.5}
[2025-04-12 02:52:16,505] sub_met after prunning {'fdr': 0.0, 'tpr': 1.0, 'fpr': 0.0, 'shd': 0, 'nnz': 2, 'precision': 1.0, 'recall': 1.0, 'F1': 1.0, 'gscore': 1.0}
[2025-04-12 02:52:16,505] 
===  11-th graph ===
