[2025-04-12 02:10:38,676] 
================ repeat number 1 ====================
[2025-04-12 02:10:38,682] true_dag
[[0 0 1 0 0 1 0 1 0 0]
 [1 0 1 1 1 1 1 1 0 0]
 [0 0 0 0 0 0 0 0 0 0]
 [0 0 1 0 0 1 1 1 0 0]
 [0 0 1 1 0 1 1 1 0 0]
 [0 0 0 0 0 0 0 0 0 0]
 [1 0 1 0 0 1 0 1 0 0]
 [0 0 1 0 0 1 0 0 0 0]
 [1 1 0 0 1 1 1 0 0 0]
 [1 1 0 1 1 0 1 1 1 0]]
[2025-04-12 02:10:38,697] 
===  0-th graph ===
[2025-04-12 02:10:38,699] 7 Nodes of Markov blanket: [0, 1, 2, 3, 4, 6, 8]
[2025-04-12 02:10:38,699] 10 Nodes of True MB: [0, 1, 2, 3, 4, 5, 6, 7, 8, 9], parents: {8, 1, 6, 9}, children: {2, 5, 7}, spouse: {0, 1, 3, 4, 6, 7, 8, 9}
[2025-04-12 02:10:38,704] [MB metrics] precision: 1.000, recall: 0.700, acc: 0.700, f1: 0.824
[2025-04-12 02:10:46,791] sub_met2 before prunning {'fdr': 0.2381, 'tpr': 0.9412, 'fpr': 1.25, 'shd': 5, 'nnz': 21, 'precision': 0.7619, 'recall': 0.9412, 'F1': 0.8421, 'gscore': 0.6471}
[2025-04-12 02:10:46,791] sub_met after prunning {'fdr': 0.2105, 'tpr': 0.8824, 'fpr': 1.0, 'shd': 5, 'nnz': 19, 'precision': 0.7895, 'recall': 0.8824, 'F1': 0.8333, 'gscore': 0.6471}
[2025-04-12 02:10:46,791] 
===  1-th graph ===
[2025-04-12 02:10:46,791] 8 Nodes of Markov blanket: [0, 1, 2, 3, 4, 6, 7, 9]
[2025-04-12 02:10:46,791] 10 Nodes of True MB: [0, 1, 2, 3, 4, 5, 6, 7, 8, 9], parents: {8, 9}, children: {0, 2, 3, 4, 5, 6, 7}, spouse: {0, 1, 3, 4, 6, 7, 8, 9}
[2025-04-12 02:10:46,796] [MB metrics] precision: 1.000, recall: 0.800, acc: 0.800, f1: 0.889
[2025-04-12 02:10:56,916] sub_met2 before prunning {'fdr': 0.1071, 'tpr': 1.0, 'fpr': 1.0, 'shd': 3, 'nnz': 28, 'precision': 0.8929, 'recall': 1.0, 'F1': 0.9434, 'gscore': 0.88}
[2025-04-12 02:10:56,916] sub_met after prunning {'fdr': 0.0385, 'tpr': 1.0, 'fpr': 0.3333, 'shd': 1, 'nnz': 26, 'precision': 0.9615, 'recall': 1.0, 'F1': 0.9804, 'gscore': 0.96}
[2025-04-12 02:10:56,916] 
===  2-th graph ===
[2025-04-12 02:10:56,916] 7 Nodes of Markov blanket: [0, 1, 2, 3, 4, 6, 7]
[2025-04-12 02:10:56,916] 6 Nodes of True MB: [0, 1, 3, 4, 6, 7], parents: {0, 1, 3, 4, 6, 7}, children: set(), spouse: set()
[2025-04-12 02:10:56,916] [MB metrics] precision: 0.857, recall: 1.000, acc: 0.875, f1: 0.923
[2025-04-12 02:11:04,953] sub_met2 before prunning {'fdr': 0.1429, 'tpr': 0.9474, 'fpr': 1.5, 'shd': 3, 'nnz': 21, 'precision': 0.8571, 'recall': 0.9474, 'F1': 0.9, 'gscore': 0.7895}
[2025-04-12 02:11:04,953] sub_met after prunning {'fdr': 0.1429, 'tpr': 0.9474, 'fpr': 1.5, 'shd': 3, 'nnz': 21, 'precision': 0.8571, 'recall': 0.9474, 'F1': 0.9, 'gscore': 0.7895}
[2025-04-12 02:11:04,953] 
===  3-th graph ===
[2025-04-12 02:11:04,953] 10 Nodes of Markov blanket: [0, 1, 2, 3, 4, 5, 6, 7, 8, 9]
[2025-04-12 02:11:04,953] 10 Nodes of True MB: [0, 1, 2, 3, 4, 5, 6, 7, 8, 9], parents: {1, 4, 9}, children: {2, 5, 6, 7}, spouse: {0, 1, 3, 4, 6, 7, 8, 9}
[2025-04-12 02:11:04,956] [MB metrics] precision: 1.000, recall: 1.000, acc: 1.000, f1: 1.000
[2025-04-12 02:11:19,046] sub_met2 before prunning {'fdr': 0.1778, 'tpr': 1.0, 'fpr': 1.0, 'shd': 8, 'nnz': 45, 'precision': 0.8222, 'recall': 1.0, 'F1': 0.9024, 'gscore': 0.7838}
[2025-04-12 02:11:19,046] sub_met after prunning {'fdr': 0.0, 'tpr': 1.0, 'fpr': 0.0, 'shd': 0, 'nnz': 37, 'precision': 1.0, 'recall': 1.0, 'F1': 1.0, 'gscore': 1.0}
[2025-04-12 02:11:19,046] 
===  4-th graph ===
[2025-04-12 02:11:19,046] 9 Nodes of Markov blanket: [0, 1, 2, 3, 4, 5, 6, 8, 9]
[2025-04-12 02:11:19,046] 10 Nodes of True MB: [0, 1, 2, 3, 4, 5, 6, 7, 8, 9], parents: {8, 1, 9}, children: {2, 3, 5, 6, 7}, spouse: {0, 1, 3, 4, 6, 7, 8, 9}
[2025-04-12 02:11:19,046] [MB metrics] precision: 1.000, recall: 0.900, acc: 0.900, f1: 0.947
[2025-04-12 02:11:30,936] sub_met2 before prunning {'fdr': 0.1944, 'tpr': 1.0, 'fpr': 1.0, 'shd': 7, 'nnz': 36, 'precision': 0.8056, 'recall': 1.0, 'F1': 0.8923, 'gscore': 0.7586}
[2025-04-12 02:11:30,936] sub_met after prunning {'fdr': 0.0938, 'tpr': 1.0, 'fpr': 0.4286, 'shd': 3, 'nnz': 32, 'precision': 0.9062, 'recall': 1.0, 'F1': 0.9508, 'gscore': 0.8966}
[2025-04-12 02:11:30,936] 
===  5-th graph ===
[2025-04-12 02:11:30,936] 6 Nodes of Markov blanket: [3, 4, 5, 6, 7, 8]
[2025-04-12 02:11:30,936] 7 Nodes of True MB: [0, 1, 3, 4, 6, 7, 8], parents: {0, 1, 3, 4, 6, 7, 8}, children: set(), spouse: set()
[2025-04-12 02:11:30,936] [MB metrics] precision: 0.833, recall: 0.714, acc: 0.667, f1: 0.769
[2025-04-12 02:11:37,351] sub_met2 before prunning {'fdr': 0.1333, 'tpr': 1.0, 'fpr': 1.0, 'shd': 2, 'nnz': 15, 'precision': 0.8667, 'recall': 1.0, 'F1': 0.9286, 'gscore': 0.8462}
[2025-04-12 02:11:37,352] sub_met after prunning {'fdr': 0.1429, 'tpr': 0.9231, 'fpr': 1.0, 'shd': 3, 'nnz': 14, 'precision': 0.8571, 'recall': 0.9231, 'F1': 0.8889, 'gscore': 0.7692}
[2025-04-12 02:11:37,352] 
===  6-th graph ===
[2025-04-12 02:11:37,352] 10 Nodes of Markov blanket: [0, 1, 2, 3, 4, 5, 6, 7, 8, 9]
[2025-04-12 02:11:37,352] 10 Nodes of True MB: [0, 1, 2, 3, 4, 5, 6, 7, 8, 9], parents: {1, 3, 4, 8, 9}, children: {0, 2, 5, 7}, spouse: {0, 1, 3, 4, 6, 7, 8, 9}
[2025-04-12 02:11:37,356] [MB metrics] precision: 1.000, recall: 1.000, acc: 1.000, f1: 1.000
[2025-04-12 02:11:51,676] sub_met2 before prunning {'fdr': 0.1778, 'tpr': 1.0, 'fpr': 1.0, 'shd': 8, 'nnz': 45, 'precision': 0.8222, 'recall': 1.0, 'F1': 0.9024, 'gscore': 0.7838}
[2025-04-12 02:11:51,676] sub_met after prunning {'fdr': 0.0, 'tpr': 1.0, 'fpr': 0.0, 'shd': 0, 'nnz': 37, 'precision': 1.0, 'recall': 1.0, 'F1': 1.0, 'gscore': 1.0}
[2025-04-12 02:11:51,686] 
===  7-th graph ===
[2025-04-12 02:11:51,686] 7 Nodes of Markov blanket: [1, 2, 3, 5, 6, 7, 8]
[2025-04-12 02:11:51,686] 10 Nodes of True MB: [0, 1, 2, 3, 4, 5, 6, 7, 8, 9], parents: {0, 1, 3, 4, 6, 9}, children: {2, 5}, spouse: {0, 1, 3, 4, 6, 7, 8}
[2025-04-12 02:11:51,686] [MB metrics] precision: 1.000, recall: 0.700, acc: 0.700, f1: 0.824
[2025-04-12 02:11:59,657] sub_met2 before prunning {'fdr': 0.1905, 'tpr': 1.0, 'fpr': 1.0, 'shd': 4, 'nnz': 21, 'precision': 0.8095, 'recall': 1.0, 'F1': 0.8947, 'gscore': 0.7647}
[2025-04-12 02:11:59,657] sub_met after prunning {'fdr': 0.1579, 'tpr': 0.9412, 'fpr': 0.75, 'shd': 4, 'nnz': 19, 'precision': 0.8421, 'recall': 0.9412, 'F1': 0.8889, 'gscore': 0.7647}
[2025-04-12 02:11:59,657] 
===  8-th graph ===
[2025-04-12 02:11:59,657] 7 Nodes of Markov blanket: [0, 3, 4, 5, 6, 7, 8]
[2025-04-12 02:11:59,657] 9 Nodes of True MB: [0, 1, 3, 4, 5, 6, 7, 8, 9], parents: {9}, children: {0, 1, 4, 5, 6}, spouse: {0, 1, 3, 4, 6, 7, 8, 9}
[2025-04-12 02:11:59,666] [MB metrics] precision: 1.000, recall: 0.778, acc: 0.800, f1: 0.875
[2025-04-12 02:12:07,726] sub_met2 before prunning {'fdr': 0.2857, 'tpr': 0.8824, 'fpr': 1.5, 'shd': 6, 'nnz': 21, 'precision': 0.7143, 'recall': 0.8824, 'F1': 0.7895, 'gscore': 0.5294}
[2025-04-12 02:12:07,726] sub_met after prunning {'fdr': 0.25, 'tpr': 0.8824, 'fpr': 1.25, 'shd': 5, 'nnz': 20, 'precision': 0.75, 'recall': 0.8824, 'F1': 0.8108, 'gscore': 0.5882}
[2025-04-12 02:12:07,726] 
===  9-th graph ===
[2025-04-12 02:12:07,726] 5 Nodes of Markov blanket: [1, 3, 4, 6, 9]
[2025-04-12 02:12:07,726] 8 Nodes of True MB: [0, 1, 3, 4, 6, 7, 8, 9], parents: set(), children: {0, 1, 3, 4, 6, 7, 8}, spouse: {0, 1, 3, 4, 6, 8, 9}
[2025-04-12 02:12:07,726] [MB metrics] precision: 1.000, recall: 0.625, acc: 0.700, f1: 0.769
[2025-04-12 02:12:12,688] sub_met2 before prunning {'fdr': 0.0, 'tpr': 1.0, 'fpr': 0.0, 'shd': 0, 'nnz': 10, 'precision': 1.0, 'recall': 1.0, 'F1': 1.0, 'gscore': 1.0}
[2025-04-12 02:12:12,688] sub_met after prunning {'fdr': 0.0, 'tpr': 1.0, 'fpr': 0.0, 'shd': 0, 'nnz': 10, 'precision': 1.0, 'recall': 1.0, 'F1': 1.0, 'gscore': 1.0}
[2025-04-12 02:12:12,688] 
======= Graph Summary =======
[2025-04-12 02:12:12,688] MB summary: {'precision': '0.97+-0.06', 'recall': '0.82+-0.14', 'acc': '0.81+-0.12', 'f1': '0.88+-0.08'}
[2025-04-12 02:12:12,696] merged_met_before  before prunning {'fdr': 0.1778, 'tpr': 1.0, 'fpr': 1.0, 'shd': 8, 'nnz': 45, 'precision': 0.8222, 'recall': 1.0, 'F1': 0.9024, 'gscore': 0.7838}
[2025-04-12 02:12:12,701] [[0 0 1 0 0 1 0 1 0 0]
 [1 0 1 1 1 1 1 1 0 0]
 [0 0 0 0 0 1 0 0 0 0]
 [1 0 1 0 0 1 1 1 0 0]
 [1 0 1 1 0 1 1 1 0 0]
 [0 0 0 0 0 0 0 0 0 0]
 [1 0 1 0 0 1 0 1 0 0]
 [0 0 1 0 0 1 0 0 0 0]
 [1 1 0 1 1 1 1 1 0 0]
 [1 1 1 1 1 1 1 1 1 0]]
[2025-04-12 02:12:12,704] merged_met_after  after prunning {'fdr': 0.1591, 'tpr': 1.0, 'fpr': 0.875, 'shd': 7, 'nnz': 44, 'precision': 0.8409, 'recall': 1.0, 'F1': 0.9136, 'gscore': 0.8108}
[2025-04-12 02:12:12,704] 
================ repeat number 2 ====================
[2025-04-12 02:12:12,709] true_dag
[[0 1 1 0 1 1 0 1 1 1]
 [0 0 0 0 0 0 0 0 0 1]
 [0 1 0 0 0 1 0 0 0 1]
 [0 1 0 0 1 1 1 1 1 1]
 [0 0 0 0 0 1 0 0 0 1]
 [0 0 0 0 0 0 0 0 0 1]
 [0 1 0 0 1 1 0 0 0 0]
 [0 1 0 0 1 1 1 0 0 1]
 [0 1 0 0 0 1 1 1 0 0]
 [0 0 0 0 0 0 0 0 0 0]]
[2025-04-12 02:12:12,725] 
===  0-th graph ===
[2025-04-12 02:12:12,725] 10 Nodes of Markov blanket: [0, 1, 2, 3, 4, 5, 6, 7, 8, 9]
[2025-04-12 02:12:12,725] 10 Nodes of True MB: [0, 1, 2, 3, 4, 5, 6, 7, 8, 9], parents: set(), children: {1, 2, 4, 5, 7, 8, 9}, spouse: {0, 1, 2, 3, 4, 5, 6, 7, 8}
[2025-04-12 02:12:12,728] [MB metrics] precision: 1.000, recall: 1.000, acc: 1.000, f1: 1.000
[2025-04-12 02:12:27,008] sub_met2 before prunning {'fdr': 0.2667, 'tpr': 1.0, 'fpr': 1.0, 'shd': 12, 'nnz': 45, 'precision': 0.7333, 'recall': 1.0, 'F1': 0.8462, 'gscore': 0.6364}
[2025-04-12 02:12:27,008] sub_met after prunning {'fdr': 0.0, 'tpr': 1.0, 'fpr': 0.0, 'shd': 0, 'nnz': 33, 'precision': 1.0, 'recall': 1.0, 'F1': 1.0, 'gscore': 1.0}
[2025-04-12 02:12:27,008] 
===  1-th graph ===
[2025-04-12 02:12:27,008] 8 Nodes of Markov blanket: [0, 1, 4, 5, 6, 7, 8, 9]
[2025-04-12 02:12:27,008] 10 Nodes of True MB: [0, 1, 2, 3, 4, 5, 6, 7, 8, 9], parents: {0, 2, 3, 6, 7, 8}, children: {9}, spouse: {0, 1, 2, 3, 4, 5, 7}
[2025-04-12 02:12:27,008] [MB metrics] precision: 1.000, recall: 0.800, acc: 0.800, f1: 0.889
[2025-04-12 02:12:36,696] sub_met2 before prunning {'fdr': 0.2143, 'tpr': 1.0, 'fpr': 1.0, 'shd': 6, 'nnz': 28, 'precision': 0.7857, 'recall': 1.0, 'F1': 0.88, 'gscore': 0.7273}
[2025-04-12 02:12:36,696] sub_met after prunning {'fdr': 0.2083, 'tpr': 0.8636, 'fpr': 0.8333, 'shd': 8, 'nnz': 24, 'precision': 0.7917, 'recall': 0.8636, 'F1': 0.8261, 'gscore': 0.6364}
[2025-04-12 02:12:36,696] 
===  2-th graph ===
[2025-04-12 02:12:36,696] 5 Nodes of Markov blanket: [0, 2, 3, 6, 7]
[2025-04-12 02:12:36,696] 10 Nodes of True MB: [0, 1, 2, 3, 4, 5, 6, 7, 8, 9], parents: {0}, children: {1, 5, 9}, spouse: {0, 1, 2, 3, 4, 5, 6, 7, 8}
[2025-04-12 02:12:36,696] [MB metrics] precision: 1.000, recall: 0.500, acc: 0.500, f1: 0.667
[2025-04-12 02:12:41,578] sub_met2 before prunning {'fdr': 0.5, 'tpr': 1.0, 'fpr': 1.0, 'shd': 5, 'nnz': 10, 'precision': 0.5, 'recall': 1.0, 'F1': 0.6667, 'gscore': 0.0}
[2025-04-12 02:12:41,578] sub_met after prunning {'fdr': 0.2, 'tpr': 0.8, 'fpr': 0.2, 'shd': 2, 'nnz': 5, 'precision': 0.8, 'recall': 0.8, 'F1': 0.8, 'gscore': 0.6}
[2025-04-12 02:12:41,579] 
===  3-th graph ===
[2025-04-12 02:12:41,579] 7 Nodes of Markov blanket: [0, 2, 3, 4, 6, 7, 8]
[2025-04-12 02:12:41,579] 10 Nodes of True MB: [0, 1, 2, 3, 4, 5, 6, 7, 8, 9], parents: set(), children: {1, 4, 5, 6, 7, 8, 9}, spouse: {0, 1, 2, 3, 4, 5, 6, 7, 8}
[2025-04-12 02:12:41,583] [MB metrics] precision: 1.000, recall: 0.700, acc: 0.700, f1: 0.824
[2025-04-12 02:12:49,568] sub_met2 before prunning {'fdr': 0.381, 'tpr': 1.0, 'fpr': 1.0, 'shd': 8, 'nnz': 21, 'precision': 0.619, 'recall': 1.0, 'F1': 0.7647, 'gscore': 0.3846}
[2025-04-12 02:12:49,568] sub_met after prunning {'fdr': 0.0, 'tpr': 1.0, 'fpr': 0.0, 'shd': 0, 'nnz': 13, 'precision': 1.0, 'recall': 1.0, 'F1': 1.0, 'gscore': 1.0}
[2025-04-12 02:12:49,568] 
===  4-th graph ===
[2025-04-12 02:12:49,568] 9 Nodes of Markov blanket: [0, 1, 3, 4, 5, 6, 7, 8, 9]
[2025-04-12 02:12:49,568] 10 Nodes of True MB: [0, 1, 2, 3, 4, 5, 6, 7, 8, 9], parents: {0, 3, 6, 7}, children: {9, 5}, spouse: {0, 1, 2, 3, 4, 5, 6, 7, 8}
[2025-04-12 02:12:49,572] [MB metrics] precision: 1.000, recall: 0.900, acc: 0.900, f1: 0.947
[2025-04-12 02:13:01,588] sub_met2 before prunning {'fdr': 0.1944, 'tpr': 1.0, 'fpr': 1.0, 'shd': 7, 'nnz': 36, 'precision': 0.8056, 'recall': 1.0, 'F1': 0.8923, 'gscore': 0.7586}
[2025-04-12 02:13:01,588] sub_met after prunning {'fdr': 0.069, 'tpr': 0.931, 'fpr': 0.2857, 'shd': 4, 'nnz': 29, 'precision': 0.931, 'recall': 0.931, 'F1': 0.931, 'gscore': 0.8621}
[2025-04-12 02:13:01,588] 
===  5-th graph ===
[2025-04-12 02:13:01,588] 8 Nodes of Markov blanket: [0, 1, 4, 5, 6, 7, 8, 9]
[2025-04-12 02:13:01,588] 10 Nodes of True MB: [0, 1, 2, 3, 4, 5, 6, 7, 8, 9], parents: {0, 2, 3, 4, 6, 7, 8}, children: {9}, spouse: {0, 1, 2, 3, 4, 5, 7}
[2025-04-12 02:13:01,596] [MB metrics] precision: 1.000, recall: 0.800, acc: 0.800, f1: 0.889
[2025-04-12 02:13:11,386] sub_met2 before prunning {'fdr': 0.2143, 'tpr': 1.0, 'fpr': 1.0, 'shd': 6, 'nnz': 28, 'precision': 0.7857, 'recall': 1.0, 'F1': 0.88, 'gscore': 0.7273}
[2025-04-12 02:13:11,386] sub_met after prunning {'fdr': 0.2083, 'tpr': 0.8636, 'fpr': 0.8333, 'shd': 8, 'nnz': 24, 'precision': 0.7917, 'recall': 0.8636, 'F1': 0.8261, 'gscore': 0.6364}
[2025-04-12 02:13:11,386] 
===  6-th graph ===
[2025-04-12 02:13:11,386] 8 Nodes of Markov blanket: [0, 1, 2, 3, 4, 5, 6, 8]
[2025-04-12 02:13:11,386] 9 Nodes of True MB: [0, 1, 2, 3, 4, 5, 6, 7, 8], parents: {8, 3, 7}, children: {1, 4, 5}, spouse: {0, 2, 3, 4, 6, 7, 8}
[2025-04-12 02:13:11,396] [MB metrics] precision: 1.000, recall: 0.889, acc: 0.889, f1: 0.941
[2025-04-12 02:13:21,226] sub_met2 before prunning {'fdr': 0.4286, 'tpr': 0.8421, 'fpr': 1.3333, 'shd': 12, 'nnz': 28, 'precision': 0.5714, 'recall': 0.8421, 'F1': 0.6809, 'gscore': 0.2105}
[2025-04-12 02:13:21,226] sub_met after prunning {'fdr': 0.3182, 'tpr': 0.7895, 'fpr': 0.7778, 'shd': 10, 'nnz': 22, 'precision': 0.6818, 'recall': 0.7895, 'F1': 0.7317, 'gscore': 0.4211}
[2025-04-12 02:13:21,226] 
===  7-th graph ===
[2025-04-12 02:13:21,226] 9 Nodes of Markov blanket: [0, 1, 2, 3, 4, 5, 7, 8, 9]
[2025-04-12 02:13:21,226] 10 Nodes of True MB: [0, 1, 2, 3, 4, 5, 6, 7, 8, 9], parents: {0, 8, 3}, children: {1, 4, 5, 6, 9}, spouse: {0, 1, 2, 3, 4, 5, 6, 7, 8}
[2025-04-12 02:13:21,236] [MB metrics] precision: 1.000, recall: 0.900, acc: 0.900, f1: 0.947
[2025-04-12 02:13:33,148] sub_met2 before prunning {'fdr': 0.2778, 'tpr': 0.963, 'fpr': 1.1111, 'shd': 10, 'nnz': 36, 'precision': 0.7222, 'recall': 0.963, 'F1': 0.8254, 'gscore': 0.5926}
[2025-04-12 02:13:33,148] sub_met after prunning {'fdr': 0.1724, 'tpr': 0.8889, 'fpr': 0.5556, 'shd': 7, 'nnz': 29, 'precision': 0.8276, 'recall': 0.8889, 'F1': 0.8571, 'gscore': 0.7037}
[2025-04-12 02:13:33,148] 
===  8-th graph ===
[2025-04-12 02:13:33,148] 8 Nodes of Markov blanket: [0, 1, 3, 4, 5, 6, 7, 8]
[2025-04-12 02:13:33,148] 9 Nodes of True MB: [0, 1, 2, 3, 4, 5, 6, 7, 8], parents: {0, 3}, children: {1, 5, 6, 7}, spouse: {0, 2, 3, 4, 6, 7, 8}
[2025-04-12 02:13:33,156] [MB metrics] precision: 1.000, recall: 0.889, acc: 0.889, f1: 0.941
[2025-04-12 02:13:42,931] sub_met2 before prunning {'fdr': 0.1786, 'tpr': 1.0, 'fpr': 1.0, 'shd': 5, 'nnz': 28, 'precision': 0.8214, 'recall': 1.0, 'F1': 0.902, 'gscore': 0.7826}
[2025-04-12 02:13:42,931] sub_met after prunning {'fdr': 0.0455, 'tpr': 0.913, 'fpr': 0.2, 'shd': 3, 'nnz': 22, 'precision': 0.9545, 'recall': 0.913, 'F1': 0.9333, 'gscore': 0.8696}
[2025-04-12 02:13:42,931] 
===  9-th graph ===
[2025-04-12 02:13:42,931] 6 Nodes of Markov blanket: [0, 1, 4, 5, 7, 9]
[2025-04-12 02:13:42,931] 7 Nodes of True MB: [0, 1, 2, 3, 4, 5, 7], parents: {0, 1, 2, 3, 4, 5, 7}, children: set(), spouse: set()
[2025-04-12 02:13:42,936] [MB metrics] precision: 0.833, recall: 0.714, acc: 0.700, f1: 0.769
[2025-04-12 02:13:49,356] sub_met2 before prunning {'fdr': 0.1333, 'tpr': 1.0, 'fpr': 1.0, 'shd': 2, 'nnz': 15, 'precision': 0.8667, 'recall': 1.0, 'F1': 0.9286, 'gscore': 0.8462}
[2025-04-12 02:13:49,356] sub_met after prunning {'fdr': 0.1429, 'tpr': 0.9231, 'fpr': 1.0, 'shd': 3, 'nnz': 14, 'precision': 0.8571, 'recall': 0.9231, 'F1': 0.8889, 'gscore': 0.7692}
[2025-04-12 02:13:49,366] 
======= Graph Summary =======
[2025-04-12 02:13:49,366] MB summary: {'precision': '0.98+-0.05', 'recall': '0.81+-0.14', 'acc': '0.81+-0.14', 'f1': '0.88+-0.10'}
[2025-04-12 02:13:49,370] merged_met_before  before prunning {'fdr': 0.2667, 'tpr': 1.0, 'fpr': 1.0, 'shd': 12, 'nnz': 45, 'precision': 0.7333, 'recall': 1.0, 'F1': 0.8462, 'gscore': 0.6364}
[2025-04-12 02:13:49,372] [[0 1 1 1 1 1 1 1 1 1]
 [0 0 0 0 0 1 0 0 0 1]
 [0 1 0 0 1 1 0 0 0 1]
 [0 1 0 0 1 1 1 1 1 1]
 [0 1 0 0 0 1 0 0 0 1]
 [0 0 0 0 0 0 0 0 0 1]
 [0 1 0 0 1 1 0 0 0 1]
 [0 1 0 0 1 1 1 0 0 1]
 [0 1 0 0 1 1 1 1 0 0]
 [0 0 0 0 0 0 0 0 0 0]]
[2025-04-12 02:13:49,376] merged_met_after  after prunning {'fdr': 0.175, 'tpr': 1.0, 'fpr': 0.5833, 'shd': 7, 'nnz': 40, 'precision': 0.825, 'recall': 1.0, 'F1': 0.9041, 'gscore': 0.7879}
[2025-04-12 02:13:49,376] 
================ repeat number 3 ====================
[2025-04-12 02:13:49,378] true_dag
[[0 0 0 0 0 0 0 1 0 0]
 [1 0 0 0 0 0 0 0 0 0]
 [1 1 0 0 1 0 0 1 1 1]
 [1 1 1 0 0 0 1 1 1 1]
 [0 1 0 0 0 0 0 1 0 0]
 [1 1 1 1 0 0 0 1 0 1]
 [1 1 1 0 0 0 0 1 1 1]
 [0 0 0 0 0 0 0 0 0 0]
 [1 1 0 0 0 0 0 1 0 0]
 [1 1 0 0 1 0 0 0 1 0]]
[2025-04-12 02:13:49,391] 
===  0-th graph ===
[2025-04-12 02:13:49,391] 7 Nodes of Markov blanket: [0, 2, 4, 6, 7, 8, 9]
[2025-04-12 02:13:49,392] 10 Nodes of True MB: [0, 1, 2, 3, 4, 5, 6, 7, 8, 9], parents: {1, 2, 3, 5, 6, 8, 9}, children: {7}, spouse: {0, 2, 3, 4, 5, 6, 8}
[2025-04-12 02:13:49,396] [MB metrics] precision: 1.000, recall: 0.700, acc: 0.700, f1: 0.824
[2025-04-12 02:13:57,386] sub_met2 before prunning {'fdr': 0.2857, 'tpr': 0.8824, 'fpr': 1.5, 'shd': 6, 'nnz': 21, 'precision': 0.7143, 'recall': 0.8824, 'F1': 0.7895, 'gscore': 0.5294}
[2025-04-12 02:13:57,386] sub_met after prunning {'fdr': 0.125, 'tpr': 0.8235, 'fpr': 0.5, 'shd': 4, 'nnz': 16, 'precision': 0.875, 'recall': 0.8235, 'F1': 0.8485, 'gscore': 0.7059}
[2025-04-12 02:13:57,386] 
===  1-th graph ===
[2025-04-12 02:13:57,386] 7 Nodes of Markov blanket: [1, 2, 3, 4, 5, 6, 8]
[2025-04-12 02:13:57,386] 9 Nodes of True MB: [0, 1, 2, 3, 4, 5, 6, 8, 9], parents: {2, 3, 4, 5, 6, 8, 9}, children: {0}, spouse: {1, 2, 3, 5, 6, 8, 9}
[2025-04-12 02:13:57,386] [MB metrics] precision: 1.000, recall: 0.778, acc: 0.800, f1: 0.875
[2025-04-12 02:14:05,326] sub_met2 before prunning {'fdr': 0.2857, 'tpr': 1.0, 'fpr': 1.0, 'shd': 6, 'nnz': 21, 'precision': 0.7143, 'recall': 1.0, 'F1': 0.8333, 'gscore': 0.6}
[2025-04-12 02:14:05,336] sub_met after prunning {'fdr': 0.25, 'tpr': 1.0, 'fpr': 0.8333, 'shd': 5, 'nnz': 20, 'precision': 0.75, 'recall': 1.0, 'F1': 0.8571, 'gscore': 0.6667}
[2025-04-12 02:14:05,336] 
===  2-th graph ===
[2025-04-12 02:14:05,336] 9 Nodes of Markov blanket: [0, 1, 2, 3, 4, 5, 6, 7, 9]
[2025-04-12 02:14:05,336] 10 Nodes of True MB: [0, 1, 2, 3, 4, 5, 6, 7, 8, 9], parents: {3, 5, 6}, children: {0, 1, 4, 7, 8, 9}, spouse: {0, 1, 2, 3, 4, 5, 6, 8, 9}
[2025-04-12 02:14:05,337] [MB metrics] precision: 1.000, recall: 0.900, acc: 0.900, f1: 0.947
[2025-04-12 02:14:17,186] sub_met2 before prunning {'fdr': 0.2222, 'tpr': 0.9655, 'fpr': 1.1429, 'shd': 8, 'nnz': 36, 'precision': 0.7778, 'recall': 0.9655, 'F1': 0.8615, 'gscore': 0.6897}
[2025-04-12 02:14:17,186] sub_met after prunning {'fdr': 0.125, 'tpr': 0.9655, 'fpr': 0.5714, 'shd': 4, 'nnz': 32, 'precision': 0.875, 'recall': 0.9655, 'F1': 0.918, 'gscore': 0.8276}
[2025-04-12 02:14:17,186] 
===  3-th graph ===
[2025-04-12 02:14:17,186] 9 Nodes of Markov blanket: [1, 2, 3, 4, 5, 6, 7, 8, 9]
[2025-04-12 02:14:17,186] 10 Nodes of True MB: [0, 1, 2, 3, 4, 5, 6, 7, 8, 9], parents: {5}, children: {0, 1, 2, 6, 7, 8, 9}, spouse: {0, 1, 2, 3, 4, 5, 6, 8, 9}
[2025-04-12 02:14:17,186] [MB metrics] precision: 1.000, recall: 0.900, acc: 0.900, f1: 0.947
[2025-04-12 02:14:29,093] sub_met2 before prunning {'fdr': 0.2222, 'tpr': 1.0, 'fpr': 1.0, 'shd': 8, 'nnz': 36, 'precision': 0.7778, 'recall': 1.0, 'F1': 0.875, 'gscore': 0.7143}
[2025-04-12 02:14:29,093] sub_met after prunning {'fdr': 0.069, 'tpr': 0.9643, 'fpr': 0.25, 'shd': 3, 'nnz': 29, 'precision': 0.931, 'recall': 0.9643, 'F1': 0.9474, 'gscore': 0.8929}
[2025-04-12 02:14:29,093] 
===  4-th graph ===
[2025-04-12 02:14:29,093] 9 Nodes of Markov blanket: [0, 1, 2, 3, 4, 6, 7, 8, 9]
[2025-04-12 02:14:29,093] 10 Nodes of True MB: [0, 1, 2, 3, 4, 5, 6, 7, 8, 9], parents: {9, 2}, children: {1, 7}, spouse: {0, 2, 3, 4, 5, 6, 8, 9}
[2025-04-12 02:14:29,096] [MB metrics] precision: 1.000, recall: 0.900, acc: 0.900, f1: 0.947
[2025-04-12 02:14:40,797] sub_met2 before prunning {'fdr': 0.1944, 'tpr': 0.9667, 'fpr': 1.1667, 'shd': 7, 'nnz': 36, 'precision': 0.8056, 'recall': 0.9667, 'F1': 0.8788, 'gscore': 0.7333}
[2025-04-12 02:14:40,797] sub_met after prunning {'fdr': 0.1, 'tpr': 0.9, 'fpr': 0.5, 'shd': 5, 'nnz': 30, 'precision': 0.9, 'recall': 0.9, 'F1': 0.9, 'gscore': 0.8}
[2025-04-12 02:14:40,797] 
===  5-th graph ===
[2025-04-12 02:14:40,797] 6 Nodes of Markov blanket: [1, 2, 3, 5, 7, 8]
[2025-04-12 02:14:40,797] 10 Nodes of True MB: [0, 1, 2, 3, 4, 5, 6, 7, 8, 9], parents: set(), children: {0, 1, 2, 3, 7, 9}, spouse: {0, 1, 2, 3, 4, 5, 6, 8, 9}
[2025-04-12 02:14:40,806] [MB metrics] precision: 1.000, recall: 0.600, acc: 0.600, f1: 0.750
[2025-04-12 02:14:47,171] sub_met2 before prunning {'fdr': 0.1333, 'tpr': 1.0, 'fpr': 1.0, 'shd': 2, 'nnz': 15, 'precision': 0.8667, 'recall': 1.0, 'F1': 0.9286, 'gscore': 0.8462}
[2025-04-12 02:14:47,171] sub_met after prunning {'fdr': 0.0769, 'tpr': 0.9231, 'fpr': 0.5, 'shd': 2, 'nnz': 13, 'precision': 0.9231, 'recall': 0.9231, 'F1': 0.9231, 'gscore': 0.8462}
[2025-04-12 02:14:47,171] 
===  6-th graph ===
[2025-04-12 02:14:47,171] 9 Nodes of Markov blanket: [0, 1, 2, 3, 4, 6, 7, 8, 9]
[2025-04-12 02:14:47,171] 10 Nodes of True MB: [0, 1, 2, 3, 4, 5, 6, 7, 8, 9], parents: {3}, children: {0, 1, 2, 7, 8, 9}, spouse: {0, 1, 2, 3, 4, 5, 6, 8, 9}
[2025-04-12 02:14:47,171] [MB metrics] precision: 1.000, recall: 0.900, acc: 0.900, f1: 0.947
[2025-04-12 02:14:59,106] sub_met2 before prunning {'fdr': 0.1944, 'tpr': 0.9667, 'fpr': 1.1667, 'shd': 7, 'nnz': 36, 'precision': 0.8056, 'recall': 0.9667, 'F1': 0.8788, 'gscore': 0.7333}
[2025-04-12 02:14:59,106] sub_met after prunning {'fdr': 0.1, 'tpr': 0.9, 'fpr': 0.5, 'shd': 5, 'nnz': 30, 'precision': 0.9, 'recall': 0.9, 'F1': 0.9, 'gscore': 0.8}
[2025-04-12 02:14:59,106] 
===  7-th graph ===
[2025-04-12 02:14:59,106] 8 Nodes of Markov blanket: [0, 2, 3, 4, 5, 6, 7, 8]
[2025-04-12 02:14:59,106] 7 Nodes of True MB: [0, 2, 3, 4, 5, 6, 8], parents: {0, 2, 3, 4, 5, 6, 8}, children: set(), spouse: set()
[2025-04-12 02:14:59,106] [MB metrics] precision: 0.875, recall: 1.000, acc: 0.889, f1: 0.933
[2025-04-12 02:15:08,891] sub_met2 before prunning {'fdr': 0.25, 'tpr': 1.0, 'fpr': 1.0, 'shd': 7, 'nnz': 28, 'precision': 0.75, 'recall': 1.0, 'F1': 0.8571, 'gscore': 0.6667}
[2025-04-12 02:15:08,892] sub_met after prunning {'fdr': 0.2308, 'tpr': 0.9524, 'fpr': 0.8571, 'shd': 7, 'nnz': 26, 'precision': 0.7692, 'recall': 0.9524, 'F1': 0.8511, 'gscore': 0.6667}
[2025-04-12 02:15:08,892] 
===  8-th graph ===
[2025-04-12 02:15:08,892] 9 Nodes of Markov blanket: [0, 1, 3, 4, 5, 6, 7, 8, 9]
[2025-04-12 02:15:08,892] 10 Nodes of True MB: [0, 1, 2, 3, 4, 5, 6, 7, 8, 9], parents: {9, 2, 3, 6}, children: {0, 1, 7}, spouse: {0, 1, 2, 3, 4, 5, 6, 8, 9}
[2025-04-12 02:15:08,896] [MB metrics] precision: 1.000, recall: 0.900, acc: 0.900, f1: 0.947
[2025-04-12 02:15:20,848] sub_met2 before prunning {'fdr': 0.25, 'tpr': 1.0, 'fpr': 1.0, 'shd': 9, 'nnz': 36, 'precision': 0.75, 'recall': 1.0, 'F1': 0.8571, 'gscore': 0.6667}
[2025-04-12 02:15:20,848] sub_met after prunning {'fdr': 0.1562, 'tpr': 1.0, 'fpr': 0.5556, 'shd': 5, 'nnz': 32, 'precision': 0.8438, 'recall': 1.0, 'F1': 0.9153, 'gscore': 0.8148}
[2025-04-12 02:15:20,848] 
===  9-th graph ===
[2025-04-12 02:15:20,848] 7 Nodes of Markov blanket: [0, 2, 3, 4, 6, 8, 9]
[2025-04-12 02:15:20,848] 9 Nodes of True MB: [0, 1, 2, 3, 4, 5, 6, 8, 9], parents: {2, 3, 5, 6}, children: {0, 1, 4, 8}, spouse: {1, 2, 3, 4, 5, 6, 8, 9}
[2025-04-12 02:15:20,854] [MB metrics] precision: 1.000, recall: 0.778, acc: 0.800, f1: 0.875
[2025-04-12 02:15:28,918] sub_met2 before prunning {'fdr': 0.2381, 'tpr': 0.9412, 'fpr': 1.25, 'shd': 5, 'nnz': 21, 'precision': 0.7619, 'recall': 0.9412, 'F1': 0.8421, 'gscore': 0.6471}
[2025-04-12 02:15:28,918] sub_met after prunning {'fdr': 0.1176, 'tpr': 0.8824, 'fpr': 0.5, 'shd': 3, 'nnz': 17, 'precision': 0.8824, 'recall': 0.8824, 'F1': 0.8824, 'gscore': 0.7647}
[2025-04-12 02:15:28,918] 
======= Graph Summary =======
[2025-04-12 02:15:28,918] MB summary: {'precision': '0.99+-0.04', 'recall': '0.84+-0.11', 'acc': '0.83+-0.10', 'f1': '0.90+-0.06'}
[2025-04-12 02:15:28,924] merged_met_before  before prunning {'fdr': 0.2, 'tpr': 1.0, 'fpr': 1.0, 'shd': 9, 'nnz': 45, 'precision': 0.8, 'recall': 1.0, 'F1': 0.8889, 'gscore': 0.75}
[2025-04-12 02:15:28,926] [[0 0 0 0 0 0 0 1 0 0]
 [1 0 0 0 0 0 0 1 0 0]
 [1 1 0 0 1 0 0 1 1 1]
 [1 1 1 0 1 0 1 1 1 1]
 [1 1 0 0 0 0 0 1 0 0]
 [1 1 1 1 1 0 0 1 1 1]
 [1 1 1 0 1 0 0 1 1 1]
 [0 0 0 0 0 0 0 0 0 0]
 [1 1 0 0 1 0 0 1 0 1]
 [1 1 0 0 1 0 0 1 0 0]]
[2025-04-12 02:15:28,929] merged_met_after  after prunning {'fdr': 0.2045, 'tpr': 0.9722, 'fpr': 1.0, 'shd': 9, 'nnz': 44, 'precision': 0.7955, 'recall': 0.9722, 'F1': 0.875, 'gscore': 0.7222}
[2025-04-12 02:15:28,929] 
================ repeat number 4 ====================
[2025-04-12 02:15:28,932] true_dag
[[0 0 1 1 1 0 1 1 1 1]
 [0 0 0 0 0 1 1 1 0 1]
 [0 1 0 0 1 1 1 1 1 1]
 [0 1 1 0 1 1 1 1 1 0]
 [0 0 0 0 0 1 0 1 0 1]
 [0 0 0 0 0 0 0 1 0 0]
 [0 0 0 0 1 1 0 0 0 1]
 [0 0 0 0 0 0 0 0 0 0]
 [0 0 0 0 1 1 1 1 0 0]
 [0 0 0 0 0 0 0 1 0 0]]
[2025-04-12 02:15:28,945] 
===  0-th graph ===
[2025-04-12 02:15:28,945] 10 Nodes of Markov blanket: [0, 1, 2, 3, 4, 5, 6, 7, 8, 9]
[2025-04-12 02:15:28,945] 10 Nodes of True MB: [0, 1, 2, 3, 4, 5, 6, 7, 8, 9], parents: set(), children: {2, 3, 4, 6, 7, 8, 9}, spouse: {0, 1, 2, 3, 4, 5, 6, 8, 9}
[2025-04-12 02:15:28,946] [MB metrics] precision: 1.000, recall: 1.000, acc: 1.000, f1: 1.000
[2025-04-12 02:15:43,226] sub_met2 before prunning {'fdr': 0.1778, 'tpr': 1.0, 'fpr': 1.0, 'shd': 8, 'nnz': 45, 'precision': 0.8222, 'recall': 1.0, 'F1': 0.9024, 'gscore': 0.7838}
[2025-04-12 02:15:43,226] sub_met after prunning {'fdr': 0.0, 'tpr': 1.0, 'fpr': 0.0, 'shd': 0, 'nnz': 37, 'precision': 1.0, 'recall': 1.0, 'F1': 1.0, 'gscore': 1.0}
[2025-04-12 02:15:43,226] 
===  1-th graph ===
[2025-04-12 02:15:43,226] 7 Nodes of Markov blanket: [0, 1, 2, 3, 4, 5, 6]
[2025-04-12 02:15:43,226] 10 Nodes of True MB: [0, 1, 2, 3, 4, 5, 6, 7, 8, 9], parents: {2, 3}, children: {9, 5, 6, 7}, spouse: {0, 1, 2, 3, 4, 5, 6, 8, 9}
[2025-04-12 02:15:43,236] [MB metrics] precision: 1.000, recall: 0.700, acc: 0.700, f1: 0.824
[2025-04-12 02:15:51,381] sub_met2 before prunning {'fdr': 0.1429, 'tpr': 1.0, 'fpr': 1.0, 'shd': 3, 'nnz': 21, 'precision': 0.8571, 'recall': 1.0, 'F1': 0.9231, 'gscore': 0.8333}
[2025-04-12 02:15:51,381] sub_met after prunning {'fdr': 0.1, 'tpr': 1.0, 'fpr': 0.6667, 'shd': 2, 'nnz': 20, 'precision': 0.9, 'recall': 1.0, 'F1': 0.9474, 'gscore': 0.8889}
[2025-04-12 02:15:51,381] 
===  2-th graph ===
[2025-04-12 02:15:51,381] 8 Nodes of Markov blanket: [0, 1, 2, 3, 4, 5, 6, 8]
[2025-04-12 02:15:51,381] 10 Nodes of True MB: [0, 1, 2, 3, 4, 5, 6, 7, 8, 9], parents: {0, 3}, children: {1, 4, 5, 6, 7, 8, 9}, spouse: {0, 1, 2, 3, 4, 5, 6, 8, 9}
[2025-04-12 02:15:51,386] [MB metrics] precision: 1.000, recall: 0.800, acc: 0.800, f1: 0.889
[2025-04-12 02:16:01,296] sub_met2 before prunning {'fdr': 0.1429, 'tpr': 1.0, 'fpr': 1.0, 'shd': 4, 'nnz': 28, 'precision': 0.8571, 'recall': 1.0, 'F1': 0.9231, 'gscore': 0.8333}
[2025-04-12 02:16:01,296] sub_met after prunning {'fdr': 0.0, 'tpr': 1.0, 'fpr': 0.0, 'shd': 0, 'nnz': 24, 'precision': 1.0, 'recall': 1.0, 'F1': 1.0, 'gscore': 1.0}
[2025-04-12 02:16:01,296] 
===  3-th graph ===
[2025-04-12 02:16:01,296] 9 Nodes of Markov blanket: [0, 1, 2, 3, 4, 5, 7, 8, 9]
[2025-04-12 02:16:01,296] 10 Nodes of True MB: [0, 1, 2, 3, 4, 5, 6, 7, 8, 9], parents: {0}, children: {1, 2, 4, 5, 6, 7, 8}, spouse: {0, 1, 2, 3, 4, 5, 6, 8, 9}
[2025-04-12 02:16:01,301] [MB metrics] precision: 1.000, recall: 0.900, acc: 0.900, f1: 0.947
[2025-04-12 02:16:13,496] sub_met2 before prunning {'fdr': 0.1944, 'tpr': 1.0, 'fpr': 1.0, 'shd': 7, 'nnz': 36, 'precision': 0.8056, 'recall': 1.0, 'F1': 0.8923, 'gscore': 0.7586}
[2025-04-12 02:16:13,496] sub_met after prunning {'fdr': 0.1212, 'tpr': 1.0, 'fpr': 0.5714, 'shd': 4, 'nnz': 33, 'precision': 0.8788, 'recall': 1.0, 'F1': 0.9355, 'gscore': 0.8621}
[2025-04-12 02:16:13,506] 
===  4-th graph ===
[2025-04-12 02:16:13,506] 9 Nodes of Markov blanket: [0, 1, 2, 3, 4, 6, 7, 8, 9]
[2025-04-12 02:16:13,506] 10 Nodes of True MB: [0, 1, 2, 3, 4, 5, 6, 7, 8, 9], parents: {0, 2, 3, 6, 8}, children: {9, 5, 7}, spouse: {0, 1, 2, 3, 4, 5, 6, 8, 9}
[2025-04-12 02:16:13,506] [MB metrics] precision: 1.000, recall: 0.900, acc: 0.900, f1: 0.947
[2025-04-12 02:16:25,570] sub_met2 before prunning {'fdr': 0.1667, 'tpr': 1.0, 'fpr': 1.0, 'shd': 6, 'nnz': 36, 'precision': 0.8333, 'recall': 1.0, 'F1': 0.9091, 'gscore': 0.8}
[2025-04-12 02:16:25,570] sub_met after prunning {'fdr': 0.0323, 'tpr': 1.0, 'fpr': 0.1667, 'shd': 1, 'nnz': 31, 'precision': 0.9677, 'recall': 1.0, 'F1': 0.9836, 'gscore': 0.9667}
[2025-04-12 02:16:25,570] 
===  5-th graph ===
[2025-04-12 02:16:25,570] 9 Nodes of Markov blanket: [0, 1, 2, 3, 5, 6, 7, 8, 9]
[2025-04-12 02:16:25,570] 10 Nodes of True MB: [0, 1, 2, 3, 4, 5, 6, 7, 8, 9], parents: {1, 2, 3, 4, 6, 8}, children: {7}, spouse: {0, 1, 2, 3, 4, 5, 8, 9}
[2025-04-12 02:16:25,574] [MB metrics] precision: 1.000, recall: 0.900, acc: 0.900, f1: 0.947
[2025-04-12 02:16:37,548] sub_met2 before prunning {'fdr': 0.1944, 'tpr': 1.0, 'fpr': 1.0, 'shd': 7, 'nnz': 36, 'precision': 0.8056, 'recall': 1.0, 'F1': 0.8923, 'gscore': 0.7586}
[2025-04-12 02:16:37,548] sub_met after prunning {'fdr': 0.1562, 'tpr': 0.931, 'fpr': 0.7143, 'shd': 7, 'nnz': 32, 'precision': 0.8438, 'recall': 0.931, 'F1': 0.8852, 'gscore': 0.7586}
[2025-04-12 02:16:37,548] 
===  6-th graph ===
[2025-04-12 02:16:37,548] 8 Nodes of Markov blanket: [0, 1, 2, 4, 5, 6, 8, 9]
[2025-04-12 02:16:37,548] 9 Nodes of True MB: [0, 1, 2, 3, 4, 5, 6, 8, 9], parents: {0, 1, 2, 3, 8}, children: {9, 4, 5}, spouse: {0, 1, 2, 3, 4, 6, 8}
[2025-04-12 02:16:37,552] [MB metrics] precision: 1.000, recall: 0.889, acc: 0.900, f1: 0.941
[2025-04-12 02:16:47,469] sub_met2 before prunning {'fdr': 0.2143, 'tpr': 1.0, 'fpr': 1.0, 'shd': 6, 'nnz': 28, 'precision': 0.7857, 'recall': 1.0, 'F1': 0.88, 'gscore': 0.7273}
[2025-04-12 02:16:47,476] sub_met after prunning {'fdr': 0.16, 'tpr': 0.9545, 'fpr': 0.6667, 'shd': 5, 'nnz': 25, 'precision': 0.84, 'recall': 0.9545, 'F1': 0.8936, 'gscore': 0.7727}
[2025-04-12 02:16:47,476] 
===  7-th graph ===
[2025-04-12 02:16:47,476] 7 Nodes of Markov blanket: [0, 3, 4, 5, 7, 8, 9]
[2025-04-12 02:16:47,476] 8 Nodes of True MB: [0, 1, 2, 3, 4, 5, 8, 9], parents: {0, 1, 2, 3, 4, 5, 8, 9}, children: set(), spouse: set()
[2025-04-12 02:16:47,478] [MB metrics] precision: 0.857, recall: 0.750, acc: 0.700, f1: 0.800
[2025-04-12 02:16:55,456] sub_met2 before prunning {'fdr': 0.1905, 'tpr': 1.0, 'fpr': 1.0, 'shd': 4, 'nnz': 21, 'precision': 0.8095, 'recall': 1.0, 'F1': 0.8947, 'gscore': 0.7647}
[2025-04-12 02:16:55,456] sub_met after prunning {'fdr': 0.1905, 'tpr': 1.0, 'fpr': 1.0, 'shd': 4, 'nnz': 21, 'precision': 0.8095, 'recall': 1.0, 'F1': 0.8947, 'gscore': 0.7647}
[2025-04-12 02:16:55,456] 
===  8-th graph ===
[2025-04-12 02:16:55,456] 9 Nodes of Markov blanket: [0, 2, 3, 4, 5, 6, 7, 8, 9]
[2025-04-12 02:16:55,456] 10 Nodes of True MB: [0, 1, 2, 3, 4, 5, 6, 7, 8, 9], parents: {0, 2, 3}, children: {4, 5, 6, 7}, spouse: {0, 1, 2, 3, 4, 5, 6, 8, 9}
[2025-04-12 02:16:55,466] [MB metrics] precision: 1.000, recall: 0.900, acc: 0.900, f1: 0.947
[2025-04-12 02:17:07,484] sub_met2 before prunning {'fdr': 0.1667, 'tpr': 0.9677, 'fpr': 1.2, 'shd': 6, 'nnz': 36, 'precision': 0.8333, 'recall': 0.9677, 'F1': 0.8955, 'gscore': 0.7742}
[2025-04-12 02:17:07,485] sub_met after prunning {'fdr': 0.1667, 'tpr': 0.9677, 'fpr': 1.2, 'shd': 6, 'nnz': 36, 'precision': 0.8333, 'recall': 0.9677, 'F1': 0.8955, 'gscore': 0.7742}
[2025-04-12 02:17:07,485] 
===  9-th graph ===
[2025-04-12 02:17:07,486] 8 Nodes of Markov blanket: [0, 3, 4, 5, 6, 7, 8, 9]
[2025-04-12 02:17:07,486] 10 Nodes of True MB: [0, 1, 2, 3, 4, 5, 6, 7, 8, 9], parents: {0, 1, 2, 4, 6}, children: {7}, spouse: {0, 1, 2, 3, 4, 5, 8, 9}
[2025-04-12 02:17:07,488] [MB metrics] precision: 1.000, recall: 0.800, acc: 0.800, f1: 0.889
[2025-04-12 02:17:17,463] sub_met2 before prunning {'fdr': 0.2143, 'tpr': 0.9565, 'fpr': 1.2, 'shd': 6, 'nnz': 28, 'precision': 0.7857, 'recall': 0.9565, 'F1': 0.8627, 'gscore': 0.6957}
[2025-04-12 02:17:17,463] sub_met after prunning {'fdr': 0.2143, 'tpr': 0.9565, 'fpr': 1.2, 'shd': 6, 'nnz': 28, 'precision': 0.7857, 'recall': 0.9565, 'F1': 0.8627, 'gscore': 0.6957}
[2025-04-12 02:17:17,463] 
======= Graph Summary =======
[2025-04-12 02:17:17,463] MB summary: {'precision': '0.99+-0.04', 'recall': '0.85+-0.08', 'acc': '0.85+-0.09', 'f1': '0.91+-0.06'}
[2025-04-12 02:17:17,466] merged_met_before  before prunning {'fdr': 0.1778, 'tpr': 1.0, 'fpr': 1.0, 'shd': 8, 'nnz': 45, 'precision': 0.8222, 'recall': 1.0, 'F1': 0.9024, 'gscore': 0.7838}
[2025-04-12 02:17:17,471] [[0 1 1 1 1 1 1 1 1 1]
 [0 0 0 0 1 1 1 1 1 1]
 [0 1 0 0 1 1 1 1 1 1]
 [0 1 1 0 1 1 1 1 1 1]
 [0 0 0 0 0 1 0 1 0 1]
 [0 0 0 0 0 0 0 1 0 0]
 [0 0 0 0 1 1 0 1 0 1]
 [0 0 0 0 0 0 0 0 0 0]
 [0 0 0 0 1 1 1 1 0 1]
 [0 0 0 0 0 1 0 1 0 0]]
[2025-04-12 02:17:17,474] merged_met_after  after prunning {'fdr': 0.1778, 'tpr': 1.0, 'fpr': 1.0, 'shd': 8, 'nnz': 45, 'precision': 0.8222, 'recall': 1.0, 'F1': 0.9024, 'gscore': 0.7838}
[2025-04-12 02:17:17,474] 
================ repeat number 5 ====================
[2025-04-12 02:17:17,476] true_dag
[[0 0 1 0 1 0 1 1 0 1]
 [1 0 0 1 1 1 1 1 0 1]
 [0 0 0 0 0 0 0 0 0 0]
 [1 0 1 0 1 1 1 1 0 1]
 [0 0 1 0 0 0 1 1 0 1]
 [0 0 1 0 0 0 0 0 0 0]
 [0 0 1 0 0 1 0 1 0 0]
 [0 0 0 0 0 1 0 0 0 0]
 [1 0 0 0 1 1 1 1 0 1]
 [0 0 1 0 0 1 1 1 0 0]]
[2025-04-12 02:17:17,490] 
===  0-th graph ===
[2025-04-12 02:17:17,490] 9 Nodes of Markov blanket: [0, 1, 2, 4, 5, 6, 7, 8, 9]
[2025-04-12 02:17:17,491] 10 Nodes of True MB: [0, 1, 2, 3, 4, 5, 6, 7, 8, 9], parents: {8, 1, 3}, children: {2, 4, 6, 7, 9}, spouse: {0, 1, 3, 4, 5, 6, 8, 9}
[2025-04-12 02:17:17,495] [MB metrics] precision: 1.000, recall: 0.900, acc: 0.900, f1: 0.947
[2025-04-12 02:17:29,346] sub_met2 before prunning {'fdr': 0.1667, 'tpr': 1.0, 'fpr': 1.0, 'shd': 6, 'nnz': 36, 'precision': 0.8333, 'recall': 1.0, 'F1': 0.9091, 'gscore': 0.8}
[2025-04-12 02:17:29,346] sub_met after prunning {'fdr': 0.1176, 'tpr': 1.0, 'fpr': 0.6667, 'shd': 4, 'nnz': 34, 'precision': 0.8824, 'recall': 1.0, 'F1': 0.9375, 'gscore': 0.8667}
[2025-04-12 02:17:29,346] 
===  1-th graph ===
[2025-04-12 02:17:29,346] 7 Nodes of Markov blanket: [0, 1, 4, 5, 6, 8, 9]
[2025-04-12 02:17:29,346] 9 Nodes of True MB: [0, 1, 3, 4, 5, 6, 7, 8, 9], parents: set(), children: {0, 3, 4, 5, 6, 7, 9}, spouse: {0, 1, 3, 4, 6, 7, 8, 9}
[2025-04-12 02:17:29,356] [MB metrics] precision: 1.000, recall: 0.778, acc: 0.800, f1: 0.875
[2025-04-12 02:17:37,421] sub_met2 before prunning {'fdr': 0.1429, 'tpr': 1.0, 'fpr': 1.0, 'shd': 3, 'nnz': 21, 'precision': 0.8571, 'recall': 1.0, 'F1': 0.9231, 'gscore': 0.8333}
[2025-04-12 02:17:37,421] sub_met after prunning {'fdr': 0.1053, 'tpr': 0.9444, 'fpr': 0.6667, 'shd': 3, 'nnz': 19, 'precision': 0.8947, 'recall': 0.9444, 'F1': 0.9189, 'gscore': 0.8333}
[2025-04-12 02:17:37,421] 
===  2-th graph ===
[2025-04-12 02:17:37,421] 5 Nodes of Markov blanket: [0, 2, 3, 5, 9]
[2025-04-12 02:17:37,421] 6 Nodes of True MB: [0, 3, 4, 5, 6, 9], parents: {0, 3, 4, 5, 6, 9}, children: set(), spouse: set()
[2025-04-12 02:17:37,427] [MB metrics] precision: 0.800, recall: 0.667, acc: 0.700, f1: 0.727
[2025-04-12 02:17:42,216] sub_met2 before prunning {'fdr': 0.1, 'tpr': 1.0, 'fpr': 1.0, 'shd': 1, 'nnz': 10, 'precision': 0.9, 'recall': 1.0, 'F1': 0.9474, 'gscore': 0.8889}
[2025-04-12 02:17:42,216] sub_met after prunning {'fdr': 0.1111, 'tpr': 0.8889, 'fpr': 1.0, 'shd': 2, 'nnz': 9, 'precision': 0.8889, 'recall': 0.8889, 'F1': 0.8889, 'gscore': 0.7778}
[2025-04-12 02:17:42,216] 
===  3-th graph ===
[2025-04-12 02:17:42,216] 6 Nodes of Markov blanket: [2, 3, 5, 6, 7, 8]
[2025-04-12 02:17:42,216] 10 Nodes of True MB: [0, 1, 2, 3, 4, 5, 6, 7, 8, 9], parents: {1}, children: {0, 2, 4, 5, 6, 7, 9}, spouse: {0, 1, 3, 4, 5, 6, 7, 8, 9}
[2025-04-12 02:17:42,221] [MB metrics] precision: 1.000, recall: 0.600, acc: 0.600, f1: 0.750
[2025-04-12 02:17:48,676] sub_met2 before prunning {'fdr': 0.2, 'tpr': 1.0, 'fpr': 1.0, 'shd': 3, 'nnz': 15, 'precision': 0.8, 'recall': 1.0, 'F1': 0.8889, 'gscore': 0.75}
[2025-04-12 02:17:48,676] sub_met after prunning {'fdr': 0.1429, 'tpr': 1.0, 'fpr': 0.6667, 'shd': 2, 'nnz': 14, 'precision': 0.8571, 'recall': 1.0, 'F1': 0.9231, 'gscore': 0.8333}
[2025-04-12 02:17:48,676] 
===  4-th graph ===
[2025-04-12 02:17:48,676] 7 Nodes of Markov blanket: [0, 1, 4, 5, 7, 8, 9]
[2025-04-12 02:17:48,676] 10 Nodes of True MB: [0, 1, 2, 3, 4, 5, 6, 7, 8, 9], parents: {0, 1, 3, 8}, children: {9, 2, 6, 7}, spouse: {0, 1, 3, 4, 5, 6, 8, 9}
[2025-04-12 02:17:48,682] [MB metrics] precision: 1.000, recall: 0.700, acc: 0.700, f1: 0.824
[2025-04-12 02:17:56,794] sub_met2 before prunning {'fdr': 0.1905, 'tpr': 0.9444, 'fpr': 1.3333, 'shd': 4, 'nnz': 21, 'precision': 0.8095, 'recall': 0.9444, 'F1': 0.8718, 'gscore': 0.7222}
[2025-04-12 02:17:56,794] sub_met after prunning {'fdr': 0.15, 'tpr': 0.9444, 'fpr': 1.0, 'shd': 3, 'nnz': 20, 'precision': 0.85, 'recall': 0.9444, 'F1': 0.8947, 'gscore': 0.7778}
[2025-04-12 02:17:56,796] 
===  5-th graph ===
[2025-04-12 02:17:56,796] 9 Nodes of Markov blanket: [0, 1, 2, 3, 4, 5, 6, 8, 9]
[2025-04-12 02:17:56,796] 10 Nodes of True MB: [0, 1, 2, 3, 4, 5, 6, 7, 8, 9], parents: {1, 3, 6, 7, 8, 9}, children: {2}, spouse: {0, 3, 4, 5, 6, 9}
[2025-04-12 02:17:56,796] [MB metrics] precision: 1.000, recall: 0.900, acc: 0.900, f1: 0.947
[2025-04-12 02:18:08,721] sub_met2 before prunning {'fdr': 0.1667, 'tpr': 1.0, 'fpr': 1.0, 'shd': 6, 'nnz': 36, 'precision': 0.8333, 'recall': 1.0, 'F1': 0.9091, 'gscore': 0.8}
[2025-04-12 02:18:08,721] sub_met after prunning {'fdr': 0.0645, 'tpr': 0.9667, 'fpr': 0.3333, 'shd': 3, 'nnz': 31, 'precision': 0.9355, 'recall': 0.9667, 'F1': 0.9508, 'gscore': 0.9}
[2025-04-12 02:18:08,721] 
===  6-th graph ===
[2025-04-12 02:18:08,721] 7 Nodes of Markov blanket: [0, 1, 3, 5, 6, 7, 9]
[2025-04-12 02:18:08,721] 10 Nodes of True MB: [0, 1, 2, 3, 4, 5, 6, 7, 8, 9], parents: {0, 1, 3, 4, 8, 9}, children: {2, 5, 7}, spouse: {0, 1, 3, 4, 5, 6, 7, 8, 9}
[2025-04-12 02:18:08,726] [MB metrics] precision: 1.000, recall: 0.700, acc: 0.700, f1: 0.824
[2025-04-12 02:18:16,751] sub_met2 before prunning {'fdr': 0.0476, 'tpr': 1.0, 'fpr': 1.0, 'shd': 1, 'nnz': 21, 'precision': 0.9524, 'recall': 1.0, 'F1': 0.9756, 'gscore': 0.95}
[2025-04-12 02:18:16,751] sub_met after prunning {'fdr': 0.0526, 'tpr': 0.9, 'fpr': 1.0, 'shd': 3, 'nnz': 19, 'precision': 0.9474, 'recall': 0.9, 'F1': 0.9231, 'gscore': 0.85}
[2025-04-12 02:18:16,751] 
===  7-th graph ===
[2025-04-12 02:18:16,751] 6 Nodes of Markov blanket: [0, 3, 4, 6, 7, 8]
[2025-04-12 02:18:16,751] 9 Nodes of True MB: [0, 1, 3, 4, 5, 6, 7, 8, 9], parents: {0, 1, 3, 4, 6, 8, 9}, children: {5}, spouse: {1, 3, 6, 7, 8, 9}
[2025-04-12 02:18:16,756] [MB metrics] precision: 1.000, recall: 0.667, acc: 0.700, f1: 0.800
[2025-04-12 02:18:23,297] sub_met2 before prunning {'fdr': 0.1333, 'tpr': 0.9286, 'fpr': 2.0, 'shd': 2, 'nnz': 15, 'precision': 0.8667, 'recall': 0.9286, 'F1': 0.8966, 'gscore': 0.7857}
[2025-04-12 02:18:23,297] sub_met after prunning {'fdr': 0.1333, 'tpr': 0.9286, 'fpr': 2.0, 'shd': 2, 'nnz': 15, 'precision': 0.8667, 'recall': 0.9286, 'F1': 0.8966, 'gscore': 0.7857}
[2025-04-12 02:18:23,297] 
===  8-th graph ===
[2025-04-12 02:18:23,297] 8 Nodes of Markov blanket: [0, 1, 3, 4, 5, 7, 8, 9]
[2025-04-12 02:18:23,297] 9 Nodes of True MB: [0, 1, 3, 4, 5, 6, 7, 8, 9], parents: set(), children: {0, 4, 5, 6, 7, 9}, spouse: {0, 1, 3, 4, 6, 7, 8, 9}
[2025-04-12 02:18:23,297] [MB metrics] precision: 1.000, recall: 0.889, acc: 0.900, f1: 0.941
[2025-04-12 02:18:33,346] sub_met2 before prunning {'fdr': 0.1786, 'tpr': 0.9583, 'fpr': 1.25, 'shd': 5, 'nnz': 28, 'precision': 0.8214, 'recall': 0.9583, 'F1': 0.8846, 'gscore': 0.75}
[2025-04-12 02:18:33,346] sub_met after prunning {'fdr': 0.1154, 'tpr': 0.9583, 'fpr': 0.75, 'shd': 3, 'nnz': 26, 'precision': 0.8846, 'recall': 0.9583, 'F1': 0.92, 'gscore': 0.8333}
[2025-04-12 02:18:33,346] 
===  9-th graph ===
[2025-04-12 02:18:33,346] 8 Nodes of Markov blanket: [0, 1, 2, 4, 5, 6, 8, 9]
[2025-04-12 02:18:33,346] 10 Nodes of True MB: [0, 1, 2, 3, 4, 5, 6, 7, 8, 9], parents: {0, 1, 3, 4, 8}, children: {2, 5, 6, 7}, spouse: {0, 1, 3, 4, 5, 6, 7, 8, 9}
[2025-04-12 02:18:33,346] [MB metrics] precision: 1.000, recall: 0.800, acc: 0.800, f1: 0.889
[2025-04-12 02:18:43,216] sub_met2 before prunning {'fdr': 0.1786, 'tpr': 1.0, 'fpr': 1.0, 'shd': 5, 'nnz': 28, 'precision': 0.8214, 'recall': 1.0, 'F1': 0.902, 'gscore': 0.7826}
[2025-04-12 02:18:43,216] sub_met after prunning {'fdr': 0.12, 'tpr': 0.9565, 'fpr': 0.6, 'shd': 4, 'nnz': 25, 'precision': 0.88, 'recall': 0.9565, 'F1': 0.9167, 'gscore': 0.8261}
[2025-04-12 02:18:43,216] 
======= Graph Summary =======
[2025-04-12 02:18:43,216] MB summary: {'precision': '0.98+-0.06', 'recall': '0.76+-0.10', 'acc': '0.77+-0.10', 'f1': '0.85+-0.08'}
[2025-04-12 02:18:43,226] merged_met_before  before prunning {'fdr': 0.1556, 'tpr': 1.0, 'fpr': 1.0, 'shd': 7, 'nnz': 45, 'precision': 0.8444, 'recall': 1.0, 'F1': 0.9157, 'gscore': 0.8158}
[2025-04-12 02:18:43,229] [[0 0 1 0 1 1 1 1 0 1]
 [1 0 1 1 1 1 1 1 0 1]
 [0 0 0 0 0 0 0 0 0 0]
 [1 0 1 0 1 1 1 1 0 1]
 [0 0 1 0 0 1 1 1 0 1]
 [0 0 1 0 0 0 0 0 0 0]
 [0 0 1 0 0 1 0 1 0 0]
 [0 0 1 0 0 1 0 0 0 0]
 [1 0 1 1 1 1 1 1 0 1]
 [0 0 1 0 0 1 1 1 0 0]]
[2025-04-12 02:18:43,232] merged_met_after  after prunning {'fdr': 0.1364, 'tpr': 1.0, 'fpr': 0.8571, 'shd': 6, 'nnz': 44, 'precision': 0.8636, 'recall': 1.0, 'F1': 0.9268, 'gscore': 0.8421}
[2025-04-12 02:18:43,232] 
================ repeat number 6 ====================
[2025-04-12 02:18:43,234] true_dag
[[0 0 0 0 0 0 0 0 0 0]
 [0 0 1 1 1 1 1 0 1 1]
 [0 0 0 1 1 0 1 0 0 0]
 [1 0 0 0 0 0 0 0 0 0]
 [1 0 0 1 0 0 1 0 0 0]
 [1 0 0 1 1 0 1 0 0 0]
 [1 0 0 1 0 0 0 0 0 0]
 [1 0 1 1 1 1 1 0 1 1]
 [0 0 1 1 1 1 1 0 0 1]
 [1 0 0 0 1 1 1 0 0 0]]
[2025-04-12 02:18:43,247] 
===  0-th graph ===
[2025-04-12 02:18:43,249] 7 Nodes of Markov blanket: [0, 3, 4, 5, 6, 7, 9]
[2025-04-12 02:18:43,249] 6 Nodes of True MB: [3, 4, 5, 6, 7, 9], parents: {3, 4, 5, 6, 7, 9}, children: set(), spouse: set()
[2025-04-12 02:18:43,252] [MB metrics] precision: 0.857, recall: 1.000, acc: 0.900, f1: 0.923
[2025-04-12 02:18:51,260] sub_met2 before prunning {'fdr': 0.0476, 'tpr': 1.0, 'fpr': 1.0, 'shd': 1, 'nnz': 21, 'precision': 0.9524, 'recall': 1.0, 'F1': 0.9756, 'gscore': 0.95}
[2025-04-12 02:18:51,260] sub_met after prunning {'fdr': 0.0476, 'tpr': 1.0, 'fpr': 1.0, 'shd': 1, 'nnz': 21, 'precision': 0.9524, 'recall': 1.0, 'F1': 0.9756, 'gscore': 0.95}
[2025-04-12 02:18:51,260] 
===  1-th graph ===
[2025-04-12 02:18:51,260] 7 Nodes of Markov blanket: [1, 2, 5, 6, 7, 8, 9]
[2025-04-12 02:18:51,260] 9 Nodes of True MB: [1, 2, 3, 4, 5, 6, 7, 8, 9], parents: set(), children: {2, 3, 4, 5, 6, 8, 9}, spouse: {1, 2, 4, 5, 6, 7, 8, 9}
[2025-04-12 02:18:51,266] [MB metrics] precision: 1.000, recall: 0.778, acc: 0.800, f1: 0.875
[2025-04-12 02:18:59,136] sub_met2 before prunning {'fdr': 0.1429, 'tpr': 1.0, 'fpr': 1.0, 'shd': 3, 'nnz': 21, 'precision': 0.8571, 'recall': 1.0, 'F1': 0.9231, 'gscore': 0.8333}
[2025-04-12 02:18:59,136] sub_met after prunning {'fdr': 0.0526, 'tpr': 1.0, 'fpr': 0.3333, 'shd': 1, 'nnz': 19, 'precision': 0.9474, 'recall': 1.0, 'F1': 0.973, 'gscore': 0.9444}
[2025-04-12 02:18:59,136] 
===  2-th graph ===
[2025-04-12 02:18:59,136] 8 Nodes of Markov blanket: [1, 2, 3, 5, 6, 7, 8, 9]
[2025-04-12 02:18:59,136] 9 Nodes of True MB: [1, 2, 3, 4, 5, 6, 7, 8, 9], parents: {8, 1, 7}, children: {3, 4, 6}, spouse: {1, 2, 4, 5, 6, 7, 8, 9}
[2025-04-12 02:18:59,136] [MB metrics] precision: 1.000, recall: 0.889, acc: 0.900, f1: 0.941
[2025-04-12 02:19:09,056] sub_met2 before prunning {'fdr': 0.1429, 'tpr': 1.0, 'fpr': 1.0, 'shd': 4, 'nnz': 28, 'precision': 0.8571, 'recall': 1.0, 'F1': 0.9231, 'gscore': 0.8333}
[2025-04-12 02:19:09,056] sub_met after prunning {'fdr': 0.04, 'tpr': 1.0, 'fpr': 0.25, 'shd': 1, 'nnz': 25, 'precision': 0.96, 'recall': 1.0, 'F1': 0.9796, 'gscore': 0.9583}
[2025-04-12 02:19:09,056] 
===  3-th graph ===
[2025-04-12 02:19:09,056] 9 Nodes of Markov blanket: [0, 2, 3, 4, 5, 6, 7, 8, 9]
[2025-04-12 02:19:09,056] 10 Nodes of True MB: [0, 1, 2, 3, 4, 5, 6, 7, 8, 9], parents: {1, 2, 4, 5, 6, 7, 8}, children: {0}, spouse: {3, 4, 5, 6, 7, 9}
[2025-04-12 02:19:09,061] [MB metrics] precision: 1.000, recall: 0.900, acc: 0.900, f1: 0.947
[2025-04-12 02:19:21,216] sub_met2 before prunning {'fdr': 0.1944, 'tpr': 0.9355, 'fpr': 1.4, 'shd': 7, 'nnz': 36, 'precision': 0.8056, 'recall': 0.9355, 'F1': 0.8657, 'gscore': 0.7097}
[2025-04-12 02:19:21,216] sub_met after prunning {'fdr': 0.1212, 'tpr': 0.9355, 'fpr': 0.8, 'shd': 5, 'nnz': 33, 'precision': 0.8788, 'recall': 0.9355, 'F1': 0.9062, 'gscore': 0.8065}
[2025-04-12 02:19:21,216] 
===  4-th graph ===
[2025-04-12 02:19:21,216] 8 Nodes of Markov blanket: [0, 3, 4, 5, 6, 7, 8, 9]
[2025-04-12 02:19:21,216] 10 Nodes of True MB: [0, 1, 2, 3, 4, 5, 6, 7, 8, 9], parents: {1, 2, 5, 7, 8, 9}, children: {0, 3, 6}, spouse: {1, 2, 3, 4, 5, 6, 7, 8, 9}
[2025-04-12 02:19:21,216] [MB metrics] precision: 1.000, recall: 0.800, acc: 0.800, f1: 0.889
[2025-04-12 02:19:30,960] sub_met2 before prunning {'fdr': 0.1429, 'tpr': 0.9231, 'fpr': 2.0, 'shd': 4, 'nnz': 28, 'precision': 0.8571, 'recall': 0.9231, 'F1': 0.8889, 'gscore': 0.7692}
[2025-04-12 02:19:30,960] sub_met after prunning {'fdr': 0.0769, 'tpr': 0.9231, 'fpr': 1.0, 'shd': 3, 'nnz': 26, 'precision': 0.9231, 'recall': 0.9231, 'F1': 0.9231, 'gscore': 0.8462}
[2025-04-12 02:19:30,960] 
===  5-th graph ===
[2025-04-12 02:19:30,960] 9 Nodes of Markov blanket: [0, 1, 2, 3, 4, 5, 6, 7, 9]
[2025-04-12 02:19:30,960] 10 Nodes of True MB: [0, 1, 2, 3, 4, 5, 6, 7, 8, 9], parents: {8, 1, 9, 7}, children: {0, 3, 4, 6}, spouse: {1, 2, 3, 4, 5, 6, 7, 8, 9}
[2025-04-12 02:19:30,960] [MB metrics] precision: 1.000, recall: 0.900, acc: 0.900, f1: 0.947
[2025-04-12 02:19:42,826] sub_met2 before prunning {'fdr': 0.1667, 'tpr': 1.0, 'fpr': 1.0, 'shd': 6, 'nnz': 36, 'precision': 0.8333, 'recall': 1.0, 'F1': 0.9091, 'gscore': 0.8}
[2025-04-12 02:19:42,826] sub_met after prunning {'fdr': 0.0625, 'tpr': 1.0, 'fpr': 0.3333, 'shd': 2, 'nnz': 32, 'precision': 0.9375, 'recall': 1.0, 'F1': 0.9677, 'gscore': 0.9333}
[2025-04-12 02:19:42,826] 
===  6-th graph ===
[2025-04-12 02:19:42,826] 10 Nodes of Markov blanket: [0, 1, 2, 3, 4, 5, 6, 7, 8, 9]
[2025-04-12 02:19:42,826] 10 Nodes of True MB: [0, 1, 2, 3, 4, 5, 6, 7, 8, 9], parents: {1, 2, 4, 5, 7, 8, 9}, children: {0, 3}, spouse: {1, 2, 3, 4, 5, 6, 7, 8, 9}
[2025-04-12 02:19:42,826] [MB metrics] precision: 1.000, recall: 1.000, acc: 1.000, f1: 1.000
[2025-04-12 02:19:56,889] sub_met2 before prunning {'fdr': 0.1556, 'tpr': 1.0, 'fpr': 1.0, 'shd': 7, 'nnz': 45, 'precision': 0.8444, 'recall': 1.0, 'F1': 0.9157, 'gscore': 0.8158}
[2025-04-12 02:19:56,889] sub_met after prunning {'fdr': 0.0256, 'tpr': 1.0, 'fpr': 0.1429, 'shd': 1, 'nnz': 39, 'precision': 0.9744, 'recall': 1.0, 'F1': 0.987, 'gscore': 0.9737}
[2025-04-12 02:19:56,889] 
===  7-th graph ===
[2025-04-12 02:19:56,889] 10 Nodes of Markov blanket: [0, 1, 2, 3, 4, 5, 6, 7, 8, 9]
[2025-04-12 02:19:56,889] 10 Nodes of True MB: [0, 1, 2, 3, 4, 5, 6, 7, 8, 9], parents: set(), children: {0, 2, 3, 4, 5, 6, 8, 9}, spouse: {1, 2, 3, 4, 5, 6, 7, 8, 9}
[2025-04-12 02:19:56,896] [MB metrics] precision: 1.000, recall: 1.000, acc: 1.000, f1: 1.000
[2025-04-12 02:20:11,036] sub_met2 before prunning {'fdr': 0.1556, 'tpr': 1.0, 'fpr': 1.0, 'shd': 7, 'nnz': 45, 'precision': 0.8444, 'recall': 1.0, 'F1': 0.9157, 'gscore': 0.8158}
[2025-04-12 02:20:11,043] sub_met after prunning {'fdr': 0.0256, 'tpr': 1.0, 'fpr': 0.1429, 'shd': 1, 'nnz': 39, 'precision': 0.9744, 'recall': 1.0, 'F1': 0.987, 'gscore': 0.9737}
[2025-04-12 02:20:11,043] 
===  8-th graph ===
[2025-04-12 02:20:11,043] 8 Nodes of Markov blanket: [1, 2, 3, 4, 6, 7, 8, 9]
[2025-04-12 02:20:11,043] 9 Nodes of True MB: [1, 2, 3, 4, 5, 6, 7, 8, 9], parents: {1, 7}, children: {2, 3, 4, 5, 6, 9}, spouse: {1, 2, 4, 5, 6, 7, 8, 9}
[2025-04-12 02:20:11,046] [MB metrics] precision: 1.000, recall: 0.889, acc: 0.900, f1: 0.941
[2025-04-12 02:20:20,976] sub_met2 before prunning {'fdr': 0.1071, 'tpr': 1.0, 'fpr': 1.0, 'shd': 3, 'nnz': 28, 'precision': 0.8929, 'recall': 1.0, 'F1': 0.9434, 'gscore': 0.88}
[2025-04-12 02:20:20,976] sub_met after prunning {'fdr': 0.0833, 'tpr': 0.88, 'fpr': 0.6667, 'shd': 5, 'nnz': 24, 'precision': 0.9167, 'recall': 0.88, 'F1': 0.898, 'gscore': 0.8}
[2025-04-12 02:20:20,976] 
===  9-th graph ===
[2025-04-12 02:20:20,976] 10 Nodes of Markov blanket: [0, 1, 2, 3, 4, 5, 6, 7, 8, 9]
[2025-04-12 02:20:20,976] 10 Nodes of True MB: [0, 1, 2, 3, 4, 5, 6, 7, 8, 9], parents: {8, 1, 7}, children: {0, 4, 5, 6}, spouse: {1, 2, 3, 4, 5, 6, 7, 8, 9}
[2025-04-12 02:20:20,976] [MB metrics] precision: 1.000, recall: 1.000, acc: 1.000, f1: 1.000
[2025-04-12 02:20:35,160] sub_met2 before prunning {'fdr': 0.1556, 'tpr': 1.0, 'fpr': 1.0, 'shd': 7, 'nnz': 45, 'precision': 0.8444, 'recall': 1.0, 'F1': 0.9157, 'gscore': 0.8158}
[2025-04-12 02:20:35,160] sub_met after prunning {'fdr': 0.0256, 'tpr': 1.0, 'fpr': 0.1429, 'shd': 1, 'nnz': 39, 'precision': 0.9744, 'recall': 1.0, 'F1': 0.987, 'gscore': 0.9737}
[2025-04-12 02:20:35,162] 
======= Graph Summary =======
[2025-04-12 02:20:35,162] MB summary: {'precision': '0.99+-0.04', 'recall': '0.92+-0.08', 'acc': '0.91+-0.07', 'f1': '0.95+-0.04'}
[2025-04-12 02:20:35,166] merged_met_before  before prunning {'fdr': 0.1556, 'tpr': 1.0, 'fpr': 1.0, 'shd': 7, 'nnz': 45, 'precision': 0.8444, 'recall': 1.0, 'F1': 0.9157, 'gscore': 0.8158}
[2025-04-12 02:20:35,168] [[0 0 0 0 0 0 0 0 0 0]
 [0 0 1 1 1 1 1 1 1 1]
 [0 0 0 1 1 0 1 0 0 0]
 [1 0 0 0 0 0 0 0 0 0]
 [1 0 0 1 0 0 1 0 0 0]
 [1 0 1 1 1 0 1 0 0 0]
 [1 0 0 1 0 0 0 0 0 0]
 [1 0 1 1 1 1 1 0 1 1]
 [1 0 1 1 1 1 1 0 0 1]
 [1 0 0 1 1 1 1 0 0 0]]
[2025-04-12 02:20:35,172] merged_met_after  after prunning {'fdr': 0.0952, 'tpr': 1.0, 'fpr': 0.5714, 'shd': 4, 'nnz': 42, 'precision': 0.9048, 'recall': 1.0, 'F1': 0.95, 'gscore': 0.8947}
[2025-04-12 02:20:35,172] 
================ repeat number 7 ====================
[2025-04-12 02:20:35,175] true_dag
[[0 1 0 1 1 1 0 1 0 0]
 [0 0 0 0 0 0 0 0 0 0]
 [1 1 0 1 0 1 0 1 1 0]
 [0 1 0 0 0 1 0 1 0 0]
 [0 1 0 0 0 0 0 1 0 0]
 [0 1 0 0 1 0 0 0 0 0]
 [1 1 1 1 1 1 0 1 1 0]
 [0 1 0 0 0 0 0 0 0 0]
 [1 0 0 0 1 0 0 0 0 0]
 [1 1 1 1 1 1 0 1 1 0]]
[2025-04-12 02:20:35,190] 
===  0-th graph ===
[2025-04-12 02:20:35,190] 5 Nodes of Markov blanket: [0, 2, 5, 8, 9]
[2025-04-12 02:20:35,190] 10 Nodes of True MB: [0, 1, 2, 3, 4, 5, 6, 7, 8, 9], parents: {8, 9, 2, 6}, children: {1, 3, 4, 5, 7}, spouse: {0, 2, 3, 4, 5, 6, 7, 8, 9}
[2025-04-12 02:20:35,192] [MB metrics] precision: 1.000, recall: 0.500, acc: 0.500, f1: 0.667
[2025-04-12 02:20:40,276] sub_met2 before prunning {'fdr': 0.1, 'tpr': 1.0, 'fpr': 1.0, 'shd': 1, 'nnz': 10, 'precision': 0.9, 'recall': 1.0, 'F1': 0.9474, 'gscore': 0.8889}
[2025-04-12 02:20:40,276] sub_met after prunning {'fdr': 0.0, 'tpr': 1.0, 'fpr': 0.0, 'shd': 0, 'nnz': 9, 'precision': 1.0, 'recall': 1.0, 'F1': 1.0, 'gscore': 1.0}
[2025-04-12 02:20:40,276] 
===  1-th graph ===
[2025-04-12 02:20:40,276] 5 Nodes of Markov blanket: [1, 2, 5, 7, 9]
[2025-04-12 02:20:40,276] 8 Nodes of True MB: [0, 2, 3, 4, 5, 6, 7, 9], parents: {0, 2, 3, 4, 5, 6, 7, 9}, children: set(), spouse: set()
[2025-04-12 02:20:40,286] [MB metrics] precision: 0.800, recall: 0.500, acc: 0.500, f1: 0.615
[2025-04-12 02:20:45,206] sub_met2 before prunning {'fdr': 0.1, 'tpr': 1.0, 'fpr': 1.0, 'shd': 1, 'nnz': 10, 'precision': 0.9, 'recall': 1.0, 'F1': 0.9474, 'gscore': 0.8889}
[2025-04-12 02:20:45,206] sub_met after prunning {'fdr': 0.1, 'tpr': 1.0, 'fpr': 1.0, 'shd': 1, 'nnz': 10, 'precision': 0.9, 'recall': 1.0, 'F1': 0.9474, 'gscore': 0.8889}
[2025-04-12 02:20:45,206] 
===  2-th graph ===
[2025-04-12 02:20:45,206] 9 Nodes of Markov blanket: [0, 1, 2, 3, 4, 5, 6, 7, 9]
[2025-04-12 02:20:45,206] 10 Nodes of True MB: [0, 1, 2, 3, 4, 5, 6, 7, 8, 9], parents: {9, 6}, children: {0, 1, 3, 5, 7, 8}, spouse: {0, 2, 3, 4, 5, 6, 7, 8, 9}
[2025-04-12 02:20:45,218] [MB metrics] precision: 1.000, recall: 0.900, acc: 0.900, f1: 0.947
[2025-04-12 02:20:57,216] sub_met2 before prunning {'fdr': 0.1389, 'tpr': 0.9688, 'fpr': 1.25, 'shd': 5, 'nnz': 36, 'precision': 0.8611, 'recall': 0.9688, 'F1': 0.9118, 'gscore': 0.8125}
[2025-04-12 02:20:57,216] sub_met after prunning {'fdr': 0.0625, 'tpr': 0.9375, 'fpr': 0.5, 'shd': 3, 'nnz': 32, 'precision': 0.9375, 'recall': 0.9375, 'F1': 0.9375, 'gscore': 0.875}
[2025-04-12 02:20:57,216] 
===  3-th graph ===
[2025-04-12 02:20:57,216] 6 Nodes of Markov blanket: [2, 3, 4, 5, 7, 9]
[2025-04-12 02:20:57,216] 9 Nodes of True MB: [0, 1, 2, 3, 4, 5, 6, 7, 9], parents: {0, 9, 2, 6}, children: {1, 5, 7}, spouse: {0, 2, 3, 4, 5, 6, 7, 9}
[2025-04-12 02:20:57,216] [MB metrics] precision: 1.000, recall: 0.667, acc: 0.700, f1: 0.800
[2025-04-12 02:21:03,676] sub_met2 before prunning {'fdr': 0.3333, 'tpr': 0.8333, 'fpr': 1.6667, 'shd': 5, 'nnz': 15, 'precision': 0.6667, 'recall': 0.8333, 'F1': 0.7407, 'gscore': 0.4167}
[2025-04-12 02:21:03,676] sub_met after prunning {'fdr': 0.2857, 'tpr': 0.8333, 'fpr': 1.3333, 'shd': 5, 'nnz': 14, 'precision': 0.7143, 'recall': 0.8333, 'F1': 0.7692, 'gscore': 0.5}
[2025-04-12 02:21:03,676] 
===  4-th graph ===
[2025-04-12 02:21:03,676] 7 Nodes of Markov blanket: [2, 3, 4, 5, 6, 7, 9]
[2025-04-12 02:21:03,676] 10 Nodes of True MB: [0, 1, 2, 3, 4, 5, 6, 7, 8, 9], parents: {0, 5, 6, 8, 9}, children: {1, 7}, spouse: {0, 2, 3, 4, 5, 6, 7, 9}
[2025-04-12 02:21:03,676] [MB metrics] precision: 1.000, recall: 0.700, acc: 0.700, f1: 0.824
[2025-04-12 02:21:11,626] sub_met2 before prunning {'fdr': 0.1905, 'tpr': 1.0, 'fpr': 1.0, 'shd': 4, 'nnz': 21, 'precision': 0.8095, 'recall': 1.0, 'F1': 0.8947, 'gscore': 0.7647}
[2025-04-12 02:21:11,626] sub_met after prunning {'fdr': 0.1111, 'tpr': 0.9412, 'fpr': 0.5, 'shd': 3, 'nnz': 18, 'precision': 0.8889, 'recall': 0.9412, 'F1': 0.9143, 'gscore': 0.8235}
[2025-04-12 02:21:11,626] 
===  5-th graph ===
[2025-04-12 02:21:11,626] 8 Nodes of Markov blanket: [0, 1, 2, 3, 4, 5, 7, 9]
[2025-04-12 02:21:11,626] 10 Nodes of True MB: [0, 1, 2, 3, 4, 5, 6, 7, 8, 9], parents: {0, 2, 3, 6, 9}, children: {1, 4}, spouse: {0, 2, 3, 4, 5, 6, 7, 8, 9}
[2025-04-12 02:21:11,631] [MB metrics] precision: 1.000, recall: 0.800, acc: 0.800, f1: 0.889
[2025-04-12 02:21:21,580] sub_met2 before prunning {'fdr': 0.1429, 'tpr': 0.96, 'fpr': 1.3333, 'shd': 4, 'nnz': 28, 'precision': 0.8571, 'recall': 0.96, 'F1': 0.9057, 'gscore': 0.8}
[2025-04-12 02:21:21,580] sub_met after prunning {'fdr': 0.1481, 'tpr': 0.92, 'fpr': 1.3333, 'shd': 5, 'nnz': 27, 'precision': 0.8519, 'recall': 0.92, 'F1': 0.8846, 'gscore': 0.76}
[2025-04-12 02:21:21,580] 
===  6-th graph ===
[2025-04-12 02:21:21,580] 5 Nodes of Markov blanket: [2, 4, 6, 7, 9]
[2025-04-12 02:21:21,580] 10 Nodes of True MB: [0, 1, 2, 3, 4, 5, 6, 7, 8, 9], parents: set(), children: {0, 1, 2, 3, 4, 5, 7, 8}, spouse: {0, 2, 3, 4, 5, 6, 7, 8, 9}
[2025-04-12 02:21:21,586] [MB metrics] precision: 1.000, recall: 0.500, acc: 0.500, f1: 0.667
[2025-04-12 02:21:26,586] sub_met2 before prunning {'fdr': 0.2, 'tpr': 1.0, 'fpr': 1.0, 'shd': 2, 'nnz': 10, 'precision': 0.8, 'recall': 1.0, 'F1': 0.8889, 'gscore': 0.75}
[2025-04-12 02:21:26,586] sub_met after prunning {'fdr': 0.1111, 'tpr': 1.0, 'fpr': 0.5, 'shd': 1, 'nnz': 9, 'precision': 0.8889, 'recall': 1.0, 'F1': 0.9412, 'gscore': 0.875}
[2025-04-12 02:21:26,586] 
===  7-th graph ===
[2025-04-12 02:21:26,586] 8 Nodes of Markov blanket: [1, 2, 3, 4, 5, 6, 7, 9]
[2025-04-12 02:21:26,586] 9 Nodes of True MB: [0, 1, 2, 3, 4, 5, 6, 7, 9], parents: {0, 2, 3, 4, 6, 9}, children: {1}, spouse: {0, 2, 3, 4, 5, 6, 7, 9}
[2025-04-12 02:21:26,586] [MB metrics] precision: 1.000, recall: 0.889, acc: 0.900, f1: 0.941
[2025-04-12 02:21:36,381] sub_met2 before prunning {'fdr': 0.1429, 'tpr': 1.0, 'fpr': 1.0, 'shd': 4, 'nnz': 28, 'precision': 0.8571, 'recall': 1.0, 'F1': 0.9231, 'gscore': 0.8333}
[2025-04-12 02:21:36,381] sub_met after prunning {'fdr': 0.08, 'tpr': 0.9583, 'fpr': 0.5, 'shd': 3, 'nnz': 25, 'precision': 0.92, 'recall': 0.9583, 'F1': 0.9388, 'gscore': 0.875}
[2025-04-12 02:21:36,381] 
===  8-th graph ===
[2025-04-12 02:21:36,381] 2 Nodes of Markov blanket: [0, 8]
[2025-04-12 02:21:36,381] 7 Nodes of True MB: [0, 2, 4, 5, 6, 8, 9], parents: {9, 2, 6}, children: {0, 4}, spouse: {0, 2, 5, 6, 8, 9}
[2025-04-12 02:21:36,386] [MB metrics] precision: 1.000, recall: 0.286, acc: 0.500, f1: 0.444
[2025-04-12 02:21:37,456] sub_met2 before prunning {'fdr': 0.0, 'tpr': 1.0, 'fpr': 0.0, 'shd': 0, 'nnz': 1, 'precision': 1.0, 'recall': 1.0, 'F1': 1.0, 'gscore': 1.0}
[2025-04-12 02:21:37,456] sub_met after prunning {'fdr': 0.0, 'tpr': 1.0, 'fpr': 0.0, 'shd': 0, 'nnz': 1, 'precision': 1.0, 'recall': 1.0, 'F1': 1.0, 'gscore': 1.0}
[2025-04-12 02:21:37,456] 
===  9-th graph ===
[2025-04-12 02:21:37,456] 9 Nodes of Markov blanket: [0, 1, 2, 3, 4, 5, 6, 7, 9]
[2025-04-12 02:21:37,466] 10 Nodes of True MB: [0, 1, 2, 3, 4, 5, 6, 7, 8, 9], parents: set(), children: {0, 1, 2, 3, 4, 5, 7, 8}, spouse: {0, 2, 3, 4, 5, 6, 7, 8, 9}
[2025-04-12 02:21:37,466] [MB metrics] precision: 1.000, recall: 0.900, acc: 0.900, f1: 0.947
[2025-04-12 02:21:49,257] sub_met2 before prunning {'fdr': 0.1389, 'tpr': 0.9688, 'fpr': 1.25, 'shd': 5, 'nnz': 36, 'precision': 0.8611, 'recall': 0.9688, 'F1': 0.9118, 'gscore': 0.8125}
[2025-04-12 02:21:49,257] sub_met after prunning {'fdr': 0.0625, 'tpr': 0.9375, 'fpr': 0.5, 'shd': 3, 'nnz': 32, 'precision': 0.9375, 'recall': 0.9375, 'F1': 0.9375, 'gscore': 0.875}
[2025-04-12 02:21:49,257] 
======= Graph Summary =======
[2025-04-12 02:21:49,257] MB summary: {'precision': '0.98+-0.06', 'recall': '0.66+-0.20', 'acc': '0.69+-0.17', 'f1': '0.77+-0.16'}
[2025-04-12 02:21:49,266] merged_met_before  before prunning {'fdr': 0.15, 'tpr': 0.9189, 'fpr': 0.75, 'shd': 8, 'nnz': 40, 'precision': 0.85, 'recall': 0.9189, 'F1': 0.8831, 'gscore': 0.7568}
[2025-04-12 02:21:49,270] [[0 1 0 0 1 1 0 1 0 0]
 [0 0 0 0 0 0 0 0 0 0]
 [1 1 0 1 1 1 0 1 1 0]
 [1 1 0 0 1 1 0 1 0 0]
 [0 1 0 0 0 0 0 1 0 0]
 [0 1 0 0 1 0 0 1 0 0]
 [1 1 1 1 1 1 0 1 0 0]
 [0 1 0 0 0 0 0 0 0 0]
 [1 0 0 0 0 0 0 0 0 0]
 [1 1 1 1 1 1 0 1 1 0]]
[2025-04-12 02:21:49,273] merged_met_after  after prunning {'fdr': 0.1053, 'tpr': 0.9189, 'fpr': 0.5, 'shd': 6, 'nnz': 38, 'precision': 0.8947, 'recall': 0.9189, 'F1': 0.9067, 'gscore': 0.8108}
[2025-04-12 02:21:49,273] 
================ repeat number 8 ====================
[2025-04-12 02:21:49,275] true_dag
[[0 1 1 0 1 1 1 0 1 1]
 [0 0 1 1 1 1 1 0 1 0]
 [0 0 0 1 0 0 1 0 0 1]
 [0 0 0 0 0 1 1 0 0 1]
 [0 0 1 0 0 1 1 0 0 0]
 [0 0 0 0 0 0 0 0 0 0]
 [0 0 0 0 0 1 0 0 0 1]
 [1 1 1 1 1 0 1 0 0 1]
 [0 0 1 1 0 1 1 0 0 1]
 [0 0 0 0 0 1 0 0 0 0]]
[2025-04-12 02:21:49,288] 
===  0-th graph ===
[2025-04-12 02:21:49,289] 9 Nodes of Markov blanket: [0, 1, 2, 4, 5, 6, 7, 8, 9]
[2025-04-12 02:21:49,289] 10 Nodes of True MB: [0, 1, 2, 3, 4, 5, 6, 7, 8, 9], parents: {7}, children: {1, 2, 4, 5, 6, 8, 9}, spouse: {0, 1, 2, 3, 4, 6, 7, 8, 9}
[2025-04-12 02:21:49,292] [MB metrics] precision: 1.000, recall: 0.900, acc: 0.900, f1: 0.947
[2025-04-12 02:22:01,272] sub_met2 before prunning {'fdr': 0.1944, 'tpr': 0.9667, 'fpr': 1.1667, 'shd': 7, 'nnz': 36, 'precision': 0.8056, 'recall': 0.9667, 'F1': 0.8788, 'gscore': 0.7333}
[2025-04-12 02:22:01,272] sub_met after prunning {'fdr': 0.1765, 'tpr': 0.9333, 'fpr': 1.0, 'shd': 7, 'nnz': 34, 'precision': 0.8235, 'recall': 0.9333, 'F1': 0.875, 'gscore': 0.7333}
[2025-04-12 02:22:01,272] 
===  1-th graph ===
[2025-04-12 02:22:01,276] 8 Nodes of Markov blanket: [0, 1, 2, 3, 5, 6, 7, 8]
[2025-04-12 02:22:01,276] 10 Nodes of True MB: [0, 1, 2, 3, 4, 5, 6, 7, 8, 9], parents: {0, 7}, children: {2, 3, 4, 5, 6, 8}, spouse: {0, 1, 2, 3, 4, 6, 7, 8, 9}
[2025-04-12 02:22:01,278] [MB metrics] precision: 1.000, recall: 0.800, acc: 0.800, f1: 0.889
[2025-04-12 02:22:11,088] sub_met2 before prunning {'fdr': 0.1429, 'tpr': 1.0, 'fpr': 1.0, 'shd': 4, 'nnz': 28, 'precision': 0.8571, 'recall': 1.0, 'F1': 0.9231, 'gscore': 0.8333}
[2025-04-12 02:22:11,088] sub_met after prunning {'fdr': 0.1154, 'tpr': 0.9583, 'fpr': 0.75, 'shd': 4, 'nnz': 26, 'precision': 0.8846, 'recall': 0.9583, 'F1': 0.92, 'gscore': 0.8333}
[2025-04-12 02:22:11,088] 
===  2-th graph ===
[2025-04-12 02:22:11,088] 8 Nodes of Markov blanket: [0, 1, 2, 3, 6, 7, 8, 9]
[2025-04-12 02:22:11,088] 9 Nodes of True MB: [0, 1, 2, 3, 4, 6, 7, 8, 9], parents: {0, 1, 4, 7, 8}, children: {9, 3, 6}, spouse: {0, 1, 2, 3, 4, 6, 7, 8}
[2025-04-12 02:22:11,091] [MB metrics] precision: 1.000, recall: 0.889, acc: 0.900, f1: 0.941
[2025-04-12 02:22:21,063] sub_met2 before prunning {'fdr': 0.1071, 'tpr': 1.0, 'fpr': 1.0, 'shd': 3, 'nnz': 28, 'precision': 0.8929, 'recall': 1.0, 'F1': 0.9434, 'gscore': 0.88}
[2025-04-12 02:22:21,063] sub_met after prunning {'fdr': 0.04, 'tpr': 0.96, 'fpr': 0.3333, 'shd': 2, 'nnz': 25, 'precision': 0.96, 'recall': 0.96, 'F1': 0.96, 'gscore': 0.92}
[2025-04-12 02:22:21,063] 
===  3-th graph ===
[2025-04-12 02:22:21,063] 9 Nodes of Markov blanket: [1, 2, 3, 4, 5, 6, 7, 8, 9]
[2025-04-12 02:22:21,063] 10 Nodes of True MB: [0, 1, 2, 3, 4, 5, 6, 7, 8, 9], parents: {8, 1, 2, 7}, children: {9, 5, 6}, spouse: {0, 1, 2, 3, 4, 6, 7, 8, 9}
[2025-04-12 02:22:21,067] [MB metrics] precision: 1.000, recall: 0.900, acc: 0.900, f1: 0.947
[2025-04-12 02:22:32,899] sub_met2 before prunning {'fdr': 0.25, 'tpr': 0.931, 'fpr': 1.2857, 'shd': 9, 'nnz': 36, 'precision': 0.75, 'recall': 0.931, 'F1': 0.8308, 'gscore': 0.6207}
[2025-04-12 02:22:32,899] sub_met after prunning {'fdr': 0.2286, 'tpr': 0.931, 'fpr': 1.1429, 'shd': 8, 'nnz': 35, 'precision': 0.7714, 'recall': 0.931, 'F1': 0.8438, 'gscore': 0.6552}
[2025-04-12 02:22:32,899] 
===  4-th graph ===
[2025-04-12 02:22:32,899] 5 Nodes of Markov blanket: [0, 3, 4, 6, 7]
[2025-04-12 02:22:32,902] 10 Nodes of True MB: [0, 1, 2, 3, 4, 5, 6, 7, 8, 9], parents: {0, 1, 7}, children: {2, 5, 6}, spouse: {0, 1, 2, 3, 4, 6, 7, 8, 9}
[2025-04-12 02:22:32,905] [MB metrics] precision: 1.000, recall: 0.500, acc: 0.500, f1: 0.667
[2025-04-12 02:22:37,809] sub_met2 before prunning {'fdr': 0.2, 'tpr': 1.0, 'fpr': 1.0, 'shd': 2, 'nnz': 10, 'precision': 0.8, 'recall': 1.0, 'F1': 0.8889, 'gscore': 0.75}
[2025-04-12 02:22:37,813] sub_met after prunning {'fdr': 0.2, 'tpr': 1.0, 'fpr': 1.0, 'shd': 2, 'nnz': 10, 'precision': 0.8, 'recall': 1.0, 'F1': 0.8889, 'gscore': 0.75}
[2025-04-12 02:22:37,813] 
===  5-th graph ===
[2025-04-12 02:22:37,813] 7 Nodes of Markov blanket: [0, 1, 3, 5, 6, 8, 9]
[2025-04-12 02:22:37,813] 7 Nodes of True MB: [0, 1, 3, 4, 6, 8, 9], parents: {0, 1, 3, 4, 6, 8, 9}, children: set(), spouse: set()
[2025-04-12 02:22:37,816] [MB metrics] precision: 0.857, recall: 0.857, acc: 0.800, f1: 0.857
[2025-04-12 02:22:45,677] sub_met2 before prunning {'fdr': 0.0952, 'tpr': 1.0, 'fpr': 1.0, 'shd': 2, 'nnz': 21, 'precision': 0.9048, 'recall': 1.0, 'F1': 0.95, 'gscore': 0.8947}
[2025-04-12 02:22:45,677] sub_met after prunning {'fdr': 0.0952, 'tpr': 1.0, 'fpr': 1.0, 'shd': 2, 'nnz': 21, 'precision': 0.9048, 'recall': 1.0, 'F1': 0.95, 'gscore': 0.8947}
[2025-04-12 02:22:45,677] 
===  6-th graph ===
[2025-04-12 02:22:45,686] 9 Nodes of Markov blanket: [0, 1, 2, 3, 4, 5, 6, 7, 8]
[2025-04-12 02:22:45,686] 10 Nodes of True MB: [0, 1, 2, 3, 4, 5, 6, 7, 8, 9], parents: {0, 1, 2, 3, 4, 7, 8}, children: {9, 5}, spouse: {0, 1, 2, 3, 4, 6, 7, 8, 9}
[2025-04-12 02:22:45,686] [MB metrics] precision: 1.000, recall: 0.900, acc: 0.900, f1: 0.947
[2025-04-12 02:22:57,516] sub_met2 before prunning {'fdr': 0.1944, 'tpr': 0.9667, 'fpr': 1.1667, 'shd': 7, 'nnz': 36, 'precision': 0.8056, 'recall': 0.9667, 'F1': 0.8788, 'gscore': 0.7333}
[2025-04-12 02:22:57,516] sub_met after prunning {'fdr': 0.1471, 'tpr': 0.9667, 'fpr': 0.8333, 'shd': 5, 'nnz': 34, 'precision': 0.8529, 'recall': 0.9667, 'F1': 0.9062, 'gscore': 0.8}
[2025-04-12 02:22:57,516] 
===  7-th graph ===
[2025-04-12 02:22:57,516] 9 Nodes of Markov blanket: [0, 1, 2, 3, 4, 6, 7, 8, 9]
[2025-04-12 02:22:57,516] 9 Nodes of True MB: [0, 1, 2, 3, 4, 6, 7, 8, 9], parents: set(), children: {0, 1, 2, 3, 4, 6, 9}, spouse: {0, 1, 2, 3, 4, 6, 7, 8}
[2025-04-12 02:22:57,516] [MB metrics] precision: 1.000, recall: 1.000, acc: 1.000, f1: 1.000
[2025-04-12 02:23:09,516] sub_met2 before prunning {'fdr': 0.1944, 'tpr': 0.9667, 'fpr': 1.1667, 'shd': 7, 'nnz': 36, 'precision': 0.8056, 'recall': 0.9667, 'F1': 0.8788, 'gscore': 0.7333}
[2025-04-12 02:23:09,516] sub_met after prunning {'fdr': 0.0938, 'tpr': 0.9667, 'fpr': 0.5, 'shd': 3, 'nnz': 32, 'precision': 0.9062, 'recall': 0.9667, 'F1': 0.9355, 'gscore': 0.8667}
[2025-04-12 02:23:09,516] 
===  8-th graph ===
[2025-04-12 02:23:09,516] 9 Nodes of Markov blanket: [0, 1, 2, 3, 5, 6, 7, 8, 9]
[2025-04-12 02:23:09,516] 10 Nodes of True MB: [0, 1, 2, 3, 4, 5, 6, 7, 8, 9], parents: {0, 1}, children: {2, 3, 5, 6, 9}, spouse: {0, 1, 2, 3, 4, 6, 7, 8, 9}
[2025-04-12 02:23:09,518] [MB metrics] precision: 1.000, recall: 0.900, acc: 0.900, f1: 0.947
[2025-04-12 02:23:21,449] sub_met2 before prunning {'fdr': 0.1389, 'tpr': 1.0, 'fpr': 1.0, 'shd': 5, 'nnz': 36, 'precision': 0.8611, 'recall': 1.0, 'F1': 0.9254, 'gscore': 0.8387}
[2025-04-12 02:23:21,449] sub_met after prunning {'fdr': 0.0625, 'tpr': 0.9677, 'fpr': 0.4, 'shd': 3, 'nnz': 32, 'precision': 0.9375, 'recall': 0.9677, 'F1': 0.9524, 'gscore': 0.9032}
[2025-04-12 02:23:21,449] 
===  9-th graph ===
[2025-04-12 02:23:21,449] 7 Nodes of Markov blanket: [0, 2, 3, 5, 7, 8, 9]
[2025-04-12 02:23:21,449] 10 Nodes of True MB: [0, 1, 2, 3, 4, 5, 6, 7, 8, 9], parents: {0, 2, 3, 6, 7, 8}, children: {5}, spouse: {0, 1, 3, 4, 6, 8, 9}
[2025-04-12 02:23:21,456] [MB metrics] precision: 1.000, recall: 0.700, acc: 0.700, f1: 0.824
[2025-04-12 02:23:29,583] sub_met2 before prunning {'fdr': 0.1905, 'tpr': 1.0, 'fpr': 1.0, 'shd': 4, 'nnz': 21, 'precision': 0.8095, 'recall': 1.0, 'F1': 0.8947, 'gscore': 0.7647}
[2025-04-12 02:23:29,584] sub_met after prunning {'fdr': 0.2, 'tpr': 0.9412, 'fpr': 1.0, 'shd': 5, 'nnz': 20, 'precision': 0.8, 'recall': 0.9412, 'F1': 0.8649, 'gscore': 0.7059}
[2025-04-12 02:23:29,584] 
======= Graph Summary =======
[2025-04-12 02:23:29,584] MB summary: {'precision': '0.99+-0.04', 'recall': '0.83+-0.13', 'acc': '0.83+-0.13', 'f1': '0.90+-0.09'}
[2025-04-12 02:23:29,586] merged_met_before  before prunning {'fdr': 0.1778, 'tpr': 1.0, 'fpr': 1.0, 'shd': 8, 'nnz': 45, 'precision': 0.8222, 'recall': 1.0, 'F1': 0.9024, 'gscore': 0.7838}
[2025-04-12 02:23:29,591] [[0 1 1 1 1 1 1 0 1 1]
 [0 0 1 1 1 1 1 0 1 1]
 [0 0 0 1 0 1 1 0 0 1]
 [0 0 0 0 0 1 1 0 0 1]
 [0 0 1 1 0 1 1 0 1 1]
 [0 0 0 0 0 0 0 0 0 0]
 [0 0 0 0 0 1 0 0 0 1]
 [1 1 1 1 1 1 1 0 1 1]
 [0 0 1 1 0 1 1 0 0 1]
 [0 0 0 0 0 1 0 0 0 0]]
[2025-04-12 02:23:29,596] merged_met_after  after prunning {'fdr': 0.1778, 'tpr': 1.0, 'fpr': 1.0, 'shd': 8, 'nnz': 45, 'precision': 0.8222, 'recall': 1.0, 'F1': 0.9024, 'gscore': 0.7838}
[2025-04-12 02:23:29,597] 
================ repeat number 9 ====================
[2025-04-12 02:23:29,601] true_dag
[[0 0 0 0 1 1 0 0 0 0]
 [1 0 0 0 1 1 0 1 0 1]
 [1 1 0 0 1 1 0 1 0 1]
 [1 0 1 0 1 1 0 0 0 1]
 [0 0 0 0 0 1 0 0 0 0]
 [0 0 0 0 0 0 0 0 0 0]
 [1 1 0 0 1 1 0 0 0 1]
 [1 0 0 0 1 1 0 0 0 0]
 [1 1 1 1 1 0 1 1 0 1]
 [1 0 0 0 1 1 0 0 0 0]]
[2025-04-12 02:23:29,617] 
===  0-th graph ===
[2025-04-12 02:23:29,617] 9 Nodes of Markov blanket: [0, 1, 2, 3, 4, 5, 6, 7, 9]
[2025-04-12 02:23:29,617] 10 Nodes of True MB: [0, 1, 2, 3, 4, 5, 6, 7, 8, 9], parents: {1, 2, 3, 6, 7, 8, 9}, children: {4, 5}, spouse: {0, 1, 2, 3, 4, 6, 7, 8, 9}
[2025-04-12 02:23:29,620] [MB metrics] precision: 1.000, recall: 0.900, acc: 0.900, f1: 0.947
[2025-04-12 02:23:41,516] sub_met2 before prunning {'fdr': 0.1667, 'tpr': 1.0, 'fpr': 1.0, 'shd': 6, 'nnz': 36, 'precision': 0.8333, 'recall': 1.0, 'F1': 0.9091, 'gscore': 0.8}
[2025-04-12 02:23:41,516] sub_met after prunning {'fdr': 0.1667, 'tpr': 1.0, 'fpr': 1.0, 'shd': 6, 'nnz': 36, 'precision': 0.8333, 'recall': 1.0, 'F1': 0.9091, 'gscore': 0.8}
[2025-04-12 02:23:41,526] 
===  1-th graph ===
[2025-04-12 02:23:41,526] 10 Nodes of Markov blanket: [0, 1, 2, 3, 4, 5, 6, 7, 8, 9]
[2025-04-12 02:23:41,526] 10 Nodes of True MB: [0, 1, 2, 3, 4, 5, 6, 7, 8, 9], parents: {8, 2, 6}, children: {0, 4, 5, 7, 9}, spouse: {0, 1, 2, 3, 4, 6, 7, 8, 9}
[2025-04-12 02:23:41,528] [MB metrics] precision: 1.000, recall: 1.000, acc: 1.000, f1: 1.000
[2025-04-12 02:23:55,736] sub_met2 before prunning {'fdr': 0.1556, 'tpr': 1.0, 'fpr': 1.0, 'shd': 7, 'nnz': 45, 'precision': 0.8444, 'recall': 1.0, 'F1': 0.9157, 'gscore': 0.8158}
[2025-04-12 02:23:55,736] sub_met after prunning {'fdr': 0.0, 'tpr': 1.0, 'fpr': 0.0, 'shd': 0, 'nnz': 38, 'precision': 1.0, 'recall': 1.0, 'F1': 1.0, 'gscore': 1.0}
[2025-04-12 02:23:55,736] 
===  2-th graph ===
[2025-04-12 02:23:55,736] 10 Nodes of Markov blanket: [0, 1, 2, 3, 4, 5, 6, 7, 8, 9]
[2025-04-12 02:23:55,736] 10 Nodes of True MB: [0, 1, 2, 3, 4, 5, 6, 7, 8, 9], parents: {8, 3}, children: {0, 1, 4, 5, 7, 9}, spouse: {0, 1, 2, 3, 4, 6, 7, 8, 9}
[2025-04-12 02:23:55,746] [MB metrics] precision: 1.000, recall: 1.000, acc: 1.000, f1: 1.000
[2025-04-12 02:24:09,971] sub_met2 before prunning {'fdr': 0.1556, 'tpr': 1.0, 'fpr': 1.0, 'shd': 7, 'nnz': 45, 'precision': 0.8444, 'recall': 1.0, 'F1': 0.9157, 'gscore': 0.8158}
[2025-04-12 02:24:09,971] sub_met after prunning {'fdr': 0.0, 'tpr': 1.0, 'fpr': 0.0, 'shd': 0, 'nnz': 38, 'precision': 1.0, 'recall': 1.0, 'F1': 1.0, 'gscore': 1.0}
[2025-04-12 02:24:09,971] 
===  3-th graph ===
[2025-04-12 02:24:09,971] 8 Nodes of Markov blanket: [0, 1, 2, 3, 4, 5, 7, 9]
[2025-04-12 02:24:09,971] 10 Nodes of True MB: [0, 1, 2, 3, 4, 5, 6, 7, 8, 9], parents: {8}, children: {0, 2, 4, 5, 9}, spouse: {0, 1, 2, 3, 4, 6, 7, 8, 9}
[2025-04-12 02:24:09,976] [MB metrics] precision: 1.000, recall: 0.800, acc: 0.800, f1: 0.889
[2025-04-12 02:24:19,961] sub_met2 before prunning {'fdr': 0.1429, 'tpr': 0.96, 'fpr': 1.3333, 'shd': 4, 'nnz': 28, 'precision': 0.8571, 'recall': 0.96, 'F1': 0.9057, 'gscore': 0.8}
[2025-04-12 02:24:19,961] sub_met after prunning {'fdr': 0.1111, 'tpr': 0.96, 'fpr': 1.0, 'shd': 3, 'nnz': 27, 'precision': 0.8889, 'recall': 0.96, 'F1': 0.9231, 'gscore': 0.84}
[2025-04-12 02:24:19,961] 
===  4-th graph ===
[2025-04-12 02:24:19,961] 7 Nodes of Markov blanket: [0, 1, 2, 3, 4, 8, 9]
[2025-04-12 02:24:19,961] 10 Nodes of True MB: [0, 1, 2, 3, 4, 5, 6, 7, 8, 9], parents: {0, 1, 2, 3, 6, 7, 8, 9}, children: {5}, spouse: {0, 1, 2, 3, 4, 6, 7, 9}
[2025-04-12 02:24:19,967] [MB metrics] precision: 1.000, recall: 0.700, acc: 0.700, f1: 0.824
[2025-04-12 02:24:27,870] sub_met2 before prunning {'fdr': 0.0476, 'tpr': 1.0, 'fpr': 1.0, 'shd': 1, 'nnz': 21, 'precision': 0.9524, 'recall': 1.0, 'F1': 0.9756, 'gscore': 0.95}
[2025-04-12 02:24:27,870] sub_met after prunning {'fdr': 0.0, 'tpr': 0.9, 'fpr': 0.0, 'shd': 2, 'nnz': 18, 'precision': 1.0, 'recall': 0.9, 'F1': 0.9474, 'gscore': 0.9}
[2025-04-12 02:24:27,870] 
===  5-th graph ===
[2025-04-12 02:24:27,870] 8 Nodes of Markov blanket: [0, 1, 2, 3, 5, 6, 7, 9]
[2025-04-12 02:24:27,870] 8 Nodes of True MB: [0, 1, 2, 3, 4, 6, 7, 9], parents: {0, 1, 2, 3, 4, 6, 7, 9}, children: set(), spouse: set()
[2025-04-12 02:24:27,876] [MB metrics] precision: 0.875, recall: 0.875, acc: 0.800, f1: 0.875
[2025-04-12 02:24:37,776] sub_met2 before prunning {'fdr': 0.2143, 'tpr': 1.0, 'fpr': 1.0, 'shd': 6, 'nnz': 28, 'precision': 0.7857, 'recall': 1.0, 'F1': 0.88, 'gscore': 0.7273}
[2025-04-12 02:24:37,776] sub_met after prunning {'fdr': 0.2308, 'tpr': 0.9091, 'fpr': 1.0, 'shd': 8, 'nnz': 26, 'precision': 0.7692, 'recall': 0.9091, 'F1': 0.8333, 'gscore': 0.6364}
[2025-04-12 02:24:37,776] 
===  6-th graph ===
[2025-04-12 02:24:37,776] 8 Nodes of Markov blanket: [0, 1, 2, 5, 6, 7, 8, 9]
[2025-04-12 02:24:37,776] 10 Nodes of True MB: [0, 1, 2, 3, 4, 5, 6, 7, 8, 9], parents: {8}, children: {0, 1, 4, 5, 9}, spouse: {0, 1, 2, 3, 4, 6, 7, 8, 9}
[2025-04-12 02:24:37,779] [MB metrics] precision: 1.000, recall: 0.800, acc: 0.800, f1: 0.889
[2025-04-12 02:24:47,616] sub_met2 before prunning {'fdr': 0.1786, 'tpr': 0.9583, 'fpr': 1.25, 'shd': 5, 'nnz': 28, 'precision': 0.8214, 'recall': 0.9583, 'F1': 0.8846, 'gscore': 0.75}
[2025-04-12 02:24:47,616] sub_met after prunning {'fdr': 0.1154, 'tpr': 0.9583, 'fpr': 0.75, 'shd': 3, 'nnz': 26, 'precision': 0.8846, 'recall': 0.9583, 'F1': 0.92, 'gscore': 0.8333}
[2025-04-12 02:24:47,616] 
===  7-th graph ===
[2025-04-12 02:24:47,616] 9 Nodes of Markov blanket: [0, 1, 2, 3, 5, 6, 7, 8, 9]
[2025-04-12 02:24:47,616] 10 Nodes of True MB: [0, 1, 2, 3, 4, 5, 6, 7, 8, 9], parents: {8, 1, 2}, children: {0, 4, 5}, spouse: {0, 1, 2, 3, 4, 6, 7, 8, 9}
[2025-04-12 02:24:47,626] [MB metrics] precision: 1.000, recall: 0.900, acc: 0.900, f1: 0.947
[2025-04-12 02:24:59,660] sub_met2 before prunning {'fdr': 0.1944, 'tpr': 1.0, 'fpr': 1.0, 'shd': 7, 'nnz': 36, 'precision': 0.8056, 'recall': 1.0, 'F1': 0.8923, 'gscore': 0.7586}
[2025-04-12 02:24:59,660] sub_met after prunning {'fdr': 0.0345, 'tpr': 0.9655, 'fpr': 0.1429, 'shd': 2, 'nnz': 29, 'precision': 0.9655, 'recall': 0.9655, 'F1': 0.9655, 'gscore': 0.931}
[2025-04-12 02:24:59,660] 
===  8-th graph ===
[2025-04-12 02:24:59,660] 7 Nodes of Markov blanket: [1, 2, 4, 6, 7, 8, 9]
[2025-04-12 02:24:59,660] 9 Nodes of True MB: [0, 1, 2, 3, 4, 6, 7, 8, 9], parents: set(), children: {0, 1, 2, 3, 4, 6, 7, 9}, spouse: {0, 1, 2, 3, 6, 7, 8, 9}
[2025-04-12 02:24:59,660] [MB metrics] precision: 1.000, recall: 0.778, acc: 0.800, f1: 0.875
[2025-04-12 02:25:07,746] sub_met2 before prunning {'fdr': 0.1905, 'tpr': 0.9444, 'fpr': 1.3333, 'shd': 4, 'nnz': 21, 'precision': 0.8095, 'recall': 0.9444, 'F1': 0.8718, 'gscore': 0.7222}
[2025-04-12 02:25:07,746] sub_met after prunning {'fdr': 0.1053, 'tpr': 0.9444, 'fpr': 0.6667, 'shd': 2, 'nnz': 19, 'precision': 0.8947, 'recall': 0.9444, 'F1': 0.9189, 'gscore': 0.8333}
[2025-04-12 02:25:07,746] 
===  9-th graph ===
[2025-04-12 02:25:07,746] 10 Nodes of Markov blanket: [0, 1, 2, 3, 4, 5, 6, 7, 8, 9]
[2025-04-12 02:25:07,746] 10 Nodes of True MB: [0, 1, 2, 3, 4, 5, 6, 7, 8, 9], parents: {1, 2, 3, 6, 8}, children: {0, 4, 5}, spouse: {0, 1, 2, 3, 4, 6, 7, 8, 9}
[2025-04-12 02:25:07,748] [MB metrics] precision: 1.000, recall: 1.000, acc: 1.000, f1: 1.000
[2025-04-12 02:25:22,079] sub_met2 before prunning {'fdr': 0.1556, 'tpr': 1.0, 'fpr': 1.0, 'shd': 7, 'nnz': 45, 'precision': 0.8444, 'recall': 1.0, 'F1': 0.9157, 'gscore': 0.8158}
[2025-04-12 02:25:22,079] sub_met after prunning {'fdr': 0.0, 'tpr': 1.0, 'fpr': 0.0, 'shd': 0, 'nnz': 38, 'precision': 1.0, 'recall': 1.0, 'F1': 1.0, 'gscore': 1.0}
[2025-04-12 02:25:22,079] 
======= Graph Summary =======
[2025-04-12 02:25:22,079] MB summary: {'precision': '0.99+-0.04', 'recall': '0.88+-0.10', 'acc': '0.87+-0.10', 'f1': '0.92+-0.06'}
[2025-04-12 02:25:22,083] merged_met_before  before prunning {'fdr': 0.1556, 'tpr': 1.0, 'fpr': 1.0, 'shd': 7, 'nnz': 45, 'precision': 0.8444, 'recall': 1.0, 'F1': 0.9157, 'gscore': 0.8158}
[2025-04-12 02:25:22,085] [[0 0 0 0 1 1 0 0 0 0]
 [1 0 0 0 1 1 0 1 0 1]
 [1 1 0 0 1 1 0 1 0 1]
 [1 1 1 0 1 1 1 1 0 1]
 [0 0 0 0 0 1 0 0 0 0]
 [0 0 0 0 0 0 0 0 0 0]
 [1 1 1 0 1 1 0 1 0 1]
 [1 0 0 0 1 1 0 0 0 1]
 [1 1 1 1 1 1 1 1 0 1]
 [1 0 0 0 1 1 0 0 0 0]]
[2025-04-12 02:25:22,088] merged_met_after  after prunning {'fdr': 0.1556, 'tpr': 1.0, 'fpr': 1.0, 'shd': 7, 'nnz': 45, 'precision': 0.8444, 'recall': 1.0, 'F1': 0.9157, 'gscore': 0.8158}
[2025-04-12 02:25:22,088] 
================ repeat number 10 ====================
[2025-04-12 02:25:22,091] true_dag
[[0 0 1 0 1 0 1 0 0 1]
 [1 0 1 1 1 1 1 1 1 1]
 [0 0 0 0 0 0 1 1 0 0]
 [1 0 1 0 0 0 1 0 1 1]
 [0 0 0 0 0 0 1 0 0 0]
 [1 0 1 0 1 0 1 1 1 0]
 [0 0 0 0 0 0 0 0 0 0]
 [0 0 0 0 0 0 0 0 0 0]
 [1 0 0 0 0 0 1 0 0 1]
 [0 0 0 0 0 0 0 1 0 0]]
[2025-04-12 02:25:22,105] 
===  0-th graph ===
[2025-04-12 02:25:22,105] 8 Nodes of Markov blanket: [0, 1, 2, 3, 5, 6, 8, 9]
[2025-04-12 02:25:22,105] 9 Nodes of True MB: [0, 1, 2, 3, 4, 5, 6, 8, 9], parents: {8, 1, 3, 5}, children: {9, 2, 4, 6}, spouse: {0, 1, 2, 3, 4, 5, 8}
[2025-04-12 02:25:22,108] [MB metrics] precision: 1.000, recall: 0.889, acc: 0.900, f1: 0.941
[2025-04-12 02:25:31,837] sub_met2 before prunning {'fdr': 0.1786, 'tpr': 1.0, 'fpr': 1.0, 'shd': 5, 'nnz': 28, 'precision': 0.8214, 'recall': 1.0, 'F1': 0.902, 'gscore': 0.7826}
[2025-04-12 02:25:31,837] sub_met after prunning {'fdr': 0.0, 'tpr': 1.0, 'fpr': 0.0, 'shd': 0, 'nnz': 23, 'precision': 1.0, 'recall': 1.0, 'F1': 1.0, 'gscore': 1.0}
[2025-04-12 02:25:31,837] 
===  1-th graph ===
[2025-04-12 02:25:31,837] 9 Nodes of Markov blanket: [0, 1, 2, 3, 5, 6, 7, 8, 9]
[2025-04-12 02:25:31,837] 10 Nodes of True MB: [0, 1, 2, 3, 4, 5, 6, 7, 8, 9], parents: set(), children: {0, 2, 3, 4, 5, 6, 7, 8, 9}, spouse: {0, 1, 2, 3, 4, 5, 8, 9}
[2025-04-12 02:25:31,846] [MB metrics] precision: 1.000, recall: 0.900, acc: 0.900, f1: 0.947
[2025-04-12 02:25:43,921] sub_met2 before prunning {'fdr': 0.25, 'tpr': 1.0, 'fpr': 1.0, 'shd': 9, 'nnz': 36, 'precision': 0.75, 'recall': 1.0, 'F1': 0.8571, 'gscore': 0.6667}
[2025-04-12 02:25:43,921] sub_met after prunning {'fdr': 0.0357, 'tpr': 1.0, 'fpr': 0.1111, 'shd': 1, 'nnz': 28, 'precision': 0.9643, 'recall': 1.0, 'F1': 0.9818, 'gscore': 0.963}
[2025-04-12 02:25:43,921] 
===  2-th graph ===
[2025-04-12 02:25:43,921] 10 Nodes of Markov blanket: [0, 1, 2, 3, 4, 5, 6, 7, 8, 9]
[2025-04-12 02:25:43,921] 10 Nodes of True MB: [0, 1, 2, 3, 4, 5, 6, 7, 8, 9], parents: {0, 1, 3, 5}, children: {6, 7}, spouse: {0, 1, 2, 3, 4, 5, 8, 9}
[2025-04-12 02:25:43,927] [MB metrics] precision: 1.000, recall: 1.000, acc: 1.000, f1: 1.000
[2025-04-12 02:25:58,251] sub_met2 before prunning {'fdr': 0.3111, 'tpr': 1.0, 'fpr': 1.0, 'shd': 14, 'nnz': 45, 'precision': 0.6889, 'recall': 1.0, 'F1': 0.8158, 'gscore': 0.5484}
[2025-04-12 02:25:58,251] sub_met after prunning {'fdr': 0.0606, 'tpr': 1.0, 'fpr': 0.1429, 'shd': 2, 'nnz': 33, 'precision': 0.9394, 'recall': 1.0, 'F1': 0.9688, 'gscore': 0.9355}
[2025-04-12 02:25:58,251] 
===  3-th graph ===
[2025-04-12 02:25:58,251] 9 Nodes of Markov blanket: [0, 1, 2, 3, 4, 5, 6, 8, 9]
[2025-04-12 02:25:58,251] 9 Nodes of True MB: [0, 1, 2, 3, 4, 5, 6, 8, 9], parents: {1}, children: {0, 2, 6, 8, 9}, spouse: {0, 1, 2, 3, 4, 5, 8}
[2025-04-12 02:25:58,251] [MB metrics] precision: 1.000, recall: 1.000, acc: 1.000, f1: 1.000
[2025-04-12 02:26:10,196] sub_met2 before prunning {'fdr': 0.25, 'tpr': 1.0, 'fpr': 1.0, 'shd': 9, 'nnz': 36, 'precision': 0.75, 'recall': 1.0, 'F1': 0.8571, 'gscore': 0.6667}
[2025-04-12 02:26:10,196] sub_met after prunning {'fdr': 0.0357, 'tpr': 1.0, 'fpr': 0.1111, 'shd': 1, 'nnz': 28, 'precision': 0.9643, 'recall': 1.0, 'F1': 0.9818, 'gscore': 0.963}
[2025-04-12 02:26:10,196] 
===  4-th graph ===
[2025-04-12 02:26:10,196] 6 Nodes of Markov blanket: [2, 3, 4, 5, 6, 8]
[2025-04-12 02:26:10,196] 8 Nodes of True MB: [0, 1, 2, 3, 4, 5, 6, 8], parents: {0, 1, 5}, children: {6}, spouse: {0, 1, 2, 3, 4, 5, 8}
[2025-04-12 02:26:10,196] [MB metrics] precision: 1.000, recall: 0.750, acc: 0.778, f1: 0.857
[2025-04-12 02:26:16,698] sub_met2 before prunning {'fdr': 0.3333, 'tpr': 1.0, 'fpr': 1.0, 'shd': 5, 'nnz': 15, 'precision': 0.6667, 'recall': 1.0, 'F1': 0.8, 'gscore': 0.5}
[2025-04-12 02:26:16,698] sub_met after prunning {'fdr': 0.3571, 'tpr': 0.9, 'fpr': 1.0, 'shd': 6, 'nnz': 14, 'precision': 0.6429, 'recall': 0.9, 'F1': 0.75, 'gscore': 0.4}
[2025-04-12 02:26:16,698] 
===  5-th graph ===
[2025-04-12 02:26:16,698] 10 Nodes of Markov blanket: [0, 1, 2, 3, 4, 5, 6, 7, 8, 9]
[2025-04-12 02:26:16,698] 10 Nodes of True MB: [0, 1, 2, 3, 4, 5, 6, 7, 8, 9], parents: {1}, children: {0, 2, 4, 6, 7, 8}, spouse: {0, 1, 2, 3, 4, 5, 8, 9}
[2025-04-12 02:26:16,701] [MB metrics] precision: 1.000, recall: 1.000, acc: 1.000, f1: 1.000
[2025-04-12 02:26:30,876] sub_met2 before prunning {'fdr': 0.3111, 'tpr': 1.0, 'fpr': 1.0, 'shd': 14, 'nnz': 45, 'precision': 0.6889, 'recall': 1.0, 'F1': 0.8158, 'gscore': 0.5484}
[2025-04-12 02:26:30,876] sub_met after prunning {'fdr': 0.0606, 'tpr': 1.0, 'fpr': 0.1429, 'shd': 2, 'nnz': 33, 'precision': 0.9394, 'recall': 1.0, 'F1': 0.9688, 'gscore': 0.9355}
[2025-04-12 02:26:30,876] 
===  6-th graph ===
[2025-04-12 02:26:30,876] 8 Nodes of Markov blanket: [0, 1, 2, 3, 4, 5, 6, 8]
[2025-04-12 02:26:30,876] 7 Nodes of True MB: [0, 1, 2, 3, 4, 5, 8], parents: {0, 1, 2, 3, 4, 5, 8}, children: set(), spouse: set()
[2025-04-12 02:26:30,876] [MB metrics] precision: 0.875, recall: 1.000, acc: 0.889, f1: 0.933
[2025-04-12 02:26:40,776] sub_met2 before prunning {'fdr': 0.1786, 'tpr': 1.0, 'fpr': 1.0, 'shd': 5, 'nnz': 28, 'precision': 0.8214, 'recall': 1.0, 'F1': 0.902, 'gscore': 0.7826}
[2025-04-12 02:26:40,776] sub_met after prunning {'fdr': 0.0, 'tpr': 1.0, 'fpr': 0.0, 'shd': 0, 'nnz': 23, 'precision': 1.0, 'recall': 1.0, 'F1': 1.0, 'gscore': 1.0}
[2025-04-12 02:26:40,776] 
===  7-th graph ===
[2025-04-12 02:26:40,776] 5 Nodes of Markov blanket: [1, 2, 5, 7, 9]
[2025-04-12 02:26:40,776] 4 Nodes of True MB: [1, 2, 5, 9], parents: {1, 2, 5, 9}, children: set(), spouse: set()
[2025-04-12 02:26:40,779] [MB metrics] precision: 0.800, recall: 1.000, acc: 0.900, f1: 0.889
[2025-04-12 02:26:45,686] sub_met2 before prunning {'fdr': 0.3, 'tpr': 0.875, 'fpr': 1.5, 'shd': 3, 'nnz': 10, 'precision': 0.7, 'recall': 0.875, 'F1': 0.7778, 'gscore': 0.5}
[2025-04-12 02:26:45,686] sub_met after prunning {'fdr': 0.3, 'tpr': 0.875, 'fpr': 1.5, 'shd': 3, 'nnz': 10, 'precision': 0.7, 'recall': 0.875, 'F1': 0.7778, 'gscore': 0.5}
[2025-04-12 02:26:45,686] 
===  8-th graph ===
[2025-04-12 02:26:45,686] 9 Nodes of Markov blanket: [0, 1, 2, 3, 4, 5, 6, 8, 9]
[2025-04-12 02:26:45,686] 9 Nodes of True MB: [0, 1, 2, 3, 4, 5, 6, 8, 9], parents: {1, 3, 5}, children: {0, 9, 6}, spouse: {0, 1, 2, 3, 4, 5, 8}
[2025-04-12 02:26:45,692] [MB metrics] precision: 1.000, recall: 1.000, acc: 1.000, f1: 1.000
[2025-04-12 02:26:57,503] sub_met2 before prunning {'fdr': 0.25, 'tpr': 1.0, 'fpr': 1.0, 'shd': 9, 'nnz': 36, 'precision': 0.75, 'recall': 1.0, 'F1': 0.8571, 'gscore': 0.6667}
[2025-04-12 02:26:57,503] sub_met after prunning {'fdr': 0.0357, 'tpr': 1.0, 'fpr': 0.1111, 'shd': 1, 'nnz': 28, 'precision': 0.9643, 'recall': 1.0, 'F1': 0.9818, 'gscore': 0.963}
[2025-04-12 02:26:57,503] 
===  9-th graph ===
[2025-04-12 02:26:57,503] 8 Nodes of Markov blanket: [0, 1, 2, 3, 5, 7, 8, 9]
[2025-04-12 02:26:57,503] 8 Nodes of True MB: [0, 1, 2, 3, 5, 7, 8, 9], parents: {0, 1, 3, 8}, children: {7}, spouse: {1, 2, 5, 9}
[2025-04-12 02:26:57,506] [MB metrics] precision: 1.000, recall: 1.000, acc: 1.000, f1: 1.000
[2025-04-12 02:27:07,406] sub_met2 before prunning {'fdr': 0.25, 'tpr': 1.0, 'fpr': 1.0, 'shd': 7, 'nnz': 28, 'precision': 0.75, 'recall': 1.0, 'F1': 0.8571, 'gscore': 0.6667}
[2025-04-12 02:27:07,406] sub_met after prunning {'fdr': 0.0455, 'tpr': 1.0, 'fpr': 0.1429, 'shd': 1, 'nnz': 22, 'precision': 0.9545, 'recall': 1.0, 'F1': 0.9767, 'gscore': 0.9524}
[2025-04-12 02:27:07,406] 
======= Graph Summary =======
[2025-04-12 02:27:07,406] MB summary: {'precision': '0.97+-0.07', 'recall': '0.95+-0.08', 'acc': '0.94+-0.07', 'f1': '0.96+-0.05'}
[2025-04-12 02:27:07,416] merged_met_before  before prunning {'fdr': 0.3111, 'tpr': 1.0, 'fpr': 1.0, 'shd': 14, 'nnz': 45, 'precision': 0.6889, 'recall': 1.0, 'F1': 0.8158, 'gscore': 0.5484}
[2025-04-12 02:27:07,417] [[0 0 1 0 1 0 1 1 0 1]
 [1 0 1 1 1 1 1 1 1 1]
 [0 0 0 0 0 0 1 1 0 0]
 [1 0 1 0 1 0 1 0 1 1]
 [0 0 1 0 0 0 1 0 0 0]
 [1 0 1 1 1 0 1 1 1 1]
 [0 0 0 0 0 0 0 0 0 0]
 [0 0 0 0 0 0 0 0 0 0]
 [1 0 1 0 1 0 1 0 0 1]
 [0 0 1 0 1 0 0 1 0 0]]
[2025-04-12 02:27:07,419] merged_met_after  after prunning {'fdr': 0.225, 'tpr': 1.0, 'fpr': 0.6429, 'shd': 9, 'nnz': 40, 'precision': 0.775, 'recall': 1.0, 'F1': 0.8732, 'gscore': 0.7097}
[2025-04-12 02:27:07,420] Before pruning: {'fdr': '0.19+-0.05', 'tpr': '0.99+-0.02', 'fpr': '0.97+-0.07', 'shd': '8.80+-2.23', 'nnz': '44.50+-1.50', 'precision': '0.81+-0.05', 'recall': '0.99+-0.02', 'F1': '0.89+-0.03', 'gscore': '0.75+-0.08', 'time_mb': '0.01+-0.00', 'time_sub_avg': '9.88+-1.14', 'time_sub_max': '13.36+-1.13', 'time_sub_tot': '98.77+-11.43', 'time_FAS': '0.00+-0.00', 'time_dist_tot': '13.37+-1.14', 'time_tot': '98.79+-11.43'}
[2025-04-12 02:27:07,421] After pruning: {'fdr': '0.16+-0.04', 'tpr': '0.99+-0.02', 'fpr': '0.80+-0.20', 'shd': '7.10+-1.45', 'nnz': '42.70+-2.41', 'precision': '0.84+-0.04', 'recall': '0.99+-0.02', 'F1': '0.91+-0.02', 'gscore': '0.80+-0.05', 'time_mb': '0.01+-0.00', 'time_sub_avg': '9.88+-1.14', 'time_sub_max': '13.36+-1.13', 'time_sub_tot': '98.77+-11.43', 'time_FAS': '0.00+-0.00', 'time_dist_tot': '13.37+-1.13', 'time_tot': '98.79+-11.43'}
