[2025-04-09 17:24:00,679] 
================ repeat number 1 ====================
[2025-04-09 17:24:00,702] 
===  0-th graph ===
[2025-04-09 17:24:00,702] 6 Nodes of Markov blanket: [0, 3, 4, 6, 7, 8]
[2025-04-09 17:24:06,961] sub_met2 before prunning {'fdr': 0.5333, 'tpr': 1.0, 'fpr': 1.0, 'shd': 8, 'nnz': 15, 'precision': 0.4667, 'recall': 1.0, 'F1': 0.6364, 'gscore': 0.0}
[2025-04-09 17:24:06,961] sub_met after prunning {'fdr': 0.125, 'tpr': 1.0, 'fpr': 0.125, 'shd': 1, 'nnz': 8, 'precision': 0.875, 'recall': 1.0, 'F1': 0.9333, 'gscore': 0.8571}
[2025-04-09 17:24:06,961] 
===  1-th graph ===
[2025-04-09 17:24:06,961] 4 Nodes of Markov blanket: [1, 6, 8, 9]
[2025-04-09 17:24:10,449] sub_met2 before prunning {'fdr': 0.0, 'tpr': 1.0, 'fpr': 0.0, 'shd': 0, 'nnz': 6, 'precision': 1.0, 'recall': 1.0, 'F1': 1.0, 'gscore': 1.0}
[2025-04-09 17:24:10,449] sub_met after prunning {'fdr': 0.0, 'tpr': 1.0, 'fpr': 0.0, 'shd': 0, 'nnz': 6, 'precision': 1.0, 'recall': 1.0, 'F1': 1.0, 'gscore': 1.0}
[2025-04-09 17:24:10,449] 
===  2-th graph ===
[2025-04-09 17:24:10,449] 3 Nodes of Markov blanket: [2, 7, 8]
[2025-04-09 17:24:12,768] sub_met2 before prunning {'fdr': 0.3333, 'tpr': 1.0, 'fpr': 1.0, 'shd': 1, 'nnz': 3, 'precision': 0.6667, 'recall': 1.0, 'F1': 0.8, 'gscore': 0.5}
[2025-04-09 17:24:12,768] sub_met after prunning {'fdr': 0.3333, 'tpr': 1.0, 'fpr': 1.0, 'shd': 1, 'nnz': 3, 'precision': 0.6667, 'recall': 1.0, 'F1': 0.8, 'gscore': 0.5}
[2025-04-09 17:24:12,768] 
===  3-th graph ===
[2025-04-09 17:24:12,768] 6 Nodes of Markov blanket: [0, 3, 4, 5, 6, 9]
[2025-04-09 17:24:19,178] sub_met2 before prunning {'fdr': 0.4667, 'tpr': 1.0, 'fpr': 1.0, 'shd': 7, 'nnz': 15, 'precision': 0.5333, 'recall': 1.0, 'F1': 0.6957, 'gscore': 0.125}
[2025-04-09 17:24:19,178] sub_met after prunning {'fdr': 0.1111, 'tpr': 1.0, 'fpr': 0.1429, 'shd': 1, 'nnz': 9, 'precision': 0.8889, 'recall': 1.0, 'F1': 0.9412, 'gscore': 0.875}
[2025-04-09 17:24:19,178] 
===  4-th graph ===
[2025-04-09 17:24:19,178] 6 Nodes of Markov blanket: [0, 3, 4, 5, 8, 9]
[2025-04-09 17:24:25,818] sub_met2 before prunning {'fdr': 0.4, 'tpr': 1.0, 'fpr': 1.0, 'shd': 6, 'nnz': 15, 'precision': 0.6, 'recall': 1.0, 'F1': 0.75, 'gscore': 0.3333}
[2025-04-09 17:24:25,818] sub_met after prunning {'fdr': 0.0, 'tpr': 1.0, 'fpr': 0.0, 'shd': 0, 'nnz': 9, 'precision': 1.0, 'recall': 1.0, 'F1': 1.0, 'gscore': 1.0}
[2025-04-09 17:24:25,818] 
===  5-th graph ===
[2025-04-09 17:24:25,818] 6 Nodes of Markov blanket: [3, 4, 5, 6, 8, 9]
[2025-04-09 17:24:32,329] sub_met2 before prunning {'fdr': 0.4, 'tpr': 1.0, 'fpr': 1.0, 'shd': 6, 'nnz': 15, 'precision': 0.6, 'recall': 1.0, 'F1': 0.75, 'gscore': 0.3333}
[2025-04-09 17:24:32,329] sub_met after prunning {'fdr': 0.0, 'tpr': 1.0, 'fpr': 0.0, 'shd': 0, 'nnz': 9, 'precision': 1.0, 'recall': 1.0, 'F1': 1.0, 'gscore': 1.0}
[2025-04-09 17:24:32,329] 
===  6-th graph ===
[2025-04-09 17:24:32,329] 8 Nodes of Markov blanket: [0, 1, 3, 5, 6, 7, 8, 9]
[2025-04-09 17:24:42,741] sub_met2 before prunning {'fdr': 0.3214, 'tpr': 1.0, 'fpr': 1.0, 'shd': 9, 'nnz': 28, 'precision': 0.6786, 'recall': 1.0, 'F1': 0.8085, 'gscore': 0.5263}
[2025-04-09 17:24:42,741] sub_met after prunning {'fdr': 0.0952, 'tpr': 1.0, 'fpr': 0.2222, 'shd': 2, 'nnz': 21, 'precision': 0.9048, 'recall': 1.0, 'F1': 0.95, 'gscore': 0.8947}
[2025-04-09 17:24:42,741] 
===  7-th graph ===
[2025-04-09 17:24:42,741] 5 Nodes of Markov blanket: [0, 2, 6, 7, 8]
[2025-04-09 17:24:48,015] sub_met2 before prunning {'fdr': 0.4, 'tpr': 1.0, 'fpr': 1.0, 'shd': 4, 'nnz': 10, 'precision': 0.6, 'recall': 1.0, 'F1': 0.75, 'gscore': 0.3333}
[2025-04-09 17:24:48,015] sub_met after prunning {'fdr': 0.3333, 'tpr': 1.0, 'fpr': 0.75, 'shd': 3, 'nnz': 9, 'precision': 0.6667, 'recall': 1.0, 'F1': 0.8, 'gscore': 0.5}
[2025-04-09 17:24:48,015] 
===  8-th graph ===
[2025-04-09 17:24:48,015] 9 Nodes of Markov blanket: [0, 1, 2, 4, 5, 6, 7, 8, 9]
[2025-04-09 17:25:04,291] sub_met2 before prunning {'fdr': 0.4444, 'tpr': 1.0, 'fpr': 1.0, 'shd': 16, 'nnz': 36, 'precision': 0.5556, 'recall': 1.0, 'F1': 0.7143, 'gscore': 0.2}
[2025-04-09 17:25:04,291] sub_met after prunning {'fdr': 0.1304, 'tpr': 1.0, 'fpr': 0.1875, 'shd': 3, 'nnz': 23, 'precision': 0.8696, 'recall': 1.0, 'F1': 0.9302, 'gscore': 0.85}
[2025-04-09 17:25:04,291] 
===  9-th graph ===
[2025-04-09 17:25:04,293] 7 Nodes of Markov blanket: [1, 3, 4, 5, 6, 8, 9]
[2025-04-09 17:25:15,308] sub_met2 before prunning {'fdr': 0.381, 'tpr': 1.0, 'fpr': 1.0, 'shd': 8, 'nnz': 21, 'precision': 0.619, 'recall': 1.0, 'F1': 0.7647, 'gscore': 0.3846}
[2025-04-09 17:25:15,308] sub_met after prunning {'fdr': 0.0, 'tpr': 1.0, 'fpr': 0.0, 'shd': 0, 'nnz': 13, 'precision': 1.0, 'recall': 1.0, 'F1': 1.0, 'gscore': 1.0}
[2025-04-09 17:25:15,345] merged_met_before  before prunning {'fdr': 0.3514, 'tpr': 1.0, 'fpr': 0.619, 'shd': 13, 'nnz': 37, 'precision': 0.6486, 'recall': 1.0, 'F1': 0.7869, 'gscore': 0.4583}
[2025-04-09 17:25:15,378] merged_met_after  after prunning {'fdr': 0.04, 'tpr': 1.0, 'fpr': 0.0476, 'shd': 1, 'nnz': 25, 'precision': 0.96, 'recall': 1.0, 'F1': 0.9796, 'gscore': 0.9583}
[2025-04-09 17:25:15,378] 
================ repeat number 2 ====================
[2025-04-09 17:25:15,393] 
===  0-th graph ===
[2025-04-09 17:25:15,393] 8 Nodes of Markov blanket: [0, 1, 3, 4, 5, 6, 7, 8]
[2025-04-09 17:25:27,318] sub_met2 before prunning {'fdr': 0.3929, 'tpr': 1.0, 'fpr': 1.0, 'shd': 11, 'nnz': 28, 'precision': 0.6071, 'recall': 1.0, 'F1': 0.7556, 'gscore': 0.3529}
[2025-04-09 17:25:27,318] sub_met after prunning {'fdr': 0.1053, 'tpr': 1.0, 'fpr': 0.1818, 'shd': 2, 'nnz': 19, 'precision': 0.8947, 'recall': 1.0, 'F1': 0.9444, 'gscore': 0.8824}
[2025-04-09 17:25:27,318] 
===  1-th graph ===
[2025-04-09 17:25:27,319] 8 Nodes of Markov blanket: [0, 1, 4, 5, 6, 7, 8, 9]
[2025-04-09 17:25:42,039] sub_met2 before prunning {'fdr': 0.5, 'tpr': 0.9333, 'fpr': 1.0769, 'shd': 14, 'nnz': 28, 'precision': 0.5, 'recall': 0.9333, 'F1': 0.6512, 'gscore': 0.0}
[2025-04-09 17:25:42,039] sub_met after prunning {'fdr': 0.4167, 'tpr': 0.9333, 'fpr': 0.7692, 'shd': 10, 'nnz': 24, 'precision': 0.5833, 'recall': 0.9333, 'F1': 0.7179, 'gscore': 0.2667}
[2025-04-09 17:25:42,040] 
===  2-th graph ===
[2025-04-09 17:25:42,040] 6 Nodes of Markov blanket: [2, 4, 5, 6, 7, 9]
[2025-04-09 17:25:50,419] sub_met2 before prunning {'fdr': 0.6, 'tpr': 1.0, 'fpr': 1.0, 'shd': 9, 'nnz': 15, 'precision': 0.4, 'recall': 1.0, 'F1': 0.5714, 'gscore': 0.0}
[2025-04-09 17:25:50,420] sub_met after prunning {'fdr': 0.5833, 'tpr': 0.8333, 'fpr': 0.7778, 'shd': 8, 'nnz': 12, 'precision': 0.4167, 'recall': 0.8333, 'F1': 0.5556, 'gscore': 0.0}
[2025-04-09 17:25:50,420] 
===  3-th graph ===
[2025-04-09 17:25:50,420] 7 Nodes of Markov blanket: [0, 3, 4, 5, 7, 8, 9]
[2025-04-09 17:26:01,206] sub_met2 before prunning {'fdr': 0.6667, 'tpr': 1.0, 'fpr': 1.0, 'shd': 14, 'nnz': 21, 'precision': 0.3333, 'recall': 1.0, 'F1': 0.5, 'gscore': 0.0}
[2025-04-09 17:26:01,206] sub_met after prunning {'fdr': 0.5882, 'tpr': 1.0, 'fpr': 0.7143, 'shd': 10, 'nnz': 17, 'precision': 0.4118, 'recall': 1.0, 'F1': 0.5833, 'gscore': 0.0}
[2025-04-09 17:26:01,207] 
===  4-th graph ===
[2025-04-09 17:26:01,207] 9 Nodes of Markov blanket: [0, 1, 2, 3, 4, 5, 6, 7, 8]
[2025-04-09 17:26:14,699] sub_met2 before prunning {'fdr': 0.4444, 'tpr': 1.0, 'fpr': 1.0, 'shd': 16, 'nnz': 36, 'precision': 0.5556, 'recall': 1.0, 'F1': 0.7143, 'gscore': 0.2}
[2025-04-09 17:26:14,699] sub_met after prunning {'fdr': 0.0, 'tpr': 1.0, 'fpr': 0.0, 'shd': 0, 'nnz': 20, 'precision': 1.0, 'recall': 1.0, 'F1': 1.0, 'gscore': 1.0}
[2025-04-09 17:26:14,699] 
===  5-th graph ===
[2025-04-09 17:26:14,699] 9 Nodes of Markov blanket: [0, 1, 2, 3, 4, 5, 6, 7, 8]
[2025-04-09 17:26:28,396] sub_met2 before prunning {'fdr': 0.4444, 'tpr': 1.0, 'fpr': 1.0, 'shd': 16, 'nnz': 36, 'precision': 0.5556, 'recall': 1.0, 'F1': 0.7143, 'gscore': 0.2}
[2025-04-09 17:26:28,396] sub_met after prunning {'fdr': 0.0, 'tpr': 1.0, 'fpr': 0.0, 'shd': 0, 'nnz': 20, 'precision': 1.0, 'recall': 1.0, 'F1': 1.0, 'gscore': 1.0}
[2025-04-09 17:26:28,397] 
===  6-th graph ===
[2025-04-09 17:26:28,397] 8 Nodes of Markov blanket: [0, 1, 2, 4, 5, 6, 8, 9]
[2025-04-09 17:26:38,754] sub_met2 before prunning {'fdr': 0.3929, 'tpr': 1.0, 'fpr': 1.0, 'shd': 11, 'nnz': 28, 'precision': 0.6071, 'recall': 1.0, 'F1': 0.7556, 'gscore': 0.3529}
[2025-04-09 17:26:38,754] sub_met after prunning {'fdr': 0.15, 'tpr': 1.0, 'fpr': 0.2727, 'shd': 3, 'nnz': 20, 'precision': 0.85, 'recall': 1.0, 'F1': 0.9189, 'gscore': 0.8235}
[2025-04-09 17:26:38,755] 
===  7-th graph ===
[2025-04-09 17:26:38,755] 8 Nodes of Markov blanket: [0, 1, 2, 3, 4, 5, 7, 8]
[2025-04-09 17:26:49,170] sub_met2 before prunning {'fdr': 0.5, 'tpr': 1.0, 'fpr': 1.0, 'shd': 14, 'nnz': 28, 'precision': 0.5, 'recall': 1.0, 'F1': 0.6667, 'gscore': 0.0}
[2025-04-09 17:26:49,171] sub_met after prunning {'fdr': 0.1765, 'tpr': 1.0, 'fpr': 0.2143, 'shd': 3, 'nnz': 17, 'precision': 0.8235, 'recall': 1.0, 'F1': 0.9032, 'gscore': 0.7857}
[2025-04-09 17:26:49,171] 
===  8-th graph ===
[2025-04-09 17:26:49,171] 8 Nodes of Markov blanket: [0, 1, 3, 4, 5, 6, 7, 8]
[2025-04-09 17:26:59,577] sub_met2 before prunning {'fdr': 0.3929, 'tpr': 1.0, 'fpr': 1.0, 'shd': 11, 'nnz': 28, 'precision': 0.6071, 'recall': 1.0, 'F1': 0.7556, 'gscore': 0.3529}
[2025-04-09 17:26:59,577] sub_met after prunning {'fdr': 0.1053, 'tpr': 1.0, 'fpr': 0.1818, 'shd': 2, 'nnz': 19, 'precision': 0.8947, 'recall': 1.0, 'F1': 0.9444, 'gscore': 0.8824}
[2025-04-09 17:26:59,577] 
===  9-th graph ===
[2025-04-09 17:26:59,577] 5 Nodes of Markov blanket: [1, 2, 3, 6, 9]
[2025-04-09 17:27:04,650] sub_met2 before prunning {'fdr': 0.1, 'tpr': 1.0, 'fpr': 1.0, 'shd': 1, 'nnz': 10, 'precision': 0.9, 'recall': 1.0, 'F1': 0.9474, 'gscore': 0.8889}
[2025-04-09 17:27:04,650] sub_met after prunning {'fdr': 0.0, 'tpr': 0.8889, 'fpr': 0.0, 'shd': 1, 'nnz': 8, 'precision': 1.0, 'recall': 0.8889, 'F1': 0.9412, 'gscore': 0.8889}
[2025-04-09 17:27:04,658] merged_met_before  before prunning {'fdr': 0.3947, 'tpr': 0.9583, 'fpr': 0.7143, 'shd': 16, 'nnz': 38, 'precision': 0.6053, 'recall': 0.9583, 'F1': 0.7419, 'gscore': 0.3333}
[2025-04-09 17:27:04,663] merged_met_after  after prunning {'fdr': 0.087, 'tpr': 0.875, 'fpr': 0.0952, 'shd': 5, 'nnz': 23, 'precision': 0.913, 'recall': 0.875, 'F1': 0.8936, 'gscore': 0.7917}
[2025-04-09 17:27:04,663] 
================ repeat number 3 ====================
[2025-04-09 17:27:04,671] 
===  0-th graph ===
[2025-04-09 17:27:04,671] 6 Nodes of Markov blanket: [0, 1, 6, 7, 8, 9]
[2025-04-09 17:27:11,763] sub_met2 before prunning {'fdr': 0.4667, 'tpr': 0.8889, 'fpr': 1.1667, 'shd': 7, 'nnz': 15, 'precision': 0.5333, 'recall': 0.8889, 'F1': 0.6667, 'gscore': 0.1111}
[2025-04-09 17:27:11,764] sub_met after prunning {'fdr': 0.4667, 'tpr': 0.8889, 'fpr': 1.1667, 'shd': 7, 'nnz': 15, 'precision': 0.5333, 'recall': 0.8889, 'F1': 0.6667, 'gscore': 0.1111}
[2025-04-09 17:27:11,764] 
===  1-th graph ===
[2025-04-09 17:27:11,764] 7 Nodes of Markov blanket: [0, 1, 3, 4, 5, 8, 9]
[2025-04-09 17:27:21,274] sub_met2 before prunning {'fdr': 0.4286, 'tpr': 0.9231, 'fpr': 1.125, 'shd': 9, 'nnz': 21, 'precision': 0.5714, 'recall': 0.9231, 'F1': 0.7059, 'gscore': 0.2308}
[2025-04-09 17:27:21,274] sub_met after prunning {'fdr': 0.2, 'tpr': 0.9231, 'fpr': 0.375, 'shd': 3, 'nnz': 15, 'precision': 0.8, 'recall': 0.9231, 'F1': 0.8571, 'gscore': 0.6923}
[2025-04-09 17:27:21,274] 
===  2-th graph ===
[2025-04-09 17:27:21,274] 5 Nodes of Markov blanket: [2, 3, 5, 6, 9]
[2025-04-09 17:27:26,182] sub_met2 before prunning {'fdr': 0.2, 'tpr': 1.0, 'fpr': 1.0, 'shd': 2, 'nnz': 10, 'precision': 0.8, 'recall': 1.0, 'F1': 0.8889, 'gscore': 0.75}
[2025-04-09 17:27:26,182] sub_met after prunning {'fdr': 0.0, 'tpr': 1.0, 'fpr': 0.0, 'shd': 0, 'nnz': 8, 'precision': 1.0, 'recall': 1.0, 'F1': 1.0, 'gscore': 1.0}
[2025-04-09 17:27:26,182] 
===  3-th graph ===
[2025-04-09 17:27:26,182] 8 Nodes of Markov blanket: [1, 2, 3, 4, 5, 6, 8, 9]
[2025-04-09 17:27:36,351] sub_met2 before prunning {'fdr': 0.3929, 'tpr': 1.0, 'fpr': 1.0, 'shd': 11, 'nnz': 28, 'precision': 0.6071, 'recall': 1.0, 'F1': 0.7556, 'gscore': 0.3529}
[2025-04-09 17:27:36,351] sub_met after prunning {'fdr': 0.0, 'tpr': 1.0, 'fpr': 0.0, 'shd': 0, 'nnz': 17, 'precision': 1.0, 'recall': 1.0, 'F1': 1.0, 'gscore': 1.0}
[2025-04-09 17:27:36,351] 
===  4-th graph ===
[2025-04-09 17:27:36,351] 6 Nodes of Markov blanket: [1, 3, 4, 6, 8, 9]
[2025-04-09 17:27:42,881] sub_met2 before prunning {'fdr': 0.3333, 'tpr': 0.9091, 'fpr': 1.25, 'shd': 5, 'nnz': 15, 'precision': 0.6667, 'recall': 0.9091, 'F1': 0.7692, 'gscore': 0.4545}
[2025-04-09 17:27:42,881] sub_met after prunning {'fdr': 0.2308, 'tpr': 0.9091, 'fpr': 0.75, 'shd': 3, 'nnz': 13, 'precision': 0.7692, 'recall': 0.9091, 'F1': 0.8333, 'gscore': 0.6364}
[2025-04-09 17:27:42,881] 
===  5-th graph ===
[2025-04-09 17:27:42,881] 7 Nodes of Markov blanket: [1, 2, 3, 5, 6, 7, 9]
[2025-04-09 17:27:51,018] sub_met2 before prunning {'fdr': 0.381, 'tpr': 1.0, 'fpr': 1.0, 'shd': 8, 'nnz': 21, 'precision': 0.619, 'recall': 1.0, 'F1': 0.7647, 'gscore': 0.3846}
[2025-04-09 17:27:51,018] sub_met after prunning {'fdr': 0.1875, 'tpr': 1.0, 'fpr': 0.375, 'shd': 3, 'nnz': 16, 'precision': 0.8125, 'recall': 1.0, 'F1': 0.8966, 'gscore': 0.7692}
[2025-04-09 17:27:51,018] 
===  6-th graph ===
[2025-04-09 17:27:51,018] 9 Nodes of Markov blanket: [0, 2, 3, 4, 5, 6, 7, 8, 9]
[2025-04-09 17:28:03,369] sub_met2 before prunning {'fdr': 0.4722, 'tpr': 1.0, 'fpr': 1.0, 'shd': 17, 'nnz': 36, 'precision': 0.5278, 'recall': 1.0, 'F1': 0.6909, 'gscore': 0.1053}
[2025-04-09 17:28:03,369] sub_met after prunning {'fdr': 0.1739, 'tpr': 1.0, 'fpr': 0.2353, 'shd': 4, 'nnz': 23, 'precision': 0.8261, 'recall': 1.0, 'F1': 0.9048, 'gscore': 0.7895}
[2025-04-09 17:28:03,369] 
===  7-th graph ===
[2025-04-09 17:28:03,369] 6 Nodes of Markov blanket: [0, 5, 6, 7, 8, 9]
[2025-04-09 17:28:09,806] sub_met2 before prunning {'fdr': 0.3333, 'tpr': 0.9091, 'fpr': 1.25, 'shd': 5, 'nnz': 15, 'precision': 0.6667, 'recall': 0.9091, 'F1': 0.7692, 'gscore': 0.4545}
[2025-04-09 17:28:09,806] sub_met after prunning {'fdr': 0.3333, 'tpr': 0.9091, 'fpr': 1.25, 'shd': 5, 'nnz': 15, 'precision': 0.6667, 'recall': 0.9091, 'F1': 0.7692, 'gscore': 0.4545}
[2025-04-09 17:28:09,806] 
===  8-th graph ===
[2025-04-09 17:28:09,806] 7 Nodes of Markov blanket: [0, 1, 3, 4, 6, 7, 8]
[2025-04-09 17:28:18,222] sub_met2 before prunning {'fdr': 0.5714, 'tpr': 0.9, 'fpr': 1.0909, 'shd': 12, 'nnz': 21, 'precision': 0.4286, 'recall': 0.9, 'F1': 0.5806, 'gscore': 0.0}
[2025-04-09 17:28:18,222] sub_met after prunning {'fdr': 0.5263, 'tpr': 0.9, 'fpr': 0.9091, 'shd': 10, 'nnz': 19, 'precision': 0.4737, 'recall': 0.9, 'F1': 0.6207, 'gscore': 0.0}
[2025-04-09 17:28:18,222] 
===  9-th graph ===
[2025-04-09 17:28:18,222] 9 Nodes of Markov blanket: [0, 1, 2, 3, 4, 5, 6, 7, 9]
[2025-04-09 17:28:30,588] sub_met2 before prunning {'fdr': 0.4722, 'tpr': 0.95, 'fpr': 1.0625, 'shd': 17, 'nnz': 36, 'precision': 0.5278, 'recall': 0.95, 'F1': 0.6786, 'gscore': 0.1}
[2025-04-09 17:28:30,588] sub_met after prunning {'fdr': 0.2963, 'tpr': 0.95, 'fpr': 0.5, 'shd': 8, 'nnz': 27, 'precision': 0.7037, 'recall': 0.95, 'F1': 0.8085, 'gscore': 0.55}
[2025-04-09 17:28:30,593] merged_met_before  before prunning {'fdr': 0.475, 'tpr': 0.875, 'fpr': 0.9048, 'shd': 22, 'nnz': 40, 'precision': 0.525, 'recall': 0.875, 'F1': 0.6563, 'gscore': 0.0833}
[2025-04-09 17:28:30,598] merged_met_after  after prunning {'fdr': 0.0, 'tpr': 0.875, 'fpr': 0.0, 'shd': 3, 'nnz': 21, 'precision': 1.0, 'recall': 0.875, 'F1': 0.9333, 'gscore': 0.875}
[2025-04-09 17:28:30,601] 
================ repeat number 4 ====================
[2025-04-09 17:28:30,610] 
===  0-th graph ===
[2025-04-09 17:28:30,610] 8 Nodes of Markov blanket: [0, 1, 3, 4, 5, 7, 8, 9]
[2025-04-09 17:28:40,680] sub_met2 before prunning {'fdr': 0.4286, 'tpr': 1.0, 'fpr': 1.0, 'shd': 12, 'nnz': 28, 'precision': 0.5714, 'recall': 1.0, 'F1': 0.7273, 'gscore': 0.25}
[2025-04-09 17:28:40,680] sub_met after prunning {'fdr': 0.36, 'tpr': 1.0, 'fpr': 0.75, 'shd': 9, 'nnz': 25, 'precision': 0.64, 'recall': 1.0, 'F1': 0.7805, 'gscore': 0.4375}
[2025-04-09 17:28:40,680] 
===  1-th graph ===
[2025-04-09 17:28:40,680] 6 Nodes of Markov blanket: [0, 1, 2, 5, 8, 9]
[2025-04-09 17:28:47,295] sub_met2 before prunning {'fdr': 0.5333, 'tpr': 0.875, 'fpr': 1.1429, 'shd': 8, 'nnz': 15, 'precision': 0.4667, 'recall': 0.875, 'F1': 0.6087, 'gscore': 0.0}
[2025-04-09 17:28:47,295] sub_met after prunning {'fdr': 0.3636, 'tpr': 0.875, 'fpr': 0.5714, 'shd': 4, 'nnz': 11, 'precision': 0.6364, 'recall': 0.875, 'F1': 0.7368, 'gscore': 0.375}
[2025-04-09 17:28:47,295] 
===  2-th graph ===
[2025-04-09 17:28:47,295] 5 Nodes of Markov blanket: [1, 2, 3, 6, 8]
[2025-04-09 17:28:52,341] sub_met2 before prunning {'fdr': 0.7, 'tpr': 0.75, 'fpr': 1.1667, 'shd': 7, 'nnz': 10, 'precision': 0.3, 'recall': 0.75, 'F1': 0.4286, 'gscore': 0.0}
[2025-04-09 17:28:52,341] sub_met after prunning {'fdr': 0.4, 'tpr': 0.75, 'fpr': 0.3333, 'shd': 2, 'nnz': 5, 'precision': 0.6, 'recall': 0.75, 'F1': 0.6667, 'gscore': 0.25}
[2025-04-09 17:28:52,341] 
===  3-th graph ===
[2025-04-09 17:28:52,341] 8 Nodes of Markov blanket: [0, 2, 3, 4, 5, 7, 8, 9]
[2025-04-09 17:29:02,847] sub_met2 before prunning {'fdr': 0.2857, 'tpr': 1.0, 'fpr': 1.0, 'shd': 8, 'nnz': 28, 'precision': 0.7143, 'recall': 1.0, 'F1': 0.8333, 'gscore': 0.6}
[2025-04-09 17:29:02,847] sub_met after prunning {'fdr': 0.0476, 'tpr': 1.0, 'fpr': 0.125, 'shd': 1, 'nnz': 21, 'precision': 0.9524, 'recall': 1.0, 'F1': 0.9756, 'gscore': 0.95}
[2025-04-09 17:29:02,847] 
===  4-th graph ===
[2025-04-09 17:29:02,847] 6 Nodes of Markov blanket: [0, 3, 4, 7, 8, 9]
[2025-04-09 17:29:09,335] sub_met2 before prunning {'fdr': 0.4667, 'tpr': 1.0, 'fpr': 1.0, 'shd': 7, 'nnz': 15, 'precision': 0.5333, 'recall': 1.0, 'F1': 0.6957, 'gscore': 0.125}
[2025-04-09 17:29:09,335] sub_met after prunning {'fdr': 0.5, 'tpr': 0.875, 'fpr': 1.0, 'shd': 8, 'nnz': 14, 'precision': 0.5, 'recall': 0.875, 'F1': 0.6364, 'gscore': 0.0}
[2025-04-09 17:29:09,335] 
===  5-th graph ===
[2025-04-09 17:29:09,335] 7 Nodes of Markov blanket: [0, 1, 3, 5, 7, 8, 9]
[2025-04-09 17:29:17,455] sub_met2 before prunning {'fdr': 0.4762, 'tpr': 1.0, 'fpr': 1.0, 'shd': 10, 'nnz': 21, 'precision': 0.5238, 'recall': 1.0, 'F1': 0.6875, 'gscore': 0.0909}
[2025-04-09 17:29:17,455] sub_met after prunning {'fdr': 0.4737, 'tpr': 0.9091, 'fpr': 0.9, 'shd': 10, 'nnz': 19, 'precision': 0.5263, 'recall': 0.9091, 'F1': 0.6667, 'gscore': 0.0909}
[2025-04-09 17:29:17,455] 
===  6-th graph ===
[2025-04-09 17:29:17,455] 2 Nodes of Markov blanket: [2, 6]
[2025-04-09 17:29:18,495] sub_met2 before prunning {'fdr': 0.0, 'tpr': 1.0, 'fpr': 0.0, 'shd': 0, 'nnz': 1, 'precision': 1.0, 'recall': 1.0, 'F1': 1.0, 'gscore': 1.0}
[2025-04-09 17:29:18,495] sub_met after prunning {'fdr': 0.0, 'tpr': 1.0, 'fpr': 0.0, 'shd': 0, 'nnz': 1, 'precision': 1.0, 'recall': 1.0, 'F1': 1.0, 'gscore': 1.0}
[2025-04-09 17:29:18,495] 
===  7-th graph ===
[2025-04-09 17:29:18,495] 7 Nodes of Markov blanket: [0, 3, 4, 5, 7, 8, 9]
[2025-04-09 17:29:26,820] sub_met2 before prunning {'fdr': 0.3333, 'tpr': 1.0, 'fpr': 1.0, 'shd': 7, 'nnz': 21, 'precision': 0.6667, 'recall': 1.0, 'F1': 0.8, 'gscore': 0.5}
[2025-04-09 17:29:26,820] sub_met after prunning {'fdr': 0.35, 'tpr': 0.9286, 'fpr': 1.0, 'shd': 8, 'nnz': 20, 'precision': 0.65, 'recall': 0.9286, 'F1': 0.7647, 'gscore': 0.4286}
[2025-04-09 17:29:26,820] 
===  8-th graph ===
[2025-04-09 17:29:26,820] 9 Nodes of Markov blanket: [0, 1, 2, 3, 4, 5, 7, 8, 9]
[2025-04-09 17:29:39,046] sub_met2 before prunning {'fdr': 0.3611, 'tpr': 1.0, 'fpr': 1.0, 'shd': 13, 'nnz': 36, 'precision': 0.6389, 'recall': 1.0, 'F1': 0.7797, 'gscore': 0.4348}
[2025-04-09 17:29:39,046] sub_met after prunning {'fdr': 0.0417, 'tpr': 1.0, 'fpr': 0.0769, 'shd': 1, 'nnz': 24, 'precision': 0.9583, 'recall': 1.0, 'F1': 0.9787, 'gscore': 0.9565}
[2025-04-09 17:29:39,046] 
===  9-th graph ===
[2025-04-09 17:29:39,046] 8 Nodes of Markov blanket: [0, 1, 3, 4, 5, 7, 8, 9]
[2025-04-09 17:29:49,198] sub_met2 before prunning {'fdr': 0.4286, 'tpr': 1.0, 'fpr': 1.0, 'shd': 12, 'nnz': 28, 'precision': 0.5714, 'recall': 1.0, 'F1': 0.7273, 'gscore': 0.25}
[2025-04-09 17:29:49,198] sub_met after prunning {'fdr': 0.36, 'tpr': 1.0, 'fpr': 0.75, 'shd': 9, 'nnz': 25, 'precision': 0.64, 'recall': 1.0, 'F1': 0.7805, 'gscore': 0.4375}
[2025-04-09 17:29:49,198] merged_met_before  before prunning {'fdr': 0.4103, 'tpr': 0.9583, 'fpr': 0.7619, 'shd': 17, 'nnz': 39, 'precision': 0.5897, 'recall': 0.9583, 'F1': 0.7302, 'gscore': 0.2917}
[2025-04-09 17:29:49,214] merged_met_after  after prunning {'fdr': 0.0455, 'tpr': 0.875, 'fpr': 0.0476, 'shd': 4, 'nnz': 22, 'precision': 0.9545, 'recall': 0.875, 'F1': 0.913, 'gscore': 0.8333}
[2025-04-09 17:29:49,214] 
================ repeat number 5 ====================
[2025-04-09 17:29:49,221] 
===  0-th graph ===
[2025-04-09 17:29:49,221] 6 Nodes of Markov blanket: [0, 1, 3, 6, 8, 9]
[2025-04-09 17:29:55,794] sub_met2 before prunning {'fdr': 0.2667, 'tpr': 1.0, 'fpr': 1.0, 'shd': 4, 'nnz': 15, 'precision': 0.7333, 'recall': 1.0, 'F1': 0.8462, 'gscore': 0.6364}
[2025-04-09 17:29:55,810] sub_met after prunning {'fdr': 0.0, 'tpr': 1.0, 'fpr': 0.0, 'shd': 0, 'nnz': 11, 'precision': 1.0, 'recall': 1.0, 'F1': 1.0, 'gscore': 1.0}
[2025-04-09 17:29:55,810] 
===  1-th graph ===
[2025-04-09 17:29:55,810] 6 Nodes of Markov blanket: [0, 1, 2, 5, 6, 8]
[2025-04-09 17:30:02,257] sub_met2 before prunning {'fdr': 0.3333, 'tpr': 1.0, 'fpr': 1.0, 'shd': 5, 'nnz': 15, 'precision': 0.6667, 'recall': 1.0, 'F1': 0.8, 'gscore': 0.5}
[2025-04-09 17:30:02,257] sub_met after prunning {'fdr': 0.3333, 'tpr': 1.0, 'fpr': 1.0, 'shd': 5, 'nnz': 15, 'precision': 0.6667, 'recall': 1.0, 'F1': 0.8, 'gscore': 0.5}
[2025-04-09 17:30:02,257] 
===  2-th graph ===
[2025-04-09 17:30:02,257] 4 Nodes of Markov blanket: [1, 2, 4, 6]
[2025-04-09 17:30:05,803] sub_met2 before prunning {'fdr': 0.3333, 'tpr': 0.8, 'fpr': 2.0, 'shd': 2, 'nnz': 6, 'precision': 0.6667, 'recall': 0.8, 'F1': 0.7273, 'gscore': 0.4}
[2025-04-09 17:30:05,803] sub_met after prunning {'fdr': 0.3333, 'tpr': 0.8, 'fpr': 2.0, 'shd': 2, 'nnz': 6, 'precision': 0.6667, 'recall': 0.8, 'F1': 0.7273, 'gscore': 0.4}
[2025-04-09 17:30:05,803] 
===  3-th graph ===
[2025-04-09 17:30:05,803] 8 Nodes of Markov blanket: [0, 3, 4, 5, 6, 7, 8, 9]
[2025-04-09 17:30:16,071] sub_met2 before prunning {'fdr': 0.5, 'tpr': 1.0, 'fpr': 1.0, 'shd': 14, 'nnz': 28, 'precision': 0.5, 'recall': 1.0, 'F1': 0.6667, 'gscore': 0.0}
[2025-04-09 17:30:16,071] sub_met after prunning {'fdr': 0.4167, 'tpr': 1.0, 'fpr': 0.7143, 'shd': 10, 'nnz': 24, 'precision': 0.5833, 'recall': 1.0, 'F1': 0.7368, 'gscore': 0.2857}
[2025-04-09 17:30:16,071] 
===  4-th graph ===
[2025-04-09 17:30:16,071] 5 Nodes of Markov blanket: [2, 3, 4, 6, 8]
[2025-04-09 17:30:21,102] sub_met2 before prunning {'fdr': 0.4, 'tpr': 0.8571, 'fpr': 1.3333, 'shd': 4, 'nnz': 10, 'precision': 0.6, 'recall': 0.8571, 'F1': 0.7059, 'gscore': 0.2857}
[2025-04-09 17:30:21,102] sub_met after prunning {'fdr': 0.4, 'tpr': 0.8571, 'fpr': 1.3333, 'shd': 4, 'nnz': 10, 'precision': 0.6, 'recall': 0.8571, 'F1': 0.7059, 'gscore': 0.2857}
[2025-04-09 17:30:21,102] 
===  5-th graph ===
[2025-04-09 17:30:21,102] 5 Nodes of Markov blanket: [1, 3, 5, 8, 9]
[2025-04-09 17:30:26,183] sub_met2 before prunning {'fdr': 0.3, 'tpr': 1.0, 'fpr': 1.0, 'shd': 3, 'nnz': 10, 'precision': 0.7, 'recall': 1.0, 'F1': 0.8235, 'gscore': 0.5714}
[2025-04-09 17:30:26,183] sub_met after prunning {'fdr': 0.2222, 'tpr': 1.0, 'fpr': 0.6667, 'shd': 2, 'nnz': 9, 'precision': 0.7778, 'recall': 1.0, 'F1': 0.875, 'gscore': 0.7143}
[2025-04-09 17:30:26,183] 
===  6-th graph ===
[2025-04-09 17:30:26,183] 8 Nodes of Markov blanket: [0, 1, 2, 3, 4, 6, 7, 8]
[2025-04-09 17:30:36,407] sub_met2 before prunning {'fdr': 0.3571, 'tpr': 1.0, 'fpr': 1.0, 'shd': 10, 'nnz': 28, 'precision': 0.6429, 'recall': 1.0, 'F1': 0.7826, 'gscore': 0.4444}
[2025-04-09 17:30:36,407] sub_met after prunning {'fdr': 0.0, 'tpr': 1.0, 'fpr': 0.0, 'shd': 0, 'nnz': 18, 'precision': 1.0, 'recall': 1.0, 'F1': 1.0, 'gscore': 1.0}
[2025-04-09 17:30:36,407] 
===  7-th graph ===
[2025-04-09 17:30:36,407] 3 Nodes of Markov blanket: [3, 6, 7]
[2025-04-09 17:30:38,653] sub_met2 before prunning {'fdr': 1.0, 'tpr': 0.0, 'fpr': 3.0, 'shd': 3, 'nnz': 3, 'precision': 0.0, 'recall': 0.0, 'F1': nan, 'gscore': 0.0}
[2025-04-09 17:30:38,653] sub_met after prunning {'fdr': 1.0, 'tpr': 0.0, 'fpr': 3.0, 'shd': 3, 'nnz': 3, 'precision': 0.0, 'recall': 0.0, 'F1': nan, 'gscore': 0.0}
[2025-04-09 17:30:38,653] 
===  8-th graph ===
[2025-04-09 17:30:38,653] 8 Nodes of Markov blanket: [0, 1, 3, 4, 5, 6, 8, 9]
[2025-04-09 17:30:48,901] sub_met2 before prunning {'fdr': 0.3571, 'tpr': 1.0, 'fpr': 1.0, 'shd': 10, 'nnz': 28, 'precision': 0.6429, 'recall': 1.0, 'F1': 0.7826, 'gscore': 0.4444}
[2025-04-09 17:30:48,901] sub_met after prunning {'fdr': 0.0, 'tpr': 1.0, 'fpr': 0.0, 'shd': 0, 'nnz': 18, 'precision': 1.0, 'recall': 1.0, 'F1': 1.0, 'gscore': 1.0}
[2025-04-09 17:30:48,901] 
===  9-th graph ===
[2025-04-09 17:30:48,901] 5 Nodes of Markov blanket: [0, 3, 5, 8, 9]
[2025-04-09 17:30:53,892] sub_met2 before prunning {'fdr': 0.3, 'tpr': 1.0, 'fpr': 1.0, 'shd': 3, 'nnz': 10, 'precision': 0.7, 'recall': 1.0, 'F1': 0.8235, 'gscore': 0.5714}
[2025-04-09 17:30:53,892] sub_met after prunning {'fdr': 0.2222, 'tpr': 1.0, 'fpr': 0.6667, 'shd': 2, 'nnz': 9, 'precision': 0.7778, 'recall': 1.0, 'F1': 0.875, 'gscore': 0.7143}
[2025-04-09 17:30:53,892] merged_met_before  before prunning {'fdr': 0.4865, 'tpr': 0.7917, 'fpr': 0.8571, 'shd': 23, 'nnz': 37, 'precision': 0.5135, 'recall': 0.7917, 'F1': 0.623, 'gscore': 0.0417}
[2025-04-09 17:30:53,902] merged_met_after  after prunning {'fdr': 0.0952, 'tpr': 0.7917, 'fpr': 0.0952, 'shd': 7, 'nnz': 21, 'precision': 0.9048, 'recall': 0.7917, 'F1': 0.8444, 'gscore': 0.7083}
[2025-04-09 17:30:53,902] 
================ repeat number 6 ====================
[2025-04-09 17:30:53,914] 
===  0-th graph ===
[2025-04-09 17:30:53,914] 4 Nodes of Markov blanket: [0, 2, 6, 9]
[2025-04-09 17:30:57,468] sub_met2 before prunning {'fdr': 0.3333, 'tpr': 0.8, 'fpr': 2.0, 'shd': 2, 'nnz': 6, 'precision': 0.6667, 'recall': 0.8, 'F1': 0.7273, 'gscore': 0.4}
[2025-04-09 17:30:57,468] sub_met after prunning {'fdr': 0.3333, 'tpr': 0.8, 'fpr': 2.0, 'shd': 2, 'nnz': 6, 'precision': 0.6667, 'recall': 0.8, 'F1': 0.7273, 'gscore': 0.4}
[2025-04-09 17:30:57,468] 
===  1-th graph ===
[2025-04-09 17:30:57,468] 5 Nodes of Markov blanket: [1, 2, 6, 8, 9]
[2025-04-09 17:31:02,431] sub_met2 before prunning {'fdr': 0.4, 'tpr': 0.8571, 'fpr': 1.3333, 'shd': 4, 'nnz': 10, 'precision': 0.6, 'recall': 0.8571, 'F1': 0.7059, 'gscore': 0.2857}
[2025-04-09 17:31:02,431] sub_met after prunning {'fdr': 0.3333, 'tpr': 0.8571, 'fpr': 1.0, 'shd': 3, 'nnz': 9, 'precision': 0.6667, 'recall': 0.8571, 'F1': 0.75, 'gscore': 0.4286}
[2025-04-09 17:31:02,431] 
===  2-th graph ===
[2025-04-09 17:31:02,431] 7 Nodes of Markov blanket: [0, 1, 2, 3, 5, 7, 9]
[2025-04-09 17:31:10,785] sub_met2 before prunning {'fdr': 0.4286, 'tpr': 1.0, 'fpr': 1.0, 'shd': 9, 'nnz': 21, 'precision': 0.5714, 'recall': 1.0, 'F1': 0.7273, 'gscore': 0.25}
[2025-04-09 17:31:10,785] sub_met after prunning {'fdr': 0.3684, 'tpr': 1.0, 'fpr': 0.7778, 'shd': 7, 'nnz': 19, 'precision': 0.6316, 'recall': 1.0, 'F1': 0.7742, 'gscore': 0.4167}
[2025-04-09 17:31:10,785] 
===  3-th graph ===
[2025-04-09 17:31:10,785] 5 Nodes of Markov blanket: [2, 3, 4, 5, 6]
[2025-04-09 17:31:17,432] sub_met2 before prunning {'fdr': 0.2, 'tpr': 1.0, 'fpr': 1.0, 'shd': 2, 'nnz': 10, 'precision': 0.8, 'recall': 1.0, 'F1': 0.8889, 'gscore': 0.75}
[2025-04-09 17:31:17,432] sub_met after prunning {'fdr': 0.2, 'tpr': 1.0, 'fpr': 1.0, 'shd': 2, 'nnz': 10, 'precision': 0.8, 'recall': 1.0, 'F1': 0.8889, 'gscore': 0.75}
[2025-04-09 17:31:17,432] 
===  4-th graph ===
[2025-04-09 17:31:17,432] 6 Nodes of Markov blanket: [3, 4, 5, 6, 7, 9]
[2025-04-09 17:31:24,571] sub_met2 before prunning {'fdr': 0.5333, 'tpr': 1.0, 'fpr': 1.0, 'shd': 8, 'nnz': 15, 'precision': 0.4667, 'recall': 1.0, 'F1': 0.6364, 'gscore': 0.0}
[2025-04-09 17:31:24,571] sub_met after prunning {'fdr': 0.5, 'tpr': 1.0, 'fpr': 0.875, 'shd': 7, 'nnz': 14, 'precision': 0.5, 'recall': 1.0, 'F1': 0.6667, 'gscore': 0.0}
[2025-04-09 17:31:24,571] 
===  5-th graph ===
[2025-04-09 17:31:24,571] 6 Nodes of Markov blanket: [2, 3, 4, 5, 7, 9]
[2025-04-09 17:31:31,881] sub_met2 before prunning {'fdr': 0.3333, 'tpr': 1.0, 'fpr': 1.0, 'shd': 5, 'nnz': 15, 'precision': 0.6667, 'recall': 1.0, 'F1': 0.8, 'gscore': 0.5}
[2025-04-09 17:31:31,881] sub_met after prunning {'fdr': 0.2308, 'tpr': 1.0, 'fpr': 0.6, 'shd': 3, 'nnz': 13, 'precision': 0.7692, 'recall': 1.0, 'F1': 0.8696, 'gscore': 0.7}
[2025-04-09 17:31:31,881] 
===  6-th graph ===
[2025-04-09 17:31:31,881] 7 Nodes of Markov blanket: [0, 1, 3, 4, 6, 8, 9]
[2025-04-09 17:31:40,053] sub_met2 before prunning {'fdr': 0.5714, 'tpr': 1.0, 'fpr': 1.0, 'shd': 12, 'nnz': 21, 'precision': 0.4286, 'recall': 1.0, 'F1': 0.6, 'gscore': 0.0}
[2025-04-09 17:31:40,053] sub_met after prunning {'fdr': 0.5263, 'tpr': 1.0, 'fpr': 0.8333, 'shd': 10, 'nnz': 19, 'precision': 0.4737, 'recall': 1.0, 'F1': 0.6429, 'gscore': 0.0}
[2025-04-09 17:31:40,053] 
===  7-th graph ===
[2025-04-09 17:31:40,053] 5 Nodes of Markov blanket: [2, 4, 5, 7, 9]
[2025-04-09 17:31:44,995] sub_met2 before prunning {'fdr': 0.3, 'tpr': 1.0, 'fpr': 1.0, 'shd': 3, 'nnz': 10, 'precision': 0.7, 'recall': 1.0, 'F1': 0.8235, 'gscore': 0.5714}
[2025-04-09 17:31:44,995] sub_met after prunning {'fdr': 0.2222, 'tpr': 1.0, 'fpr': 0.6667, 'shd': 2, 'nnz': 9, 'precision': 0.7778, 'recall': 1.0, 'F1': 0.875, 'gscore': 0.7143}
[2025-04-09 17:31:44,995] 
===  8-th graph ===
[2025-04-09 17:31:44,995] 4 Nodes of Markov blanket: [1, 6, 8, 9]
[2025-04-09 17:31:48,519] sub_met2 before prunning {'fdr': 0.5, 'tpr': 1.0, 'fpr': 1.0, 'shd': 3, 'nnz': 6, 'precision': 0.5, 'recall': 1.0, 'F1': 0.6667, 'gscore': 0.0}
[2025-04-09 17:31:48,524] sub_met after prunning {'fdr': 0.4, 'tpr': 1.0, 'fpr': 0.6667, 'shd': 2, 'nnz': 5, 'precision': 0.6, 'recall': 1.0, 'F1': 0.75, 'gscore': 0.3333}
[2025-04-09 17:31:48,524] 
===  9-th graph ===
[2025-04-09 17:31:48,524] 9 Nodes of Markov blanket: [0, 1, 2, 4, 5, 6, 7, 8, 9]
[2025-04-09 17:32:00,837] sub_met2 before prunning {'fdr': 0.4722, 'tpr': 1.0, 'fpr': 1.0, 'shd': 17, 'nnz': 36, 'precision': 0.5278, 'recall': 1.0, 'F1': 0.6909, 'gscore': 0.1053}
[2025-04-09 17:32:00,840] sub_met after prunning {'fdr': 0.05, 'tpr': 1.0, 'fpr': 0.0588, 'shd': 1, 'nnz': 20, 'precision': 0.95, 'recall': 1.0, 'F1': 0.9744, 'gscore': 0.9474}
[2025-04-09 17:32:00,868] merged_met_before  before prunning {'fdr': 0.425, 'tpr': 0.9583, 'fpr': 0.8095, 'shd': 18, 'nnz': 40, 'precision': 0.575, 'recall': 0.9583, 'F1': 0.7188, 'gscore': 0.25}
[2025-04-09 17:32:00,900] merged_met_after  after prunning {'fdr': 0.08, 'tpr': 0.9583, 'fpr': 0.0952, 'shd': 3, 'nnz': 25, 'precision': 0.92, 'recall': 0.9583, 'F1': 0.9388, 'gscore': 0.875}
[2025-04-09 17:32:00,900] 
================ repeat number 7 ====================
[2025-04-09 17:32:00,910] 
===  0-th graph ===
[2025-04-09 17:32:00,911] 7 Nodes of Markov blanket: [0, 1, 2, 4, 5, 7, 8]
[2025-04-09 17:32:09,071] sub_met2 before prunning {'fdr': 0.3333, 'tpr': 0.9333, 'fpr': 1.1667, 'shd': 7, 'nnz': 21, 'precision': 0.6667, 'recall': 0.9333, 'F1': 0.7778, 'gscore': 0.4667}
[2025-04-09 17:32:09,071] sub_met after prunning {'fdr': 0.3, 'tpr': 0.9333, 'fpr': 1.0, 'shd': 6, 'nnz': 20, 'precision': 0.7, 'recall': 0.9333, 'F1': 0.8, 'gscore': 0.5333}
[2025-04-09 17:32:09,071] 
===  1-th graph ===
[2025-04-09 17:32:09,071] 8 Nodes of Markov blanket: [0, 1, 2, 4, 5, 7, 8, 9]
[2025-04-09 17:32:19,130] sub_met2 before prunning {'fdr': 0.3571, 'tpr': 0.9474, 'fpr': 1.1111, 'shd': 10, 'nnz': 28, 'precision': 0.6429, 'recall': 0.9474, 'F1': 0.766, 'gscore': 0.4211}
[2025-04-09 17:32:19,130] sub_met after prunning {'fdr': 0.1818, 'tpr': 0.9474, 'fpr': 0.4444, 'shd': 4, 'nnz': 22, 'precision': 0.8182, 'recall': 0.9474, 'F1': 0.878, 'gscore': 0.7368}
[2025-04-09 17:32:19,130] 
===  2-th graph ===
[2025-04-09 17:32:19,130] 10 Nodes of Markov blanket: [0, 1, 2, 3, 4, 5, 6, 7, 8, 9]
[2025-04-09 17:32:33,678] sub_met2 before prunning {'fdr': 0.5111, 'tpr': 0.9167, 'fpr': 1.0952, 'shd': 23, 'nnz': 45, 'precision': 0.4889, 'recall': 0.9167, 'F1': 0.6377, 'gscore': 0.0}
[2025-04-09 17:32:33,678] sub_met after prunning {'fdr': 0.3714, 'tpr': 0.9167, 'fpr': 0.619, 'shd': 13, 'nnz': 35, 'precision': 0.6286, 'recall': 0.9167, 'F1': 0.7458, 'gscore': 0.375}
[2025-04-09 17:32:33,678] 
===  3-th graph ===
[2025-04-09 17:32:33,678] 7 Nodes of Markov blanket: [2, 3, 4, 5, 7, 8, 9]
[2025-04-09 17:32:41,706] sub_met2 before prunning {'fdr': 0.4286, 'tpr': 1.0, 'fpr': 1.0, 'shd': 9, 'nnz': 21, 'precision': 0.5714, 'recall': 1.0, 'F1': 0.7273, 'gscore': 0.25}
[2025-04-09 17:32:41,706] sub_met after prunning {'fdr': 0.2, 'tpr': 1.0, 'fpr': 0.3333, 'shd': 3, 'nnz': 15, 'precision': 0.8, 'recall': 1.0, 'F1': 0.8889, 'gscore': 0.75}
[2025-04-09 17:32:41,706] 
===  4-th graph ===
[2025-04-09 17:32:41,706] 9 Nodes of Markov blanket: [0, 1, 2, 3, 4, 5, 7, 8, 9]
[2025-04-09 17:32:54,013] sub_met2 before prunning {'fdr': 0.3889, 'tpr': 0.9565, 'fpr': 1.0769, 'shd': 14, 'nnz': 36, 'precision': 0.6111, 'recall': 0.9565, 'F1': 0.7458, 'gscore': 0.3478}
[2025-04-09 17:32:54,013] sub_met after prunning {'fdr': 0.1538, 'tpr': 0.9565, 'fpr': 0.3077, 'shd': 4, 'nnz': 26, 'precision': 0.8462, 'recall': 0.9565, 'F1': 0.898, 'gscore': 0.7826}
[2025-04-09 17:32:54,013] 
===  5-th graph ===
[2025-04-09 17:32:54,013] 10 Nodes of Markov blanket: [0, 1, 2, 3, 4, 5, 6, 7, 8, 9]
[2025-04-09 17:33:08,673] sub_met2 before prunning {'fdr': 0.5111, 'tpr': 0.9167, 'fpr': 1.0952, 'shd': 23, 'nnz': 45, 'precision': 0.4889, 'recall': 0.9167, 'F1': 0.6377, 'gscore': 0.0}
[2025-04-09 17:33:08,673] sub_met after prunning {'fdr': 0.3714, 'tpr': 0.9167, 'fpr': 0.619, 'shd': 13, 'nnz': 35, 'precision': 0.6286, 'recall': 0.9167, 'F1': 0.7458, 'gscore': 0.375}
[2025-04-09 17:33:08,673] 
===  6-th graph ===
[2025-04-09 17:33:08,673] 4 Nodes of Markov blanket: [2, 5, 6, 7]
[2025-04-09 17:33:12,274] sub_met2 before prunning {'fdr': 0.6667, 'tpr': 1.0, 'fpr': 1.0, 'shd': 4, 'nnz': 6, 'precision': 0.3333, 'recall': 1.0, 'F1': 0.5, 'gscore': 0.0}
[2025-04-09 17:33:12,274] sub_met after prunning {'fdr': 0.3333, 'tpr': 1.0, 'fpr': 0.25, 'shd': 1, 'nnz': 3, 'precision': 0.6667, 'recall': 1.0, 'F1': 0.8, 'gscore': 0.5}
[2025-04-09 17:33:12,274] 
===  7-th graph ===
[2025-04-09 17:33:12,274] 10 Nodes of Markov blanket: [0, 1, 2, 3, 4, 5, 6, 7, 8, 9]
[2025-04-09 17:33:27,020] sub_met2 before prunning {'fdr': 0.5111, 'tpr': 0.9167, 'fpr': 1.0952, 'shd': 23, 'nnz': 45, 'precision': 0.4889, 'recall': 0.9167, 'F1': 0.6377, 'gscore': 0.0}
[2025-04-09 17:33:27,020] sub_met after prunning {'fdr': 0.3714, 'tpr': 0.9167, 'fpr': 0.619, 'shd': 13, 'nnz': 35, 'precision': 0.6286, 'recall': 0.9167, 'F1': 0.7458, 'gscore': 0.375}
[2025-04-09 17:33:27,020] 
===  8-th graph ===
[2025-04-09 17:33:27,020] 9 Nodes of Markov blanket: [0, 1, 2, 3, 4, 5, 7, 8, 9]
[2025-04-09 17:33:39,211] sub_met2 before prunning {'fdr': 0.3889, 'tpr': 0.9565, 'fpr': 1.0769, 'shd': 14, 'nnz': 36, 'precision': 0.6111, 'recall': 0.9565, 'F1': 0.7458, 'gscore': 0.3478}
[2025-04-09 17:33:39,211] sub_met after prunning {'fdr': 0.1538, 'tpr': 0.9565, 'fpr': 0.3077, 'shd': 4, 'nnz': 26, 'precision': 0.8462, 'recall': 0.9565, 'F1': 0.898, 'gscore': 0.7826}
[2025-04-09 17:33:39,211] 
===  9-th graph ===
[2025-04-09 17:33:39,211] 8 Nodes of Markov blanket: [1, 2, 3, 4, 5, 7, 8, 9]
[2025-04-09 17:33:49,072] sub_met2 before prunning {'fdr': 0.3214, 'tpr': 1.0, 'fpr': 1.0, 'shd': 9, 'nnz': 28, 'precision': 0.6786, 'recall': 1.0, 'F1': 0.8085, 'gscore': 0.5263}
[2025-04-09 17:33:49,072] sub_met after prunning {'fdr': 0.1364, 'tpr': 1.0, 'fpr': 0.3333, 'shd': 3, 'nnz': 22, 'precision': 0.8636, 'recall': 1.0, 'F1': 0.9268, 'gscore': 0.8421}
[2025-04-09 17:33:49,085] merged_met_before  before prunning {'fdr': 0.4762, 'tpr': 0.9167, 'fpr': 0.9524, 'shd': 20, 'nnz': 42, 'precision': 0.5238, 'recall': 0.9167, 'F1': 0.6667, 'gscore': 0.0833}
[2025-04-09 17:33:49,089] merged_met_after  after prunning {'fdr': 0.2667, 'tpr': 0.9167, 'fpr': 0.381, 'shd': 8, 'nnz': 30, 'precision': 0.7333, 'recall': 0.9167, 'F1': 0.8148, 'gscore': 0.5833}
[2025-04-09 17:33:49,089] 
================ repeat number 8 ====================
[2025-04-09 17:33:49,095] 
===  0-th graph ===
[2025-04-09 17:33:49,095] 5 Nodes of Markov blanket: [0, 1, 4, 5, 9]
[2025-04-09 17:33:54,018] sub_met2 before prunning {'fdr': 0.5, 'tpr': 0.8333, 'fpr': 1.25, 'shd': 5, 'nnz': 10, 'precision': 0.5, 'recall': 0.8333, 'F1': 0.625, 'gscore': 0.0}
[2025-04-09 17:33:54,018] sub_met after prunning {'fdr': 0.4444, 'tpr': 0.8333, 'fpr': 1.0, 'shd': 4, 'nnz': 9, 'precision': 0.5556, 'recall': 0.8333, 'F1': 0.6667, 'gscore': 0.1667}
[2025-04-09 17:33:54,018] 
===  1-th graph ===
[2025-04-09 17:33:54,018] 7 Nodes of Markov blanket: [0, 1, 2, 3, 4, 7, 8]
[2025-04-09 17:34:02,069] sub_met2 before prunning {'fdr': 0.5238, 'tpr': 0.9091, 'fpr': 1.1, 'shd': 11, 'nnz': 21, 'precision': 0.4762, 'recall': 0.9091, 'F1': 0.625, 'gscore': 0.0}
[2025-04-09 17:34:02,069] sub_met after prunning {'fdr': 0.1667, 'tpr': 0.9091, 'fpr': 0.2, 'shd': 2, 'nnz': 12, 'precision': 0.8333, 'recall': 0.9091, 'F1': 0.8696, 'gscore': 0.7273}
[2025-04-09 17:34:02,069] 
===  2-th graph ===
[2025-04-09 17:34:02,069] 4 Nodes of Markov blanket: [1, 2, 5, 7]
[2025-04-09 17:34:05,694] sub_met2 before prunning {'fdr': 0.1667, 'tpr': 1.0, 'fpr': 1.0, 'shd': 1, 'nnz': 6, 'precision': 0.8333, 'recall': 1.0, 'F1': 0.9091, 'gscore': 0.8}
[2025-04-09 17:34:05,694] sub_met after prunning {'fdr': 0.0, 'tpr': 1.0, 'fpr': 0.0, 'shd': 0, 'nnz': 5, 'precision': 1.0, 'recall': 1.0, 'F1': 1.0, 'gscore': 1.0}
[2025-04-09 17:34:05,694] 
===  3-th graph ===
[2025-04-09 17:34:05,694] 5 Nodes of Markov blanket: [1, 3, 4, 7, 8]
[2025-04-09 17:34:10,557] sub_met2 before prunning {'fdr': 0.3, 'tpr': 1.0, 'fpr': 1.0, 'shd': 3, 'nnz': 10, 'precision': 0.7, 'recall': 1.0, 'F1': 0.8235, 'gscore': 0.5714}
[2025-04-09 17:34:10,561] sub_met after prunning {'fdr': 0.0, 'tpr': 1.0, 'fpr': 0.0, 'shd': 0, 'nnz': 7, 'precision': 1.0, 'recall': 1.0, 'F1': 1.0, 'gscore': 1.0}
[2025-04-09 17:34:10,561] 
===  4-th graph ===
[2025-04-09 17:34:10,561] 7 Nodes of Markov blanket: [0, 1, 3, 4, 6, 7, 9]
[2025-04-09 17:34:19,026] sub_met2 before prunning {'fdr': 0.4762, 'tpr': 0.9167, 'fpr': 1.1111, 'shd': 10, 'nnz': 21, 'precision': 0.5238, 'recall': 0.9167, 'F1': 0.6667, 'gscore': 0.0833}
[2025-04-09 17:34:19,026] sub_met after prunning {'fdr': 0.3889, 'tpr': 0.9167, 'fpr': 0.7778, 'shd': 7, 'nnz': 18, 'precision': 0.6111, 'recall': 0.9167, 'F1': 0.7333, 'gscore': 0.3333}
[2025-04-09 17:34:19,026] 
===  5-th graph ===
[2025-04-09 17:34:19,026] 5 Nodes of Markov blanket: [0, 2, 5, 7, 9]
[2025-04-09 17:34:24,259] sub_met2 before prunning {'fdr': 0.3, 'tpr': 0.875, 'fpr': 1.5, 'shd': 3, 'nnz': 10, 'precision': 0.7, 'recall': 0.875, 'F1': 0.7778, 'gscore': 0.5}
[2025-04-09 17:34:24,259] sub_met after prunning {'fdr': 0.2222, 'tpr': 0.875, 'fpr': 1.0, 'shd': 2, 'nnz': 9, 'precision': 0.7778, 'recall': 0.875, 'F1': 0.8235, 'gscore': 0.625}
[2025-04-09 17:34:24,259] 
===  6-th graph ===
[2025-04-09 17:34:24,259] 4 Nodes of Markov blanket: [4, 6, 7, 8]
[2025-04-09 17:34:27,851] sub_met2 before prunning {'fdr': 0.1667, 'tpr': 1.0, 'fpr': 1.0, 'shd': 1, 'nnz': 6, 'precision': 0.8333, 'recall': 1.0, 'F1': 0.9091, 'gscore': 0.8}
[2025-04-09 17:34:27,855] sub_met after prunning {'fdr': 0.0, 'tpr': 0.8, 'fpr': 0.0, 'shd': 1, 'nnz': 4, 'precision': 1.0, 'recall': 0.8, 'F1': 0.8889, 'gscore': 0.8}
[2025-04-09 17:34:27,855] 
===  7-th graph ===
[2025-04-09 17:34:27,855] 9 Nodes of Markov blanket: [1, 2, 3, 4, 5, 6, 7, 8, 9]
[2025-04-09 17:34:40,273] sub_met2 before prunning {'fdr': 0.4444, 'tpr': 1.0, 'fpr': 1.0, 'shd': 16, 'nnz': 36, 'precision': 0.5556, 'recall': 1.0, 'F1': 0.7143, 'gscore': 0.2}
[2025-04-09 17:34:40,273] sub_met after prunning {'fdr': 0.1667, 'tpr': 1.0, 'fpr': 0.25, 'shd': 4, 'nnz': 24, 'precision': 0.8333, 'recall': 1.0, 'F1': 0.9091, 'gscore': 0.8}
[2025-04-09 17:34:40,273] 
===  8-th graph ===
[2025-04-09 17:34:40,273] 6 Nodes of Markov blanket: [1, 3, 6, 7, 8, 9]
[2025-04-09 17:34:46,747] sub_met2 before prunning {'fdr': 0.3333, 'tpr': 1.0, 'fpr': 1.0, 'shd': 5, 'nnz': 15, 'precision': 0.6667, 'recall': 1.0, 'F1': 0.8, 'gscore': 0.5}
[2025-04-09 17:34:46,747] sub_met after prunning {'fdr': 0.2308, 'tpr': 1.0, 'fpr': 0.6, 'shd': 3, 'nnz': 13, 'precision': 0.7692, 'recall': 1.0, 'F1': 0.8696, 'gscore': 0.7}
[2025-04-09 17:34:46,747] 
===  9-th graph ===
[2025-04-09 17:34:46,747] 6 Nodes of Markov blanket: [0, 4, 5, 7, 8, 9]
[2025-04-09 17:34:53,223] sub_met2 before prunning {'fdr': 0.3333, 'tpr': 0.9091, 'fpr': 1.25, 'shd': 5, 'nnz': 15, 'precision': 0.6667, 'recall': 0.9091, 'F1': 0.7692, 'gscore': 0.4545}
[2025-04-09 17:34:53,223] sub_met after prunning {'fdr': 0.1667, 'tpr': 0.9091, 'fpr': 0.5, 'shd': 2, 'nnz': 12, 'precision': 0.8333, 'recall': 0.9091, 'F1': 0.8696, 'gscore': 0.7273}
[2025-04-09 17:34:53,260] merged_met_before  before prunning {'fdr': 0.4211, 'tpr': 0.9167, 'fpr': 0.7619, 'shd': 18, 'nnz': 38, 'precision': 0.5789, 'recall': 0.9167, 'F1': 0.7097, 'gscore': 0.25}
[2025-04-09 17:34:53,299] merged_met_after  after prunning {'fdr': 0.087, 'tpr': 0.875, 'fpr': 0.0952, 'shd': 5, 'nnz': 23, 'precision': 0.913, 'recall': 0.875, 'F1': 0.8936, 'gscore': 0.7917}
[2025-04-09 17:34:53,301] 
================ repeat number 9 ====================
[2025-04-09 17:34:53,310] 
===  0-th graph ===
[2025-04-09 17:34:53,310] 6 Nodes of Markov blanket: [0, 1, 4, 5, 8, 9]
[2025-04-09 17:34:59,932] sub_met2 before prunning {'fdr': 0.2, 'tpr': 1.0, 'fpr': 1.0, 'shd': 3, 'nnz': 15, 'precision': 0.8, 'recall': 1.0, 'F1': 0.8889, 'gscore': 0.75}
[2025-04-09 17:34:59,932] sub_met after prunning {'fdr': 0.0, 'tpr': 0.9167, 'fpr': 0.0, 'shd': 1, 'nnz': 11, 'precision': 1.0, 'recall': 0.9167, 'F1': 0.9565, 'gscore': 0.9167}
[2025-04-09 17:34:59,932] 
===  1-th graph ===
[2025-04-09 17:34:59,932] 3 Nodes of Markov blanket: [0, 1, 7]
[2025-04-09 17:35:02,183] [Error] met_before=None: Traceback (most recent call last):
  File "D:\nips\causual-discovery\DC_FAS.py", line 223, in infer_causal
    met_before = castle.metrics.MetricsDAG(causal_matrix_order, true_dag)
  File "C:\Users\tpc19\anaconda3\envs\py310\lib\site-packages\castle\metrics\evaluation.py", line 59, in __init__
    self.metrics = MetricsDAG._count_accuracy(self.B_est, self.B_true)
  File "C:\Users\tpc19\anaconda3\envs\py310\lib\site-packages\castle\metrics\evaluation.py", line 163, in _count_accuracy
    gscore = MetricsDAG._cal_gscore(W_p, W_true)
  File "C:\Users\tpc19\anaconda3\envs\py310\lib\site-packages\castle\metrics\evaluation.py", line 190, in _cal_gscore
    assert num_true!=0
AssertionError

[2025-04-09 17:35:02,183] [Error] sub_met=None: Traceback (most recent call last):
  File "D:\nips\causual-discovery\DC_FAS.py", line 334, in <module>
    sub_met = castle.metrics.MetricsDAG(sub_causal_matrix, sub_true_dag)
  File "C:\Users\tpc19\anaconda3\envs\py310\lib\site-packages\castle\metrics\evaluation.py", line 59, in __init__
    self.metrics = MetricsDAG._count_accuracy(self.B_est, self.B_true)
  File "C:\Users\tpc19\anaconda3\envs\py310\lib\site-packages\castle\metrics\evaluation.py", line 163, in _count_accuracy
    gscore = MetricsDAG._cal_gscore(W_p, W_true)
  File "C:\Users\tpc19\anaconda3\envs\py310\lib\site-packages\castle\metrics\evaluation.py", line 190, in _cal_gscore
    assert num_true!=0
AssertionError

[2025-04-09 17:35:02,183] sub_met2 before prunning None
[2025-04-09 17:35:02,183] sub_met after prunning None
[2025-04-09 17:35:02,183] 
===  2-th graph ===
[2025-04-09 17:35:02,183] 4 Nodes of Markov blanket: [2, 6, 8, 9]
[2025-04-09 17:35:05,807] sub_met2 before prunning {'fdr': 0.0, 'tpr': 1.0, 'fpr': 0.0, 'shd': 0, 'nnz': 6, 'precision': 1.0, 'recall': 1.0, 'F1': 1.0, 'gscore': 1.0}
[2025-04-09 17:35:05,807] sub_met after prunning {'fdr': 0.0, 'tpr': 1.0, 'fpr': 0.0, 'shd': 0, 'nnz': 6, 'precision': 1.0, 'recall': 1.0, 'F1': 1.0, 'gscore': 1.0}
[2025-04-09 17:35:05,807] 
===  3-th graph ===
[2025-04-09 17:35:05,807] 5 Nodes of Markov blanket: [0, 4, 6, 8, 9]
[2025-04-09 17:35:10,814] sub_met2 before prunning {'fdr': 0.0, 'tpr': 1.0, 'fpr': 0.0, 'shd': 0, 'nnz': 10, 'precision': 1.0, 'recall': 1.0, 'F1': 1.0, 'gscore': 1.0}
[2025-04-09 17:35:10,814] sub_met after prunning {'fdr': 0.0, 'tpr': 1.0, 'fpr': 0.0, 'shd': 0, 'nnz': 10, 'precision': 1.0, 'recall': 1.0, 'F1': 1.0, 'gscore': 1.0}
[2025-04-09 17:35:10,814] 
===  4-th graph ===
[2025-04-09 17:35:10,814] 4 Nodes of Markov blanket: [0, 5, 7, 8]
[2025-04-09 17:35:14,435] sub_met2 before prunning {'fdr': 0.3333, 'tpr': 0.8, 'fpr': 2.0, 'shd': 2, 'nnz': 6, 'precision': 0.6667, 'recall': 0.8, 'F1': 0.7273, 'gscore': 0.4}
[2025-04-09 17:35:14,435] sub_met after prunning {'fdr': 0.3333, 'tpr': 0.8, 'fpr': 2.0, 'shd': 2, 'nnz': 6, 'precision': 0.6667, 'recall': 0.8, 'F1': 0.7273, 'gscore': 0.4}
[2025-04-09 17:35:14,435] 
===  5-th graph ===
[2025-04-09 17:35:14,435] 6 Nodes of Markov blanket: [2, 4, 6, 7, 8, 9]
[2025-04-09 17:35:20,990] sub_met2 before prunning {'fdr': 0.2, 'tpr': 1.0, 'fpr': 1.0, 'shd': 3, 'nnz': 15, 'precision': 0.8, 'recall': 1.0, 'F1': 0.8889, 'gscore': 0.75}
[2025-04-09 17:35:20,990] sub_met after prunning {'fdr': 0.0, 'tpr': 1.0, 'fpr': 0.0, 'shd': 0, 'nnz': 12, 'precision': 1.0, 'recall': 1.0, 'F1': 1.0, 'gscore': 1.0}
[2025-04-09 17:35:20,990] 
===  6-th graph ===
[2025-04-09 17:35:20,990] 5 Nodes of Markov blanket: [1, 5, 6, 7, 8]
[2025-04-09 17:35:25,837] sub_met2 before prunning {'fdr': 0.4, 'tpr': 1.0, 'fpr': 1.0, 'shd': 4, 'nnz': 10, 'precision': 0.6, 'recall': 1.0, 'F1': 0.75, 'gscore': 0.3333}
[2025-04-09 17:35:25,837] sub_met after prunning {'fdr': 0.25, 'tpr': 1.0, 'fpr': 0.5, 'shd': 2, 'nnz': 8, 'precision': 0.75, 'recall': 1.0, 'F1': 0.8571, 'gscore': 0.6667}
[2025-04-09 17:35:25,837] 
===  7-th graph ===
[2025-04-09 17:35:25,837] 7 Nodes of Markov blanket: [0, 2, 4, 5, 6, 7, 8]
[2025-04-09 17:35:33,865] sub_met2 before prunning {'fdr': 0.2857, 'tpr': 1.0, 'fpr': 1.0, 'shd': 6, 'nnz': 21, 'precision': 0.7143, 'recall': 1.0, 'F1': 0.8333, 'gscore': 0.6}
[2025-04-09 17:35:33,865] sub_met after prunning {'fdr': 0.1667, 'tpr': 1.0, 'fpr': 0.5, 'shd': 3, 'nnz': 18, 'precision': 0.8333, 'recall': 1.0, 'F1': 0.9091, 'gscore': 0.8}
[2025-04-09 17:35:33,865] 
===  8-th graph ===
[2025-04-09 17:35:33,865] 5 Nodes of Markov blanket: [0, 2, 4, 6, 9]
[2025-04-09 17:35:38,858] sub_met2 before prunning {'fdr': 0.4, 'tpr': 0.75, 'fpr': 2.0, 'shd': 4, 'nnz': 10, 'precision': 0.6, 'recall': 0.75, 'F1': 0.6667, 'gscore': 0.25}
[2025-04-09 17:35:38,858] sub_met after prunning {'fdr': 0.4, 'tpr': 0.75, 'fpr': 2.0, 'shd': 4, 'nnz': 10, 'precision': 0.6, 'recall': 0.75, 'F1': 0.6667, 'gscore': 0.25}
[2025-04-09 17:35:38,874] merged_met_before  before prunning {'fdr': 0.3548, 'tpr': 0.8333, 'fpr': 0.5238, 'shd': 15, 'nnz': 31, 'precision': 0.6452, 'recall': 0.8333, 'F1': 0.7273, 'gscore': 0.375}
[2025-04-09 17:35:38,884] merged_met_after  after prunning {'fdr': 0.0952, 'tpr': 0.7917, 'fpr': 0.0952, 'shd': 7, 'nnz': 21, 'precision': 0.9048, 'recall': 0.7917, 'F1': 0.8444, 'gscore': 0.7083}
[2025-04-09 17:35:38,884] 
================ repeat number 10 ====================
[2025-04-09 17:35:38,895] 
===  0-th graph ===
[2025-04-09 17:35:38,895] 7 Nodes of Markov blanket: [0, 1, 2, 3, 6, 7, 8]
[2025-04-09 17:35:47,076] sub_met2 before prunning {'fdr': 0.2857, 'tpr': 1.0, 'fpr': 1.0, 'shd': 6, 'nnz': 21, 'precision': 0.7143, 'recall': 1.0, 'F1': 0.8333, 'gscore': 0.6}
[2025-04-09 17:35:47,076] sub_met after prunning {'fdr': 0.0625, 'tpr': 1.0, 'fpr': 0.1667, 'shd': 1, 'nnz': 16, 'precision': 0.9375, 'recall': 1.0, 'F1': 0.9677, 'gscore': 0.9333}
[2025-04-09 17:35:47,076] 
===  1-th graph ===
[2025-04-09 17:35:47,076] 9 Nodes of Markov blanket: [0, 1, 2, 3, 4, 5, 7, 8, 9]
[2025-04-09 17:35:59,289] sub_met2 before prunning {'fdr': 0.4722, 'tpr': 1.0, 'fpr': 1.0, 'shd': 17, 'nnz': 36, 'precision': 0.5278, 'recall': 1.0, 'F1': 0.6909, 'gscore': 0.1053}
[2025-04-09 17:35:59,289] sub_met after prunning {'fdr': 0.05, 'tpr': 1.0, 'fpr': 0.0588, 'shd': 1, 'nnz': 20, 'precision': 0.95, 'recall': 1.0, 'F1': 0.9744, 'gscore': 0.9474}
[2025-04-09 17:35:59,289] 
===  2-th graph ===
[2025-04-09 17:35:59,289] 8 Nodes of Markov blanket: [0, 1, 2, 4, 6, 7, 8, 9]
[2025-04-09 17:36:09,219] sub_met2 before prunning {'fdr': 0.2857, 'tpr': 1.0, 'fpr': 1.0, 'shd': 8, 'nnz': 28, 'precision': 0.7143, 'recall': 1.0, 'F1': 0.8333, 'gscore': 0.6}
[2025-04-09 17:36:09,219] sub_met after prunning {'fdr': 0.0909, 'tpr': 1.0, 'fpr': 0.25, 'shd': 2, 'nnz': 22, 'precision': 0.9091, 'recall': 1.0, 'F1': 0.9524, 'gscore': 0.9}
[2025-04-09 17:36:09,219] 
===  3-th graph ===
[2025-04-09 17:36:09,219] 4 Nodes of Markov blanket: [0, 1, 3, 8]
[2025-04-09 17:36:12,782] sub_met2 before prunning {'fdr': 0.1667, 'tpr': 1.0, 'fpr': 1.0, 'shd': 1, 'nnz': 6, 'precision': 0.8333, 'recall': 1.0, 'F1': 0.9091, 'gscore': 0.8}
[2025-04-09 17:36:12,782] sub_met after prunning {'fdr': 0.0, 'tpr': 1.0, 'fpr': 0.0, 'shd': 0, 'nnz': 5, 'precision': 1.0, 'recall': 1.0, 'F1': 1.0, 'gscore': 1.0}
[2025-04-09 17:36:12,782] 
===  4-th graph ===
[2025-04-09 17:36:12,782] 6 Nodes of Markov blanket: [1, 2, 4, 6, 8, 9]
[2025-04-09 17:36:19,119] sub_met2 before prunning {'fdr': 0.2667, 'tpr': 1.0, 'fpr': 1.0, 'shd': 4, 'nnz': 15, 'precision': 0.7333, 'recall': 1.0, 'F1': 0.8462, 'gscore': 0.6364}
[2025-04-09 17:36:19,119] sub_met after prunning {'fdr': 0.2308, 'tpr': 0.9091, 'fpr': 0.75, 'shd': 4, 'nnz': 13, 'precision': 0.7692, 'recall': 0.9091, 'F1': 0.8333, 'gscore': 0.6364}
[2025-04-09 17:36:19,119] 
===  5-th graph ===
[2025-04-09 17:36:19,119] 4 Nodes of Markov blanket: [1, 5, 8, 9]
[2025-04-09 17:36:22,832] sub_met2 before prunning {'fdr': 0.1667, 'tpr': 1.0, 'fpr': 1.0, 'shd': 1, 'nnz': 6, 'precision': 0.8333, 'recall': 1.0, 'F1': 0.9091, 'gscore': 0.8}
[2025-04-09 17:36:22,832] sub_met after prunning {'fdr': 0.0, 'tpr': 1.0, 'fpr': 0.0, 'shd': 0, 'nnz': 5, 'precision': 1.0, 'recall': 1.0, 'F1': 1.0, 'gscore': 1.0}
[2025-04-09 17:36:22,832] 
===  6-th graph ===
[2025-04-09 17:36:22,832] 5 Nodes of Markov blanket: [0, 2, 4, 6, 8]
[2025-04-09 17:36:28,002] sub_met2 before prunning {'fdr': 0.1, 'tpr': 1.0, 'fpr': 1.0, 'shd': 1, 'nnz': 10, 'precision': 0.9, 'recall': 1.0, 'F1': 0.9474, 'gscore': 0.8889}
[2025-04-09 17:36:28,002] sub_met after prunning {'fdr': 0.1, 'tpr': 1.0, 'fpr': 1.0, 'shd': 1, 'nnz': 10, 'precision': 0.9, 'recall': 1.0, 'F1': 0.9474, 'gscore': 0.8889}
[2025-04-09 17:36:28,002] 
===  7-th graph ===
[2025-04-09 17:36:28,002] 5 Nodes of Markov blanket: [0, 1, 2, 7, 8]
[2025-04-09 17:36:33,036] sub_met2 before prunning {'fdr': 0.0, 'tpr': 1.0, 'fpr': 0.0, 'shd': 0, 'nnz': 10, 'precision': 1.0, 'recall': 1.0, 'F1': 1.0, 'gscore': 1.0}
[2025-04-09 17:36:33,036] sub_met after prunning {'fdr': 0.0, 'tpr': 1.0, 'fpr': 0.0, 'shd': 0, 'nnz': 10, 'precision': 1.0, 'recall': 1.0, 'F1': 1.0, 'gscore': 1.0}
[2025-04-09 17:36:33,036] 
===  8-th graph ===
[2025-04-09 17:36:33,036] 10 Nodes of Markov blanket: [0, 1, 2, 3, 4, 5, 6, 7, 8, 9]
[2025-04-09 17:36:48,128] sub_met2 before prunning {'fdr': 0.4667, 'tpr': 1.0, 'fpr': 1.0, 'shd': 21, 'nnz': 45, 'precision': 0.5333, 'recall': 1.0, 'F1': 0.6957, 'gscore': 0.125}
[2025-04-09 17:36:48,128] sub_met after prunning {'fdr': 0.0769, 'tpr': 1.0, 'fpr': 0.0952, 'shd': 2, 'nnz': 26, 'precision': 0.9231, 'recall': 1.0, 'F1': 0.96, 'gscore': 0.9167}
[2025-04-09 17:36:48,128] 
===  9-th graph ===
[2025-04-09 17:36:48,128] 6 Nodes of Markov blanket: [1, 2, 4, 5, 8, 9]
[2025-04-09 17:36:55,367] sub_met2 before prunning {'fdr': 0.4, 'tpr': 1.0, 'fpr': 1.0, 'shd': 6, 'nnz': 15, 'precision': 0.6, 'recall': 1.0, 'F1': 0.75, 'gscore': 0.3333}
[2025-04-09 17:36:55,367] sub_met after prunning {'fdr': 0.2, 'tpr': 0.8889, 'fpr': 0.3333, 'shd': 3, 'nnz': 10, 'precision': 0.8, 'recall': 0.8889, 'F1': 0.8421, 'gscore': 0.6667}
[2025-04-09 17:36:55,373] merged_met_before  before prunning {'fdr': 0.4, 'tpr': 1.0, 'fpr': 0.7619, 'shd': 16, 'nnz': 40, 'precision': 0.6, 'recall': 1.0, 'F1': 0.75, 'gscore': 0.3333}
[2025-04-09 17:36:55,376] merged_met_after  after prunning {'fdr': 0.0, 'tpr': 0.9583, 'fpr': 0.0, 'shd': 1, 'nnz': 23, 'precision': 1.0, 'recall': 0.9583, 'F1': 0.9787, 'gscore': 0.9583}
[2025-04-09 17:36:55,377] Before pruning: {'fdr': '0.42+-0.05', 'tpr': '0.92+-0.07', 'fpr': '0.77+-0.12', 'shd': '17.80+-2.96', 'nnz': '38.20+-2.82', 'precision': '0.58+-0.05', 'recall': '0.92+-0.07', 'F1': '0.71+-0.05', 'gscore': '0.25+-0.13', 'time_mb': '0.01+-0.00', 'time_sub_avg': '7.79+-1.79', 'time_sub_max': '12.84+-2.34', 'time_sub_tot': '77.40+-18.72', 'time_FAS': '0.00+-0.00', 'time_dist_tot': '12.85+-2.34', 'time_tot': '77.41+-18.72'}
[2025-04-09 17:36:55,377] After pruning: {'fdr': '0.08+-0.07', 'tpr': '0.89+-0.07', 'fpr': '0.10+-0.10', 'shd': '4.40+-2.33', 'nnz': '23.40+-2.62', 'precision': '0.92+-0.07', 'recall': '0.89+-0.07', 'F1': '0.90+-0.05', 'gscore': '0.81+-0.11', 'time_mb': '0.01+-0.00', 'time_sub_avg': '7.79+-1.79', 'time_sub_max': '12.84+-2.34', 'time_sub_tot': '77.40+-18.72', 'time_FAS': '0.00+-0.00', 'time_dist_tot': '12.85+-2.34', 'time_tot': '77.41+-18.72'}
