[2025-05-01 10:22:43,440] {'0.01_0': [], '0.01_0.05': [], '0.01_0.1': [], '0.01_0.15': [], '0.01_0.2': [], '0.01_0.25': [], '0.01_0.3': [], '0.01_0.35': [], '0.01_0.4': [], '0.01_0.45': [], '0.01_0.5': [], '0.01_0.6': [], '0.01_0.7': [], '0.01_0.8': [], '0.01_0.9': [], '0.02_0': [], '0.02_0.05': [], '0.02_0.1': [], '0.02_0.15': [], '0.02_0.2': [], '0.02_0.25': [], '0.02_0.3': [], '0.02_0.35': [], '0.02_0.4': [], '0.02_0.45': [], '0.02_0.5': [], '0.02_0.6': [], '0.02_0.7': [], '0.02_0.8': [], '0.02_0.9': [], '0.03_0': [], '0.03_0.05': [], '0.03_0.1': [], '0.03_0.15': [], '0.03_0.2': [], '0.03_0.25': [], '0.03_0.3': [], '0.03_0.35': [], '0.03_0.4': [], '0.03_0.45': [], '0.03_0.5': [], '0.03_0.6': [], '0.03_0.7': [], '0.03_0.8': [], '0.03_0.9': [], '0.04_0': [], '0.04_0.05': [], '0.04_0.1': [], '0.04_0.15': [], '0.04_0.2': [], '0.04_0.25': [], '0.04_0.3': [], '0.04_0.35': [], '0.04_0.4': [], '0.04_0.45': [], '0.04_0.5': [], '0.04_0.6': [], '0.04_0.7': [], '0.04_0.8': [], '0.04_0.9': [], '0.05_0': [], '0.05_0.05': [], '0.05_0.1': [], '0.05_0.15': [], '0.05_0.2': [], '0.05_0.25': [], '0.05_0.3': [], '0.05_0.35': [], '0.05_0.4': [], '0.05_0.45': [], '0.05_0.5': [], '0.05_0.6': [], '0.05_0.7': [], '0.05_0.8': [], '0.05_0.9': [], '0.1_0': [], '0.1_0.05': [], '0.1_0.1': [], '0.1_0.15': [], '0.1_0.2': [], '0.1_0.25': [], '0.1_0.3': [], '0.1_0.35': [], '0.1_0.4': [], '0.1_0.45': [], '0.1_0.5': [], '0.1_0.6': [], '0.1_0.7': [], '0.1_0.8': [], '0.1_0.9': [], '0.2_0': [], '0.2_0.05': [], '0.2_0.1': [], '0.2_0.15': [], '0.2_0.2': [], '0.2_0.25': [], '0.2_0.3': [], '0.2_0.35': [], '0.2_0.4': [], '0.2_0.45': [], '0.2_0.5': [], '0.2_0.6': [], '0.2_0.7': [], '0.2_0.8': [], '0.2_0.9': [], '0.3_0': [], '0.3_0.05': [], '0.3_0.1': [], '0.3_0.15': [], '0.3_0.2': [], '0.3_0.25': [], '0.3_0.3': [], '0.3_0.35': [], '0.3_0.4': [], '0.3_0.45': [], '0.3_0.5': [], '0.3_0.6': [], '0.3_0.7': [], '0.3_0.8': [], '0.3_0.9': [], '0.4_0': [], '0.4_0.05': [], '0.4_0.1': [], '0.4_0.15': [], '0.4_0.2': [], '0.4_0.25': [], '0.4_0.3': [], '0.4_0.35': [], '0.4_0.4': [], '0.4_0.45': [], '0.4_0.5': [], '0.4_0.6': [], '0.4_0.7': [], '0.4_0.8': [], '0.4_0.9': [], '0.5_0': [], '0.5_0.05': [], '0.5_0.1': [], '0.5_0.15': [], '0.5_0.2': [], '0.5_0.25': [], '0.5_0.3': [], '0.5_0.35': [], '0.5_0.4': [], '0.5_0.45': [], '0.5_0.5': [], '0.5_0.6': [], '0.5_0.7': [], '0.5_0.8': [], '0.5_0.9': [], '0.6_0': [], '0.6_0.05': [], '0.6_0.1': [], '0.6_0.15': [], '0.6_0.2': [], '0.6_0.25': [], '0.6_0.3': [], '0.6_0.35': [], '0.6_0.4': [], '0.6_0.45': [], '0.6_0.5': [], '0.6_0.6': [], '0.6_0.7': [], '0.6_0.8': [], '0.6_0.9': [], '0.7_0': [], '0.7_0.05': [], '0.7_0.1': [], '0.7_0.15': [], '0.7_0.2': [], '0.7_0.25': [], '0.7_0.3': [], '0.7_0.35': [], '0.7_0.4': [], '0.7_0.45': [], '0.7_0.5': [], '0.7_0.6': [], '0.7_0.7': [], '0.7_0.8': [], '0.7_0.9': [], '0.8_0': [], '0.8_0.05': [], '0.8_0.1': [], '0.8_0.15': [], '0.8_0.2': [], '0.8_0.25': [], '0.8_0.3': [], '0.8_0.35': [], '0.8_0.4': [], '0.8_0.45': [], '0.8_0.5': [], '0.8_0.6': [], '0.8_0.7': [], '0.8_0.8': [], '0.8_0.9': [], '0.9_0': [], '0.9_0.05': [], '0.9_0.1': [], '0.9_0.15': [], '0.9_0.2': [], '0.9_0.25': [], '0.9_0.3': [], '0.9_0.35': [], '0.9_0.4': [], '0.9_0.45': [], '0.9_0.5': [], '0.9_0.6': [], '0.9_0.7': [], '0.9_0.8': [], '0.9_0.9': [], '1_0': [], '1_0.05': [], '1_0.1': [], '1_0.15': [], '1_0.2': [], '1_0.25': [], '1_0.3': [], '1_0.35': [], '1_0.4': [], '1_0.45': [], '1_0.5': [], '1_0.6': [], '1_0.7': [], '1_0.8': [], '1_0.9': [], '1.5_0': [], '1.5_0.05': [], '1.5_0.1': [], '1.5_0.15': [], '1.5_0.2': [], '1.5_0.25': [], '1.5_0.3': [], '1.5_0.35': [], '1.5_0.4': [], '1.5_0.45': [], '1.5_0.5': [], '1.5_0.6': [], '1.5_0.7': [], '1.5_0.8': [], '1.5_0.9': [], '2_0': [], '2_0.05': [], '2_0.1': [], '2_0.15': [], '2_0.2': [], '2_0.25': [], '2_0.3': [], '2_0.35': [], '2_0.4': [], '2_0.45': [], '2_0.5': [], '2_0.6': [], '2_0.7': [], '2_0.8': [], '2_0.9': [], '3_0': [], '3_0.05': [], '3_0.1': [], '3_0.15': [], '3_0.2': [], '3_0.25': [], '3_0.3': [], '3_0.35': [], '3_0.4': [], '3_0.45': [], '3_0.5': [], '3_0.6': [], '3_0.7': [], '3_0.8': [], '3_0.9': [], '4_0': [], '4_0.05': [], '4_0.1': [], '4_0.15': [], '4_0.2': [], '4_0.25': [], '4_0.3': [], '4_0.35': [], '4_0.4': [], '4_0.45': [], '4_0.5': [], '4_0.6': [], '4_0.7': [], '4_0.8': [], '4_0.9': [], '5_0': [], '5_0.05': [], '5_0.1': [], '5_0.15': [], '5_0.2': [], '5_0.25': [], '5_0.3': [], '5_0.35': [], '5_0.4': [], '5_0.45': [], '5_0.5': [], '5_0.6': [], '5_0.7': [], '5_0.8': [], '5_0.9': [], '6_0': [], '6_0.05': [], '6_0.1': [], '6_0.15': [], '6_0.2': [], '6_0.25': [], '6_0.3': [], '6_0.35': [], '6_0.4': [], '6_0.45': [], '6_0.5': [], '6_0.6': [], '6_0.7': [], '6_0.8': [], '6_0.9': [], '7_0': [], '7_0.05': [], '7_0.1': [], '7_0.15': [], '7_0.2': [], '7_0.25': [], '7_0.3': [], '7_0.35': [], '7_0.4': [], '7_0.45': [], '7_0.5': [], '7_0.6': [], '7_0.7': [], '7_0.8': [], '7_0.9': [], '8_0': [], '8_0.05': [], '8_0.1': [], '8_0.15': [], '8_0.2': [], '8_0.25': [], '8_0.3': [], '8_0.35': [], '8_0.4': [], '8_0.45': [], '8_0.5': [], '8_0.6': [], '8_0.7': [], '8_0.8': [], '8_0.9': [], '9_0': [], '9_0.05': [], '9_0.1': [], '9_0.15': [], '9_0.2': [], '9_0.25': [], '9_0.3': [], '9_0.35': [], '9_0.4': [], '9_0.45': [], '9_0.5': [], '9_0.6': [], '9_0.7': [], '9_0.8': [], '9_0.9': [], '10_0': [], '10_0.05': [], '10_0.1': [], '10_0.15': [], '10_0.2': [], '10_0.25': [], '10_0.3': [], '10_0.35': [], '10_0.4': [], '10_0.45': [], '10_0.5': [], '10_0.6': [], '10_0.7': [], '10_0.8': [], '10_0.9': [], '15_0': [], '15_0.05': [], '15_0.1': [], '15_0.15': [], '15_0.2': [], '15_0.25': [], '15_0.3': [], '15_0.35': [], '15_0.4': [], '15_0.45': [], '15_0.5': [], '15_0.6': [], '15_0.7': [], '15_0.8': [], '15_0.9': [], '20_0': [], '20_0.05': [], '20_0.1': [], '20_0.15': [], '20_0.2': [], '20_0.25': [], '20_0.3': [], '20_0.35': [], '20_0.4': [], '20_0.45': [], '20_0.5': [], '20_0.6': [], '20_0.7': [], '20_0.8': [], '20_0.9': [], '30_0': [], '30_0.05': [], '30_0.1': [], '30_0.15': [], '30_0.2': [], '30_0.25': [], '30_0.3': [], '30_0.35': [], '30_0.4': [], '30_0.45': [], '30_0.5': [], '30_0.6': [], '30_0.7': [], '30_0.8': [], '30_0.9': [], '40_0': [], '40_0.05': [], '40_0.1': [], '40_0.15': [], '40_0.2': [], '40_0.25': [], '40_0.3': [], '40_0.35': [], '40_0.4': [], '40_0.45': [], '40_0.5': [], '40_0.6': [], '40_0.7': [], '40_0.8': [], '40_0.9': [], '50_0': [], '50_0.05': [], '50_0.1': [], '50_0.15': [], '50_0.2': [], '50_0.25': [], '50_0.3': [], '50_0.35': [], '50_0.4': [], '50_0.45': [], '50_0.5': [], '50_0.6': [], '50_0.7': [], '50_0.8': [], '50_0.9': [], '100_0': [], '100_0.05': [], '100_0.1': [], '100_0.15': [], '100_0.2': [], '100_0.25': [], '100_0.3': [], '100_0.35': [], '100_0.4': [], '100_0.45': [], '100_0.5': [], '100_0.6': [], '100_0.7': [], '100_0.8': [], '100_0.9': []}
[2025-05-01 10:22:43,440] 
================ repeat number 1 ====================
[2025-05-01 10:22:44,752] true_dag
[[0 0 0 ... 0 0 0]
 [0 0 0 ... 0 0 0]
 [0 0 0 ... 0 0 0]
 ...
 [0 0 0 ... 0 0 0]
 [0 0 0 ... 0 0 0]
 [0 0 0 ... 0 0 0]]
[2025-05-01 10:22:51,259] 
===  0-th graph ===
[2025-05-01 10:22:51,259] 44 Nodes of True MB: [0, 11, 14, 15, 18, 36, 38, 48, 58, 68, 69, 71, 73, 74, 79, 80, 82, 90, 99, 102, 107, 110, 116, 143, 159, 162, 175, 178, 180, 183, 187, 192, 194, 195, 198, 200, 215, 218, 237, 249, 257, 274, 281, 298], parents: set(), children: {162, 71, 11, 175, 58}, spouse: {0, 257, 14, 15, 143, 274, 18, 281, 159, 36, 38, 298, 48, 178, 180, 183, 187, 192, 194, 195, 68, 69, 198, 200, 73, 74, 79, 80, 82, 215, 90, 218, 99, 102, 107, 237, 110, 116, 249}
[2025-05-01 10:22:51,259] 27 Nodes of Markov blanket: [0, 14, 15, 68, 69, 71, 73, 74, 80, 90, 99, 102, 107, 162, 175, 183, 187, 194, 195, 198, 200, 215, 218, 237, 249, 257, 274]
[2025-05-01 10:22:51,265] [MB metrics] precision: 1.000, recall: 0.614, acc: 0.943, f1: 0.761
[2025-05-01 10:23:17,869] sub_met2 before prunning None
[2025-05-01 10:23:17,869] sub_met after prunning {'fdr': 0.8488, 'tpr': 0.2241, 'fpr': 0.2491, 'shd': 113, 'nnz': 86, 'precision': 0.1512, 'recall': 0.2241, 'F1': 0.1806, 'gscore': 0.0}
[2025-05-01 10:23:17,869] 
===  1-th graph ===
[2025-05-01 10:23:17,869] 6 Nodes of True MB: [1, 30, 94, 107, 199, 259], parents: {259, 199, 107, 30, 94}, children: set(), spouse: {1}
[2025-05-01 10:23:17,869] 5 Nodes of Markov blanket: [1, 30, 107, 199, 259]
[2025-05-01 10:23:17,871] [MB metrics] precision: 1.000, recall: 0.833, acc: 0.996, f1: 0.909
[2025-05-01 10:23:25,246] sub_met2 before prunning None
[2025-05-01 10:23:25,246] sub_met after prunning {'fdr': 0.5, 'tpr': 0.75, 'fpr': 0.5, 'shd': 4, 'nnz': 6, 'precision': 0.5, 'recall': 0.75, 'F1': 0.6, 'gscore': 0.0}
[2025-05-01 10:23:25,246] 
===  2-th graph ===
[2025-05-01 10:23:25,246] 22 Nodes of True MB: [2, 14, 19, 34, 40, 69, 88, 90, 109, 114, 135, 140, 204, 222, 231, 236, 247, 251, 252, 269, 285, 291], parents: {34, 69, 135, 40, 231, 140, 204, 14, 236, 247, 90, 285}, children: {19}, spouse: {2, 291, 109, 269, 114, 88, 251, 252, 222}
[2025-05-01 10:23:25,246] 6 Nodes of Markov blanket: [2, 14, 40, 204, 252, 285]
[2025-05-01 10:23:25,246] [MB metrics] precision: 1.000, recall: 0.273, acc: 0.945, f1: 0.429
[2025-05-01 10:23:35,520] sub_met2 before prunning None
[2025-05-01 10:23:35,520] sub_met after prunning {'fdr': 0.7143, 'tpr': 0.5, 'fpr': 0.4545, 'shd': 7, 'nnz': 7, 'precision': 0.2857, 'recall': 0.5, 'F1': 0.3636, 'gscore': 0.0}
[2025-05-01 10:23:35,520] 
===  3-th graph ===
[2025-05-01 10:23:35,520] 20 Nodes of True MB: [3, 4, 12, 32, 34, 36, 46, 56, 80, 92, 101, 138, 141, 169, 172, 183, 187, 207, 255, 269], parents: {169, 34, 101, 46}, children: {172}, spouse: {32, 3, 4, 36, 138, 12, 141, 269, 207, 80, 183, 56, 187, 92, 255}
[2025-05-01 10:23:35,520] 17 Nodes of Markov blanket: [3, 4, 12, 32, 36, 56, 80, 92, 101, 138, 141, 169, 172, 187, 207, 255, 269]
[2025-05-01 10:23:35,529] [MB metrics] precision: 1.000, recall: 0.850, acc: 0.989, f1: 0.919
