[2025-05-08 16:37:39,638] {'0.01_0': [], '0.01_0.05': [], '0.01_0.1': [], '0.01_0.15': [], '0.01_0.2': [], '0.01_0.25': [], '0.01_0.3': [], '0.01_0.35': [], '0.01_0.4': [], '0.01_0.45': [], '0.01_0.5': [], '0.01_0.6': [], '0.01_0.7': [], '0.01_0.8': [], '0.01_0.9': [], '0.02_0': [], '0.02_0.05': [], '0.02_0.1': [], '0.02_0.15': [], '0.02_0.2': [], '0.02_0.25': [], '0.02_0.3': [], '0.02_0.35': [], '0.02_0.4': [], '0.02_0.45': [], '0.02_0.5': [], '0.02_0.6': [], '0.02_0.7': [], '0.02_0.8': [], '0.02_0.9': [], '0.03_0': [], '0.03_0.05': [], '0.03_0.1': [], '0.03_0.15': [], '0.03_0.2': [], '0.03_0.25': [], '0.03_0.3': [], '0.03_0.35': [], '0.03_0.4': [], '0.03_0.45': [], '0.03_0.5': [], '0.03_0.6': [], '0.03_0.7': [], '0.03_0.8': [], '0.03_0.9': [], '0.04_0': [], '0.04_0.05': [], '0.04_0.1': [], '0.04_0.15': [], '0.04_0.2': [], '0.04_0.25': [], '0.04_0.3': [], '0.04_0.35': [], '0.04_0.4': [], '0.04_0.45': [], '0.04_0.5': [], '0.04_0.6': [], '0.04_0.7': [], '0.04_0.8': [], '0.04_0.9': [], '0.05_0': [], '0.05_0.05': [], '0.05_0.1': [], '0.05_0.15': [], '0.05_0.2': [], '0.05_0.25': [], '0.05_0.3': [], '0.05_0.35': [], '0.05_0.4': [], '0.05_0.45': [], '0.05_0.5': [], '0.05_0.6': [], '0.05_0.7': [], '0.05_0.8': [], '0.05_0.9': [], '0.1_0': [], '0.1_0.05': [], '0.1_0.1': [], '0.1_0.15': [], '0.1_0.2': [], '0.1_0.25': [], '0.1_0.3': [], '0.1_0.35': [], '0.1_0.4': [], '0.1_0.45': [], '0.1_0.5': [], '0.1_0.6': [], '0.1_0.7': [], '0.1_0.8': [], '0.1_0.9': [], '0.2_0': [], '0.2_0.05': [], '0.2_0.1': [], '0.2_0.15': [], '0.2_0.2': [], '0.2_0.25': [], '0.2_0.3': [], '0.2_0.35': [], '0.2_0.4': [], '0.2_0.45': [], '0.2_0.5': [], '0.2_0.6': [], '0.2_0.7': [], '0.2_0.8': [], '0.2_0.9': [], '0.3_0': [], '0.3_0.05': [], '0.3_0.1': [], '0.3_0.15': [], '0.3_0.2': [], '0.3_0.25': [], '0.3_0.3': [], '0.3_0.35': [], '0.3_0.4': [], '0.3_0.45': [], '0.3_0.5': [], '0.3_0.6': [], '0.3_0.7': [], '0.3_0.8': [], '0.3_0.9': [], '0.4_0': [], '0.4_0.05': [], '0.4_0.1': [], '0.4_0.15': [], '0.4_0.2': [], '0.4_0.25': [], '0.4_0.3': [], '0.4_0.35': [], '0.4_0.4': [], '0.4_0.45': [], '0.4_0.5': [], '0.4_0.6': [], '0.4_0.7': [], '0.4_0.8': [], '0.4_0.9': [], '0.5_0': [], '0.5_0.05': [], '0.5_0.1': [], '0.5_0.15': [], '0.5_0.2': [], '0.5_0.25': [], '0.5_0.3': [], '0.5_0.35': [], '0.5_0.4': [], '0.5_0.45': [], '0.5_0.5': [], '0.5_0.6': [], '0.5_0.7': [], '0.5_0.8': [], '0.5_0.9': [], '0.6_0': [], '0.6_0.05': [], '0.6_0.1': [], '0.6_0.15': [], '0.6_0.2': [], '0.6_0.25': [], '0.6_0.3': [], '0.6_0.35': [], '0.6_0.4': [], '0.6_0.45': [], '0.6_0.5': [], '0.6_0.6': [], '0.6_0.7': [], '0.6_0.8': [], '0.6_0.9': [], '0.7_0': [], '0.7_0.05': [], '0.7_0.1': [], '0.7_0.15': [], '0.7_0.2': [], '0.7_0.25': [], '0.7_0.3': [], '0.7_0.35': [], '0.7_0.4': [], '0.7_0.45': [], '0.7_0.5': [], '0.7_0.6': [], '0.7_0.7': [], '0.7_0.8': [], '0.7_0.9': [], '0.8_0': [], '0.8_0.05': [], '0.8_0.1': [], '0.8_0.15': [], '0.8_0.2': [], '0.8_0.25': [], '0.8_0.3': [], '0.8_0.35': [], '0.8_0.4': [], '0.8_0.45': [], '0.8_0.5': [], '0.8_0.6': [], '0.8_0.7': [], '0.8_0.8': [], '0.8_0.9': [], '0.9_0': [], '0.9_0.05': [], '0.9_0.1': [], '0.9_0.15': [], '0.9_0.2': [], '0.9_0.25': [], '0.9_0.3': [], '0.9_0.35': [], '0.9_0.4': [], '0.9_0.45': [], '0.9_0.5': [], '0.9_0.6': [], '0.9_0.7': [], '0.9_0.8': [], '0.9_0.9': [], '1_0': [], '1_0.05': [], '1_0.1': [], '1_0.15': [], '1_0.2': [], '1_0.25': [], '1_0.3': [], '1_0.35': [], '1_0.4': [], '1_0.45': [], '1_0.5': [], '1_0.6': [], '1_0.7': [], '1_0.8': [], '1_0.9': [], '1.5_0': [], '1.5_0.05': [], '1.5_0.1': [], '1.5_0.15': [], '1.5_0.2': [], '1.5_0.25': [], '1.5_0.3': [], '1.5_0.35': [], '1.5_0.4': [], '1.5_0.45': [], '1.5_0.5': [], '1.5_0.6': [], '1.5_0.7': [], '1.5_0.8': [], '1.5_0.9': [], '2_0': [], '2_0.05': [], '2_0.1': [], '2_0.15': [], '2_0.2': [], '2_0.25': [], '2_0.3': [], '2_0.35': [], '2_0.4': [], '2_0.45': [], '2_0.5': [], '2_0.6': [], '2_0.7': [], '2_0.8': [], '2_0.9': [], '3_0': [], '3_0.05': [], '3_0.1': [], '3_0.15': [], '3_0.2': [], '3_0.25': [], '3_0.3': [], '3_0.35': [], '3_0.4': [], '3_0.45': [], '3_0.5': [], '3_0.6': [], '3_0.7': [], '3_0.8': [], '3_0.9': [], '4_0': [], '4_0.05': [], '4_0.1': [], '4_0.15': [], '4_0.2': [], '4_0.25': [], '4_0.3': [], '4_0.35': [], '4_0.4': [], '4_0.45': [], '4_0.5': [], '4_0.6': [], '4_0.7': [], '4_0.8': [], '4_0.9': [], '5_0': [], '5_0.05': [], '5_0.1': [], '5_0.15': [], '5_0.2': [], '5_0.25': [], '5_0.3': [], '5_0.35': [], '5_0.4': [], '5_0.45': [], '5_0.5': [], '5_0.6': [], '5_0.7': [], '5_0.8': [], '5_0.9': [], '6_0': [], '6_0.05': [], '6_0.1': [], '6_0.15': [], '6_0.2': [], '6_0.25': [], '6_0.3': [], '6_0.35': [], '6_0.4': [], '6_0.45': [], '6_0.5': [], '6_0.6': [], '6_0.7': [], '6_0.8': [], '6_0.9': [], '7_0': [], '7_0.05': [], '7_0.1': [], '7_0.15': [], '7_0.2': [], '7_0.25': [], '7_0.3': [], '7_0.35': [], '7_0.4': [], '7_0.45': [], '7_0.5': [], '7_0.6': [], '7_0.7': [], '7_0.8': [], '7_0.9': [], '8_0': [], '8_0.05': [], '8_0.1': [], '8_0.15': [], '8_0.2': [], '8_0.25': [], '8_0.3': [], '8_0.35': [], '8_0.4': [], '8_0.45': [], '8_0.5': [], '8_0.6': [], '8_0.7': [], '8_0.8': [], '8_0.9': [], '9_0': [], '9_0.05': [], '9_0.1': [], '9_0.15': [], '9_0.2': [], '9_0.25': [], '9_0.3': [], '9_0.35': [], '9_0.4': [], '9_0.45': [], '9_0.5': [], '9_0.6': [], '9_0.7': [], '9_0.8': [], '9_0.9': [], '10_0': [], '10_0.05': [], '10_0.1': [], '10_0.15': [], '10_0.2': [], '10_0.25': [], '10_0.3': [], '10_0.35': [], '10_0.4': [], '10_0.45': [], '10_0.5': [], '10_0.6': [], '10_0.7': [], '10_0.8': [], '10_0.9': [], '15_0': [], '15_0.05': [], '15_0.1': [], '15_0.15': [], '15_0.2': [], '15_0.25': [], '15_0.3': [], '15_0.35': [], '15_0.4': [], '15_0.45': [], '15_0.5': [], '15_0.6': [], '15_0.7': [], '15_0.8': [], '15_0.9': [], '20_0': [], '20_0.05': [], '20_0.1': [], '20_0.15': [], '20_0.2': [], '20_0.25': [], '20_0.3': [], '20_0.35': [], '20_0.4': [], '20_0.45': [], '20_0.5': [], '20_0.6': [], '20_0.7': [], '20_0.8': [], '20_0.9': [], '30_0': [], '30_0.05': [], '30_0.1': [], '30_0.15': [], '30_0.2': [], '30_0.25': [], '30_0.3': [], '30_0.35': [], '30_0.4': [], '30_0.45': [], '30_0.5': [], '30_0.6': [], '30_0.7': [], '30_0.8': [], '30_0.9': [], '40_0': [], '40_0.05': [], '40_0.1': [], '40_0.15': [], '40_0.2': [], '40_0.25': [], '40_0.3': [], '40_0.35': [], '40_0.4': [], '40_0.45': [], '40_0.5': [], '40_0.6': [], '40_0.7': [], '40_0.8': [], '40_0.9': [], '50_0': [], '50_0.05': [], '50_0.1': [], '50_0.15': [], '50_0.2': [], '50_0.25': [], '50_0.3': [], '50_0.35': [], '50_0.4': [], '50_0.45': [], '50_0.5': [], '50_0.6': [], '50_0.7': [], '50_0.8': [], '50_0.9': [], '100_0': [], '100_0.05': [], '100_0.1': [], '100_0.15': [], '100_0.2': [], '100_0.25': [], '100_0.3': [], '100_0.35': [], '100_0.4': [], '100_0.45': [], '100_0.5': [], '100_0.6': [], '100_0.7': [], '100_0.8': [], '100_0.9': []}
[2025-05-08 16:37:39,639] 
================ repeat number 1 ====================
[2025-05-08 16:37:39,653] true_dag
[[0 0 0 ... 0 0 0]
 [0 0 0 ... 0 0 0]
 [0 0 0 ... 0 0 0]
 ...
 [0 0 0 ... 0 0 0]
 [0 0 0 ... 0 0 0]
 [0 0 0 ... 0 0 0]]
[2025-05-08 16:37:39,868] 
===  0-th graph ===
[2025-05-08 16:37:39,868] 24 Nodes of True MB: [0, 2, 8, 18, 19, 20, 22, 23, 28, 30, 31, 35, 36, 38, 48, 52, 59, 61, 65, 68, 69, 73, 84, 91], parents: set(), children: {35, 69, 28, 30, 31}, spouse: {0, 2, 8, 18, 19, 20, 22, 23, 36, 38, 48, 52, 59, 61, 65, 68, 73, 84, 91}
[2025-05-08 16:37:39,868] 32 Nodes of Markov blanket: [0, 2, 8, 11, 17, 18, 19, 20, 21, 22, 23, 28, 30, 31, 35, 36, 38, 44, 45, 48, 52, 55, 59, 61, 65, 68, 69, 78, 79, 84, 88, 91]
[2025-05-08 16:37:39,874] [MB metrics] precision: 0.719, recall: 0.958, acc: 0.891, f1: 0.821
[2025-05-08 17:36:21,351] sub_met2 before prunning {'fdr': 0.9355, 'tpr': 0.7619, 'fpr': 1.022, 'shd': 464, 'nnz': 496, 'precision': 0.0645, 'recall': 0.7619, 'F1': 0.119, 'gscore': 0.0}
[2025-05-08 17:36:21,351] sub_met after prunning {'fdr': 0.803, 'tpr': 0.619, 'fpr': 0.2335, 'shd': 112, 'nnz': 132, 'precision': 0.197, 'recall': 0.619, 'F1': 0.2989, 'gscore': 0.0}
[2025-05-08 17:36:21,351] 
===  1-th graph ===
[2025-05-08 17:36:21,351] 31 Nodes of True MB: [1, 2, 3, 8, 18, 21, 23, 28, 32, 39, 42, 45, 50, 51, 57, 58, 60, 61, 62, 67, 70, 74, 75, 77, 80, 81, 82, 91, 96, 97, 98], parents: {81, 18, 45}, children: {32, 42, 75, 80, 50, 58}, spouse: {1, 2, 3, 8, 18, 21, 23, 28, 39, 51, 57, 60, 61, 62, 67, 70, 74, 77, 82, 91, 96, 97, 98}
[2025-05-08 17:36:21,351] 38 Nodes of Markov blanket: [1, 2, 3, 4, 8, 18, 21, 23, 28, 32, 39, 42, 45, 48, 50, 51, 57, 58, 60, 61, 62, 67, 70, 72, 74, 75, 77, 79, 80, 81, 82, 88, 89, 90, 91, 96, 97, 98]
[2025-05-08 17:36:21,356] [MB metrics] precision: 0.816, recall: 1.000, acc: 0.929, f1: 0.899
[2025-05-08 19:26:27,673] sub_met2 before prunning {'fdr': 0.9246, 'tpr': 0.726, 'fpr': 1.0317, 'shd': 650, 'nnz': 703, 'precision': 0.0754, 'recall': 0.726, 'F1': 0.1366, 'gscore': 0.0}
[2025-05-08 19:26:27,673] sub_met after prunning {'fdr': 0.8481, 'tpr': 0.6575, 'fpr': 0.4254, 'shd': 273, 'nnz': 316, 'precision': 0.1519, 'recall': 0.6575, 'F1': 0.2468, 'gscore': 0.0}
[2025-05-08 19:26:27,673] 
===  2-th graph ===
[2025-05-08 19:26:27,673] 23 Nodes of True MB: [0, 1, 2, 3, 8, 18, 19, 20, 21, 22, 38, 39, 44, 50, 60, 65, 69, 74, 78, 81, 84, 88, 97], parents: {81, 18, 60}, children: {3, 69, 44, 78, 50}, spouse: {0, 65, 2, 1, 97, 38, 39, 8, 74, 19, 20, 84, 22, 21, 88}
[2025-05-08 19:26:27,673] 29 Nodes of Markov blanket: [0, 1, 2, 3, 8, 18, 19, 20, 21, 22, 38, 39, 44, 48, 50, 57, 60, 65, 69, 72, 74, 77, 78, 81, 84, 88, 89, 96, 97]
[2025-05-08 19:26:27,679] [MB metrics] precision: 0.793, recall: 1.000, acc: 0.939, f1: 0.885
[2025-05-08 20:05:55,185] sub_met2 before prunning {'fdr': 0.9606, 'tpr': 0.3556, 'fpr': 1.0803, 'shd': 390, 'nnz': 406, 'precision': 0.0394, 'recall': 0.3556, 'F1': 0.071, 'gscore': 0.0}
[2025-05-08 20:05:55,185] sub_met after prunning {'fdr': 0.9496, 'tpr': 0.2889, 'fpr': 0.6787, 'shd': 251, 'nnz': 258, 'precision': 0.0504, 'recall': 0.2889, 'F1': 0.0858, 'gscore': 0.0}
[2025-05-08 20:05:55,185] 
===  3-th graph ===
[2025-05-08 20:05:55,186] 20 Nodes of True MB: [1, 2, 3, 16, 21, 22, 35, 39, 43, 44, 45, 46, 57, 59, 62, 65, 67, 75, 85, 96], parents: {2}, children: {75, 21, 39}, spouse: {96, 1, 65, 67, 3, 35, 43, 44, 45, 46, 16, 85, 22, 57, 59, 62}
[2025-05-08 20:05:55,186] 31 Nodes of Markov blanket: [1, 2, 3, 4, 16, 17, 21, 22, 27, 32, 35, 38, 39, 43, 44, 45, 46, 57, 59, 61, 62, 63, 65, 67, 72, 75, 78, 85, 86, 88, 96]
[2025-05-08 20:05:55,191] [MB metrics] precision: 0.645, recall: 1.000, acc: 0.887, f1: 0.784
